info|2019-11-15 16:19:25.839847|[INITIALIZER][initGlobalConfig],enableCompress=true,compatibilityVersion=2.1.0,versionNumber=33619968,chainId=1
info|2019-11-15 16:19:25.977887|[NETWORK][Host]Connecting to node,endpoint=127.0.0.1:30300
info|2019-11-15 16:19:25.977993|[NETWORK][Host]Connecting to node,endpoint=127.0.0.1:30301
info|2019-11-15 16:19:25.978036|[NETWORK][Host]Connecting to node,endpoint=127.0.0.1:30302
info|2019-11-15 16:19:25.978071|[NETWORK][Host]Connecting to node,endpoint=127.0.0.1:30303
info|2019-11-15 16:19:25.978105|[P2P][Service] heartBeat,connected count=0
info|2019-11-15 16:19:25.979409|[CHANNEL]ChannelRPCServer started
info|2019-11-15 16:19:25.986602|[NETWORK][Host]P2P StartAccept,Host=0.0.0.0:30302
info|2019-11-15 16:19:25.987087|[NETWORK][ASIO]asyncResolveConnect,endpoint=127.0.0.1:30300
info|2019-11-15 16:19:25.987561|[NETWORK][ASIO]asyncResolveConnect,endpoint=127.0.0.1:30301
info|2019-11-15 16:19:25.987751|[NETWORK][ASIO]asyncResolveConnect,endpoint=127.0.0.1:30302
info|2019-11-15 16:19:25.987847|[NETWORK][ASIO]asyncResolveConnect,endpoint=127.0.0.1:30303
info|2019-11-15 16:19:25.995173|[INITIALIZER][RPCInitializer]ChannelRPCHttpServer started.
info|2019-11-15 16:19:25.995218|[LedgerInitializer],groupConfigPath=conf/
info|2019-11-15 16:19:25.996886|[INITIALIZER][initSingleLedger] [GroupId]:  1
info|2019-11-15 16:19:25.996944|[g:1][LEDGER]LedgerConstructor,configPath=conf/group.1.genesis,baseDir=data//group1
info|2019-11-15 16:19:25.996960|[g:1][LEDGER][initGenesisConfig]initConsensusConfig/initDBConfig/initTxConfig,configFile=conf/group.1.genesis
info|2019-11-15 16:19:25.997042|[g:1][LEDGER][initConsensusConfig],it.first=eadb82d3e4d88487164cb2a29c63f86dfc2c62444c9c59025c3cc327437a3c349d5f360c4c3fa8c16cf1403916c839f470cc47f7b8d93ad92444821f4409c0d7
info|2019-11-15 16:19:25.997064|[g:1][LEDGER][initConsensusConfig],it.first=7a0fa6e0228492a684609a1da1619395e1ab056666f9fa06b88ea863bb6cb70df949252a18ec62b0e5515feb6cdf8e61ab240824f805b8c04c786161984030f6
info|2019-11-15 16:19:25.997081|[g:1][LEDGER][initConsensusConfig],it.first=bfdf57a51ceee766244f5eb19db0530fc98dd729532bb84bf52214a9838a376b57322849181966fa8766443033108d22b8d3049ce93f0124ed165819bbd1a61e
info|2019-11-15 16:19:25.997097|[g:1][LEDGER][initConsensusConfig],it.first=b96a351b91cc81428658b89638dfaad11e7be5216d81d6eb1d588af44020196483be93fedbce66668559c373879f93c39197500888f77bce61c5483230970449
info|2019-11-15 16:19:25.997131|[g:1][LEDGER][initIniConfig]initTxPoolConfig/initSyncConfig/initTxExecuteConfig,configFile=conf/group.1.ini
info|2019-11-15 16:19:25.997359|[NETWORK][Host]P2P Recv Connect, From=127.0.0.1:58876
info|2019-11-15 16:19:25.997414|[NETWORK][Host]P2P StartAccept,Host=0.0.0.0:30302
info|2019-11-15 16:19:25.999894|[g:1][LEDGER][initLedger][DBInitializer]
info|2019-11-15 16:19:25.999942|[g:1][DBINITIALIZER] [initRocksDBStorage]
info|2019-11-15 16:19:26.004059|[g:1][ROCKSDB]open rocksDB handler
info|2019-11-15 16:19:26.078971|[g:1][g:0][STORAGE][CachedStorage]Init flushStorage thread
info|2019-11-15 16:19:26.079364|[g:1][BLOCKCHAIN][#checkAndBuildGenesisBlock]Already have the 0th block, 0th groupMark is equal to file groupMark.
info|2019-11-15 16:19:26.080910|[g:1][CONSENSUS][PBFT]Register handler for PBFTEngine
info|2019-11-15 16:19:26.097543|[g:1][CONSENSUS][PBFT],minBlockGenerationTime=500
info|2019-11-15 16:19:26.097596|[LedgerInitializer init group succ],groupID=1
info|2019-11-15 16:19:26.106557|[INITIALIZER][RPCInitializer]JsonrpcHttpServer started.
info|2019-11-15 16:19:26.107050|[g:1][LEDGER]startAll...
info|2019-11-15 16:19:26.115952|[g:1][CONSENSUS][PBFT]^^^^^^^^Report,num=26,sealerIdx=3,hash=ecc86bcf...,next=27,tx=1,nodeIdx=2
info|2019-11-15 16:19:26.117276|[NETWORK][Host]startPeerSession, From=127.0.0.1:58876,nodeID=bfdf57a5...
info|2019-11-15 16:19:26.123812|[NETWORK][Host]startPeerSession, From=127.0.0.1:30302,nodeID=bfdf57a5...
info|2019-11-15 16:19:26.144648|[g:1][CONSENSUS][PBFT][PBFT init env successfully]
info|2019-11-15 16:19:26.144665|[g:1][CONSENSUS][ConsensusEngine][Start ConsensusEngineBase]
info|2019-11-15 16:19:26.156150|[g:1][CONSENSUS][PBFT][Start PBFTEngine...]
info|2019-11-15 16:19:26.156170|[g:1][CONSENSUS][SEALER][Start sealer module]
info|2019-11-15 16:19:26.159859|[P2P][Service] Connection established,nodeID=b96a351b...,endpoint=127.0.0.1:30303
info|2019-11-15 16:19:26.159914|[NETWORK][Host]startPeerSession, From=127.0.0.1:30303,nodeID=b96a351b...
info|2019-11-15 16:19:26.161002|[g:1][EVENT][EventLogFilterManager]start,m_maxBlockRange=0,m_maxBlockPerLoopFilter=3
info|2019-11-15 16:19:26.164840|[NETWORK][Host]startPeerSession, From=127.0.0.1:30300,nodeID=eadb82d3...
info|2019-11-15 16:19:26.164981|[P2P][Service] Connection established,nodeID=eadb82d3...,endpoint=127.0.0.1:30300
info|2019-11-15 16:19:26.168487|[NETWORK][Host]startPeerSession, From=127.0.0.1:30301,nodeID=7a0fa6e0...
info|2019-11-15 16:19:26.168546|[P2P][Service] Connection established,nodeID=7a0fa6e0...,endpoint=127.0.0.1:30301
warning|2019-11-15 16:19:26.318652|[SYNC][id:bfdf57a5...][Status]Peer data not found,nodeId=7a0fa6e0...
warning|2019-11-15 16:19:26.330017|[SYNC][id:bfdf57a5...][Status]Peer data not found,nodeId=b96a351b...
warning|2019-11-15 16:19:26.330060|[SYNC][id:bfdf57a5...][Status]Peer data not found,nodeId=eadb82d3...
info|2019-11-15 16:19:27.144529|[g:1][CONSENSUS][SEALER]++++++++++++++++ Generating seal on,blkNum=27,tx=0,nodeIdx=2,hash=3045bd57...
info|2019-11-15 16:19:27.150579|[g:1][CONSENSUS][PBFT]checkTimeout Succ,view=0,toView=1,nodeIdx=2,changeCycle=0,myNode=bfdf57a5...,timecost=0.242
info|2019-11-15 16:19:27.152773|[g:1][CONSENSUS][PBFT]checkAndChangeView: Reach consensus,org_view=0,org_changeCycle=0,cur_changeCycle=0,to_view=1
info|2019-11-15 16:19:28.153022|[g:1][CONSENSUS]addRawPrepare,height=27,reqIdx=3,hash=765446df...
info|2019-11-15 16:19:28.153615|[g:1][CONSENSUS][PBFT]checkTimeout Succ,view=1,toView=2,nodeIdx=2,changeCycle=0,myNode=bfdf57a5...,timecost=0.465
info|2019-11-15 16:19:28.159094|[g:1][CONSENSUS][PBFT]checkAndChangeView: Reach consensus,org_view=1,org_changeCycle=0,cur_changeCycle=0,to_view=2
info|2019-11-15 16:19:29.159970|[g:1][CONSENSUS]addRawPrepare,height=27,reqIdx=0,hash=a7b17853...
info|2019-11-15 16:19:29.160456|[g:1][CONSENSUS][PBFT]checkTimeout Succ,view=2,toView=3,nodeIdx=2,changeCycle=0,myNode=bfdf57a5...,timecost=0.365
info|2019-11-15 16:19:29.167356|[g:1][CONSENSUS][PBFT]checkAndChangeView: Reach consensus,org_view=2,org_changeCycle=0,cur_changeCycle=0,to_view=3
info|2019-11-15 16:19:30.172390|[g:1][CONSENSUS]addRawPrepare,height=27,reqIdx=1,hash=de41ab57...
info|2019-11-15 16:19:30.172873|[g:1][CONSENSUS][PBFT]checkTimeout Succ,view=3,toView=4,nodeIdx=2,changeCycle=0,myNode=bfdf57a5...,timecost=0.361
info|2019-11-15 16:19:30.178208|[g:1][CONSENSUS][PBFT]checkAndChangeView: Reach consensus,org_view=3,org_changeCycle=0,cur_changeCycle=0,to_view=4
info|2019-11-15 16:19:31.178639|[g:1][CONSENSUS][SEALER]++++++++++++++++ Generating seal on,blkNum=27,tx=0,nodeIdx=2,hash=acac895f...
info|2019-11-15 16:19:31.187371|[g:1][CONSENSUS][PBFT]checkTimeout Succ,view=4,toView=5,nodeIdx=2,changeCycle=0,myNode=bfdf57a5...,timecost=0.221
info|2019-11-15 16:19:31.188278|[g:1][CONSENSUS][PBFT]checkAndChangeView: Reach consensus,org_view=4,org_changeCycle=0,cur_changeCycle=0,to_view=5
info|2019-11-15 16:19:32.228694|[g:1][CONSENSUS]addRawPrepare,height=27,reqIdx=3,hash=8448a1d9...
info|2019-11-15 16:19:32.229103|[g:1][CONSENSUS][PBFT]checkTimeout Succ,view=5,toView=6,nodeIdx=2,changeCycle=0,myNode=bfdf57a5...,timecost=0.291
info|2019-11-15 16:19:32.233031|[g:1][CONSENSUS][PBFT]checkAndChangeView: Reach consensus,org_view=5,org_changeCycle=0,cur_changeCycle=0,to_view=6
info|2019-11-15 16:19:33.235556|[g:1][CONSENSUS]addRawPrepare,height=27,reqIdx=0,hash=0e9926a2...
info|2019-11-15 16:19:33.236064|[g:1][CONSENSUS][PBFT]checkTimeout Succ,view=6,toView=7,nodeIdx=2,changeCycle=0,myNode=bfdf57a5...,timecost=0.368
info|2019-11-15 16:19:33.241062|[g:1][CONSENSUS][PBFT]checkAndChangeView: Reach consensus,org_view=6,org_changeCycle=0,cur_changeCycle=0,to_view=7
info|2019-11-15 16:19:34.244936|[g:1][CONSENSUS]addRawPrepare,height=27,reqIdx=1,hash=81f06428...
info|2019-11-15 16:19:34.245528|[g:1][CONSENSUS][PBFT]checkTimeout Succ,view=7,toView=8,nodeIdx=2,changeCycle=0,myNode=bfdf57a5...,timecost=0.447
info|2019-11-15 16:19:34.254505|[g:1][CONSENSUS][PBFT]checkAndChangeView: Reach consensus,org_view=7,org_changeCycle=0,cur_changeCycle=0,to_view=8
info|2019-11-15 16:19:35.255430|[g:1][CONSENSUS][SEALER]++++++++++++++++ Generating seal on,blkNum=27,tx=0,nodeIdx=2,hash=63fcec98...
info|2019-11-15 16:19:35.262621|[g:1][CONSENSUS][PBFT]checkTimeout Succ,view=8,toView=9,nodeIdx=2,changeCycle=0,myNode=bfdf57a5...,timecost=0.216
info|2019-11-15 16:19:35.263580|[g:1][CONSENSUS][PBFT]checkAndChangeView: Reach consensus,org_view=8,org_changeCycle=0,cur_changeCycle=0,to_view=9
info|2019-11-15 16:19:35.933279|[NETWORK][Host]P2P Recv Connect, From=127.0.0.1:58880
info|2019-11-15 16:19:35.933325|[NETWORK][Host]P2P StartAccept,Host=0.0.0.0:30302
info|2019-11-15 16:19:35.941897|[NETWORK][Host]P2P Recv Connect, From=127.0.0.1:58884
info|2019-11-15 16:19:35.941945|[NETWORK][Host]P2P StartAccept,Host=0.0.0.0:30302
info|2019-11-15 16:19:35.946235|[NETWORK][Host]P2P Recv Connect, From=127.0.0.1:58888
info|2019-11-15 16:19:35.946276|[NETWORK][Host]P2P StartAccept,Host=0.0.0.0:30302
info|2019-11-15 16:19:35.957772|[NETWORK][Host]startPeerSession, From=127.0.0.1:58884,nodeID=7a0fa6e0...
info|2019-11-15 16:19:35.965060|[NETWORK][Host]startPeerSession, From=127.0.0.1:58888,nodeID=b96a351b...
info|2019-11-15 16:19:35.965175|[NETWORK][Host]startPeerSession, From=127.0.0.1:58880,nodeID=eadb82d3...
info|2019-11-15 16:19:35.978289|[P2P][Service] heartBeat,connected count=3
info|2019-11-15 16:19:36.307474|[g:1][CONSENSUS]addRawPrepare,height=27,reqIdx=3,hash=63d26255...
info|2019-11-15 16:19:36.307819|[g:1][CONSENSUS][PBFT]checkTimeout Succ,view=9,toView=10,nodeIdx=2,changeCycle=0,myNode=bfdf57a5...,timecost=0.307
info|2019-11-15 16:19:36.310637|[g:1][CONSENSUS][PBFT]checkAndChangeView: Reach consensus,org_view=9,org_changeCycle=0,cur_changeCycle=0,to_view=10
info|2019-11-15 16:19:37.313548|[g:1][CONSENSUS]addRawPrepare,height=27,reqIdx=0,hash=5b19fbbd...
info|2019-11-15 16:19:37.314171|[g:1][CONSENSUS][PBFT]checkTimeout Succ,view=10,toView=11,nodeIdx=2,changeCycle=0,myNode=bfdf57a5...,timecost=0.481
info|2019-11-15 16:19:37.323816|[g:1][CONSENSUS][PBFT]checkAndChangeView: Reach consensus,org_view=10,org_changeCycle=0,cur_changeCycle=0,to_view=11
info|2019-11-15 16:19:38.327887|[g:1][CONSENSUS]addRawPrepare,height=27,reqIdx=1,hash=57546278...
info|2019-11-15 16:19:38.328226|[g:1][CONSENSUS][PBFT]checkTimeout Succ,view=11,toView=12,nodeIdx=2,changeCycle=0,myNode=bfdf57a5...,timecost=0.303
info|2019-11-15 16:19:38.329772|[g:1][CONSENSUS][PBFT]checkAndChangeView: Reach consensus,org_view=11,org_changeCycle=0,cur_changeCycle=0,to_view=12
info|2019-11-15 16:19:39.331884|[g:1][CONSENSUS][SEALER]++++++++++++++++ Generating seal on,blkNum=27,tx=0,nodeIdx=2,hash=a77b50f6...
info|2019-11-15 16:19:39.340762|[g:1][CONSENSUS][PBFT]checkTimeout Succ,view=12,toView=13,nodeIdx=2,changeCycle=0,myNode=bfdf57a5...,timecost=0.301
info|2019-11-15 16:19:39.341727|[g:1][CONSENSUS][PBFT]checkAndChangeView: Reach consensus,org_view=12,org_changeCycle=0,cur_changeCycle=0,to_view=13
info|2019-11-15 16:19:40.343838|[g:1][CONSENSUS]addRawPrepare,height=27,reqIdx=3,hash=5cb04d6d...
info|2019-11-15 16:19:40.344363|[g:1][CONSENSUS][PBFT]checkTimeout Succ,view=13,toView=14,nodeIdx=2,changeCycle=0,myNode=bfdf57a5...,timecost=0.463
info|2019-11-15 16:19:40.349883|[g:1][CONSENSUS][PBFT]checkAndChangeView: Reach consensus,org_view=13,org_changeCycle=0,cur_changeCycle=0,to_view=14
info|2019-11-15 16:19:41.355012|[g:1][CONSENSUS]addRawPrepare,height=27,reqIdx=0,hash=bf34a008...
info|2019-11-15 16:19:41.356854|[g:1][CONSENSUS][PBFT]checkTimeout Succ,view=14,toView=15,nodeIdx=2,changeCycle=0,myNode=bfdf57a5...,timecost=1.731
info|2019-11-15 16:19:41.360894|[g:1][CONSENSUS][PBFT]checkAndChangeView: Reach consensus,org_view=14,org_changeCycle=0,cur_changeCycle=0,to_view=15
info|2019-11-15 16:19:42.364086|[g:1][CONSENSUS]addRawPrepare,height=27,reqIdx=1,hash=f0e83544...
info|2019-11-15 16:19:42.364313|[g:1][CONSENSUS][PBFT]checkTimeout Succ,view=15,toView=16,nodeIdx=2,changeCycle=0,myNode=bfdf57a5...,timecost=0.203
info|2019-11-15 16:19:42.366445|[g:1][CONSENSUS][PBFT]checkAndChangeView: Reach consensus,org_view=15,org_changeCycle=0,cur_changeCycle=0,to_view=16
info|2019-11-15 16:19:43.367392|[g:1][CONSENSUS][SEALER]++++++++++++++++ Generating seal on,blkNum=27,tx=0,nodeIdx=2,hash=d14623c1...
info|2019-11-15 16:19:43.380855|[g:1][CONSENSUS][PBFT]checkTimeout Succ,view=16,toView=17,nodeIdx=2,changeCycle=0,myNode=bfdf57a5...,timecost=0.566
info|2019-11-15 16:19:43.382181|[g:1][CONSENSUS][PBFT]checkAndChangeView: Reach consensus,org_view=16,org_changeCycle=0,cur_changeCycle=0,to_view=17
info|2019-11-15 16:19:44.383116|[g:1][CONSENSUS]addRawPrepare,height=27,reqIdx=3,hash=b9486bfd...
info|2019-11-15 16:19:44.383575|[g:1][CONSENSUS][PBFT]checkTimeout Succ,view=17,toView=18,nodeIdx=2,changeCycle=0,myNode=bfdf57a5...,timecost=0.425
info|2019-11-15 16:19:44.387069|[g:1][CONSENSUS][PBFT]checkAndChangeView: Reach consensus,org_view=17,org_changeCycle=0,cur_changeCycle=0,to_view=18
info|2019-11-15 16:19:45.389301|[g:1][CONSENSUS]addRawPrepare,height=27,reqIdx=0,hash=8538e0cd...
info|2019-11-15 16:19:45.389810|[g:1][CONSENSUS][PBFT]checkTimeout Succ,view=18,toView=19,nodeIdx=2,changeCycle=0,myNode=bfdf57a5...,timecost=0.364
info|2019-11-15 16:19:45.395014|[g:1][CONSENSUS][PBFT]checkAndChangeView: Reach consensus,org_view=18,org_changeCycle=0,cur_changeCycle=0,to_view=19
info|2019-11-15 16:19:45.978436|[P2P][Service] heartBeat,connected count=3
info|2019-11-15 16:19:46.401064|[g:1][CONSENSUS]addRawPrepare,height=27,reqIdx=1,hash=340c00c9...
info|2019-11-15 16:19:46.401306|[g:1][CONSENSUS][PBFT]checkTimeout Succ,view=19,toView=20,nodeIdx=2,changeCycle=0,myNode=bfdf57a5...,timecost=0.215
info|2019-11-15 16:19:46.404691|[g:1][CONSENSUS][PBFT]checkAndChangeView: Reach consensus,org_view=19,org_changeCycle=0,cur_changeCycle=0,to_view=20
info|2019-11-15 16:19:47.404327|[g:1][CONSENSUS][SEALER]++++++++++++++++ Generating seal on,blkNum=27,tx=0,nodeIdx=2,hash=8f968668...
info|2019-11-15 16:19:47.411725|[g:1][CONSENSUS][PBFT]checkTimeout Succ,view=20,toView=21,nodeIdx=2,changeCycle=0,myNode=bfdf57a5...,timecost=0.219
info|2019-11-15 16:19:47.412688|[g:1][CONSENSUS][PBFT]checkAndChangeView: Reach consensus,org_view=20,org_changeCycle=0,cur_changeCycle=0,to_view=21
info|2019-11-15 16:19:48.412101|[g:1][CONSENSUS]addRawPrepare,height=27,reqIdx=3,hash=5903ad0b...
info|2019-11-15 16:19:48.412364|[g:1][CONSENSUS][PBFT]checkTimeout Succ,view=21,toView=22,nodeIdx=2,changeCycle=0,myNode=bfdf57a5...,timecost=0.234
info|2019-11-15 16:19:48.416744|[g:1][CONSENSUS][PBFT]checkAndChangeView: Reach consensus,org_view=21,org_changeCycle=0,cur_changeCycle=0,to_view=22
info|2019-11-15 16:19:49.418804|[g:1][CONSENSUS]addRawPrepare,height=27,reqIdx=0,hash=b5a97403...
info|2019-11-15 16:19:49.419326|[g:1][CONSENSUS][PBFT]checkTimeout Succ,view=22,toView=23,nodeIdx=2,changeCycle=0,myNode=bfdf57a5...,timecost=0.36
info|2019-11-15 16:19:49.424789|[g:1][CONSENSUS][PBFT]checkAndChangeView: Reach consensus,org_view=22,org_changeCycle=0,cur_changeCycle=0,to_view=23
info|2019-11-15 16:19:50.428737|[g:1][CONSENSUS]addRawPrepare,height=27,reqIdx=1,hash=f90cc121...
info|2019-11-15 16:19:50.428983|[g:1][CONSENSUS][PBFT]checkTimeout Succ,view=23,toView=24,nodeIdx=2,changeCycle=0,myNode=bfdf57a5...,timecost=0.218
info|2019-11-15 16:19:50.430308|[g:1][CONSENSUS][PBFT]checkAndChangeView: Reach consensus,org_view=23,org_changeCycle=0,cur_changeCycle=0,to_view=24
info|2019-11-15 16:19:51.431811|[g:1][CONSENSUS][SEALER]++++++++++++++++ Generating seal on,blkNum=27,tx=0,nodeIdx=2,hash=24aa42bd...
info|2019-11-15 16:19:51.441606|[g:1][CONSENSUS][PBFT]checkTimeout Succ,view=24,toView=25,nodeIdx=2,changeCycle=0,myNode=bfdf57a5...,timecost=0.284
info|2019-11-15 16:19:51.443602|[g:1][CONSENSUS][PBFT]checkAndChangeView: Reach consensus,org_view=24,org_changeCycle=0,cur_changeCycle=0,to_view=25
info|2019-11-15 16:19:52.443943|[g:1][CONSENSUS]addRawPrepare,height=27,reqIdx=3,hash=f2d61c3a...
info|2019-11-15 16:19:52.444366|[g:1][CONSENSUS][PBFT]checkTimeout Succ,view=25,toView=26,nodeIdx=2,changeCycle=0,myNode=bfdf57a5...,timecost=0.38
info|2019-11-15 16:19:52.447647|[g:1][CONSENSUS][PBFT]checkAndChangeView: Reach consensus,org_view=25,org_changeCycle=0,cur_changeCycle=0,to_view=26
info|2019-11-15 16:19:53.449484|[g:1][CONSENSUS]addRawPrepare,height=27,reqIdx=0,hash=a28662a6...
info|2019-11-15 16:19:53.449964|[g:1][CONSENSUS][PBFT]checkTimeout Succ,view=26,toView=27,nodeIdx=2,changeCycle=0,myNode=bfdf57a5...,timecost=0.362
info|2019-11-15 16:19:53.455113|[g:1][CONSENSUS][PBFT]checkAndChangeView: Reach consensus,org_view=26,org_changeCycle=0,cur_changeCycle=0,to_view=27
info|2019-11-15 16:19:54.458634|[g:1][CONSENSUS]addRawPrepare,height=27,reqIdx=1,hash=ee46c28e...
info|2019-11-15 16:19:54.459013|[g:1][CONSENSUS][PBFT]checkTimeout Succ,view=27,toView=28,nodeIdx=2,changeCycle=0,myNode=bfdf57a5...,timecost=0.341
info|2019-11-15 16:19:54.462028|[g:1][CONSENSUS][PBFT]checkAndChangeView: Reach consensus,org_view=27,org_changeCycle=0,cur_changeCycle=0,to_view=28
info|2019-11-15 16:19:55.463540|[g:1][CONSENSUS][SEALER]++++++++++++++++ Generating seal on,blkNum=27,tx=0,nodeIdx=2,hash=8d7516ef...
info|2019-11-15 16:19:55.476282|[g:1][CONSENSUS][PBFT]checkTimeout Succ,view=28,toView=29,nodeIdx=2,changeCycle=0,myNode=bfdf57a5...,timecost=0.216
info|2019-11-15 16:19:55.477352|[g:1][CONSENSUS][PBFT]checkAndChangeView: Reach consensus,org_view=28,org_changeCycle=0,cur_changeCycle=0,to_view=29
info|2019-11-15 16:19:55.978705|[P2P][Service] heartBeat,connected count=3
info|2019-11-15 16:19:56.477824|[g:1][CONSENSUS]addRawPrepare,height=27,reqIdx=3,hash=b271ca92...
info|2019-11-15 16:19:56.478260|[g:1][CONSENSUS][PBFT]checkTimeout Succ,view=29,toView=30,nodeIdx=2,changeCycle=0,myNode=bfdf57a5...,timecost=0.401
info|2019-11-15 16:19:56.481333|[g:1][CONSENSUS][PBFT]checkAndChangeView: Reach consensus,org_view=29,org_changeCycle=0,cur_changeCycle=0,to_view=30
info|2019-11-15 16:19:57.482884|[g:1][CONSENSUS]addRawPrepare,height=27,reqIdx=0,hash=27654d79...
info|2019-11-15 16:19:57.483283|[g:1][CONSENSUS][PBFT]checkTimeout Succ,view=30,toView=31,nodeIdx=2,changeCycle=0,myNode=bfdf57a5...,timecost=0.296
info|2019-11-15 16:19:57.487345|[g:1][CONSENSUS][PBFT]checkAndChangeView: Reach consensus,org_view=30,org_changeCycle=0,cur_changeCycle=0,to_view=31
info|2019-11-15 16:19:58.491021|[g:1][CONSENSUS]addRawPrepare,height=27,reqIdx=1,hash=3844ea95...
info|2019-11-15 16:19:58.491257|[g:1][CONSENSUS][PBFT]checkTimeout Succ,view=31,toView=32,nodeIdx=2,changeCycle=0,myNode=bfdf57a5...,timecost=0.21
info|2019-11-15 16:19:58.494943|[g:1][CONSENSUS][PBFT]checkAndChangeView: Reach consensus,org_view=31,org_changeCycle=0,cur_changeCycle=0,to_view=32
info|2019-11-15 16:19:59.496440|[g:1][CONSENSUS][SEALER]++++++++++++++++ Generating seal on,blkNum=27,tx=0,nodeIdx=2,hash=81d9475c...
info|2019-11-15 16:19:59.508012|[g:1][CONSENSUS][PBFT]checkTimeout Succ,view=32,toView=33,nodeIdx=2,changeCycle=0,myNode=bfdf57a5...,timecost=0.222
info|2019-11-15 16:19:59.509006|[g:1][CONSENSUS][PBFT]checkAndChangeView: Reach consensus,org_view=32,org_changeCycle=0,cur_changeCycle=0,to_view=33
info|2019-11-15 16:20:00.509477|[g:1][CONSENSUS]addRawPrepare,height=27,reqIdx=3,hash=8f9d2ad1...
info|2019-11-15 16:20:00.509738|[g:1][CONSENSUS][PBFT]checkTimeout Succ,view=33,toView=34,nodeIdx=2,changeCycle=0,myNode=bfdf57a5...,timecost=0.228
info|2019-11-15 16:20:00.520901|[g:1][CONSENSUS][PBFT]checkAndChangeView: Reach consensus,org_view=33,org_changeCycle=0,cur_changeCycle=0,to_view=34
info|2019-11-15 16:20:01.523413|[g:1][CONSENSUS]addRawPrepare,height=27,reqIdx=0,hash=99e69c1f...
info|2019-11-15 16:20:01.523712|[g:1][CONSENSUS][PBFT]checkTimeout Succ,view=34,toView=35,nodeIdx=2,changeCycle=0,myNode=bfdf57a5...,timecost=0.22
info|2019-11-15 16:20:01.536884|[g:1][CONSENSUS][PBFT]checkAndChangeView: Reach consensus,org_view=34,org_changeCycle=0,cur_changeCycle=0,to_view=35
info|2019-11-15 16:20:02.528995|[g:1][CONSENSUS]addRawPrepare,height=27,reqIdx=1,hash=85ffbc4f...
info|2019-11-15 16:20:02.529231|[g:1][CONSENSUS][PBFT]checkTimeout Succ,view=35,toView=36,nodeIdx=2,changeCycle=0,myNode=bfdf57a5...,timecost=0.251
info|2019-11-15 16:20:02.538813|[g:1][CONSENSUS][PBFT]checkAndChangeView: Reach consensus,org_view=35,org_changeCycle=0,cur_changeCycle=0,to_view=36
info|2019-11-15 16:20:03.538825|[g:1][CONSENSUS][SEALER]++++++++++++++++ Generating seal on,blkNum=27,tx=0,nodeIdx=2,hash=2f567779...
info|2019-11-15 16:20:03.551945|[g:1][CONSENSUS][PBFT]checkTimeout Succ,view=36,toView=37,nodeIdx=2,changeCycle=0,myNode=bfdf57a5...,timecost=0.336
info|2019-11-15 16:20:03.553049|[g:1][CONSENSUS][PBFT]checkAndChangeView: Reach consensus,org_view=36,org_changeCycle=0,cur_changeCycle=0,to_view=37
info|2019-11-15 16:20:04.555067|[g:1][CONSENSUS]addRawPrepare,height=27,reqIdx=3,hash=0ac496b4...
info|2019-11-15 16:20:04.555323|[g:1][CONSENSUS][PBFT]checkTimeout Succ,view=37,toView=38,nodeIdx=2,changeCycle=0,myNode=bfdf57a5...,timecost=0.215
info|2019-11-15 16:20:04.561400|[g:1][CONSENSUS][PBFT]checkAndChangeView: Reach consensus,org_view=37,org_changeCycle=0,cur_changeCycle=0,to_view=38
info|2019-11-15 16:20:05.564728|[g:1][CONSENSUS]addRawPrepare,height=27,reqIdx=0,hash=297705bf...
info|2019-11-15 16:20:05.565009|[g:1][CONSENSUS][PBFT]checkTimeout Succ,view=38,toView=39,nodeIdx=2,changeCycle=0,myNode=bfdf57a5...,timecost=0.206
info|2019-11-15 16:20:05.570362|[g:1][CONSENSUS][PBFT]checkAndChangeView: Reach consensus,org_view=38,org_changeCycle=0,cur_changeCycle=0,to_view=39
info|2019-11-15 16:20:05.981892|[P2P][Service] heartBeat,connected count=3
info|2019-11-15 16:20:06.577455|[g:1][CONSENSUS]addRawPrepare,height=27,reqIdx=1,hash=98f53c6d...
info|2019-11-15 16:20:06.577694|[g:1][CONSENSUS][PBFT]checkTimeout Succ,view=39,toView=40,nodeIdx=2,changeCycle=0,myNode=bfdf57a5...,timecost=0.211
info|2019-11-15 16:20:06.578005|[g:1][CONSENSUS][PBFT]checkAndChangeView: Reach consensus,org_view=39,org_changeCycle=0,cur_changeCycle=0,to_view=40
info|2019-11-15 16:20:07.578276|[g:1][CONSENSUS][SEALER]++++++++++++++++ Generating seal on,blkNum=27,tx=0,nodeIdx=2,hash=606df3a0...
info|2019-11-15 16:20:07.587068|[g:1][CONSENSUS][PBFT]checkTimeout Succ,view=40,toView=41,nodeIdx=2,changeCycle=0,myNode=bfdf57a5...,timecost=0.217
info|2019-11-15 16:20:07.588227|[g:1][CONSENSUS][PBFT]checkAndChangeView: Reach consensus,org_view=40,org_changeCycle=0,cur_changeCycle=0,to_view=41
info|2019-11-15 16:20:08.588960|[g:1][CONSENSUS]addRawPrepare,height=27,reqIdx=3,hash=b4a8aec0...
info|2019-11-15 16:20:08.589308|[g:1][CONSENSUS][PBFT]checkTimeout Succ,view=41,toView=42,nodeIdx=2,changeCycle=0,myNode=bfdf57a5...,timecost=0.352
info|2019-11-15 16:20:08.593431|[g:1][CONSENSUS][PBFT]checkAndChangeView: Reach consensus,org_view=41,org_changeCycle=0,cur_changeCycle=0,to_view=42
info|2019-11-15 16:20:09.596593|[g:1][CONSENSUS]addRawPrepare,height=27,reqIdx=0,hash=0bf87449...
info|2019-11-15 16:20:09.596871|[g:1][CONSENSUS][PBFT]checkTimeout Succ,view=42,toView=43,nodeIdx=2,changeCycle=0,myNode=bfdf57a5...,timecost=0.204
info|2019-11-15 16:20:09.600745|[g:1][CONSENSUS][PBFT]checkAndChangeView: Reach consensus,org_view=42,org_changeCycle=0,cur_changeCycle=0,to_view=43
info|2019-11-15 16:20:10.605542|[g:1][CONSENSUS]addRawPrepare,height=27,reqIdx=1,hash=f30ab4b1...
info|2019-11-15 16:20:10.605790|[g:1][CONSENSUS][PBFT]checkTimeout Succ,view=43,toView=44,nodeIdx=2,changeCycle=0,myNode=bfdf57a5...,timecost=0.218
info|2019-11-15 16:20:10.606976|[g:1][CONSENSUS][PBFT]checkAndChangeView: Reach consensus,org_view=43,org_changeCycle=0,cur_changeCycle=0,to_view=44
info|2019-11-15 16:20:11.609104|[g:1][CONSENSUS][SEALER]++++++++++++++++ Generating seal on,blkNum=27,tx=0,nodeIdx=2,hash=25d44d27...
info|2019-11-15 16:20:11.621870|[g:1][CONSENSUS][PBFT]checkTimeout Succ,view=44,toView=45,nodeIdx=2,changeCycle=0,myNode=bfdf57a5...,timecost=0.242
info|2019-11-15 16:20:11.622784|[g:1][CONSENSUS][PBFT]checkAndChangeView: Reach consensus,org_view=44,org_changeCycle=0,cur_changeCycle=0,to_view=45
info|2019-11-15 16:20:12.623502|[g:1][CONSENSUS]addRawPrepare,height=27,reqIdx=3,hash=2541bf73...
info|2019-11-15 16:20:12.623849|[g:1][CONSENSUS][PBFT]checkTimeout Succ,view=45,toView=46,nodeIdx=2,changeCycle=0,myNode=bfdf57a5...,timecost=0.307
info|2019-11-15 16:20:12.626248|[g:1][CONSENSUS][PBFT]checkAndChangeView: Reach consensus,org_view=45,org_changeCycle=0,cur_changeCycle=0,to_view=46
info|2019-11-15 16:20:13.628399|[g:1][CONSENSUS]addRawPrepare,height=27,reqIdx=0,hash=5f8a3d0e...
info|2019-11-15 16:20:13.628787|[g:1][CONSENSUS][PBFT]checkTimeout Succ,view=46,toView=47,nodeIdx=2,changeCycle=0,myNode=bfdf57a5...,timecost=0.291
info|2019-11-15 16:20:13.633594|[g:1][CONSENSUS][PBFT]checkAndChangeView: Reach consensus,org_view=46,org_changeCycle=0,cur_changeCycle=0,to_view=47
info|2019-11-15 16:20:14.639569|[g:1][CONSENSUS]addRawPrepare,height=27,reqIdx=1,hash=7f509525...
info|2019-11-15 16:20:14.639858|[g:1][CONSENSUS][PBFT]checkTimeout Succ,view=47,toView=48,nodeIdx=2,changeCycle=0,myNode=bfdf57a5...,timecost=0.252
info|2019-11-15 16:20:14.645699|[g:1][CONSENSUS][PBFT]checkAndChangeView: Reach consensus,org_view=47,org_changeCycle=0,cur_changeCycle=0,to_view=48
info|2019-11-15 16:20:15.648881|[g:1][CONSENSUS][SEALER]++++++++++++++++ Generating seal on,blkNum=27,tx=0,nodeIdx=2,hash=d2a84d64...
info|2019-11-15 16:20:15.663450|[g:1][CONSENSUS][PBFT]checkTimeout Succ,view=48,toView=49,nodeIdx=2,changeCycle=0,myNode=bfdf57a5...,timecost=0.251
info|2019-11-15 16:20:15.664507|[g:1][CONSENSUS][PBFT]checkAndChangeView: Reach consensus,org_view=48,org_changeCycle=0,cur_changeCycle=0,to_view=49
info|2019-11-15 16:20:15.988341|[P2P][Service] heartBeat,connected count=3
info|2019-11-15 16:20:16.658927|[g:1][CONSENSUS]addRawPrepare,height=27,reqIdx=3,hash=b9310bc3...
info|2019-11-15 16:20:16.659258|[g:1][CONSENSUS][PBFT]checkTimeout Succ,view=49,toView=50,nodeIdx=2,changeCycle=0,myNode=bfdf57a5...,timecost=0.301
info|2019-11-15 16:20:16.665449|[g:1][CONSENSUS][PBFT]checkAndChangeView: Reach consensus,org_view=49,org_changeCycle=0,cur_changeCycle=0,to_view=50
info|2019-11-15 16:20:17.667985|[g:1][CONSENSUS]addRawPrepare,height=27,reqIdx=0,hash=88930c89...
info|2019-11-15 16:20:17.668260|[g:1][CONSENSUS][PBFT]checkTimeout Succ,view=50,toView=51,nodeIdx=2,changeCycle=0,myNode=bfdf57a5...,timecost=0.203
info|2019-11-15 16:20:17.672826|[g:1][CONSENSUS][PBFT]checkAndChangeView: Reach consensus,org_view=50,org_changeCycle=0,cur_changeCycle=0,to_view=51
info|2019-11-15 16:20:18.677237|[g:1][CONSENSUS]addRawPrepare,height=27,reqIdx=1,hash=82af0545...
info|2019-11-15 16:20:18.677476|[g:1][CONSENSUS][PBFT]checkTimeout Succ,view=51,toView=52,nodeIdx=2,changeCycle=0,myNode=bfdf57a5...,timecost=0.212
info|2019-11-15 16:20:18.678623|[g:1][CONSENSUS][PBFT]checkAndChangeView: Reach consensus,org_view=51,org_changeCycle=0,cur_changeCycle=0,to_view=52
info|2019-11-15 16:20:19.680235|[g:1][CONSENSUS][SEALER]++++++++++++++++ Generating seal on,blkNum=27,tx=0,nodeIdx=2,hash=78f7cc0d...
info|2019-11-15 16:20:19.688954|[g:1][CONSENSUS][PBFT]checkTimeout Succ,view=52,toView=53,nodeIdx=2,changeCycle=0,myNode=bfdf57a5...,timecost=0.22
info|2019-11-15 16:20:19.690094|[g:1][CONSENSUS][PBFT]checkAndChangeView: Reach consensus,org_view=52,org_changeCycle=0,cur_changeCycle=0,to_view=53
info|2019-11-15 16:20:20.691706|[g:1][CONSENSUS]addRawPrepare,height=27,reqIdx=3,hash=c00866b5...
info|2019-11-15 16:20:20.691954|[g:1][CONSENSUS][PBFT]checkTimeout Succ,view=53,toView=54,nodeIdx=2,changeCycle=0,myNode=bfdf57a5...,timecost=0.219
info|2019-11-15 16:20:20.693971|[g:1][CONSENSUS][PBFT]checkAndChangeView: Reach consensus,org_view=53,org_changeCycle=0,cur_changeCycle=0,to_view=54
info|2019-11-15 16:20:21.696718|[g:1][CONSENSUS]addRawPrepare,height=27,reqIdx=0,hash=88237bf6...
info|2019-11-15 16:20:21.697276|[g:1][CONSENSUS][PBFT]checkTimeout Succ,view=54,toView=55,nodeIdx=2,changeCycle=0,myNode=bfdf57a5...,timecost=0.432
info|2019-11-15 16:20:21.703638|[g:1][CONSENSUS][PBFT]checkAndChangeView: Reach consensus,org_view=54,org_changeCycle=0,cur_changeCycle=0,to_view=55
info|2019-11-15 16:20:22.707476|[g:1][CONSENSUS]addRawPrepare,height=27,reqIdx=1,hash=be4cd261...
info|2019-11-15 16:20:22.707722|[g:1][CONSENSUS][PBFT]checkTimeout Succ,view=55,toView=56,nodeIdx=2,changeCycle=0,myNode=bfdf57a5...,timecost=0.218
info|2019-11-15 16:20:22.716977|[g:1][CONSENSUS][PBFT]checkAndChangeView: Reach consensus,org_view=55,org_changeCycle=0,cur_changeCycle=0,to_view=56
info|2019-11-15 16:20:23.717270|[g:1][CONSENSUS][SEALER]++++++++++++++++ Generating seal on,blkNum=27,tx=0,nodeIdx=2,hash=ad95cec2...
info|2019-11-15 16:20:23.725458|[g:1][CONSENSUS][PBFT]checkTimeout Succ,view=56,toView=57,nodeIdx=2,changeCycle=0,myNode=bfdf57a5...,timecost=0.221
info|2019-11-15 16:20:23.726389|[g:1][CONSENSUS][PBFT]checkAndChangeView: Reach consensus,org_view=56,org_changeCycle=0,cur_changeCycle=0,to_view=57
info|2019-11-15 16:20:24.726202|[g:1][CONSENSUS]addRawPrepare,height=27,reqIdx=3,hash=8f798f19...
info|2019-11-15 16:20:24.726552|[g:1][CONSENSUS][PBFT]checkTimeout Succ,view=57,toView=58,nodeIdx=2,changeCycle=0,myNode=bfdf57a5...,timecost=0.313
info|2019-11-15 16:20:24.729054|[g:1][CONSENSUS][PBFT]checkAndChangeView: Reach consensus,org_view=57,org_changeCycle=0,cur_changeCycle=0,to_view=58
info|2019-11-15 16:20:25.735370|[g:1][CONSENSUS]addRawPrepare,height=27,reqIdx=0,hash=db36afc2...
info|2019-11-15 16:20:25.735649|[g:1][CONSENSUS][PBFT]checkTimeout Succ,view=58,toView=59,nodeIdx=2,changeCycle=0,myNode=bfdf57a5...,timecost=0.206
info|2019-11-15 16:20:25.741967|[g:1][CONSENSUS][PBFT]checkAndChangeView: Reach consensus,org_view=58,org_changeCycle=0,cur_changeCycle=0,to_view=59
info|2019-11-15 16:20:25.992427|[P2P][Service] heartBeat,connected count=3
info|2019-11-15 16:20:26.747042|[g:1][CONSENSUS]addRawPrepare,height=27,reqIdx=1,hash=42cbcd36...
info|2019-11-15 16:20:26.747287|[g:1][CONSENSUS][PBFT]checkTimeout Succ,view=59,toView=60,nodeIdx=2,changeCycle=0,myNode=bfdf57a5...,timecost=0.217
info|2019-11-15 16:20:26.747598|[g:1][CONSENSUS][PBFT]checkAndChangeView: Reach consensus,org_view=59,org_changeCycle=0,cur_changeCycle=0,to_view=60
info|2019-11-15 16:20:27.747326|[g:1][CONSENSUS][SEALER]++++++++++++++++ Generating seal on,blkNum=27,tx=0,nodeIdx=2,hash=7e964aa6...
info|2019-11-15 16:20:27.766350|[g:1][CONSENSUS][PBFT]checkTimeout Succ,view=60,toView=61,nodeIdx=2,changeCycle=0,myNode=bfdf57a5...,timecost=6.139
info|2019-11-15 16:20:27.768210|[g:1][CONSENSUS][PBFT]checkAndChangeView: Reach consensus,org_view=60,org_changeCycle=0,cur_changeCycle=0,to_view=61
info|2019-11-15 16:20:28.762219|[g:1][CONSENSUS]addRawPrepare,height=27,reqIdx=3,hash=21b15811...
info|2019-11-15 16:20:28.762462|[g:1][CONSENSUS][PBFT]checkTimeout Succ,view=61,toView=62,nodeIdx=2,changeCycle=0,myNode=bfdf57a5...,timecost=0.216
info|2019-11-15 16:20:28.764326|[g:1][CONSENSUS][PBFT]checkAndChangeView: Reach consensus,org_view=61,org_changeCycle=0,cur_changeCycle=0,to_view=62
info|2019-11-15 16:20:29.770861|[g:1][CONSENSUS]addRawPrepare,height=27,reqIdx=0,hash=65d1795d...
info|2019-11-15 16:20:29.771458|[g:1][CONSENSUS][PBFT]checkTimeout Succ,view=62,toView=63,nodeIdx=2,changeCycle=0,myNode=bfdf57a5...,timecost=0.444
info|2019-11-15 16:20:29.779410|[g:1][CONSENSUS][PBFT]checkAndChangeView: Reach consensus,org_view=62,org_changeCycle=0,cur_changeCycle=0,to_view=63
info|2019-11-15 16:20:30.783315|[g:1][CONSENSUS]addRawPrepare,height=27,reqIdx=1,hash=c4d449d9...
info|2019-11-15 16:20:30.783697|[g:1][CONSENSUS][PBFT]checkTimeout Succ,view=63,toView=64,nodeIdx=2,changeCycle=0,myNode=bfdf57a5...,timecost=0.338
info|2019-11-15 16:20:30.786050|[g:1][CONSENSUS][PBFT]checkAndChangeView: Reach consensus,org_view=63,org_changeCycle=0,cur_changeCycle=0,to_view=64
info|2019-11-15 16:20:31.787388|[g:1][CONSENSUS][SEALER]++++++++++++++++ Generating seal on,blkNum=27,tx=0,nodeIdx=2,hash=b4ff76ea...
info|2019-11-15 16:20:31.800082|[g:1][CONSENSUS][PBFT]checkTimeout Succ,view=64,toView=65,nodeIdx=2,changeCycle=0,myNode=bfdf57a5...,timecost=0.309
info|2019-11-15 16:20:31.802457|[g:1][CONSENSUS][PBFT]checkAndChangeView: Reach consensus,org_view=64,org_changeCycle=0,cur_changeCycle=0,to_view=65
info|2019-11-15 16:20:32.809794|[g:1][CONSENSUS]addRawPrepare,height=27,reqIdx=3,hash=984ec26c...
info|2019-11-15 16:20:32.810104|[g:1][CONSENSUS][PBFT]checkTimeout Succ,view=65,toView=66,nodeIdx=2,changeCycle=0,myNode=bfdf57a5...,timecost=0.278
info|2019-11-15 16:20:32.813497|[g:1][CONSENSUS][PBFT]checkAndChangeView: Reach consensus,org_view=65,org_changeCycle=0,cur_changeCycle=0,to_view=66
info|2019-11-15 16:20:33.819146|[g:1][CONSENSUS]addRawPrepare,height=27,reqIdx=0,hash=4307cb98...
info|2019-11-15 16:20:33.819644|[g:1][CONSENSUS][PBFT]checkTimeout Succ,view=66,toView=67,nodeIdx=2,changeCycle=0,myNode=bfdf57a5...,timecost=0.356
info|2019-11-15 16:20:33.831683|[g:1][CONSENSUS][PBFT]checkAndChangeView: Reach consensus,org_view=66,org_changeCycle=0,cur_changeCycle=0,to_view=67
info|2019-11-15 16:20:34.835623|[g:1][CONSENSUS]addRawPrepare,height=27,reqIdx=1,hash=b5450520...
info|2019-11-15 16:20:34.835982|[g:1][CONSENSUS][PBFT]checkTimeout Succ,view=67,toView=68,nodeIdx=2,changeCycle=0,myNode=bfdf57a5...,timecost=0.324
info|2019-11-15 16:20:34.837518|[g:1][CONSENSUS][PBFT]checkAndChangeView: Reach consensus,org_view=67,org_changeCycle=0,cur_changeCycle=0,to_view=68
info|2019-11-15 16:20:35.840317|[g:1][CONSENSUS][SEALER]++++++++++++++++ Generating seal on,blkNum=27,tx=0,nodeIdx=2,hash=61dc8e95...
info|2019-11-15 16:20:35.847998|[g:1][CONSENSUS][PBFT]checkTimeout Succ,view=68,toView=69,nodeIdx=2,changeCycle=0,myNode=bfdf57a5...,timecost=0.219
info|2019-11-15 16:20:35.849209|[g:1][CONSENSUS][PBFT]checkAndChangeView: Reach consensus,org_view=68,org_changeCycle=0,cur_changeCycle=0,to_view=69
info|2019-11-15 16:20:35.992799|[P2P][Service] heartBeat,connected count=3
info|2019-11-15 16:20:36.847480|[g:1][CONSENSUS]addRawPrepare,height=27,reqIdx=3,hash=252dfdd5...
info|2019-11-15 16:20:36.847954|[g:1][CONSENSUS][PBFT]checkTimeout Succ,view=69,toView=70,nodeIdx=2,changeCycle=0,myNode=bfdf57a5...,timecost=0.423
info|2019-11-15 16:20:36.852069|[g:1][CONSENSUS][PBFT]checkAndChangeView: Reach consensus,org_view=69,org_changeCycle=0,cur_changeCycle=0,to_view=70
info|2019-11-15 16:20:37.860069|[g:1][CONSENSUS]addRawPrepare,height=27,reqIdx=0,hash=23c0aeab...
info|2019-11-15 16:20:37.860355|[g:1][CONSENSUS][PBFT]checkTimeout Succ,view=70,toView=71,nodeIdx=2,changeCycle=0,myNode=bfdf57a5...,timecost=0.202
info|2019-11-15 16:20:37.867823|[g:1][CONSENSUS][PBFT]checkAndChangeView: Reach consensus,org_view=70,org_changeCycle=0,cur_changeCycle=0,to_view=71
info|2019-11-15 16:20:38.873318|[g:1][CONSENSUS]addRawPrepare,height=27,reqIdx=1,hash=e0c3a2d1...
info|2019-11-15 16:20:38.873742|[g:1][CONSENSUS][PBFT]checkTimeout Succ,view=71,toView=72,nodeIdx=2,changeCycle=0,myNode=bfdf57a5...,timecost=0.381
info|2019-11-15 16:20:38.877188|[g:1][CONSENSUS][PBFT]checkAndChangeView: Reach consensus,org_view=71,org_changeCycle=0,cur_changeCycle=0,to_view=72
info|2019-11-15 16:20:39.879232|[g:1][CONSENSUS][SEALER]++++++++++++++++ Generating seal on,blkNum=27,tx=0,nodeIdx=2,hash=cd13195e...
info|2019-11-15 16:20:39.888173|[g:1][CONSENSUS][PBFT]checkTimeout Succ,view=72,toView=73,nodeIdx=2,changeCycle=0,myNode=bfdf57a5...,timecost=0.218
info|2019-11-15 16:20:39.889131|[g:1][CONSENSUS][PBFT]checkAndChangeView: Reach consensus,org_view=72,org_changeCycle=0,cur_changeCycle=0,to_view=73
info|2019-11-15 16:20:40.891113|[g:1][CONSENSUS]addRawPrepare,height=27,reqIdx=3,hash=77df374e...
info|2019-11-15 16:20:40.891414|[g:1][CONSENSUS][PBFT]checkTimeout Succ,view=73,toView=74,nodeIdx=2,changeCycle=0,myNode=bfdf57a5...,timecost=0.271
info|2019-11-15 16:20:40.893254|[g:1][CONSENSUS][PBFT]checkAndChangeView: Reach consensus,org_view=73,org_changeCycle=0,cur_changeCycle=0,to_view=74
info|2019-11-15 16:20:41.895386|[g:1][CONSENSUS]addRawPrepare,height=27,reqIdx=0,hash=56666912...
info|2019-11-15 16:20:41.895873|[g:1][CONSENSUS][PBFT]checkTimeout Succ,view=74,toView=75,nodeIdx=2,changeCycle=0,myNode=bfdf57a5...,timecost=0.365
info|2019-11-15 16:20:41.902129|[g:1][CONSENSUS][PBFT]checkAndChangeView: Reach consensus,org_view=74,org_changeCycle=0,cur_changeCycle=0,to_view=75
info|2019-11-15 16:20:42.904757|[g:1][CONSENSUS]addRawPrepare,height=27,reqIdx=1,hash=6071165f...
info|2019-11-15 16:20:42.904996|[g:1][CONSENSUS][PBFT]checkTimeout Succ,view=75,toView=76,nodeIdx=2,changeCycle=0,myNode=bfdf57a5...,timecost=0.213
info|2019-11-15 16:20:42.906911|[g:1][CONSENSUS][PBFT]checkAndChangeView: Reach consensus,org_view=75,org_changeCycle=0,cur_changeCycle=0,to_view=76
info|2019-11-15 16:20:43.907379|[g:1][CONSENSUS][SEALER]++++++++++++++++ Generating seal on,blkNum=27,tx=0,nodeIdx=2,hash=6b5b64a1...
info|2019-11-15 16:20:43.915712|[g:1][CONSENSUS][PBFT]checkTimeout Succ,view=76,toView=77,nodeIdx=2,changeCycle=0,myNode=bfdf57a5...,timecost=0.218
info|2019-11-15 16:20:43.916767|[g:1][CONSENSUS][PBFT]checkAndChangeView: Reach consensus,org_view=76,org_changeCycle=0,cur_changeCycle=0,to_view=77
info|2019-11-15 16:20:44.918008|[g:1][CONSENSUS]addRawPrepare,height=27,reqIdx=3,hash=a077653c...
info|2019-11-15 16:20:44.918350|[g:1][CONSENSUS][PBFT]checkTimeout Succ,view=77,toView=78,nodeIdx=2,changeCycle=0,myNode=bfdf57a5...,timecost=0.304
info|2019-11-15 16:20:44.920530|[g:1][CONSENSUS][PBFT]checkAndChangeView: Reach consensus,org_view=77,org_changeCycle=0,cur_changeCycle=0,to_view=78
info|2019-11-15 16:20:45.922524|[g:1][CONSENSUS]addRawPrepare,height=27,reqIdx=0,hash=57980c59...
info|2019-11-15 16:20:45.923216|[g:1][CONSENSUS][PBFT]checkTimeout Succ,view=78,toView=79,nodeIdx=2,changeCycle=0,myNode=bfdf57a5...,timecost=0.547
info|2019-11-15 16:20:45.929112|[g:1][CONSENSUS][PBFT]checkAndChangeView: Reach consensus,org_view=78,org_changeCycle=0,cur_changeCycle=0,to_view=79
info|2019-11-15 16:20:45.993275|[P2P][Service] heartBeat,connected count=3
info|2019-11-15 16:20:46.932381|[g:1][CONSENSUS]addRawPrepare,height=27,reqIdx=1,hash=df76677d...
info|2019-11-15 16:20:46.932740|[g:1][CONSENSUS][PBFT]checkTimeout Succ,view=79,toView=80,nodeIdx=2,changeCycle=0,myNode=bfdf57a5...,timecost=0.324
info|2019-11-15 16:20:46.935337|[g:1][CONSENSUS][PBFT]checkAndChangeView: Reach consensus,org_view=79,org_changeCycle=0,cur_changeCycle=0,to_view=80
info|2019-11-15 16:20:47.936493|[g:1][CONSENSUS][SEALER]++++++++++++++++ Generating seal on,blkNum=27,tx=0,nodeIdx=2,hash=31f130c2...
info|2019-11-15 16:20:47.945036|[g:1][CONSENSUS][PBFT]checkTimeout Succ,view=80,toView=81,nodeIdx=2,changeCycle=0,myNode=bfdf57a5...,timecost=0.223
info|2019-11-15 16:20:47.946143|[g:1][CONSENSUS][PBFT]checkAndChangeView: Reach consensus,org_view=80,org_changeCycle=0,cur_changeCycle=0,to_view=81
info|2019-11-15 16:20:48.794712|[LEDGER]stop sealer,groupID=1
info|2019-11-15 16:20:48.794750|[CONSENSUS][SEALER]Stop sealer module...
info|2019-11-15 16:20:48.796188|[CONSENSUS][ConsensusEngine][Stop ConsensusEngineBase]
info|2019-11-15 16:20:48.805819|[CONSENSUS][ConsensusEngine]ConsensusEngineBase stopped
info|2019-11-15 16:20:48.805847|[LEDGER]sealer stopped. stop sync,groupID=1
info|2019-11-15 16:20:48.951117|[SYNC][id:bfdf57a5...]SyncMaster stopped
info|2019-11-15 16:20:48.951143|[LEDGER]ledger stopped,groupID=1
info|2019-11-15 16:20:49.076282|[EVENT][EventLogFilterManager]stop
info|2019-11-15 16:20:49.076308|[LEDGER]event filter manager stopped,groupID=1
info|2019-11-15 16:20:49.076319|[INITIALIZER]ledgerInitializer stopped
info|2019-11-15 16:20:50.078119|[INITIALIZER]ChannelRPCHttpServer deleted.
info|2019-11-15 16:20:50.078497|[INITIALIZER]JsonrpcHttpServer deleted.
info|2019-11-15 16:20:50.078512|[INITIALIZER]RPCInitializer stopped
info|2019-11-15 16:20:50.078541|[NETWORK][Host]Host exit
info|2019-11-15 16:20:50.078938|[INITIALIZER]P2PInitializer stopped
info|2019-11-15 16:20:50.078954|[LEDGER]stop sealer,groupID=1
info|2019-11-15 16:20:50.078961|[LEDGER]sealer stopped. stop sync,groupID=1
info|2019-11-15 16:20:50.078966|[SYNC][id:bfdf57a5...]SyncMaster stopped
info|2019-11-15 16:20:50.078970|[LEDGER]ledger stopped,groupID=1
info|2019-11-15 16:20:50.078975|[LEDGER]event filter manager stopped,groupID=1
info|2019-11-15 16:20:50.078981|[STORAGE]Stopping flushStorage thread
info|2019-11-15 16:20:50.130755|[STORAGE]flushStorage thread stopped.
info|2019-11-15 16:20:50.130784|[DBINITIALIZER] storage stopped
info|2019-11-15 16:20:50.131430|[SYNC][id:bfdf57a5...]SyncMaster stopped
