info|2019-10-23 13:56:22.248426|[INITIALIZER][initGlobalConfig],enableCompress=true,compatibilityVersion=2.1.0,versionNumber=33619968,chainId=1
info|2019-10-23 13:56:22.315491|[NETWORK][Host]Connecting to node,endpoint=127.0.0.1:30300
info|2019-10-23 13:56:22.315637|[NETWORK][Host]Connecting to node,endpoint=127.0.0.1:30301
info|2019-10-23 13:56:22.315683|[NETWORK][Host]Connecting to node,endpoint=127.0.0.1:30302
info|2019-10-23 13:56:22.315718|[NETWORK][Host]Connecting to node,endpoint=127.0.0.1:30303
info|2019-10-23 13:56:22.315750|[P2P][Service] heartBeat,connected count=0
info|2019-10-23 13:56:22.316244|[CHANNEL]ChannelRPCServer started
info|2019-10-23 13:56:22.316268|[INITIALIZER][RPCInitializer]ChannelRPCHttpServer started.
info|2019-10-23 13:56:22.316286|[LedgerInitializer],groupConfigPath=conf/
info|2019-10-23 13:56:22.316408|[INITIALIZER][initSingleLedger] [GroupId]:  1
info|2019-10-23 13:56:22.316442|[g:1][LEDGER]LedgerConstructor,configPath=conf/group.1.genesis,baseDir=data//group1
info|2019-10-23 13:56:22.316456|[g:1][LEDGER][initGenesisConfig]initConsensusConfig/initDBConfig/initTxConfig,configFile=conf/group.1.genesis
info|2019-10-23 13:56:22.316521|[g:1][LEDGER][initConsensusConfig],it.first=eadb82d3e4d88487164cb2a29c63f86dfc2c62444c9c59025c3cc327437a3c349d5f360c4c3fa8c16cf1403916c839f470cc47f7b8d93ad92444821f4409c0d7
info|2019-10-23 13:56:22.316542|[g:1][LEDGER][initConsensusConfig],it.first=7a0fa6e0228492a684609a1da1619395e1ab056666f9fa06b88ea863bb6cb70df949252a18ec62b0e5515feb6cdf8e61ab240824f805b8c04c786161984030f6
info|2019-10-23 13:56:22.316557|[g:1][LEDGER][initConsensusConfig],it.first=bfdf57a51ceee766244f5eb19db0530fc98dd729532bb84bf52214a9838a376b57322849181966fa8766443033108d22b8d3049ce93f0124ed165819bbd1a61e
info|2019-10-23 13:56:22.316571|[g:1][LEDGER][initConsensusConfig],it.first=b96a351b91cc81428658b89638dfaad11e7be5216d81d6eb1d588af44020196483be93fedbce66668559c373879f93c39197500888f77bce61c5483230970449
info|2019-10-23 13:56:22.316602|[g:1][LEDGER][initIniConfig]initTxPoolConfig/initSyncConfig/initTxExecuteConfig,configFile=conf/group.1.ini
info|2019-10-23 13:56:22.316681|[g:1][LEDGER][initLedger][DBInitializer]
info|2019-10-23 13:56:22.316702|[g:1][DBINITIALIZER] [initRocksDBStorage]
info|2019-10-23 13:56:22.316822|[g:1][ROCKSDB]open rocksDB handler
info|2019-10-23 13:56:22.322360|[NETWORK][Host]P2P StartAccept,Host=0.0.0.0:30302
info|2019-10-23 13:56:22.322593|[NETWORK][Host]P2P Recv Connect, From=127.0.0.1:35518
info|2019-10-23 13:56:22.322660|[NETWORK][Host]P2P StartAccept,Host=0.0.0.0:30302
info|2019-10-23 13:56:22.333518|[NETWORK][ASIO]asyncResolveConnect,endpoint=127.0.0.1:30300
info|2019-10-23 13:56:22.333869|[NETWORK][ASIO]asyncResolveConnect,endpoint=127.0.0.1:30301
info|2019-10-23 13:56:22.334087|[NETWORK][ASIO]asyncResolveConnect,endpoint=127.0.0.1:30302
info|2019-10-23 13:56:22.334154|[NETWORK][ASIO]asyncResolveConnect,endpoint=127.0.0.1:30303
info|2019-10-23 13:56:22.334204|[NETWORK][Host]P2P Recv Connect, From=127.0.0.1:35526
info|2019-10-23 13:56:22.334254|[NETWORK][Host]P2P StartAccept,Host=0.0.0.0:30302
info|2019-10-23 13:56:22.334301|[NETWORK][Host]P2P Recv Connect, From=127.0.0.1:35534
info|2019-10-23 13:56:22.339495|[NETWORK][Host]P2P StartAccept,Host=0.0.0.0:30302
info|2019-10-23 13:56:22.365910|[g:1][g:0][STORAGE][CachedStorage]Init flushStorage thread
info|2019-10-23 13:56:22.366449|[g:1][g:1][STORAGE][CachedStorage]CachedStorage commit: 4 hash: cdaccf2aa33123c0edf2395d178326f8c5bffcc6df44c6f2bed7c0d8b4956184 num: 0
info|2019-10-23 13:56:22.366597|[g:1][STORAGE]Submited block task: 0, current syncd block: 0
info|2019-10-23 13:56:22.366686|[g:1][BLOCKCHAIN][#checkAndBuildGenesisBlock]Insert the 0th block
info|2019-10-23 13:56:22.370264|[NETWORK][Host]P2P Recv Connect, From=127.0.0.1:35540
info|2019-10-23 13:56:22.378635|[g:1][CONSENSUS][PBFT]Register handler for PBFTEngine
info|2019-10-23 13:56:22.378685|[g:1][CONSENSUS][PBFT],minBlockGenerationTime=500
info|2019-10-23 13:56:22.378711|[LedgerInitializer init group succ],groupID=1
info|2019-10-23 13:56:22.378893|[INITIALIZER][RPCInitializer]JsonrpcHttpServer started.
info|2019-10-23 13:56:22.378925|[g:1][LEDGER]startAll...
info|2019-10-23 13:56:22.380337|[STORAGE]Start commit block: 0 to backend storage
info|2019-10-23 13:56:22.380578|[STORAGE][g:1]
---------------------------------------------------------------------
Commit block: 0 to backend storage finished, current cached block: 0
Flush elapsed time: 0.0002s
---------------------------------------------------------------------

info|2019-10-23 13:56:22.381334|[NETWORK][Host]P2P StartAccept,Host=0.0.0.0:30302
info|2019-10-23 13:56:22.389456|[g:1][CONSENSUS][PBFT]^^^^^^^^Report,num=0,sealerIdx=0,hash=cdaccf2a...,next=1,tx=0,nodeIdx=2
info|2019-10-23 13:56:22.406129|[g:1][CONSENSUS][PBFT][PBFT init env successfully]
info|2019-10-23 13:56:22.406147|[g:1][CONSENSUS][ConsensusEngine][Start ConsensusEngineBase]
info|2019-10-23 13:56:22.415502|[g:1][CONSENSUS][PBFT][Start PBFTEngine...]
info|2019-10-23 13:56:22.415514|[g:1][CONSENSUS][SEALER][Start sealer module]
info|2019-10-23 13:56:22.415611|[g:1][CONSENSUS][PBFT]^^^^^^^^Report,num=0,sealerIdx=0,hash=cdaccf2a...,next=1,tx=0,nodeIdx=2
info|2019-10-23 13:56:22.423903|[g:1][EVENT][EventLogFilterManager]start,m_maxBlockRange=0,m_maxBlockPerLoopFilter=3
info|2019-10-23 13:56:22.450521|[NETWORK][Host]startPeerSession, From=127.0.0.1:35534,nodeID=bfdf57a5...
info|2019-10-23 13:56:22.477848|[NETWORK][Host]startPeerSession, From=127.0.0.1:30302,nodeID=bfdf57a5...
info|2019-10-23 13:56:22.481351|[P2P][Service] Connection established,nodeID=7a0fa6e0...,endpoint=127.0.0.1:35518
info|2019-10-23 13:56:22.484976|[NETWORK][Host]startPeerSession, From=127.0.0.1:35518,nodeID=7a0fa6e0...
info|2019-10-23 13:56:22.485090|[P2P][Service] Connection established,nodeID=b96a351b...,endpoint=127.0.0.1:35526
info|2019-10-23 13:56:22.485114|[NETWORK][Host]startPeerSession, From=127.0.0.1:35526,nodeID=b96a351b...
info|2019-10-23 13:56:22.493224|[NETWORK][Host]startPeerSession, From=127.0.0.1:30303,nodeID=b96a351b...
info|2019-10-23 13:56:22.493606|[P2P][Service] Connection established,nodeID=eadb82d3...,endpoint=127.0.0.1:35540
info|2019-10-23 13:56:22.493823|[NETWORK][Host]startPeerSession, From=127.0.0.1:35540,nodeID=eadb82d3...
info|2019-10-23 13:56:22.494289|[NETWORK][Host]startPeerSession, From=127.0.0.1:30300,nodeID=eadb82d3...
info|2019-10-23 13:56:22.494796|[NETWORK][Host]startPeerSession, From=127.0.0.1:30301,nodeID=7a0fa6e0...
warning|2019-10-23 13:56:22.494850|[NETWORK][Session]doRead error,endpoint=127.0.0.1:35526,message=stream truncated
info|2019-10-23 13:56:22.494867|[NETWORK][Session]drop, call and erase all callbackFunc in this session!,endpoint=127.0.0.1:35526
warning|2019-10-23 13:56:22.494887|[P2P][Service] disconnect error P2PSession,nodeID=b96a351b...,endpoint=127.0.0.1:35526,errorCode=3,what=Disconnect
warning|2019-10-23 13:56:22.494896|[P2P][Service] onDisconnect,errorCode=3,what=Dynamic exception type: dev::network::NetworkException
std::exception::what: Disconnect

warning|2019-10-23 13:56:22.494919|[NETWORK][Session][drop] closing remote 0.0.0.0:0,reason=Low-level TCP communication error.,endpoint=127.0.0.1:35526
warning|2019-10-23 13:56:22.494949|[NETWORK][Session]doRead error,endpoint=127.0.0.1:35540,message=stream truncated
info|2019-10-23 13:56:22.494965|[NETWORK][Session]drop, call and erase all callbackFunc in this session!,endpoint=127.0.0.1:35540
warning|2019-10-23 13:56:22.494980|[P2P][Service] disconnect error P2PSession,nodeID=eadb82d3...,endpoint=127.0.0.1:35540,errorCode=3,what=Disconnect
warning|2019-10-23 13:56:22.494988|[P2P][Service] onDisconnect,errorCode=3,what=Dynamic exception type: dev::network::NetworkException
std::exception::what: Disconnect

warning|2019-10-23 13:56:22.495011|[NETWORK][Session][drop] closing remote 0.0.0.0:0,reason=Low-level TCP communication error.,endpoint=127.0.0.1:35540
warning|2019-10-23 13:56:22.495072|[NETWORK][Session][drop] shutdown failed ,errorValue=9,message=Bad file descriptor
warning|2019-10-23 13:56:22.495093|[NETWORK][Session][drop] shutdown failed ,errorValue=9,message=Bad file descriptor
info|2019-10-23 13:56:23.414203|[g:1][CONSENSUS]addRawPrepare,height=1,reqIdx=0,hash=2bbd3599...
info|2019-10-23 13:56:23.414446|[g:1][CONSENSUS][PBFT]checkTimeout Succ,view=0,toView=1,nodeIdx=2,changeCycle=0,myNode=bfdf57a5...,timecost=0.193
info|2019-10-23 13:56:24.465886|[g:1][CONSENSUS][PBFT]Trigger fast-viewchange,view=0,toView=1,minView=2,INFO=,reqNum=0,curNum=0,GenIdx=3,Cview=2,view=0,fromIdx=0,fromNode=7a0fa6e0...,fromIp=127.0.0.1:35518,hash=cdaccf2a...,nodeIdx=2,myNode=bfdf57a5...
info|2019-10-23 13:56:24.466316|[g:1][CONSENSUS][PBFT]checkAndChangeView, update m_changeCycle to 1
info|2019-10-23 13:56:24.466338|[g:1][CONSENSUS][PBFT]checkAndChangeView: Reach consensus,org_view=0,org_changeCycle=0,cur_changeCycle=1,to_view=2
info|2019-10-23 13:56:24.466416|[g:1][CONSENSUS][PBFT]checkTimeout Succ,view=2,toView=2,nodeIdx=2,changeCycle=1,myNode=bfdf57a5...,timecost=0.469
info|2019-10-23 13:56:25.469383|[g:1][CONSENSUS][SEALER]++++++++++++++++ Generating seal on,blkNum=1,tx=0,nodeIdx=2,hash=558138d1...
info|2019-10-23 13:56:25.483118|[g:1][CONSENSUS][PBFT]checkTimeout Succ,view=2,toView=3,nodeIdx=2,changeCycle=0,myNode=bfdf57a5...,timecost=0.203
info|2019-10-23 13:56:25.486910|[g:1][CONSENSUS][PBFT]checkAndChangeView: Reach consensus,org_view=2,org_changeCycle=0,cur_changeCycle=0,to_view=3
info|2019-10-23 13:56:26.486069|[g:1][CONSENSUS]addRawPrepare,height=1,reqIdx=3,hash=485fa1da...
info|2019-10-23 13:56:26.486388|[g:1][CONSENSUS][PBFT]checkTimeout Succ,view=3,toView=4,nodeIdx=2,changeCycle=0,myNode=bfdf57a5...,timecost=0.28
info|2019-10-23 13:56:26.488859|[g:1][CONSENSUS][PBFT]checkAndChangeView: Reach consensus,org_view=3,org_changeCycle=0,cur_changeCycle=0,to_view=4
info|2019-10-23 13:56:27.497984|[g:1][CONSENSUS]addRawPrepare,height=1,reqIdx=0,hash=53560960...
info|2019-10-23 13:56:27.498453|[g:1][CONSENSUS][PBFT]checkTimeout Succ,view=4,toView=5,nodeIdx=2,changeCycle=0,myNode=bfdf57a5...,timecost=0.412
info|2019-10-23 13:56:27.540829|[g:1][CONSENSUS][PBFT]checkAndChangeView: Reach consensus,org_view=4,org_changeCycle=0,cur_changeCycle=0,to_view=5
info|2019-10-23 13:56:28.547763|[g:1][CONSENSUS][PBFT]Trigger fast-viewchange,view=5,toView=5,minView=6,INFO=,reqNum=0,curNum=0,GenIdx=3,Cview=6,view=5,fromIdx=0,fromNode=7a0fa6e0...,fromIp=127.0.0.1:35518,hash=cdaccf2a...,nodeIdx=2,myNode=bfdf57a5...
info|2019-10-23 13:56:28.547971|[g:1][CONSENSUS][PBFT]checkAndChangeView: Reach consensus,org_view=5,org_changeCycle=0,cur_changeCycle=0,to_view=6
info|2019-10-23 13:56:28.547977|[g:1][CONSENSUS][PBFT]checkTimeout Succ,view=6,toView=6,nodeIdx=2,changeCycle=0,myNode=bfdf57a5...,timecost=0.2
info|2019-10-23 13:56:29.547881|[g:1][CONSENSUS][SEALER]++++++++++++++++ Generating seal on,blkNum=1,tx=0,nodeIdx=2,hash=26c8eca8...
info|2019-10-23 13:56:29.556693|[g:1][CONSENSUS][PBFT]checkTimeout Succ,view=6,toView=7,nodeIdx=2,changeCycle=0,myNode=bfdf57a5...,timecost=0.201
info|2019-10-23 13:56:29.557561|[g:1][CONSENSUS][PBFT]checkAndChangeView: Reach consensus,org_view=6,org_changeCycle=0,cur_changeCycle=0,to_view=7
info|2019-10-23 13:56:30.559392|[g:1][CONSENSUS]addRawPrepare,height=1,reqIdx=3,hash=751ebff3...
info|2019-10-23 13:56:30.559675|[g:1][CONSENSUS][PBFT]checkTimeout Succ,view=7,toView=8,nodeIdx=2,changeCycle=0,myNode=bfdf57a5...,timecost=0.238
info|2019-10-23 13:56:30.561489|[g:1][CONSENSUS][PBFT]checkAndChangeView: Reach consensus,org_view=7,org_changeCycle=0,cur_changeCycle=0,to_view=8
info|2019-10-23 13:56:31.567550|[g:1][CONSENSUS]addRawPrepare,height=1,reqIdx=0,hash=c5690081...
info|2019-10-23 13:56:31.567779|[g:1][CONSENSUS][PBFT]checkTimeout Succ,view=8,toView=9,nodeIdx=2,changeCycle=0,myNode=bfdf57a5...,timecost=0.189
info|2019-10-23 13:56:31.612538|[g:1][CONSENSUS][PBFT]checkAndChangeView: Reach consensus,org_view=8,org_changeCycle=0,cur_changeCycle=0,to_view=9
info|2019-10-23 13:56:32.307463|[NETWORK][Host]P2P Recv Connect, From=127.0.0.1:35544
info|2019-10-23 13:56:32.307528|[NETWORK][Host]P2P StartAccept,Host=0.0.0.0:30302
info|2019-10-23 13:56:32.316374|[P2P][Service] Connection established,nodeID=eadb82d3...,endpoint=127.0.0.1:35544
info|2019-10-23 13:56:32.316434|[NETWORK][Host]startPeerSession, From=127.0.0.1:35544,nodeID=eadb82d3...
info|2019-10-23 13:56:32.316462|[NETWORK][Host]Connecting to node,endpoint=127.0.0.1:30300
info|2019-10-23 13:56:32.316509|[NETWORK][Host]Connecting to node,endpoint=127.0.0.1:30303
info|2019-10-23 13:56:32.316541|[P2P][Service] heartBeat,connected count=2
info|2019-10-23 13:56:32.316627|[NETWORK][ASIO]asyncResolveConnect,endpoint=127.0.0.1:30300
info|2019-10-23 13:56:32.316795|[NETWORK][ASIO]asyncResolveConnect,endpoint=127.0.0.1:30303
info|2019-10-23 13:56:32.326227|[NETWORK][Host]P2P Recv Connect, From=127.0.0.1:35550
info|2019-10-23 13:56:32.326301|[NETWORK][Host]P2P StartAccept,Host=0.0.0.0:30302
info|2019-10-23 13:56:32.332048|[P2P][Service] Connection established,nodeID=b96a351b...,endpoint=127.0.0.1:30303
info|2019-10-23 13:56:32.332099|[NETWORK][Host]startPeerSession, From=127.0.0.1:30303,nodeID=b96a351b...
info|2019-10-23 13:56:32.337377|[NETWORK][Host]startPeerSession, From=127.0.0.1:30300,nodeID=eadb82d3...
info|2019-10-23 13:56:32.339794|[NETWORK][Host]startPeerSession, From=127.0.0.1:35550,nodeID=b96a351b...
warning|2019-10-23 13:56:32.372171|[SYNC][id:bfdf57a5...][Status]Peer data not found,nodeId=eadb82d3...
warning|2019-10-23 13:56:32.379942|[SYNC][id:bfdf57a5...][Status]Peer data not found,nodeId=b96a351b...
info|2019-10-23 13:56:32.572861|[g:1][CONSENSUS]addRawPrepare,height=1,reqIdx=1,hash=7501b202...
info|2019-10-23 13:56:32.578672|[g:1][CONSENSUS][PBFT]checkTimeout Succ,view=9,toView=10,nodeIdx=2,changeCycle=0,myNode=bfdf57a5...,timecost=5.606
info|2019-10-23 13:56:32.580606|[g:1][CONSENSUS][PBFT]checkAndChangeView: Reach consensus,org_view=9,org_changeCycle=0,cur_changeCycle=0,to_view=10
info|2019-10-23 13:56:33.580987|[g:1][CONSENSUS][SEALER]++++++++++++++++ Generating seal on,blkNum=1,tx=0,nodeIdx=2,hash=47055b5c...
info|2019-10-23 13:56:33.590133|[g:1][CONSENSUS][PBFT]checkTimeout Succ,view=10,toView=11,nodeIdx=2,changeCycle=0,myNode=bfdf57a5...,timecost=0.219
info|2019-10-23 13:56:33.591183|[g:1][CONSENSUS][PBFT]checkAndChangeView: Reach consensus,org_view=10,org_changeCycle=0,cur_changeCycle=0,to_view=11
info|2019-10-23 13:56:34.589115|[g:1][CONSENSUS]addRawPrepare,height=1,reqIdx=3,hash=3de7619c...
info|2019-10-23 13:56:34.589527|[g:1][CONSENSUS][PBFT]checkTimeout Succ,view=11,toView=12,nodeIdx=2,changeCycle=0,myNode=bfdf57a5...,timecost=0.298
info|2019-10-23 13:56:34.595733|[g:1][CONSENSUS][PBFT]checkAndChangeView: Reach consensus,org_view=11,org_changeCycle=0,cur_changeCycle=0,to_view=12
info|2019-10-23 13:56:35.599827|[g:1][CONSENSUS]addRawPrepare,height=1,reqIdx=0,hash=58803439...
info|2019-10-23 13:56:35.600060|[g:1][CONSENSUS][PBFT]checkTimeout Succ,view=12,toView=13,nodeIdx=2,changeCycle=0,myNode=bfdf57a5...,timecost=0.204
info|2019-10-23 13:56:35.601978|[g:1][CONSENSUS][PBFT]checkAndChangeView: Reach consensus,org_view=12,org_changeCycle=0,cur_changeCycle=0,to_view=13
info|2019-10-23 13:56:36.604610|[g:1][CONSENSUS]addRawPrepare,height=1,reqIdx=1,hash=76439b96...
info|2019-10-23 13:56:36.604982|[g:1][CONSENSUS][PBFT]checkTimeout Succ,view=13,toView=14,nodeIdx=2,changeCycle=0,myNode=bfdf57a5...,timecost=0.267
info|2019-10-23 13:56:36.609470|[g:1][CONSENSUS][PBFT]checkAndChangeView: Reach consensus,org_view=13,org_changeCycle=0,cur_changeCycle=0,to_view=14
info|2019-10-23 13:56:37.609741|[g:1][CONSENSUS][SEALER]++++++++++++++++ Generating seal on,blkNum=1,tx=0,nodeIdx=2,hash=ede499ed...
info|2019-10-23 13:56:37.620980|[g:1][CONSENSUS][PBFT]checkTimeout Succ,view=14,toView=15,nodeIdx=2,changeCycle=0,myNode=bfdf57a5...,timecost=0.224
info|2019-10-23 13:56:37.623064|[g:1][CONSENSUS][PBFT]checkAndChangeView: Reach consensus,org_view=14,org_changeCycle=0,cur_changeCycle=0,to_view=15
info|2019-10-23 13:56:38.621534|[g:1][CONSENSUS]addRawPrepare,height=1,reqIdx=3,hash=b43c14c2...
info|2019-10-23 13:56:38.621928|[g:1][CONSENSUS][PBFT]checkTimeout Succ,view=15,toView=16,nodeIdx=2,changeCycle=0,myNode=bfdf57a5...,timecost=0.288
info|2019-10-23 13:56:38.627270|[g:1][CONSENSUS][PBFT]checkAndChangeView: Reach consensus,org_view=15,org_changeCycle=0,cur_changeCycle=0,to_view=16
info|2019-10-23 13:56:39.630856|[g:1][CONSENSUS]addRawPrepare,height=1,reqIdx=0,hash=d30a0fbf...
info|2019-10-23 13:56:39.631087|[g:1][CONSENSUS][PBFT]checkTimeout Succ,view=16,toView=17,nodeIdx=2,changeCycle=0,myNode=bfdf57a5...,timecost=0.208
info|2019-10-23 13:56:39.632803|[g:1][CONSENSUS][PBFT]checkAndChangeView: Reach consensus,org_view=16,org_changeCycle=0,cur_changeCycle=0,to_view=17
info|2019-10-23 13:56:40.635442|[g:1][CONSENSUS]addRawPrepare,height=1,reqIdx=1,hash=166fb74e...
info|2019-10-23 13:56:40.635925|[g:1][CONSENSUS][PBFT]checkTimeout Succ,view=17,toView=18,nodeIdx=2,changeCycle=0,myNode=bfdf57a5...,timecost=0.357
info|2019-10-23 13:56:40.642127|[g:1][CONSENSUS][PBFT]checkAndChangeView: Reach consensus,org_view=17,org_changeCycle=0,cur_changeCycle=0,to_view=18
info|2019-10-23 13:56:41.643204|[g:1][CONSENSUS][SEALER]++++++++++++++++ Generating seal on,blkNum=1,tx=0,nodeIdx=2,hash=d4749135...
info|2019-10-23 13:56:41.655136|[g:1][CONSENSUS][PBFT]checkTimeout Succ,view=18,toView=19,nodeIdx=2,changeCycle=0,myNode=bfdf57a5...,timecost=0.25
info|2019-10-23 13:56:41.656585|[g:1][CONSENSUS][PBFT]checkAndChangeView: Reach consensus,org_view=18,org_changeCycle=0,cur_changeCycle=0,to_view=19
info|2019-10-23 13:56:42.316738|[P2P][Service] heartBeat,connected count=3
info|2019-10-23 13:56:42.654674|[g:1][CONSENSUS]addRawPrepare,height=1,reqIdx=3,hash=79c2d4d7...
info|2019-10-23 13:56:42.655223|[g:1][CONSENSUS][PBFT]checkTimeout Succ,view=19,toView=20,nodeIdx=2,changeCycle=0,myNode=bfdf57a5...,timecost=0.427
info|2019-10-23 13:56:42.660875|[g:1][CONSENSUS][PBFT]checkAndChangeView: Reach consensus,org_view=19,org_changeCycle=0,cur_changeCycle=0,to_view=20
info|2019-10-23 13:56:43.661194|[g:1][CONSENSUS]addRawPrepare,height=1,reqIdx=0,hash=87e3c19d...
info|2019-10-23 13:56:43.661573|[g:1][CONSENSUS][PBFT]checkTimeout Succ,view=20,toView=21,nodeIdx=2,changeCycle=0,myNode=bfdf57a5...,timecost=0.334
info|2019-10-23 13:56:43.665626|[g:1][CONSENSUS][PBFT]checkAndChangeView: Reach consensus,org_view=20,org_changeCycle=0,cur_changeCycle=0,to_view=21
info|2019-10-23 13:56:44.665765|[g:1][CONSENSUS]addRawPrepare,height=1,reqIdx=1,hash=4583050f...
info|2019-10-23 13:56:44.666166|[g:1][CONSENSUS][PBFT]checkTimeout Succ,view=21,toView=22,nodeIdx=2,changeCycle=0,myNode=bfdf57a5...,timecost=0.307
info|2019-10-23 13:56:44.670168|[g:1][CONSENSUS][PBFT]checkAndChangeView: Reach consensus,org_view=21,org_changeCycle=0,cur_changeCycle=0,to_view=22
info|2019-10-23 13:56:45.672093|[g:1][CONSENSUS][SEALER]++++++++++++++++ Generating seal on,blkNum=1,tx=0,nodeIdx=2,hash=260fa29c...
info|2019-10-23 13:56:45.681562|[g:1][CONSENSUS][PBFT]checkTimeout Succ,view=22,toView=23,nodeIdx=2,changeCycle=0,myNode=bfdf57a5...,timecost=0.225
info|2019-10-23 13:56:45.682592|[g:1][CONSENSUS][PBFT]checkAndChangeView: Reach consensus,org_view=22,org_changeCycle=0,cur_changeCycle=0,to_view=23
info|2019-10-23 13:56:46.680442|[g:1][CONSENSUS]addRawPrepare,height=1,reqIdx=3,hash=4c4fc548...
info|2019-10-23 13:56:46.681199|[g:1][CONSENSUS][PBFT]checkTimeout Succ,view=23,toView=24,nodeIdx=2,changeCycle=0,myNode=bfdf57a5...,timecost=0.643
info|2019-10-23 13:56:46.687786|[g:1][CONSENSUS][PBFT]checkAndChangeView: Reach consensus,org_view=23,org_changeCycle=0,cur_changeCycle=0,to_view=24
info|2019-10-23 13:56:47.690963|[g:1][CONSENSUS]addRawPrepare,height=1,reqIdx=0,hash=1ae6af5b...
info|2019-10-23 13:56:47.691301|[g:1][CONSENSUS][PBFT]checkTimeout Succ,view=24,toView=25,nodeIdx=2,changeCycle=0,myNode=bfdf57a5...,timecost=0.301
info|2019-10-23 13:56:47.693998|[g:1][CONSENSUS][PBFT]checkAndChangeView: Reach consensus,org_view=24,org_changeCycle=0,cur_changeCycle=0,to_view=25
info|2019-10-23 13:56:48.696585|[g:1][CONSENSUS]addRawPrepare,height=1,reqIdx=1,hash=975aefd9...
info|2019-10-23 13:56:48.697462|[g:1][CONSENSUS][PBFT]checkTimeout Succ,view=25,toView=26,nodeIdx=2,changeCycle=0,myNode=bfdf57a5...,timecost=0.569
info|2019-10-23 13:56:48.703052|[g:1][CONSENSUS][PBFT]checkAndChangeView: Reach consensus,org_view=25,org_changeCycle=0,cur_changeCycle=0,to_view=26
info|2019-10-23 13:56:49.704325|[g:1][CONSENSUS][SEALER]++++++++++++++++ Generating seal on,blkNum=1,tx=0,nodeIdx=2,hash=c5d13516...
info|2019-10-23 13:56:49.712324|[g:1][CONSENSUS][PBFT]checkTimeout Succ,view=26,toView=27,nodeIdx=2,changeCycle=0,myNode=bfdf57a5...,timecost=0.218
info|2019-10-23 13:56:49.713382|[g:1][CONSENSUS][PBFT]checkAndChangeView: Reach consensus,org_view=26,org_changeCycle=0,cur_changeCycle=0,to_view=27
info|2019-10-23 13:56:50.712530|[g:1][CONSENSUS]addRawPrepare,height=1,reqIdx=3,hash=dc3a5ac5...
info|2019-10-23 13:56:50.713010|[g:1][CONSENSUS][PBFT]checkTimeout Succ,view=27,toView=28,nodeIdx=2,changeCycle=0,myNode=bfdf57a5...,timecost=0.359
info|2019-10-23 13:56:50.718106|[g:1][CONSENSUS][PBFT]checkAndChangeView: Reach consensus,org_view=27,org_changeCycle=0,cur_changeCycle=0,to_view=28
info|2019-10-23 13:56:51.721810|[g:1][CONSENSUS]addRawPrepare,height=1,reqIdx=0,hash=125b9e45...
info|2019-10-23 13:56:51.722042|[g:1][CONSENSUS][PBFT]checkTimeout Succ,view=28,toView=29,nodeIdx=2,changeCycle=0,myNode=bfdf57a5...,timecost=0.203
info|2019-10-23 13:56:51.722773|[g:1][CONSENSUS][PBFT]checkAndChangeView: Reach consensus,org_view=28,org_changeCycle=0,cur_changeCycle=0,to_view=29
info|2019-10-23 13:56:52.317110|[P2P][Service] heartBeat,connected count=3
info|2019-10-23 13:56:52.725361|[g:1][CONSENSUS]addRawPrepare,height=1,reqIdx=1,hash=531b9779...
info|2019-10-23 13:56:52.732157|[g:1][CONSENSUS][PBFT]checkTimeout Succ,view=29,toView=30,nodeIdx=2,changeCycle=0,myNode=bfdf57a5...,timecost=1.392
info|2019-10-23 13:56:52.733525|[g:1][CONSENSUS][PBFT]checkAndChangeView: Reach consensus,org_view=29,org_changeCycle=0,cur_changeCycle=0,to_view=30
info|2019-10-23 13:56:53.734166|[g:1][CONSENSUS][SEALER]++++++++++++++++ Generating seal on,blkNum=1,tx=0,nodeIdx=2,hash=cb2079be...
info|2019-10-23 13:56:53.745690|[g:1][CONSENSUS][PBFT]checkTimeout Succ,view=30,toView=31,nodeIdx=2,changeCycle=0,myNode=bfdf57a5...,timecost=0.269
info|2019-10-23 13:56:53.747782|[g:1][CONSENSUS][PBFT]checkAndChangeView: Reach consensus,org_view=30,org_changeCycle=0,cur_changeCycle=0,to_view=31
info|2019-10-23 13:56:54.744391|[g:1][CONSENSUS]addRawPrepare,height=1,reqIdx=3,hash=59a378bc...
info|2019-10-23 13:56:54.749928|[g:1][CONSENSUS][PBFT]checkTimeout Succ,view=31,toView=32,nodeIdx=2,changeCycle=0,myNode=bfdf57a5...,timecost=2.725
info|2019-10-23 13:56:54.750908|[g:1][CONSENSUS][PBFT]checkAndChangeView: Reach consensus,org_view=31,org_changeCycle=0,cur_changeCycle=0,to_view=32
info|2019-10-23 13:56:55.753084|[g:1][CONSENSUS]addRawPrepare,height=1,reqIdx=0,hash=6e6172fd...
info|2019-10-23 13:56:55.756753|[g:1][CONSENSUS][PBFT]checkTimeout Succ,view=32,toView=33,nodeIdx=2,changeCycle=0,myNode=bfdf57a5...,timecost=3.626
info|2019-10-23 13:56:55.758495|[g:1][CONSENSUS][PBFT]checkAndChangeView: Reach consensus,org_view=32,org_changeCycle=0,cur_changeCycle=0,to_view=33
info|2019-10-23 13:56:56.758844|[g:1][CONSENSUS]addRawPrepare,height=1,reqIdx=1,hash=e437d2bc...
info|2019-10-23 13:56:56.759112|[g:1][CONSENSUS][PBFT]checkTimeout Succ,view=33,toView=34,nodeIdx=2,changeCycle=0,myNode=bfdf57a5...,timecost=0.261
info|2019-10-23 13:56:56.767806|[g:1][CONSENSUS][PBFT]checkAndChangeView: Reach consensus,org_view=33,org_changeCycle=0,cur_changeCycle=0,to_view=34
info|2019-10-23 13:56:57.769409|[g:1][CONSENSUS][SEALER]++++++++++++++++ Generating seal on,blkNum=1,tx=0,nodeIdx=2,hash=b423a3a9...
info|2019-10-23 13:56:57.783398|[g:1][CONSENSUS][PBFT]checkTimeout Succ,view=34,toView=35,nodeIdx=2,changeCycle=0,myNode=bfdf57a5...,timecost=0.255
info|2019-10-23 13:56:57.785113|[g:1][CONSENSUS][PBFT]checkAndChangeView: Reach consensus,org_view=34,org_changeCycle=0,cur_changeCycle=0,to_view=35
info|2019-10-23 13:56:58.782347|[g:1][CONSENSUS]addRawPrepare,height=1,reqIdx=3,hash=c47fea14...
info|2019-10-23 13:56:58.782621|[g:1][CONSENSUS][PBFT]checkTimeout Succ,view=35,toView=36,nodeIdx=2,changeCycle=0,myNode=bfdf57a5...,timecost=0.204
info|2019-10-23 13:56:58.786469|[g:1][CONSENSUS][PBFT]checkAndChangeView: Reach consensus,org_view=35,org_changeCycle=0,cur_changeCycle=0,to_view=36
info|2019-10-23 13:56:59.790688|[g:1][CONSENSUS]addRawPrepare,height=1,reqIdx=0,hash=391401a0...
info|2019-10-23 13:56:59.791024|[g:1][CONSENSUS][PBFT]checkTimeout Succ,view=36,toView=37,nodeIdx=2,changeCycle=0,myNode=bfdf57a5...,timecost=0.3
info|2019-10-23 13:56:59.794878|[g:1][CONSENSUS][PBFT]checkAndChangeView: Reach consensus,org_view=36,org_changeCycle=0,cur_changeCycle=0,to_view=37
info|2019-10-23 13:57:00.797607|[g:1][CONSENSUS]addRawPrepare,height=1,reqIdx=1,hash=fbb6a7ae...
info|2019-10-23 13:57:00.797987|[g:1][CONSENSUS][PBFT]checkTimeout Succ,view=37,toView=38,nodeIdx=2,changeCycle=0,myNode=bfdf57a5...,timecost=0.284
info|2019-10-23 13:57:00.802742|[g:1][CONSENSUS][PBFT]checkAndChangeView: Reach consensus,org_view=37,org_changeCycle=0,cur_changeCycle=0,to_view=38
info|2019-10-23 13:57:01.803841|[g:1][CONSENSUS][SEALER]++++++++++++++++ Generating seal on,blkNum=1,tx=0,nodeIdx=2,hash=5137edab...
info|2019-10-23 13:57:01.812976|[g:1][CONSENSUS][PBFT]checkTimeout Succ,view=38,toView=39,nodeIdx=2,changeCycle=0,myNode=bfdf57a5...,timecost=0.227
info|2019-10-23 13:57:01.814028|[g:1][CONSENSUS][PBFT]checkAndChangeView: Reach consensus,org_view=38,org_changeCycle=0,cur_changeCycle=0,to_view=39
info|2019-10-23 13:57:02.317549|[P2P][Service] heartBeat,connected count=3
info|2019-10-23 13:57:02.816085|[g:1][CONSENSUS]addRawPrepare,height=1,reqIdx=3,hash=fa7797e5...
info|2019-10-23 13:57:02.816383|[g:1][CONSENSUS][PBFT]checkTimeout Succ,view=39,toView=40,nodeIdx=2,changeCycle=0,myNode=bfdf57a5...,timecost=0.205
info|2019-10-23 13:57:02.820279|[g:1][CONSENSUS][PBFT]checkAndChangeView: Reach consensus,org_view=39,org_changeCycle=0,cur_changeCycle=0,to_view=40
info|2019-10-23 13:57:03.823645|[g:1][CONSENSUS]addRawPrepare,height=1,reqIdx=0,hash=2ada50b9...
info|2019-10-23 13:57:03.823867|[g:1][CONSENSUS][PBFT]checkTimeout Succ,view=40,toView=41,nodeIdx=2,changeCycle=0,myNode=bfdf57a5...,timecost=0.199
info|2019-10-23 13:57:03.824971|[g:1][CONSENSUS][PBFT]checkAndChangeView: Reach consensus,org_view=40,org_changeCycle=0,cur_changeCycle=0,to_view=41
info|2019-10-23 13:57:04.827479|[g:1][CONSENSUS]addRawPrepare,height=1,reqIdx=1,hash=a1469aaf...
info|2019-10-23 13:57:04.827874|[g:1][CONSENSUS][PBFT]checkTimeout Succ,view=41,toView=42,nodeIdx=2,changeCycle=0,myNode=bfdf57a5...,timecost=0.303
info|2019-10-23 13:57:04.831637|[g:1][CONSENSUS][PBFT]checkAndChangeView: Reach consensus,org_view=41,org_changeCycle=0,cur_changeCycle=0,to_view=42
info|2019-10-23 13:57:05.832538|[g:1][CONSENSUS][SEALER]++++++++++++++++ Generating seal on,blkNum=1,tx=0,nodeIdx=2,hash=35b3b7b0...
info|2019-10-23 13:57:05.840863|[g:1][CONSENSUS][PBFT]checkTimeout Succ,view=42,toView=43,nodeIdx=2,changeCycle=0,myNode=bfdf57a5...,timecost=0.232
info|2019-10-23 13:57:05.841999|[g:1][CONSENSUS][PBFT]checkAndChangeView: Reach consensus,org_view=42,org_changeCycle=0,cur_changeCycle=0,to_view=43
info|2019-10-23 13:57:06.841256|[g:1][CONSENSUS]addRawPrepare,height=1,reqIdx=3,hash=f87a6102...
info|2019-10-23 13:57:06.841738|[g:1][CONSENSUS][PBFT]checkTimeout Succ,view=43,toView=44,nodeIdx=2,changeCycle=0,myNode=bfdf57a5...,timecost=0.357
info|2019-10-23 13:57:06.847103|[g:1][CONSENSUS][PBFT]checkAndChangeView: Reach consensus,org_view=43,org_changeCycle=0,cur_changeCycle=0,to_view=44
info|2019-10-23 13:57:07.852429|[g:1][CONSENSUS]addRawPrepare,height=1,reqIdx=0,hash=1181d6b2...
info|2019-10-23 13:57:07.852683|[g:1][CONSENSUS][PBFT]checkTimeout Succ,view=44,toView=45,nodeIdx=2,changeCycle=0,myNode=bfdf57a5...,timecost=0.228
info|2019-10-23 13:57:07.852983|[g:1][CONSENSUS][PBFT]checkAndChangeView: Reach consensus,org_view=44,org_changeCycle=0,cur_changeCycle=0,to_view=45
info|2019-10-23 13:57:08.856635|[g:1][CONSENSUS]addRawPrepare,height=1,reqIdx=1,hash=66caae7d...
info|2019-10-23 13:57:08.857212|[g:1][CONSENSUS][PBFT]checkTimeout Succ,view=45,toView=46,nodeIdx=2,changeCycle=0,myNode=bfdf57a5...,timecost=0.438
info|2019-10-23 13:57:08.864549|[g:1][CONSENSUS][PBFT]checkAndChangeView: Reach consensus,org_view=45,org_changeCycle=0,cur_changeCycle=0,to_view=46
info|2019-10-23 13:57:09.866655|[g:1][CONSENSUS][SEALER]++++++++++++++++ Generating seal on,blkNum=1,tx=0,nodeIdx=2,hash=f7854a25...
info|2019-10-23 13:57:09.874521|[g:1][CONSENSUS][PBFT]checkTimeout Succ,view=46,toView=47,nodeIdx=2,changeCycle=0,myNode=bfdf57a5...,timecost=0.232
info|2019-10-23 13:57:09.875622|[g:1][CONSENSUS][PBFT]checkAndChangeView: Reach consensus,org_view=46,org_changeCycle=0,cur_changeCycle=0,to_view=47
info|2019-10-23 13:57:10.874420|[g:1][CONSENSUS]addRawPrepare,height=1,reqIdx=3,hash=83893e13...
info|2019-10-23 13:57:10.874898|[g:1][CONSENSUS][PBFT]checkTimeout Succ,view=47,toView=48,nodeIdx=2,changeCycle=0,myNode=bfdf57a5...,timecost=0.357
info|2019-10-23 13:57:10.880046|[g:1][CONSENSUS][PBFT]checkAndChangeView: Reach consensus,org_view=47,org_changeCycle=0,cur_changeCycle=0,to_view=48
info|2019-10-23 13:57:11.885443|[g:1][CONSENSUS]addRawPrepare,height=1,reqIdx=0,hash=f8fcb4e1...
info|2019-10-23 13:57:11.885792|[g:1][CONSENSUS][PBFT]checkTimeout Succ,view=48,toView=49,nodeIdx=2,changeCycle=0,myNode=bfdf57a5...,timecost=0.311
info|2019-10-23 13:57:11.888476|[g:1][CONSENSUS][PBFT]checkAndChangeView: Reach consensus,org_view=48,org_changeCycle=0,cur_changeCycle=0,to_view=49
info|2019-10-23 13:57:12.317923|[P2P][Service] heartBeat,connected count=3
info|2019-10-23 13:57:12.891356|[g:1][CONSENSUS]addRawPrepare,height=1,reqIdx=1,hash=eb8a347b...
info|2019-10-23 13:57:12.891875|[g:1][CONSENSUS][PBFT]checkTimeout Succ,view=49,toView=50,nodeIdx=2,changeCycle=0,myNode=bfdf57a5...,timecost=0.389
info|2019-10-23 13:57:12.898127|[g:1][CONSENSUS][PBFT]checkAndChangeView: Reach consensus,org_view=49,org_changeCycle=0,cur_changeCycle=0,to_view=50
info|2019-10-23 13:57:13.899174|[g:1][CONSENSUS][SEALER]++++++++++++++++ Generating seal on,blkNum=1,tx=0,nodeIdx=2,hash=70b9b85d...
info|2019-10-23 13:57:13.906066|[g:1][CONSENSUS][PBFT]checkTimeout Succ,view=50,toView=51,nodeIdx=2,changeCycle=0,myNode=bfdf57a5...,timecost=0.215
info|2019-10-23 13:57:13.907301|[g:1][CONSENSUS][PBFT]checkAndChangeView: Reach consensus,org_view=50,org_changeCycle=0,cur_changeCycle=0,to_view=51
info|2019-10-23 13:57:14.905345|[g:1][CONSENSUS]addRawPrepare,height=1,reqIdx=3,hash=c0b2d12f...
info|2019-10-23 13:57:14.905721|[g:1][CONSENSUS][PBFT]checkTimeout Succ,view=51,toView=52,nodeIdx=2,changeCycle=0,myNode=bfdf57a5...,timecost=0.285
info|2019-10-23 13:57:14.909511|[g:1][CONSENSUS][PBFT]checkAndChangeView: Reach consensus,org_view=51,org_changeCycle=0,cur_changeCycle=0,to_view=52
info|2019-10-23 13:57:15.914191|[g:1][CONSENSUS]addRawPrepare,height=1,reqIdx=0,hash=54093d35...
info|2019-10-23 13:57:15.914512|[g:1][CONSENSUS][PBFT]checkTimeout Succ,view=52,toView=53,nodeIdx=2,changeCycle=0,myNode=bfdf57a5...,timecost=0.285
info|2019-10-23 13:57:15.916312|[g:1][CONSENSUS][PBFT]checkAndChangeView: Reach consensus,org_view=52,org_changeCycle=0,cur_changeCycle=0,to_view=53
info|2019-10-23 13:57:16.919203|[g:1][CONSENSUS]addRawPrepare,height=1,reqIdx=1,hash=8f98eca1...
info|2019-10-23 13:57:16.919672|[g:1][CONSENSUS][PBFT]checkTimeout Succ,view=53,toView=54,nodeIdx=2,changeCycle=0,myNode=bfdf57a5...,timecost=0.358
info|2019-10-23 13:57:16.925397|[g:1][CONSENSUS][PBFT]checkAndChangeView: Reach consensus,org_view=53,org_changeCycle=0,cur_changeCycle=0,to_view=54
info|2019-10-23 13:57:17.925254|[g:1][CONSENSUS][SEALER]++++++++++++++++ Generating seal on,blkNum=1,tx=0,nodeIdx=2,hash=f11fb1cc...
info|2019-10-23 13:57:17.933400|[g:1][CONSENSUS][PBFT]checkTimeout Succ,view=54,toView=55,nodeIdx=2,changeCycle=0,myNode=bfdf57a5...,timecost=0.218
info|2019-10-23 13:57:17.934264|[g:1][CONSENSUS][PBFT]checkAndChangeView: Reach consensus,org_view=54,org_changeCycle=0,cur_changeCycle=0,to_view=55
info|2019-10-23 13:57:18.932420|[g:1][CONSENSUS]addRawPrepare,height=1,reqIdx=3,hash=86e2d628...
info|2019-10-23 13:57:18.933026|[g:1][CONSENSUS][PBFT]checkTimeout Succ,view=55,toView=56,nodeIdx=2,changeCycle=0,myNode=bfdf57a5...,timecost=0.488
info|2019-10-23 13:57:18.938478|[g:1][CONSENSUS][PBFT]checkAndChangeView: Reach consensus,org_view=55,org_changeCycle=0,cur_changeCycle=0,to_view=56
info|2019-10-23 13:57:19.943922|[g:1][CONSENSUS]addRawPrepare,height=1,reqIdx=0,hash=eca54980...
info|2019-10-23 13:57:19.944239|[g:1][CONSENSUS][PBFT]checkTimeout Succ,view=56,toView=57,nodeIdx=2,changeCycle=0,myNode=bfdf57a5...,timecost=0.284
info|2019-10-23 13:57:19.945164|[g:1][CONSENSUS][PBFT]checkAndChangeView: Reach consensus,org_view=56,org_changeCycle=0,cur_changeCycle=0,to_view=57
info|2019-10-23 13:57:20.947735|[g:1][CONSENSUS]addRawPrepare,height=1,reqIdx=1,hash=4308ee24...
info|2019-10-23 13:57:20.948145|[g:1][CONSENSUS][PBFT]checkTimeout Succ,view=57,toView=58,nodeIdx=2,changeCycle=0,myNode=bfdf57a5...,timecost=0.307
info|2019-10-23 13:57:20.952819|[g:1][CONSENSUS][PBFT]checkAndChangeView: Reach consensus,org_view=57,org_changeCycle=0,cur_changeCycle=0,to_view=58
info|2019-10-23 13:57:21.953743|[g:1][CONSENSUS][SEALER]++++++++++++++++ Generating seal on,blkNum=1,tx=0,nodeIdx=2,hash=d2f01c8c...
info|2019-10-23 13:57:21.963211|[g:1][CONSENSUS][PBFT]checkTimeout Succ,view=58,toView=59,nodeIdx=2,changeCycle=0,myNode=bfdf57a5...,timecost=0.538
info|2019-10-23 13:57:21.965042|[g:1][CONSENSUS][PBFT]checkAndChangeView: Reach consensus,org_view=58,org_changeCycle=0,cur_changeCycle=0,to_view=59
info|2019-10-23 13:57:22.318235|[P2P][Service] heartBeat,connected count=3
info|2019-10-23 13:57:22.962313|[g:1][CONSENSUS]addRawPrepare,height=1,reqIdx=3,hash=f132adb7...
info|2019-10-23 13:57:22.962826|[g:1][CONSENSUS][PBFT]checkTimeout Succ,view=59,toView=60,nodeIdx=2,changeCycle=0,myNode=bfdf57a5...,timecost=0.353
info|2019-10-23 13:57:22.968177|[g:1][CONSENSUS][PBFT]checkAndChangeView: Reach consensus,org_view=59,org_changeCycle=0,cur_changeCycle=0,to_view=60
info|2019-10-23 13:57:23.970979|[g:1][CONSENSUS]addRawPrepare,height=1,reqIdx=0,hash=ad15a227...
info|2019-10-23 13:57:23.971330|[g:1][CONSENSUS][PBFT]checkTimeout Succ,view=60,toView=61,nodeIdx=2,changeCycle=0,myNode=bfdf57a5...,timecost=0.316
info|2019-10-23 13:57:23.974276|[g:1][CONSENSUS][PBFT]checkAndChangeView: Reach consensus,org_view=60,org_changeCycle=0,cur_changeCycle=0,to_view=61
info|2019-10-23 13:57:24.976309|[g:1][CONSENSUS]addRawPrepare,height=1,reqIdx=1,hash=eab6a897...
info|2019-10-23 13:57:24.976789|[g:1][CONSENSUS][PBFT]checkTimeout Succ,view=61,toView=62,nodeIdx=2,changeCycle=0,myNode=bfdf57a5...,timecost=0.359
info|2019-10-23 13:57:24.982367|[g:1][CONSENSUS][PBFT]checkAndChangeView: Reach consensus,org_view=61,org_changeCycle=0,cur_changeCycle=0,to_view=62
info|2019-10-23 13:57:25.983344|[g:1][CONSENSUS][SEALER]++++++++++++++++ Generating seal on,blkNum=1,tx=0,nodeIdx=2,hash=3eef16d9...
info|2019-10-23 13:57:25.991994|[g:1][CONSENSUS][PBFT]checkTimeout Succ,view=62,toView=63,nodeIdx=2,changeCycle=0,myNode=bfdf57a5...,timecost=0.223
info|2019-10-23 13:57:25.992991|[g:1][CONSENSUS][PBFT]checkAndChangeView: Reach consensus,org_view=62,org_changeCycle=0,cur_changeCycle=0,to_view=63
info|2019-10-23 13:57:26.990843|[g:1][CONSENSUS]addRawPrepare,height=1,reqIdx=3,hash=59fac090...
info|2019-10-23 13:57:26.991355|[g:1][CONSENSUS][PBFT]checkTimeout Succ,view=63,toView=64,nodeIdx=2,changeCycle=0,myNode=bfdf57a5...,timecost=0.396
info|2019-10-23 13:57:26.997649|[g:1][CONSENSUS][PBFT]checkAndChangeView: Reach consensus,org_view=63,org_changeCycle=0,cur_changeCycle=0,to_view=64
info|2019-10-23 13:57:28.003251|[g:1][CONSENSUS]addRawPrepare,height=1,reqIdx=0,hash=03955e71...
info|2019-10-23 13:57:28.003579|[g:1][CONSENSUS][PBFT]checkTimeout Succ,view=64,toView=65,nodeIdx=2,changeCycle=0,myNode=bfdf57a5...,timecost=0.295
info|2019-10-23 13:57:28.005217|[g:1][CONSENSUS][PBFT]checkAndChangeView: Reach consensus,org_view=64,org_changeCycle=0,cur_changeCycle=0,to_view=65
info|2019-10-23 13:57:29.008327|[g:1][CONSENSUS]addRawPrepare,height=1,reqIdx=1,hash=37571997...
info|2019-10-23 13:57:29.008684|[g:1][CONSENSUS][PBFT]checkTimeout Succ,view=65,toView=66,nodeIdx=2,changeCycle=0,myNode=bfdf57a5...,timecost=0.206
info|2019-10-23 13:57:29.013576|[g:1][CONSENSUS][PBFT]checkAndChangeView: Reach consensus,org_view=65,org_changeCycle=0,cur_changeCycle=0,to_view=66
info|2019-10-23 13:57:30.014382|[g:1][CONSENSUS][SEALER]++++++++++++++++ Generating seal on,blkNum=1,tx=0,nodeIdx=2,hash=2edb8d21...
info|2019-10-23 13:57:30.023454|[g:1][CONSENSUS][PBFT]checkTimeout Succ,view=66,toView=67,nodeIdx=2,changeCycle=0,myNode=bfdf57a5...,timecost=0.23
info|2019-10-23 13:57:30.025176|[g:1][CONSENSUS][PBFT]checkAndChangeView: Reach consensus,org_view=66,org_changeCycle=0,cur_changeCycle=0,to_view=67
info|2019-10-23 13:57:31.022872|[g:1][CONSENSUS]addRawPrepare,height=1,reqIdx=3,hash=7fdd1784...
info|2019-10-23 13:57:31.023251|[g:1][CONSENSUS][PBFT]checkTimeout Succ,view=67,toView=68,nodeIdx=2,changeCycle=0,myNode=bfdf57a5...,timecost=0.288
info|2019-10-23 13:57:31.028221|[g:1][CONSENSUS][PBFT]checkAndChangeView: Reach consensus,org_view=67,org_changeCycle=0,cur_changeCycle=0,to_view=68
info|2019-10-23 13:57:32.032015|[g:1][CONSENSUS]addRawPrepare,height=1,reqIdx=0,hash=3d6e55bb...
info|2019-10-23 13:57:32.032354|[g:1][CONSENSUS][PBFT]checkTimeout Succ,view=68,toView=69,nodeIdx=2,changeCycle=0,myNode=bfdf57a5...,timecost=0.22
info|2019-10-23 13:57:32.034183|[g:1][CONSENSUS][PBFT]checkAndChangeView: Reach consensus,org_view=68,org_changeCycle=0,cur_changeCycle=0,to_view=69
info|2019-10-23 13:57:32.318364|[P2P][Service] heartBeat,connected count=3
info|2019-10-23 13:57:33.037342|[g:1][CONSENSUS]addRawPrepare,height=1,reqIdx=1,hash=d20ecc67...
info|2019-10-23 13:57:33.039027|[g:1][CONSENSUS][PBFT]checkTimeout Succ,view=69,toView=70,nodeIdx=2,changeCycle=0,myNode=bfdf57a5...,timecost=0.27
info|2019-10-23 13:57:33.043616|[g:1][CONSENSUS][PBFT]checkAndChangeView: Reach consensus,org_view=69,org_changeCycle=0,cur_changeCycle=0,to_view=70
info|2019-10-23 13:57:34.043745|[g:1][CONSENSUS][SEALER]++++++++++++++++ Generating seal on,blkNum=1,tx=0,nodeIdx=2,hash=38ac3ef5...
info|2019-10-23 13:57:34.051769|[g:1][CONSENSUS][PBFT]checkTimeout Succ,view=70,toView=71,nodeIdx=2,changeCycle=0,myNode=bfdf57a5...,timecost=0.217
info|2019-10-23 13:57:34.052747|[g:1][CONSENSUS][PBFT]checkAndChangeView: Reach consensus,org_view=70,org_changeCycle=0,cur_changeCycle=0,to_view=71
info|2019-10-23 13:57:35.052815|[g:1][CONSENSUS]addRawPrepare,height=1,reqIdx=3,hash=5f444845...
info|2019-10-23 13:57:35.053287|[g:1][CONSENSUS][PBFT]checkTimeout Succ,view=71,toView=72,nodeIdx=2,changeCycle=0,myNode=bfdf57a5...,timecost=0.358
info|2019-10-23 13:57:35.058414|[g:1][CONSENSUS][PBFT]checkAndChangeView: Reach consensus,org_view=71,org_changeCycle=0,cur_changeCycle=0,to_view=72
info|2019-10-23 13:57:36.062048|[g:1][CONSENSUS]addRawPrepare,height=1,reqIdx=0,hash=e655e983...
info|2019-10-23 13:57:36.062373|[g:1][CONSENSUS][PBFT]checkTimeout Succ,view=72,toView=73,nodeIdx=2,changeCycle=0,myNode=bfdf57a5...,timecost=0.29
info|2019-10-23 13:57:36.064225|[g:1][CONSENSUS][PBFT]checkAndChangeView: Reach consensus,org_view=72,org_changeCycle=0,cur_changeCycle=0,to_view=73
info|2019-10-23 13:57:37.068952|[g:1][CONSENSUS]addRawPrepare,height=1,reqIdx=1,hash=8b1606aa...
info|2019-10-23 13:57:37.077673|[g:1][CONSENSUS][PBFT]checkTimeout Succ,view=73,toView=74,nodeIdx=2,changeCycle=0,myNode=bfdf57a5...,timecost=3.636
info|2019-10-23 13:57:37.078571|[g:1][CONSENSUS][PBFT]checkAndChangeView: Reach consensus,org_view=73,org_changeCycle=0,cur_changeCycle=0,to_view=74
info|2019-10-23 13:57:38.082023|[g:1][CONSENSUS][SEALER]++++++++++++++++ Generating seal on,blkNum=1,tx=0,nodeIdx=2,hash=c97d2e3d...
info|2019-10-23 13:57:38.095989|[g:1][CONSENSUS][PBFT]checkTimeout Succ,view=74,toView=75,nodeIdx=2,changeCycle=0,myNode=bfdf57a5...,timecost=0.321
info|2019-10-23 13:57:38.097851|[g:1][CONSENSUS][PBFT]checkAndChangeView: Reach consensus,org_view=74,org_changeCycle=0,cur_changeCycle=0,to_view=75
info|2019-10-23 13:57:39.095367|[g:1][CONSENSUS]addRawPrepare,height=1,reqIdx=3,hash=b506de20...
info|2019-10-23 13:57:39.099901|[g:1][CONSENSUS][PBFT]checkTimeout Succ,view=75,toView=76,nodeIdx=2,changeCycle=0,myNode=bfdf57a5...,timecost=4.378
info|2019-10-23 13:57:39.105372|[g:1][CONSENSUS][PBFT]checkAndChangeView: Reach consensus,org_view=75,org_changeCycle=0,cur_changeCycle=0,to_view=76
info|2019-10-23 13:57:40.107905|[g:1][CONSENSUS]addRawPrepare,height=1,reqIdx=0,hash=c11ea72b...
info|2019-10-23 13:57:40.108136|[g:1][CONSENSUS][PBFT]checkTimeout Succ,view=76,toView=77,nodeIdx=2,changeCycle=0,myNode=bfdf57a5...,timecost=0.207
info|2019-10-23 13:57:40.109389|[g:1][CONSENSUS][PBFT]checkAndChangeView: Reach consensus,org_view=76,org_changeCycle=0,cur_changeCycle=0,to_view=77
info|2019-10-23 13:57:41.112258|[g:1][CONSENSUS]addRawPrepare,height=1,reqIdx=1,hash=034be6f7...
info|2019-10-23 13:57:41.124093|[g:1][CONSENSUS][PBFT]checkTimeout Succ,view=77,toView=78,nodeIdx=2,changeCycle=0,myNode=bfdf57a5...,timecost=8.725
info|2019-10-23 13:57:41.125402|[g:1][CONSENSUS][PBFT]checkAndChangeView: Reach consensus,org_view=77,org_changeCycle=0,cur_changeCycle=0,to_view=78
info|2019-10-23 13:57:42.129786|[g:1][CONSENSUS][SEALER]++++++++++++++++ Generating seal on,blkNum=1,tx=0,nodeIdx=2,hash=83db0a70...
info|2019-10-23 13:57:42.138580|[g:1][CONSENSUS][PBFT]checkTimeout Succ,view=78,toView=79,nodeIdx=2,changeCycle=0,myNode=bfdf57a5...,timecost=0.216
info|2019-10-23 13:57:42.139748|[g:1][CONSENSUS][PBFT]checkAndChangeView: Reach consensus,org_view=78,org_changeCycle=0,cur_changeCycle=0,to_view=79
info|2019-10-23 13:57:42.318487|[P2P][Service] heartBeat,connected count=3
info|2019-10-23 13:57:43.141010|[g:1][CONSENSUS]addRawPrepare,height=1,reqIdx=3,hash=5803860f...
info|2019-10-23 13:57:43.141440|[g:1][CONSENSUS][PBFT]checkTimeout Succ,view=79,toView=80,nodeIdx=2,changeCycle=0,myNode=bfdf57a5...,timecost=0.338
info|2019-10-23 13:57:43.146261|[g:1][CONSENSUS][PBFT]checkAndChangeView: Reach consensus,org_view=79,org_changeCycle=0,cur_changeCycle=0,to_view=80
info|2019-10-23 13:57:44.149989|[g:1][CONSENSUS]addRawPrepare,height=1,reqIdx=0,hash=19802b66...
info|2019-10-23 13:57:44.150224|[g:1][CONSENSUS][PBFT]checkTimeout Succ,view=80,toView=81,nodeIdx=2,changeCycle=0,myNode=bfdf57a5...,timecost=0.209
info|2019-10-23 13:57:44.156577|[g:1][CONSENSUS][PBFT]checkAndChangeView: Reach consensus,org_view=80,org_changeCycle=0,cur_changeCycle=0,to_view=81
info|2019-10-23 13:57:45.163076|[g:1][CONSENSUS]addRawPrepare,height=1,reqIdx=1,hash=2ad04382...
info|2019-10-23 13:57:45.167044|[g:1][CONSENSUS][PBFT]checkTimeout Succ,view=81,toView=82,nodeIdx=2,changeCycle=0,myNode=bfdf57a5...,timecost=3.853
info|2019-10-23 13:57:45.169609|[g:1][CONSENSUS][PBFT]checkAndChangeView: Reach consensus,org_view=81,org_changeCycle=0,cur_changeCycle=0,to_view=82
info|2019-10-23 13:57:46.170003|[g:1][CONSENSUS][SEALER]++++++++++++++++ Generating seal on,blkNum=1,tx=0,nodeIdx=2,hash=d472152f...
info|2019-10-23 13:57:46.179294|[g:1][CONSENSUS][PBFT]checkTimeout Succ,view=82,toView=83,nodeIdx=2,changeCycle=0,myNode=bfdf57a5...,timecost=0.278
info|2019-10-23 13:57:46.180650|[g:1][CONSENSUS][PBFT]checkAndChangeView: Reach consensus,org_view=82,org_changeCycle=0,cur_changeCycle=0,to_view=83
info|2019-10-23 13:57:47.178915|[g:1][CONSENSUS]addRawPrepare,height=1,reqIdx=3,hash=87f10ba7...
info|2019-10-23 13:57:47.179582|[g:1][CONSENSUS][PBFT]checkTimeout Succ,view=83,toView=84,nodeIdx=2,changeCycle=0,myNode=bfdf57a5...,timecost=0.575
info|2019-10-23 13:57:47.185108|[g:1][CONSENSUS][PBFT]checkAndChangeView: Reach consensus,org_view=83,org_changeCycle=0,cur_changeCycle=0,to_view=84
info|2019-10-23 13:57:48.194248|[g:1][CONSENSUS]addRawPrepare,height=1,reqIdx=0,hash=d093746e...
info|2019-10-23 13:57:48.194625|[g:1][CONSENSUS][PBFT]checkTimeout Succ,view=84,toView=85,nodeIdx=2,changeCycle=0,myNode=bfdf57a5...,timecost=0.343
info|2019-10-23 13:57:48.203331|[g:1][CONSENSUS][PBFT]checkAndChangeView: Reach consensus,org_view=84,org_changeCycle=0,cur_changeCycle=0,to_view=85
info|2019-10-23 13:57:49.197591|[g:1][CONSENSUS]addRawPrepare,height=1,reqIdx=1,hash=d64bb7f1...
info|2019-10-23 13:57:49.198001|[g:1][CONSENSUS][PBFT]checkTimeout Succ,view=85,toView=86,nodeIdx=2,changeCycle=0,myNode=bfdf57a5...,timecost=0.312
info|2019-10-23 13:57:49.203080|[g:1][CONSENSUS][PBFT]checkAndChangeView: Reach consensus,org_view=85,org_changeCycle=0,cur_changeCycle=0,to_view=86
info|2019-10-23 13:57:50.204364|[g:1][CONSENSUS][SEALER]++++++++++++++++ Generating seal on,blkNum=1,tx=0,nodeIdx=2,hash=988c4256...
info|2019-10-23 13:57:50.218464|[g:1][CONSENSUS][PBFT]checkTimeout Succ,view=86,toView=87,nodeIdx=2,changeCycle=0,myNode=bfdf57a5...,timecost=0.409
info|2019-10-23 13:57:50.221034|[g:1][CONSENSUS][PBFT]checkAndChangeView: Reach consensus,org_view=86,org_changeCycle=0,cur_changeCycle=0,to_view=87
info|2019-10-23 13:57:51.218587|[g:1][CONSENSUS]addRawPrepare,height=1,reqIdx=3,hash=fdeb4588...
info|2019-10-23 13:57:51.219065|[g:1][CONSENSUS][PBFT]checkTimeout Succ,view=87,toView=88,nodeIdx=2,changeCycle=0,myNode=bfdf57a5...,timecost=0.361
info|2019-10-23 13:57:51.223999|[g:1][CONSENSUS][PBFT]checkAndChangeView: Reach consensus,org_view=87,org_changeCycle=0,cur_changeCycle=0,to_view=88
info|2019-10-23 13:57:52.228958|[g:1][CONSENSUS]addRawPrepare,height=1,reqIdx=0,hash=b8d85aa0...
info|2019-10-23 13:57:52.229325|[g:1][CONSENSUS][PBFT]checkTimeout Succ,view=88,toView=89,nodeIdx=2,changeCycle=0,myNode=bfdf57a5...,timecost=0.33
info|2019-10-23 13:57:52.232375|[g:1][CONSENSUS][PBFT]checkAndChangeView: Reach consensus,org_view=88,org_changeCycle=0,cur_changeCycle=0,to_view=89
info|2019-10-23 13:57:52.318611|[P2P][Service] heartBeat,connected count=3
info|2019-10-23 13:57:53.234628|[g:1][CONSENSUS]addRawPrepare,height=1,reqIdx=1,hash=94845e2e...
info|2019-10-23 13:57:53.235123|[g:1][CONSENSUS][PBFT]checkTimeout Succ,view=89,toView=90,nodeIdx=2,changeCycle=0,myNode=bfdf57a5...,timecost=0.368
info|2019-10-23 13:57:53.241800|[g:1][CONSENSUS][PBFT]checkAndChangeView: Reach consensus,org_view=89,org_changeCycle=0,cur_changeCycle=0,to_view=90
info|2019-10-23 13:57:54.242671|[g:1][CONSENSUS][SEALER]++++++++++++++++ Generating seal on,blkNum=1,tx=0,nodeIdx=2,hash=2b791116...
info|2019-10-23 13:57:54.251039|[g:1][CONSENSUS][PBFT]checkTimeout Succ,view=90,toView=91,nodeIdx=2,changeCycle=0,myNode=bfdf57a5...,timecost=0.201
info|2019-10-23 13:57:54.251621|[g:1][CONSENSUS][PBFT]checkAndChangeView: Reach consensus,org_view=90,org_changeCycle=0,cur_changeCycle=0,to_view=91
info|2019-10-23 13:57:55.252125|[g:1][CONSENSUS]addRawPrepare,height=1,reqIdx=3,hash=a85a6ad6...
info|2019-10-23 13:57:55.252905|[g:1][CONSENSUS][PBFT]checkTimeout Succ,view=91,toView=92,nodeIdx=2,changeCycle=0,myNode=bfdf57a5...,timecost=0.693
info|2019-10-23 13:57:55.258532|[g:1][CONSENSUS][PBFT]checkAndChangeView: Reach consensus,org_view=91,org_changeCycle=0,cur_changeCycle=0,to_view=92
info|2019-10-23 13:57:56.262353|[g:1][CONSENSUS]addRawPrepare,height=1,reqIdx=0,hash=fc13d636...
info|2019-10-23 13:57:56.262592|[g:1][CONSENSUS][PBFT]checkTimeout Succ,view=92,toView=93,nodeIdx=2,changeCycle=0,myNode=bfdf57a5...,timecost=0.214
info|2019-10-23 13:57:56.263492|[g:1][CONSENSUS][PBFT]checkAndChangeView: Reach consensus,org_view=92,org_changeCycle=0,cur_changeCycle=0,to_view=93
info|2019-10-23 13:57:57.267921|[g:1][CONSENSUS]addRawPrepare,height=1,reqIdx=1,hash=9d15e32c...
info|2019-10-23 13:57:57.268370|[g:1][CONSENSUS][PBFT]checkTimeout Succ,view=93,toView=94,nodeIdx=2,changeCycle=0,myNode=bfdf57a5...,timecost=0.29
info|2019-10-23 13:57:57.273557|[g:1][CONSENSUS][PBFT]checkAndChangeView: Reach consensus,org_view=93,org_changeCycle=0,cur_changeCycle=0,to_view=94
info|2019-10-23 13:57:58.273353|[g:1][CONSENSUS][SEALER]++++++++++++++++ Generating seal on,blkNum=1,tx=0,nodeIdx=2,hash=a77c37e6...
info|2019-10-23 13:57:58.284395|[g:1][CONSENSUS][PBFT]checkTimeout Succ,view=94,toView=95,nodeIdx=2,changeCycle=0,myNode=bfdf57a5...,timecost=0.275
info|2019-10-23 13:57:58.285380|[g:1][CONSENSUS][PBFT]checkAndChangeView: Reach consensus,org_view=94,org_changeCycle=0,cur_changeCycle=0,to_view=95
info|2019-10-23 13:57:59.283703|[g:1][CONSENSUS]addRawPrepare,height=1,reqIdx=3,hash=40c29eb0...
info|2019-10-23 13:57:59.284241|[g:1][CONSENSUS][PBFT]checkTimeout Succ,view=95,toView=96,nodeIdx=2,changeCycle=0,myNode=bfdf57a5...,timecost=0.336
info|2019-10-23 13:57:59.290328|[g:1][CONSENSUS][PBFT]checkAndChangeView: Reach consensus,org_view=95,org_changeCycle=0,cur_changeCycle=0,to_view=96
info|2019-10-23 13:58:00.296305|[g:1][CONSENSUS]addRawPrepare,height=1,reqIdx=0,hash=b0142504...
info|2019-10-23 13:58:00.296529|[g:1][CONSENSUS][PBFT]checkTimeout Succ,view=96,toView=97,nodeIdx=2,changeCycle=0,myNode=bfdf57a5...,timecost=0.2
info|2019-10-23 13:58:00.297188|[g:1][CONSENSUS][PBFT]checkAndChangeView: Reach consensus,org_view=96,org_changeCycle=0,cur_changeCycle=0,to_view=97
info|2019-10-23 13:58:01.300553|[g:1][CONSENSUS]addRawPrepare,height=1,reqIdx=1,hash=552fbf3d...
info|2019-10-23 13:58:01.301033|[g:1][CONSENSUS][PBFT]checkTimeout Succ,view=97,toView=98,nodeIdx=2,changeCycle=0,myNode=bfdf57a5...,timecost=0.358
info|2019-10-23 13:58:01.306946|[g:1][CONSENSUS][PBFT]checkAndChangeView: Reach consensus,org_view=97,org_changeCycle=0,cur_changeCycle=0,to_view=98
info|2019-10-23 13:58:02.307407|[g:1][CONSENSUS][SEALER]++++++++++++++++ Generating seal on,blkNum=1,tx=0,nodeIdx=2,hash=dd527ef7...
info|2019-10-23 13:58:02.316688|[g:1][CONSENSUS][PBFT]checkTimeout Succ,view=98,toView=99,nodeIdx=2,changeCycle=0,myNode=bfdf57a5...,timecost=0.217
info|2019-10-23 13:58:02.317735|[g:1][CONSENSUS][PBFT]checkAndChangeView: Reach consensus,org_view=98,org_changeCycle=0,cur_changeCycle=0,to_view=99
info|2019-10-23 13:58:02.318740|[P2P][Service] heartBeat,connected count=3
info|2019-10-23 13:58:03.316912|[g:1][CONSENSUS]addRawPrepare,height=1,reqIdx=3,hash=2835903d...
info|2019-10-23 13:58:03.321715|[g:1][CONSENSUS][PBFT]checkTimeout Succ,view=99,toView=100,nodeIdx=2,changeCycle=0,myNode=bfdf57a5...,timecost=1.519
info|2019-10-23 13:58:03.322464|[g:1][CONSENSUS][PBFT]checkAndChangeView: Reach consensus,org_view=99,org_changeCycle=0,cur_changeCycle=0,to_view=100
info|2019-10-23 13:58:04.326976|[g:1][CONSENSUS]addRawPrepare,height=1,reqIdx=0,hash=ba0cf095...
info|2019-10-23 13:58:04.327941|[g:1][CONSENSUS][PBFT]checkTimeout Succ,view=100,toView=101,nodeIdx=2,changeCycle=0,myNode=bfdf57a5...,timecost=0.867
info|2019-10-23 13:58:04.329160|[g:1][CONSENSUS][PBFT]checkAndChangeView: Reach consensus,org_view=100,org_changeCycle=0,cur_changeCycle=0,to_view=101
info|2019-10-23 13:58:05.330721|[g:1][CONSENSUS]addRawPrepare,height=1,reqIdx=1,hash=18a1288e...
info|2019-10-23 13:58:05.331140|[g:1][CONSENSUS][PBFT]checkTimeout Succ,view=101,toView=102,nodeIdx=2,changeCycle=0,myNode=bfdf57a5...,timecost=0.289
info|2019-10-23 13:58:05.336561|[g:1][CONSENSUS][PBFT]checkAndChangeView: Reach consensus,org_view=101,org_changeCycle=0,cur_changeCycle=0,to_view=102
info|2019-10-23 13:58:06.336475|[g:1][CONSENSUS][SEALER]++++++++++++++++ Generating seal on,blkNum=1,tx=0,nodeIdx=2,hash=7dad55ec...
info|2019-10-23 13:58:06.345312|[g:1][CONSENSUS][PBFT]checkTimeout Succ,view=102,toView=103,nodeIdx=2,changeCycle=0,myNode=bfdf57a5...,timecost=0.303
info|2019-10-23 13:58:06.346284|[g:1][CONSENSUS][PBFT]checkAndChangeView: Reach consensus,org_view=102,org_changeCycle=0,cur_changeCycle=0,to_view=103
info|2019-10-23 13:58:07.346320|[g:1][CONSENSUS]addRawPrepare,height=1,reqIdx=3,hash=e05114b4...
info|2019-10-23 13:58:07.349356|[g:1][CONSENSUS][PBFT]checkTimeout Succ,view=103,toView=104,nodeIdx=2,changeCycle=0,myNode=bfdf57a5...,timecost=2.997
info|2019-10-23 13:58:07.351040|[g:1][CONSENSUS][PBFT]checkAndChangeView: Reach consensus,org_view=103,org_changeCycle=0,cur_changeCycle=0,to_view=104
info|2019-10-23 13:58:08.359460|[g:1][CONSENSUS]addRawPrepare,height=1,reqIdx=0,hash=c0271c66...
info|2019-10-23 13:58:08.359684|[g:1][CONSENSUS][PBFT]checkTimeout Succ,view=104,toView=105,nodeIdx=2,changeCycle=0,myNode=bfdf57a5...,timecost=0.199
info|2019-10-23 13:58:08.361706|[g:1][CONSENSUS][PBFT]checkAndChangeView: Reach consensus,org_view=104,org_changeCycle=0,cur_changeCycle=0,to_view=105
info|2019-10-23 13:58:09.363740|[g:1][CONSENSUS]addRawPrepare,height=1,reqIdx=1,hash=f3e8460c...
info|2019-10-23 13:58:09.364129|[g:1][CONSENSUS][PBFT]checkTimeout Succ,view=105,toView=106,nodeIdx=2,changeCycle=0,myNode=bfdf57a5...,timecost=0.287
info|2019-10-23 13:58:09.369173|[g:1][CONSENSUS][PBFT]checkAndChangeView: Reach consensus,org_view=105,org_changeCycle=0,cur_changeCycle=0,to_view=106
info|2019-10-23 13:58:10.369464|[g:1][CONSENSUS][SEALER]++++++++++++++++ Generating seal on,blkNum=1,tx=0,nodeIdx=2,hash=6b80d0bf...
info|2019-10-23 13:58:10.383718|[g:1][CONSENSUS][PBFT]checkTimeout Succ,view=106,toView=107,nodeIdx=2,changeCycle=0,myNode=bfdf57a5...,timecost=0.222
info|2019-10-23 13:58:10.384918|[g:1][CONSENSUS][PBFT]checkAndChangeView: Reach consensus,org_view=106,org_changeCycle=0,cur_changeCycle=0,to_view=107
info|2019-10-23 13:58:11.380258|[g:1][CONSENSUS]addRawPrepare,height=1,reqIdx=3,hash=9a24c708...
info|2019-10-23 13:58:11.380878|[g:1][CONSENSUS][PBFT]checkTimeout Succ,view=107,toView=108,nodeIdx=2,changeCycle=0,myNode=bfdf57a5...,timecost=0.55
info|2019-10-23 13:58:11.385962|[g:1][CONSENSUS][PBFT]checkAndChangeView: Reach consensus,org_view=107,org_changeCycle=0,cur_changeCycle=0,to_view=108
info|2019-10-23 13:58:12.318997|[P2P][Service] heartBeat,connected count=3
info|2019-10-23 13:58:12.388506|[g:1][CONSENSUS]addRawPrepare,height=1,reqIdx=0,hash=2d54a305...
info|2019-10-23 13:58:12.388845|[g:1][CONSENSUS][PBFT]checkTimeout Succ,view=108,toView=109,nodeIdx=2,changeCycle=0,myNode=bfdf57a5...,timecost=0.303
info|2019-10-23 13:58:12.391734|[g:1][CONSENSUS][PBFT]checkAndChangeView: Reach consensus,org_view=108,org_changeCycle=0,cur_changeCycle=0,to_view=109
info|2019-10-23 13:58:13.394281|[g:1][CONSENSUS]addRawPrepare,height=1,reqIdx=1,hash=e6e1675a...
info|2019-10-23 13:58:13.394671|[g:1][CONSENSUS][PBFT]checkTimeout Succ,view=109,toView=110,nodeIdx=2,changeCycle=0,myNode=bfdf57a5...,timecost=0.291
info|2019-10-23 13:58:13.404394|[g:1][CONSENSUS][PBFT]checkAndChangeView: Reach consensus,org_view=109,org_changeCycle=0,cur_changeCycle=0,to_view=110
info|2019-10-23 13:58:14.404799|[g:1][CONSENSUS][SEALER]++++++++++++++++ Generating seal on,blkNum=1,tx=0,nodeIdx=2,hash=28ea57f5...
info|2019-10-23 13:58:14.413553|[g:1][CONSENSUS][PBFT]checkTimeout Succ,view=110,toView=111,nodeIdx=2,changeCycle=0,myNode=bfdf57a5...,timecost=0.216
info|2019-10-23 13:58:14.414483|[g:1][CONSENSUS][PBFT]checkAndChangeView: Reach consensus,org_view=110,org_changeCycle=0,cur_changeCycle=0,to_view=111
info|2019-10-23 13:58:15.413368|[g:1][CONSENSUS]addRawPrepare,height=1,reqIdx=3,hash=19638bd4...
info|2019-10-23 13:58:15.413954|[g:1][CONSENSUS][PBFT]checkTimeout Succ,view=111,toView=112,nodeIdx=2,changeCycle=0,myNode=bfdf57a5...,timecost=0.462
info|2019-10-23 13:58:15.419558|[g:1][CONSENSUS][PBFT]checkAndChangeView: Reach consensus,org_view=111,org_changeCycle=0,cur_changeCycle=0,to_view=112
info|2019-10-23 13:58:16.422793|[g:1][CONSENSUS]addRawPrepare,height=1,reqIdx=0,hash=6546c744...
info|2019-10-23 13:58:16.423023|[g:1][CONSENSUS][PBFT]checkTimeout Succ,view=112,toView=113,nodeIdx=2,changeCycle=0,myNode=bfdf57a5...,timecost=0.203
info|2019-10-23 13:58:16.424524|[g:1][CONSENSUS][PBFT]checkAndChangeView: Reach consensus,org_view=112,org_changeCycle=0,cur_changeCycle=0,to_view=113
info|2019-10-23 13:58:17.428072|[g:1][CONSENSUS]addRawPrepare,height=1,reqIdx=1,hash=78b2aae5...
info|2019-10-23 13:58:17.428544|[g:1][CONSENSUS][PBFT]checkTimeout Succ,view=113,toView=114,nodeIdx=2,changeCycle=0,myNode=bfdf57a5...,timecost=0.358
info|2019-10-23 13:58:17.433884|[g:1][CONSENSUS][PBFT]checkAndChangeView: Reach consensus,org_view=113,org_changeCycle=0,cur_changeCycle=0,to_view=114
info|2019-10-23 13:58:18.435112|[g:1][CONSENSUS][SEALER]++++++++++++++++ Generating seal on,blkNum=1,tx=0,nodeIdx=2,hash=428f209b...
info|2019-10-23 13:58:18.445409|[g:1][CONSENSUS][PBFT]checkTimeout Succ,view=114,toView=115,nodeIdx=2,changeCycle=0,myNode=bfdf57a5...,timecost=0.223
info|2019-10-23 13:58:18.446235|[g:1][CONSENSUS][PBFT]checkAndChangeView: Reach consensus,org_view=114,org_changeCycle=0,cur_changeCycle=0,to_view=115
info|2019-10-23 13:58:19.444908|[g:1][CONSENSUS]addRawPrepare,height=1,reqIdx=3,hash=adfe6653...
info|2019-10-23 13:58:19.445524|[g:1][CONSENSUS][PBFT]checkTimeout Succ,view=115,toView=116,nodeIdx=2,changeCycle=0,myNode=bfdf57a5...,timecost=0.355
info|2019-10-23 13:58:19.450678|[g:1][CONSENSUS][PBFT]checkAndChangeView: Reach consensus,org_view=115,org_changeCycle=0,cur_changeCycle=0,to_view=116
info|2019-10-23 13:58:20.454285|[g:1][CONSENSUS]addRawPrepare,height=1,reqIdx=0,hash=833a2606...
info|2019-10-23 13:58:20.454696|[g:1][CONSENSUS][PBFT]checkTimeout Succ,view=116,toView=117,nodeIdx=2,changeCycle=0,myNode=bfdf57a5...,timecost=0.317
info|2019-10-23 13:58:20.458283|[g:1][CONSENSUS][PBFT]checkAndChangeView: Reach consensus,org_view=116,org_changeCycle=0,cur_changeCycle=0,to_view=117
info|2019-10-23 13:58:21.461195|[g:1][CONSENSUS]addRawPrepare,height=1,reqIdx=1,hash=52568bb2...
info|2019-10-23 13:58:21.461699|[g:1][CONSENSUS][PBFT]checkTimeout Succ,view=117,toView=118,nodeIdx=2,changeCycle=0,myNode=bfdf57a5...,timecost=0.382
info|2019-10-23 13:58:21.467945|[g:1][CONSENSUS][PBFT]checkAndChangeView: Reach consensus,org_view=117,org_changeCycle=0,cur_changeCycle=0,to_view=118
info|2019-10-23 13:58:22.319380|[P2P][Service] heartBeat,connected count=3
info|2019-10-23 13:58:22.469345|[g:1][CONSENSUS][SEALER]++++++++++++++++ Generating seal on,blkNum=1,tx=0,nodeIdx=2,hash=244583bd...
info|2019-10-23 13:58:22.478687|[g:1][CONSENSUS][PBFT]checkTimeout Succ,view=118,toView=119,nodeIdx=2,changeCycle=0,myNode=bfdf57a5...,timecost=0.219
info|2019-10-23 13:58:22.479822|[g:1][CONSENSUS][PBFT]checkAndChangeView: Reach consensus,org_view=118,org_changeCycle=0,cur_changeCycle=0,to_view=119
info|2019-10-23 13:58:23.480506|[g:1][CONSENSUS]addRawPrepare,height=1,reqIdx=3,hash=59dbeafb...
info|2019-10-23 13:58:23.480881|[g:1][CONSENSUS][PBFT]checkTimeout Succ,view=119,toView=120,nodeIdx=2,changeCycle=0,myNode=bfdf57a5...,timecost=0.285
info|2019-10-23 13:58:23.485931|[g:1][CONSENSUS][PBFT]checkAndChangeView: Reach consensus,org_view=119,org_changeCycle=0,cur_changeCycle=0,to_view=120
info|2019-10-23 13:58:24.491237|[g:1][CONSENSUS]addRawPrepare,height=1,reqIdx=0,hash=fea03be0...
info|2019-10-23 13:58:24.491472|[g:1][CONSENSUS][PBFT]checkTimeout Succ,view=120,toView=121,nodeIdx=2,changeCycle=0,myNode=bfdf57a5...,timecost=0.199
info|2019-10-23 13:58:24.492382|[g:1][CONSENSUS][PBFT]checkAndChangeView: Reach consensus,org_view=120,org_changeCycle=0,cur_changeCycle=0,to_view=121
info|2019-10-23 13:58:25.495323|[g:1][CONSENSUS]addRawPrepare,height=1,reqIdx=1,hash=115447f2...
info|2019-10-23 13:58:25.499615|[g:1][CONSENSUS][PBFT]checkTimeout Succ,view=121,toView=122,nodeIdx=2,changeCycle=0,myNode=bfdf57a5...,timecost=4.165
info|2019-10-23 13:58:25.501487|[g:1][CONSENSUS][PBFT]checkAndChangeView: Reach consensus,org_view=121,org_changeCycle=0,cur_changeCycle=0,to_view=122
info|2019-10-23 13:58:26.501684|[g:1][CONSENSUS][SEALER]++++++++++++++++ Generating seal on,blkNum=1,tx=0,nodeIdx=2,hash=337d8379...
info|2019-10-23 13:58:26.511230|[g:1][CONSENSUS][PBFT]checkTimeout Succ,view=122,toView=123,nodeIdx=2,changeCycle=0,myNode=bfdf57a5...,timecost=0.222
info|2019-10-23 13:58:26.512310|[g:1][CONSENSUS][PBFT]checkAndChangeView: Reach consensus,org_view=122,org_changeCycle=0,cur_changeCycle=0,to_view=123
info|2019-10-23 13:58:27.510530|[g:1][CONSENSUS]addRawPrepare,height=1,reqIdx=3,hash=6a8854f0...
info|2019-10-23 13:58:27.510910|[g:1][CONSENSUS][PBFT]checkTimeout Succ,view=123,toView=124,nodeIdx=2,changeCycle=0,myNode=bfdf57a5...,timecost=0.287
info|2019-10-23 13:58:27.517043|[g:1][CONSENSUS][PBFT]checkAndChangeView: Reach consensus,org_view=123,org_changeCycle=0,cur_changeCycle=0,to_view=124
info|2019-10-23 13:58:28.521071|[g:1][CONSENSUS]addRawPrepare,height=1,reqIdx=0,hash=37f163a5...
info|2019-10-23 13:58:28.521664|[g:1][CONSENSUS][PBFT]checkTimeout Succ,view=124,toView=125,nodeIdx=2,changeCycle=0,myNode=bfdf57a5...,timecost=0.56
info|2019-10-23 13:58:28.525082|[g:1][CONSENSUS][PBFT]checkAndChangeView: Reach consensus,org_view=124,org_changeCycle=0,cur_changeCycle=0,to_view=125
info|2019-10-23 13:58:29.526232|[g:1][CONSENSUS]addRawPrepare,height=1,reqIdx=1,hash=ec70afac...
info|2019-10-23 13:58:29.526705|[g:1][CONSENSUS][PBFT]checkTimeout Succ,view=125,toView=126,nodeIdx=2,changeCycle=0,myNode=bfdf57a5...,timecost=0.358
info|2019-10-23 13:58:29.531793|[g:1][CONSENSUS][PBFT]checkAndChangeView: Reach consensus,org_view=125,org_changeCycle=0,cur_changeCycle=0,to_view=126
info|2019-10-23 13:58:30.532742|[g:1][CONSENSUS][SEALER]++++++++++++++++ Generating seal on,blkNum=1,tx=0,nodeIdx=2,hash=bd82f80b...
info|2019-10-23 13:58:30.544817|[g:1][CONSENSUS][PBFT]checkTimeout Succ,view=126,toView=127,nodeIdx=2,changeCycle=0,myNode=bfdf57a5...,timecost=0.254
info|2019-10-23 13:58:30.545776|[g:1][CONSENSUS][PBFT]checkAndChangeView: Reach consensus,org_view=126,org_changeCycle=0,cur_changeCycle=0,to_view=127
info|2019-10-23 13:58:31.544671|[g:1][CONSENSUS]addRawPrepare,height=1,reqIdx=3,hash=ab5dc236...
info|2019-10-23 13:58:31.545080|[g:1][CONSENSUS][PBFT]checkTimeout Succ,view=127,toView=128,nodeIdx=2,changeCycle=0,myNode=bfdf57a5...,timecost=0.315
info|2019-10-23 13:58:31.551490|[g:1][CONSENSUS][PBFT]checkAndChangeView: Reach consensus,org_view=127,org_changeCycle=0,cur_changeCycle=0,to_view=128
info|2019-10-23 13:58:32.319640|[P2P][Service] heartBeat,connected count=3
info|2019-10-23 13:58:32.559978|[g:1][CONSENSUS][PBFT]Trigger fast-viewchange,view=128,toView=128,minView=129,INFO=,reqNum=0,curNum=0,GenIdx=1,Cview=129,view=128,fromIdx=1,fromNode=b96a351b...,fromIp=127.0.0.1:30303,hash=cdaccf2a...,nodeIdx=2,myNode=bfdf57a5...
info|2019-10-23 13:58:32.560607|[g:1][CONSENSUS][PBFT]checkAndChangeView: Reach consensus,org_view=128,org_changeCycle=0,cur_changeCycle=0,to_view=129
info|2019-10-23 13:58:32.562192|[g:1][CONSENSUS][PBFT]checkTimeout Succ,view=129,toView=129,nodeIdx=2,changeCycle=0,myNode=bfdf57a5...,timecost=2.119
info|2019-10-23 13:58:33.564214|[g:1][CONSENSUS]addRawPrepare,height=1,reqIdx=1,hash=417a9221...
info|2019-10-23 13:58:33.569144|[g:1][CONSENSUS][PBFT]checkTimeout Succ,view=129,toView=130,nodeIdx=2,changeCycle=0,myNode=bfdf57a5...,timecost=4.652
info|2019-10-23 13:58:33.571318|[g:1][CONSENSUS][PBFT]checkAndChangeView: Reach consensus,org_view=129,org_changeCycle=0,cur_changeCycle=0,to_view=130
info|2019-10-23 13:58:34.571815|[g:1][CONSENSUS][SEALER]++++++++++++++++ Generating seal on,blkNum=1,tx=0,nodeIdx=2,hash=3a224654...
info|2019-10-23 13:58:34.586313|[g:1][CONSENSUS][PBFT]checkTimeout Succ,view=130,toView=131,nodeIdx=2,changeCycle=0,myNode=bfdf57a5...,timecost=0.235
info|2019-10-23 13:58:34.587330|[g:1][CONSENSUS][PBFT]checkAndChangeView: Reach consensus,org_view=130,org_changeCycle=0,cur_changeCycle=0,to_view=131
info|2019-10-23 13:58:35.584939|[g:1][CONSENSUS]addRawPrepare,height=1,reqIdx=3,hash=3f13b033...
info|2019-10-23 13:58:35.585210|[g:1][CONSENSUS][PBFT]checkTimeout Succ,view=131,toView=132,nodeIdx=2,changeCycle=0,myNode=bfdf57a5...,timecost=0.199
info|2019-10-23 13:58:35.591319|[g:1][CONSENSUS][PBFT]checkAndChangeView: Reach consensus,org_view=131,org_changeCycle=0,cur_changeCycle=0,to_view=132
info|2019-10-23 13:58:36.596841|[g:1][CONSENSUS]addRawPrepare,height=1,reqIdx=0,hash=f946a860...
info|2019-10-23 13:58:36.597063|[g:1][CONSENSUS][PBFT]checkTimeout Succ,view=132,toView=133,nodeIdx=2,changeCycle=0,myNode=bfdf57a5...,timecost=0.198
info|2019-10-23 13:58:36.598387|[g:1][CONSENSUS][PBFT]checkAndChangeView: Reach consensus,org_view=132,org_changeCycle=0,cur_changeCycle=0,to_view=133
info|2019-10-23 13:58:37.600486|[g:1][CONSENSUS]addRawPrepare,height=1,reqIdx=1,hash=a05c45d8...
info|2019-10-23 13:58:37.600873|[g:1][CONSENSUS][PBFT]checkTimeout Succ,view=133,toView=134,nodeIdx=2,changeCycle=0,myNode=bfdf57a5...,timecost=0.288
info|2019-10-23 13:58:37.605591|[g:1][CONSENSUS][PBFT]checkAndChangeView: Reach consensus,org_view=133,org_changeCycle=0,cur_changeCycle=0,to_view=134
info|2019-10-23 13:58:38.606159|[g:1][CONSENSUS][SEALER]++++++++++++++++ Generating seal on,blkNum=1,tx=0,nodeIdx=2,hash=7e467c34...
info|2019-10-23 13:58:38.613474|[g:1][CONSENSUS][PBFT]checkTimeout Succ,view=134,toView=135,nodeIdx=2,changeCycle=0,myNode=bfdf57a5...,timecost=0.248
info|2019-10-23 13:58:38.620367|[g:1][CONSENSUS][PBFT]checkAndChangeView: Reach consensus,org_view=134,org_changeCycle=0,cur_changeCycle=0,to_view=135
info|2019-10-23 13:58:39.624593|[g:1][CONSENSUS]addRawPrepare,height=1,reqIdx=3,hash=d901220a...
info|2019-10-23 13:58:39.625074|[g:1][CONSENSUS][PBFT]checkTimeout Succ,view=135,toView=136,nodeIdx=2,changeCycle=0,myNode=bfdf57a5...,timecost=0.31
info|2019-10-23 13:58:39.629964|[g:1][CONSENSUS][PBFT]checkAndChangeView: Reach consensus,org_view=135,org_changeCycle=0,cur_changeCycle=0,to_view=136
info|2019-10-23 13:58:40.634382|[g:1][CONSENSUS]addRawPrepare,height=1,reqIdx=0,hash=686e6c3a...
info|2019-10-23 13:58:40.634649|[g:1][CONSENSUS][PBFT]checkTimeout Succ,view=136,toView=137,nodeIdx=2,changeCycle=0,myNode=bfdf57a5...,timecost=0.239
info|2019-10-23 13:58:40.635302|[g:1][CONSENSUS][PBFT]checkAndChangeView: Reach consensus,org_view=136,org_changeCycle=0,cur_changeCycle=0,to_view=137
info|2019-10-23 13:58:41.638315|[g:1][CONSENSUS]addRawPrepare,height=1,reqIdx=1,hash=ffe1b9a3...
info|2019-10-23 13:58:41.638817|[g:1][CONSENSUS][PBFT]checkTimeout Succ,view=137,toView=138,nodeIdx=2,changeCycle=0,myNode=bfdf57a5...,timecost=0.387
info|2019-10-23 13:58:41.644883|[g:1][CONSENSUS][PBFT]checkAndChangeView: Reach consensus,org_view=137,org_changeCycle=0,cur_changeCycle=0,to_view=138
info|2019-10-23 13:58:42.320740|[P2P][Service] heartBeat,connected count=3
info|2019-10-23 13:58:42.645280|[g:1][CONSENSUS][SEALER]++++++++++++++++ Generating seal on,blkNum=1,tx=0,nodeIdx=2,hash=316e530c...
info|2019-10-23 13:58:42.654296|[g:1][CONSENSUS][PBFT]checkTimeout Succ,view=138,toView=139,nodeIdx=2,changeCycle=0,myNode=bfdf57a5...,timecost=0.22
info|2019-10-23 13:58:42.655339|[g:1][CONSENSUS][PBFT]checkAndChangeView: Reach consensus,org_view=138,org_changeCycle=0,cur_changeCycle=0,to_view=139
info|2019-10-23 13:58:43.656276|[g:1][CONSENSUS]addRawPrepare,height=1,reqIdx=3,hash=519f29be...
info|2019-10-23 13:58:43.659785|[g:1][CONSENSUS][PBFT]checkTimeout Succ,view=139,toView=140,nodeIdx=2,changeCycle=0,myNode=bfdf57a5...,timecost=0.225
info|2019-10-23 13:58:43.660485|[g:1][CONSENSUS][PBFT]checkAndChangeView: Reach consensus,org_view=139,org_changeCycle=0,cur_changeCycle=0,to_view=140
info|2019-10-23 13:58:44.667081|[g:1][CONSENSUS]addRawPrepare,height=1,reqIdx=0,hash=624c88e7...
info|2019-10-23 13:58:44.667397|[g:1][CONSENSUS][PBFT]checkTimeout Succ,view=140,toView=141,nodeIdx=2,changeCycle=0,myNode=bfdf57a5...,timecost=0.283
info|2019-10-23 13:58:44.667998|[g:1][CONSENSUS][PBFT]checkAndChangeView: Reach consensus,org_view=140,org_changeCycle=0,cur_changeCycle=0,to_view=141
info|2019-10-23 13:58:45.671306|[g:1][CONSENSUS]addRawPrepare,height=1,reqIdx=1,hash=3473de49...
info|2019-10-23 13:58:45.671775|[g:1][CONSENSUS][PBFT]checkTimeout Succ,view=141,toView=142,nodeIdx=2,changeCycle=0,myNode=bfdf57a5...,timecost=0.356
info|2019-10-23 13:58:45.677223|[g:1][CONSENSUS][PBFT]checkAndChangeView: Reach consensus,org_view=141,org_changeCycle=0,cur_changeCycle=0,to_view=142
info|2019-10-23 13:58:46.679418|[g:1][CONSENSUS][SEALER]++++++++++++++++ Generating seal on,blkNum=1,tx=0,nodeIdx=2,hash=9270aa07...
info|2019-10-23 13:58:46.689269|[g:1][CONSENSUS][PBFT]checkTimeout Succ,view=142,toView=143,nodeIdx=2,changeCycle=0,myNode=bfdf57a5...,timecost=0.221
info|2019-10-23 13:58:46.691976|[g:1][CONSENSUS][PBFT]checkAndChangeView: Reach consensus,org_view=142,org_changeCycle=0,cur_changeCycle=0,to_view=143
info|2019-10-23 13:58:47.689980|[g:1][CONSENSUS]addRawPrepare,height=1,reqIdx=3,hash=2457badd...
info|2019-10-23 13:58:47.691346|[g:1][CONSENSUS][PBFT]checkTimeout Succ,view=143,toView=144,nodeIdx=2,changeCycle=0,myNode=bfdf57a5...,timecost=0.923
info|2019-10-23 13:58:47.697012|[g:1][CONSENSUS][PBFT]checkAndChangeView: Reach consensus,org_view=143,org_changeCycle=0,cur_changeCycle=0,to_view=144
info|2019-10-23 13:58:48.701491|[g:1][CONSENSUS]addRawPrepare,height=1,reqIdx=0,hash=92ef5025...
info|2019-10-23 13:58:48.701729|[g:1][CONSENSUS][PBFT]checkTimeout Succ,view=144,toView=145,nodeIdx=2,changeCycle=0,myNode=bfdf57a5...,timecost=0.212
info|2019-10-23 13:58:48.705152|[g:1][CONSENSUS][PBFT]checkAndChangeView: Reach consensus,org_view=144,org_changeCycle=0,cur_changeCycle=0,to_view=145
info|2019-10-23 13:58:49.708029|[g:1][CONSENSUS]addRawPrepare,height=1,reqIdx=1,hash=e2eb00b6...
info|2019-10-23 13:58:49.708527|[g:1][CONSENSUS][PBFT]checkTimeout Succ,view=145,toView=146,nodeIdx=2,changeCycle=0,myNode=bfdf57a5...,timecost=0.361
info|2019-10-23 13:58:49.714267|[g:1][CONSENSUS][PBFT]checkAndChangeView: Reach consensus,org_view=145,org_changeCycle=0,cur_changeCycle=0,to_view=146
info|2019-10-23 13:58:50.714890|[g:1][CONSENSUS][SEALER]++++++++++++++++ Generating seal on,blkNum=1,tx=0,nodeIdx=2,hash=bd99e517...
info|2019-10-23 13:58:50.723169|[g:1][CONSENSUS][PBFT]checkTimeout Succ,view=146,toView=147,nodeIdx=2,changeCycle=0,myNode=bfdf57a5...,timecost=0.224
info|2019-10-23 13:58:50.724297|[g:1][CONSENSUS][PBFT]checkAndChangeView: Reach consensus,org_view=146,org_changeCycle=0,cur_changeCycle=0,to_view=147
info|2019-10-23 13:58:51.724314|[g:1][CONSENSUS]addRawPrepare,height=1,reqIdx=3,hash=9f62041c...
info|2019-10-23 13:58:51.725476|[g:1][CONSENSUS][PBFT]checkTimeout Succ,view=147,toView=148,nodeIdx=2,changeCycle=0,myNode=bfdf57a5...,timecost=0.778
info|2019-10-23 13:58:51.730027|[g:1][CONSENSUS][PBFT]checkAndChangeView: Reach consensus,org_view=147,org_changeCycle=0,cur_changeCycle=0,to_view=148
info|2019-10-23 13:58:52.321121|[P2P][Service] heartBeat,connected count=3
info|2019-10-23 13:58:52.731376|[g:1][CONSENSUS]addRawPrepare,height=1,reqIdx=0,hash=fead23e4...
info|2019-10-23 13:58:52.731727|[g:1][CONSENSUS][PBFT]checkTimeout Succ,view=148,toView=149,nodeIdx=2,changeCycle=0,myNode=bfdf57a5...,timecost=0.311
info|2019-10-23 13:58:52.735568|[g:1][CONSENSUS][PBFT]checkAndChangeView: Reach consensus,org_view=148,org_changeCycle=0,cur_changeCycle=0,to_view=149
info|2019-10-23 13:58:53.738093|[g:1][CONSENSUS]addRawPrepare,height=1,reqIdx=1,hash=2ada1be2...
info|2019-10-23 13:58:53.738926|[g:1][CONSENSUS][PBFT]checkTimeout Succ,view=149,toView=150,nodeIdx=2,changeCycle=0,myNode=bfdf57a5...,timecost=0.708
info|2019-10-23 13:58:53.746273|[g:1][CONSENSUS][PBFT]checkAndChangeView: Reach consensus,org_view=149,org_changeCycle=0,cur_changeCycle=0,to_view=150
info|2019-10-23 13:58:54.746979|[g:1][CONSENSUS][SEALER]++++++++++++++++ Generating seal on,blkNum=1,tx=0,nodeIdx=2,hash=d66e7b87...
info|2019-10-23 13:58:54.756049|[g:1][CONSENSUS][PBFT]checkTimeout Succ,view=150,toView=151,nodeIdx=2,changeCycle=0,myNode=bfdf57a5...,timecost=0.223
info|2019-10-23 13:58:54.756943|[g:1][CONSENSUS][PBFT]checkAndChangeView: Reach consensus,org_view=150,org_changeCycle=0,cur_changeCycle=0,to_view=151
info|2019-10-23 13:58:55.752915|[g:1][CONSENSUS]addRawPrepare,height=1,reqIdx=3,hash=890d0546...
info|2019-10-23 13:58:55.753426|[g:1][CONSENSUS][PBFT]checkTimeout Succ,view=151,toView=152,nodeIdx=2,changeCycle=0,myNode=bfdf57a5...,timecost=0.396
info|2019-10-23 13:58:55.761597|[g:1][CONSENSUS][PBFT]checkAndChangeView: Reach consensus,org_view=151,org_changeCycle=0,cur_changeCycle=0,to_view=152
info|2019-10-23 13:58:56.766522|[g:1][CONSENSUS]addRawPrepare,height=1,reqIdx=0,hash=62536630...
info|2019-10-23 13:58:56.766744|[g:1][CONSENSUS][PBFT]checkTimeout Succ,view=152,toView=153,nodeIdx=2,changeCycle=0,myNode=bfdf57a5...,timecost=0.198
info|2019-10-23 13:58:56.767681|[g:1][CONSENSUS][PBFT]checkAndChangeView: Reach consensus,org_view=152,org_changeCycle=0,cur_changeCycle=0,to_view=153
info|2019-10-23 13:58:57.771131|[g:1][CONSENSUS]addRawPrepare,height=1,reqIdx=1,hash=85182049...
info|2019-10-23 13:58:57.771545|[g:1][CONSENSUS][PBFT]checkTimeout Succ,view=153,toView=154,nodeIdx=2,changeCycle=0,myNode=bfdf57a5...,timecost=0.291
info|2019-10-23 13:58:57.777269|[g:1][CONSENSUS][PBFT]checkAndChangeView: Reach consensus,org_view=153,org_changeCycle=0,cur_changeCycle=0,to_view=154
info|2019-10-23 13:58:58.777373|[g:1][CONSENSUS][SEALER]++++++++++++++++ Generating seal on,blkNum=1,tx=0,nodeIdx=2,hash=d1f0149b...
info|2019-10-23 13:58:58.789044|[g:1][CONSENSUS][PBFT]checkTimeout Succ,view=154,toView=155,nodeIdx=2,changeCycle=0,myNode=bfdf57a5...,timecost=0.229
info|2019-10-23 13:58:58.790261|[g:1][CONSENSUS][PBFT]checkAndChangeView: Reach consensus,org_view=154,org_changeCycle=0,cur_changeCycle=0,to_view=155
info|2019-10-23 13:58:59.789389|[g:1][CONSENSUS]addRawPrepare,height=1,reqIdx=3,hash=1364def1...
info|2019-10-23 13:58:59.789867|[g:1][CONSENSUS][PBFT]checkTimeout Succ,view=155,toView=156,nodeIdx=2,changeCycle=0,myNode=bfdf57a5...,timecost=0.361
info|2019-10-23 13:58:59.795219|[g:1][CONSENSUS][PBFT]checkAndChangeView: Reach consensus,org_view=155,org_changeCycle=0,cur_changeCycle=0,to_view=156
info|2019-10-23 13:59:00.798395|[g:1][CONSENSUS]addRawPrepare,height=1,reqIdx=0,hash=58e81f9a...
info|2019-10-23 13:59:00.798712|[g:1][CONSENSUS][PBFT]checkTimeout Succ,view=156,toView=157,nodeIdx=2,changeCycle=0,myNode=bfdf57a5...,timecost=0.283
info|2019-10-23 13:59:00.801407|[g:1][CONSENSUS][PBFT]checkAndChangeView: Reach consensus,org_view=156,org_changeCycle=0,cur_changeCycle=0,to_view=157
info|2019-10-23 13:59:01.803448|[g:1][CONSENSUS]addRawPrepare,height=1,reqIdx=1,hash=a85e54e5...
info|2019-10-23 13:59:01.803795|[g:1][CONSENSUS][PBFT]checkTimeout Succ,view=157,toView=158,nodeIdx=2,changeCycle=0,myNode=bfdf57a5...,timecost=0.225
info|2019-10-23 13:59:01.811526|[g:1][CONSENSUS][PBFT]checkAndChangeView: Reach consensus,org_view=157,org_changeCycle=0,cur_changeCycle=0,to_view=158
info|2019-10-23 13:59:02.321353|[P2P][Service] heartBeat,connected count=3
info|2019-10-23 13:59:02.811691|[g:1][CONSENSUS][SEALER]++++++++++++++++ Generating seal on,blkNum=1,tx=0,nodeIdx=2,hash=c952899b...
info|2019-10-23 13:59:02.819250|[g:1][CONSENSUS][PBFT]checkTimeout Succ,view=158,toView=159,nodeIdx=2,changeCycle=0,myNode=bfdf57a5...,timecost=0.216
info|2019-10-23 13:59:02.820259|[g:1][CONSENSUS][PBFT]checkAndChangeView: Reach consensus,org_view=158,org_changeCycle=0,cur_changeCycle=0,to_view=159
info|2019-10-23 13:59:03.824251|[g:1][CONSENSUS]addRawPrepare,height=1,reqIdx=3,hash=1a415b8c...
info|2019-10-23 13:59:03.824541|[g:1][CONSENSUS][PBFT]checkTimeout Succ,view=159,toView=160,nodeIdx=2,changeCycle=0,myNode=bfdf57a5...,timecost=0.224
info|2019-10-23 13:59:03.828332|[g:1][CONSENSUS][PBFT]checkAndChangeView: Reach consensus,org_view=159,org_changeCycle=0,cur_changeCycle=0,to_view=160
info|2019-10-23 13:59:04.833456|[g:1][CONSENSUS]addRawPrepare,height=1,reqIdx=0,hash=c95443a2...
info|2019-10-23 13:59:04.833770|[g:1][CONSENSUS][PBFT]checkTimeout Succ,view=160,toView=161,nodeIdx=2,changeCycle=0,myNode=bfdf57a5...,timecost=0.282
info|2019-10-23 13:59:04.835980|[g:1][CONSENSUS][PBFT]checkAndChangeView: Reach consensus,org_view=160,org_changeCycle=0,cur_changeCycle=0,to_view=161
info|2019-10-23 13:59:05.837983|[g:1][CONSENSUS]addRawPrepare,height=1,reqIdx=1,hash=ab7a90f1...
info|2019-10-23 13:59:05.838481|[g:1][CONSENSUS][PBFT]checkTimeout Succ,view=161,toView=162,nodeIdx=2,changeCycle=0,myNode=bfdf57a5...,timecost=0.358
info|2019-10-23 13:59:05.843259|[g:1][CONSENSUS][PBFT]checkAndChangeView: Reach consensus,org_view=161,org_changeCycle=0,cur_changeCycle=0,to_view=162
info|2019-10-23 13:59:06.844867|[g:1][CONSENSUS][SEALER]++++++++++++++++ Generating seal on,blkNum=1,tx=0,nodeIdx=2,hash=420a9700...
info|2019-10-23 13:59:06.853083|[g:1][CONSENSUS][PBFT]checkTimeout Succ,view=162,toView=163,nodeIdx=2,changeCycle=0,myNode=bfdf57a5...,timecost=0.217
info|2019-10-23 13:59:06.854032|[g:1][CONSENSUS][PBFT]checkAndChangeView: Reach consensus,org_view=162,org_changeCycle=0,cur_changeCycle=0,to_view=163
info|2019-10-23 13:59:07.852940|[g:1][CONSENSUS]addRawPrepare,height=1,reqIdx=3,hash=547f85d2...
info|2019-10-23 13:59:07.853485|[g:1][CONSENSUS][PBFT]checkTimeout Succ,view=163,toView=164,nodeIdx=2,changeCycle=0,myNode=bfdf57a5...,timecost=0.367
info|2019-10-23 13:59:07.859990|[g:1][CONSENSUS][PBFT]checkAndChangeView: Reach consensus,org_view=163,org_changeCycle=0,cur_changeCycle=0,to_view=164
info|2019-10-23 13:59:08.863324|[g:1][CONSENSUS]addRawPrepare,height=1,reqIdx=0,hash=31be38fb...
info|2019-10-23 13:59:08.863582|[g:1][CONSENSUS][PBFT]checkTimeout Succ,view=164,toView=165,nodeIdx=2,changeCycle=0,myNode=bfdf57a5...,timecost=0.229
info|2019-10-23 13:59:08.868412|[g:1][CONSENSUS][PBFT]checkAndChangeView: Reach consensus,org_view=164,org_changeCycle=0,cur_changeCycle=0,to_view=165
info|2019-10-23 13:59:09.869183|[g:1][CONSENSUS]addRawPrepare,height=1,reqIdx=1,hash=24800ddf...
info|2019-10-23 13:59:09.869562|[g:1][CONSENSUS][PBFT]checkTimeout Succ,view=165,toView=166,nodeIdx=2,changeCycle=0,myNode=bfdf57a5...,timecost=0.286
info|2019-10-23 13:59:09.874118|[g:1][CONSENSUS][PBFT]checkAndChangeView: Reach consensus,org_view=165,org_changeCycle=0,cur_changeCycle=0,to_view=166
info|2019-10-23 13:59:10.875587|[g:1][CONSENSUS][SEALER]++++++++++++++++ Generating seal on,blkNum=1,tx=0,nodeIdx=2,hash=648ba0e2...
info|2019-10-23 13:59:10.884288|[g:1][CONSENSUS][PBFT]checkTimeout Succ,view=166,toView=167,nodeIdx=2,changeCycle=0,myNode=bfdf57a5...,timecost=0.218
info|2019-10-23 13:59:10.885389|[g:1][CONSENSUS][PBFT]checkAndChangeView: Reach consensus,org_view=166,org_changeCycle=0,cur_changeCycle=0,to_view=167
info|2019-10-23 13:59:11.884599|[g:1][CONSENSUS]addRawPrepare,height=1,reqIdx=3,hash=35b8a62e...
info|2019-10-23 13:59:11.884980|[g:1][CONSENSUS][PBFT]checkTimeout Succ,view=167,toView=168,nodeIdx=2,changeCycle=0,myNode=bfdf57a5...,timecost=0.287
info|2019-10-23 13:59:11.888958|[g:1][CONSENSUS][PBFT]checkAndChangeView: Reach consensus,org_view=167,org_changeCycle=0,cur_changeCycle=0,to_view=168
info|2019-10-23 13:59:12.321530|[P2P][Service] heartBeat,connected count=3
info|2019-10-23 13:59:12.892756|[g:1][CONSENSUS]addRawPrepare,height=1,reqIdx=0,hash=63d79054...
info|2019-10-23 13:59:12.893011|[g:1][CONSENSUS][PBFT]checkTimeout Succ,view=168,toView=169,nodeIdx=2,changeCycle=0,myNode=bfdf57a5...,timecost=0.227
info|2019-10-23 13:59:12.894326|[g:1][CONSENSUS][PBFT]checkAndChangeView: Reach consensus,org_view=168,org_changeCycle=0,cur_changeCycle=0,to_view=169
info|2019-10-23 13:59:13.901595|[g:1][CONSENSUS]addRawPrepare,height=1,reqIdx=1,hash=dbfb06c3...
info|2019-10-23 13:59:13.901867|[g:1][CONSENSUS][PBFT]checkTimeout Succ,view=169,toView=170,nodeIdx=2,changeCycle=0,myNode=bfdf57a5...,timecost=0.201
info|2019-10-23 13:59:13.906288|[g:1][CONSENSUS][PBFT]checkAndChangeView: Reach consensus,org_view=169,org_changeCycle=0,cur_changeCycle=0,to_view=170
info|2019-10-23 13:59:14.906479|[g:1][CONSENSUS][SEALER]++++++++++++++++ Generating seal on,blkNum=1,tx=0,nodeIdx=2,hash=c0557f83...
info|2019-10-23 13:59:14.914791|[g:1][CONSENSUS][PBFT]checkTimeout Succ,view=170,toView=171,nodeIdx=2,changeCycle=0,myNode=bfdf57a5...,timecost=0.215
info|2019-10-23 13:59:14.915919|[g:1][CONSENSUS][PBFT]checkAndChangeView: Reach consensus,org_view=170,org_changeCycle=0,cur_changeCycle=0,to_view=171
info|2019-10-23 13:59:15.913426|[g:1][CONSENSUS]addRawPrepare,height=1,reqIdx=3,hash=4b09e4d5...
info|2019-10-23 13:59:15.913809|[g:1][CONSENSUS][PBFT]checkTimeout Succ,view=171,toView=172,nodeIdx=2,changeCycle=0,myNode=bfdf57a5...,timecost=0.287
info|2019-10-23 13:59:15.917656|[g:1][CONSENSUS][PBFT]checkAndChangeView: Reach consensus,org_view=171,org_changeCycle=0,cur_changeCycle=0,to_view=172
info|2019-10-23 13:59:16.921603|[g:1][CONSENSUS]addRawPrepare,height=1,reqIdx=0,hash=a034f13f...
info|2019-10-23 13:59:16.921942|[g:1][CONSENSUS][PBFT]checkTimeout Succ,view=172,toView=173,nodeIdx=2,changeCycle=0,myNode=bfdf57a5...,timecost=0.303
info|2019-10-23 13:59:16.924963|[g:1][CONSENSUS][PBFT]checkAndChangeView: Reach consensus,org_view=172,org_changeCycle=0,cur_changeCycle=0,to_view=173
info|2019-10-23 13:59:17.927387|[g:1][CONSENSUS]addRawPrepare,height=1,reqIdx=1,hash=6e281cf0...
info|2019-10-23 13:59:17.927864|[g:1][CONSENSUS][PBFT]checkTimeout Succ,view=173,toView=174,nodeIdx=2,changeCycle=0,myNode=bfdf57a5...,timecost=0.36
info|2019-10-23 13:59:17.933434|[g:1][CONSENSUS][PBFT]checkAndChangeView: Reach consensus,org_view=173,org_changeCycle=0,cur_changeCycle=0,to_view=174
info|2019-10-23 13:59:18.935103|[g:1][CONSENSUS][SEALER]++++++++++++++++ Generating seal on,blkNum=1,tx=0,nodeIdx=2,hash=574b9859...
info|2019-10-23 13:59:18.944566|[g:1][CONSENSUS][PBFT]checkTimeout Succ,view=174,toView=175,nodeIdx=2,changeCycle=0,myNode=bfdf57a5...,timecost=0.225
info|2019-10-23 13:59:18.946425|[g:1][CONSENSUS][PBFT]checkAndChangeView: Reach consensus,org_view=174,org_changeCycle=0,cur_changeCycle=0,to_view=175
info|2019-10-23 13:59:19.945771|[g:1][CONSENSUS]addRawPrepare,height=1,reqIdx=3,hash=2d43a317...
info|2019-10-23 13:59:19.946356|[g:1][CONSENSUS][PBFT]checkTimeout Succ,view=175,toView=176,nodeIdx=2,changeCycle=0,myNode=bfdf57a5...,timecost=0.439
info|2019-10-23 13:59:19.954256|[g:1][CONSENSUS][PBFT]checkAndChangeView: Reach consensus,org_view=175,org_changeCycle=0,cur_changeCycle=0,to_view=176
info|2019-10-23 13:59:20.958966|[g:1][CONSENSUS]addRawPrepare,height=1,reqIdx=0,hash=2693da6e...
info|2019-10-23 13:59:20.959303|[g:1][CONSENSUS][PBFT]checkTimeout Succ,view=176,toView=177,nodeIdx=2,changeCycle=0,myNode=bfdf57a5...,timecost=0.3
info|2019-10-23 13:59:20.962428|[g:1][CONSENSUS][PBFT]checkAndChangeView: Reach consensus,org_view=176,org_changeCycle=0,cur_changeCycle=0,to_view=177
info|2019-10-23 13:59:21.964487|[g:1][CONSENSUS]addRawPrepare,height=1,reqIdx=1,hash=4a8d2df2...
info|2019-10-23 13:59:21.964979|[g:1][CONSENSUS][PBFT]checkTimeout Succ,view=177,toView=178,nodeIdx=2,changeCycle=0,myNode=bfdf57a5...,timecost=0.397
info|2019-10-23 13:59:21.969407|[g:1][CONSENSUS][PBFT]checkAndChangeView: Reach consensus,org_view=177,org_changeCycle=0,cur_changeCycle=0,to_view=178
info|2019-10-23 13:59:22.321896|[P2P][Service] heartBeat,connected count=3
info|2019-10-23 13:59:22.970107|[g:1][CONSENSUS][SEALER]++++++++++++++++ Generating seal on,blkNum=1,tx=0,nodeIdx=2,hash=726aa130...
info|2019-10-23 13:59:22.978639|[g:1][CONSENSUS][PBFT]checkTimeout Succ,view=178,toView=179,nodeIdx=2,changeCycle=0,myNode=bfdf57a5...,timecost=0.218
info|2019-10-23 13:59:22.979613|[g:1][CONSENSUS][PBFT]checkAndChangeView: Reach consensus,org_view=178,org_changeCycle=0,cur_changeCycle=0,to_view=179
info|2019-10-23 13:59:23.978837|[g:1][CONSENSUS]addRawPrepare,height=1,reqIdx=3,hash=2d6b9979...
info|2019-10-23 13:59:23.979233|[g:1][CONSENSUS][PBFT]checkTimeout Succ,view=179,toView=180,nodeIdx=2,changeCycle=0,myNode=bfdf57a5...,timecost=0.289
info|2019-10-23 13:59:23.986107|[g:1][CONSENSUS][PBFT]checkAndChangeView: Reach consensus,org_view=179,org_changeCycle=0,cur_changeCycle=0,to_view=180
info|2019-10-23 13:59:24.992148|[g:1][CONSENSUS]addRawPrepare,height=1,reqIdx=0,hash=e39f3c64...
info|2019-10-23 13:59:24.992384|[g:1][CONSENSUS][PBFT]checkTimeout Succ,view=180,toView=181,nodeIdx=2,changeCycle=0,myNode=bfdf57a5...,timecost=0.213
info|2019-10-23 13:59:24.993201|[g:1][CONSENSUS][PBFT]checkAndChangeView: Reach consensus,org_view=180,org_changeCycle=0,cur_changeCycle=0,to_view=181
info|2019-10-23 13:59:25.996861|[g:1][CONSENSUS]addRawPrepare,height=1,reqIdx=1,hash=b0afee70...
info|2019-10-23 13:59:26.002274|[g:1][CONSENSUS][PBFT]checkTimeout Succ,view=181,toView=182,nodeIdx=2,changeCycle=0,myNode=bfdf57a5...,timecost=5.182
info|2019-10-23 13:59:26.004106|[g:1][CONSENSUS][PBFT]checkAndChangeView: Reach consensus,org_view=181,org_changeCycle=0,cur_changeCycle=0,to_view=182
info|2019-10-23 13:59:27.004209|[g:1][CONSENSUS][SEALER]++++++++++++++++ Generating seal on,blkNum=1,tx=0,nodeIdx=2,hash=2462440b...
info|2019-10-23 13:59:27.014353|[g:1][CONSENSUS][PBFT]checkTimeout Succ,view=182,toView=183,nodeIdx=2,changeCycle=0,myNode=bfdf57a5...,timecost=0.22
info|2019-10-23 13:59:27.015378|[g:1][CONSENSUS][PBFT]checkAndChangeView: Reach consensus,org_view=182,org_changeCycle=0,cur_changeCycle=0,to_view=183
info|2019-10-23 13:59:28.015657|[g:1][CONSENSUS]addRawPrepare,height=1,reqIdx=3,hash=5514458b...
info|2019-10-23 13:59:28.021238|[g:1][CONSENSUS][PBFT]checkTimeout Succ,view=183,toView=184,nodeIdx=2,changeCycle=0,myNode=bfdf57a5...,timecost=2.292
info|2019-10-23 13:59:28.022027|[g:1][CONSENSUS][PBFT]checkAndChangeView: Reach consensus,org_view=183,org_changeCycle=0,cur_changeCycle=0,to_view=184
info|2019-10-23 13:59:29.026123|[g:1][CONSENSUS]addRawPrepare,height=1,reqIdx=0,hash=0bb57768...
info|2019-10-23 13:59:29.026356|[g:1][CONSENSUS][PBFT]checkTimeout Succ,view=184,toView=185,nodeIdx=2,changeCycle=0,myNode=bfdf57a5...,timecost=0.208
info|2019-10-23 13:59:29.027903|[g:1][CONSENSUS][PBFT]checkAndChangeView: Reach consensus,org_view=184,org_changeCycle=0,cur_changeCycle=0,to_view=185
info|2019-10-23 13:59:30.031971|[g:1][CONSENSUS]addRawPrepare,height=1,reqIdx=1,hash=18c7a74c...
info|2019-10-23 13:59:30.032440|[g:1][CONSENSUS][PBFT]checkTimeout Succ,view=185,toView=186,nodeIdx=2,changeCycle=0,myNode=bfdf57a5...,timecost=0.357
info|2019-10-23 13:59:30.038128|[g:1][CONSENSUS][PBFT]checkAndChangeView: Reach consensus,org_view=185,org_changeCycle=0,cur_changeCycle=0,to_view=186
info|2019-10-23 13:59:31.038767|[g:1][CONSENSUS][SEALER]++++++++++++++++ Generating seal on,blkNum=1,tx=0,nodeIdx=2,hash=67b4141c...
info|2019-10-23 13:59:31.047308|[g:1][CONSENSUS][PBFT]checkTimeout Succ,view=186,toView=187,nodeIdx=2,changeCycle=0,myNode=bfdf57a5...,timecost=0.233
info|2019-10-23 13:59:31.048658|[g:1][CONSENSUS][PBFT]checkAndChangeView: Reach consensus,org_view=186,org_changeCycle=0,cur_changeCycle=0,to_view=187
info|2019-10-23 13:59:32.046157|[g:1][CONSENSUS]addRawPrepare,height=1,reqIdx=3,hash=eeef75c3...
info|2019-10-23 13:59:32.046554|[g:1][CONSENSUS][PBFT]checkTimeout Succ,view=187,toView=188,nodeIdx=2,changeCycle=0,myNode=bfdf57a5...,timecost=0.294
info|2019-10-23 13:59:32.052511|[g:1][CONSENSUS][PBFT]checkAndChangeView: Reach consensus,org_view=187,org_changeCycle=0,cur_changeCycle=0,to_view=188
info|2019-10-23 13:59:32.322051|[P2P][Service] heartBeat,connected count=3
info|2019-10-23 13:59:33.056459|[g:1][CONSENSUS][PBFT]Trigger fast-viewchange,view=188,toView=188,minView=189,INFO=,reqNum=0,curNum=0,GenIdx=1,Cview=189,view=188,fromIdx=1,fromNode=b96a351b...,fromIp=127.0.0.1:30303,hash=cdaccf2a...,nodeIdx=2,myNode=bfdf57a5...
info|2019-10-23 13:59:33.056697|[g:1][CONSENSUS][PBFT]checkAndChangeView: Reach consensus,org_view=188,org_changeCycle=0,cur_changeCycle=0,to_view=189
info|2019-10-23 13:59:33.056702|[g:1][CONSENSUS][PBFT]checkTimeout Succ,view=189,toView=189,nodeIdx=2,changeCycle=0,myNode=bfdf57a5...,timecost=0.203
info|2019-10-23 13:59:34.062778|[g:1][CONSENSUS]addRawPrepare,height=1,reqIdx=1,hash=77c5bac0...
info|2019-10-23 13:59:34.063069|[g:1][CONSENSUS][PBFT]checkTimeout Succ,view=189,toView=190,nodeIdx=2,changeCycle=0,myNode=bfdf57a5...,timecost=0.205
info|2019-10-23 13:59:34.065984|[g:1][CONSENSUS][PBFT]checkAndChangeView: Reach consensus,org_view=189,org_changeCycle=0,cur_changeCycle=0,to_view=190
info|2019-10-23 13:59:35.067827|[g:1][CONSENSUS][SEALER]++++++++++++++++ Generating seal on,blkNum=1,tx=0,nodeIdx=2,hash=01c1a14d...
info|2019-10-23 13:59:35.076661|[g:1][CONSENSUS][PBFT]checkTimeout Succ,view=190,toView=191,nodeIdx=2,changeCycle=0,myNode=bfdf57a5...,timecost=0.231
info|2019-10-23 13:59:35.077729|[g:1][CONSENSUS][PBFT]checkAndChangeView: Reach consensus,org_view=190,org_changeCycle=0,cur_changeCycle=0,to_view=191
info|2019-10-23 13:59:36.076475|[g:1][CONSENSUS]addRawPrepare,height=1,reqIdx=3,hash=c8dd5d6b...
info|2019-10-23 13:59:36.076886|[g:1][CONSENSUS][PBFT]checkTimeout Succ,view=191,toView=192,nodeIdx=2,changeCycle=0,myNode=bfdf57a5...,timecost=0.29
info|2019-10-23 13:59:36.081970|[g:1][CONSENSUS][PBFT]checkAndChangeView: Reach consensus,org_view=191,org_changeCycle=0,cur_changeCycle=0,to_view=192
info|2019-10-23 13:59:37.085834|[g:1][CONSENSUS]addRawPrepare,height=1,reqIdx=0,hash=e147f4ac...
info|2019-10-23 13:59:37.086060|[g:1][CONSENSUS][PBFT]checkTimeout Succ,view=192,toView=193,nodeIdx=2,changeCycle=0,myNode=bfdf57a5...,timecost=0.2
info|2019-10-23 13:59:37.086711|[g:1][CONSENSUS][PBFT]checkAndChangeView: Reach consensus,org_view=192,org_changeCycle=0,cur_changeCycle=0,to_view=193
info|2019-10-23 13:59:38.090040|[g:1][CONSENSUS]addRawPrepare,height=1,reqIdx=1,hash=a9a02afe...
info|2019-10-23 13:59:38.090517|[g:1][CONSENSUS][PBFT]checkTimeout Succ,view=193,toView=194,nodeIdx=2,changeCycle=0,myNode=bfdf57a5...,timecost=0.36
info|2019-10-23 13:59:38.095564|[g:1][CONSENSUS][PBFT]checkAndChangeView: Reach consensus,org_view=193,org_changeCycle=0,cur_changeCycle=0,to_view=194
info|2019-10-23 13:59:39.095444|[g:1][CONSENSUS][SEALER]++++++++++++++++ Generating seal on,blkNum=1,tx=0,nodeIdx=2,hash=76d03a93...
info|2019-10-23 13:59:39.104281|[g:1][CONSENSUS][PBFT]checkTimeout Succ,view=194,toView=195,nodeIdx=2,changeCycle=0,myNode=bfdf57a5...,timecost=0.218
info|2019-10-23 13:59:39.105074|[g:1][CONSENSUS][PBFT]checkAndChangeView: Reach consensus,org_view=194,org_changeCycle=0,cur_changeCycle=0,to_view=195
info|2019-10-23 13:59:40.105313|[g:1][CONSENSUS]addRawPrepare,height=1,reqIdx=3,hash=ee239ef9...
info|2019-10-23 13:59:40.105803|[g:1][CONSENSUS][PBFT]checkTimeout Succ,view=195,toView=196,nodeIdx=2,changeCycle=0,myNode=bfdf57a5...,timecost=0.367
info|2019-10-23 13:59:40.110945|[g:1][CONSENSUS][PBFT]checkAndChangeView: Reach consensus,org_view=195,org_changeCycle=0,cur_changeCycle=0,to_view=196
info|2019-10-23 13:59:41.112134|[g:1][CONSENSUS]addRawPrepare,height=1,reqIdx=0,hash=8a41713b...
info|2019-10-23 13:59:41.112470|[g:1][CONSENSUS][PBFT]checkTimeout Succ,view=196,toView=197,nodeIdx=2,changeCycle=0,myNode=bfdf57a5...,timecost=0.308
info|2019-10-23 13:59:41.117056|[g:1][CONSENSUS][PBFT]checkAndChangeView: Reach consensus,org_view=196,org_changeCycle=0,cur_changeCycle=0,to_view=197
info|2019-10-23 13:59:42.118021|[g:1][CONSENSUS]addRawPrepare,height=1,reqIdx=1,hash=1be932ec...
info|2019-10-23 13:59:42.118514|[g:1][CONSENSUS][PBFT]checkTimeout Succ,view=197,toView=198,nodeIdx=2,changeCycle=0,myNode=bfdf57a5...,timecost=0.358
info|2019-10-23 13:59:42.124159|[g:1][CONSENSUS][PBFT]checkAndChangeView: Reach consensus,org_view=197,org_changeCycle=0,cur_changeCycle=0,to_view=198
info|2019-10-23 13:59:42.322314|[P2P][Service] heartBeat,connected count=3
info|2019-10-23 13:59:43.125185|[g:1][CONSENSUS][SEALER]++++++++++++++++ Generating seal on,blkNum=1,tx=0,nodeIdx=2,hash=261dea7f...
info|2019-10-23 13:59:43.133091|[g:1][CONSENSUS][PBFT]checkTimeout Succ,view=198,toView=199,nodeIdx=2,changeCycle=0,myNode=bfdf57a5...,timecost=0.223
info|2019-10-23 13:59:43.134096|[g:1][CONSENSUS][PBFT]checkAndChangeView: Reach consensus,org_view=198,org_changeCycle=0,cur_changeCycle=0,to_view=199
info|2019-10-23 13:59:44.138838|[g:1][CONSENSUS]addRawPrepare,height=1,reqIdx=3,hash=db981e8a...
info|2019-10-23 13:59:44.139150|[g:1][CONSENSUS][PBFT]checkTimeout Succ,view=199,toView=200,nodeIdx=2,changeCycle=0,myNode=bfdf57a5...,timecost=0.218
info|2019-10-23 13:59:44.151526|[g:1][CONSENSUS][PBFT]checkAndChangeView: Reach consensus,org_view=199,org_changeCycle=0,cur_changeCycle=0,to_view=200
info|2019-10-23 13:59:45.160889|[g:1][CONSENSUS]addRawPrepare,height=1,reqIdx=0,hash=4a2be25d...
info|2019-10-23 13:59:45.161125|[g:1][CONSENSUS][PBFT]checkTimeout Succ,view=200,toView=201,nodeIdx=2,changeCycle=0,myNode=bfdf57a5...,timecost=0.211
info|2019-10-23 13:59:45.162258|[g:1][CONSENSUS][PBFT]checkAndChangeView: Reach consensus,org_view=200,org_changeCycle=0,cur_changeCycle=0,to_view=201
info|2019-10-23 13:59:46.164791|[g:1][CONSENSUS]addRawPrepare,height=1,reqIdx=1,hash=db801b96...
info|2019-10-23 13:59:46.165352|[g:1][CONSENSUS][PBFT]checkTimeout Succ,view=201,toView=202,nodeIdx=2,changeCycle=0,myNode=bfdf57a5...,timecost=0.445
info|2019-10-23 13:59:46.171079|[g:1][CONSENSUS][PBFT]checkAndChangeView: Reach consensus,org_view=201,org_changeCycle=0,cur_changeCycle=0,to_view=202
info|2019-10-23 13:59:47.171304|[g:1][CONSENSUS][SEALER]++++++++++++++++ Generating seal on,blkNum=1,tx=0,nodeIdx=2,hash=6d7c9ee1...
info|2019-10-23 13:59:47.181506|[g:1][CONSENSUS][PBFT]checkTimeout Succ,view=202,toView=203,nodeIdx=2,changeCycle=0,myNode=bfdf57a5...,timecost=0.221
info|2019-10-23 13:59:47.182508|[g:1][CONSENSUS][PBFT]checkAndChangeView: Reach consensus,org_view=202,org_changeCycle=0,cur_changeCycle=0,to_view=203
info|2019-10-23 13:59:48.184251|[g:1][CONSENSUS]addRawPrepare,height=1,reqIdx=3,hash=f1e34f54...
info|2019-10-23 13:59:48.193824|[g:1][CONSENSUS][PBFT]checkTimeout Succ,view=203,toView=204,nodeIdx=2,changeCycle=0,myNode=bfdf57a5...,timecost=4.176
info|2019-10-23 13:59:48.196006|[g:1][CONSENSUS][PBFT]checkAndChangeView: Reach consensus,org_view=203,org_changeCycle=0,cur_changeCycle=0,to_view=204
info|2019-10-23 13:59:49.201410|[g:1][CONSENSUS]addRawPrepare,height=1,reqIdx=0,hash=394c4393...
info|2019-10-23 13:59:49.201667|[g:1][CONSENSUS][PBFT]checkTimeout Succ,view=204,toView=205,nodeIdx=2,changeCycle=0,myNode=bfdf57a5...,timecost=0.221
info|2019-10-23 13:59:49.204646|[g:1][CONSENSUS][PBFT]checkAndChangeView: Reach consensus,org_view=204,org_changeCycle=0,cur_changeCycle=0,to_view=205
info|2019-10-23 13:59:50.203742|[g:1][CONSENSUS]addRawPrepare,height=1,reqIdx=1,hash=69be560d...
info|2019-10-23 13:59:50.204128|[g:1][CONSENSUS][PBFT]checkTimeout Succ,view=205,toView=206,nodeIdx=2,changeCycle=0,myNode=bfdf57a5...,timecost=0.288
info|2019-10-23 13:59:50.208675|[g:1][CONSENSUS][PBFT]checkAndChangeView: Reach consensus,org_view=205,org_changeCycle=0,cur_changeCycle=0,to_view=206
info|2019-10-23 13:59:51.209213|[g:1][CONSENSUS][SEALER]++++++++++++++++ Generating seal on,blkNum=1,tx=0,nodeIdx=2,hash=859259e8...
info|2019-10-23 13:59:51.218173|[g:1][CONSENSUS][PBFT]checkTimeout Succ,view=206,toView=207,nodeIdx=2,changeCycle=0,myNode=bfdf57a5...,timecost=0.216
info|2019-10-23 13:59:51.219183|[g:1][CONSENSUS][PBFT]checkAndChangeView: Reach consensus,org_view=206,org_changeCycle=0,cur_changeCycle=0,to_view=207
info|2019-10-23 13:59:52.217344|[g:1][CONSENSUS]addRawPrepare,height=1,reqIdx=3,hash=ad81799c...
info|2019-10-23 13:59:52.217951|[g:1][CONSENSUS][PBFT]checkTimeout Succ,view=207,toView=208,nodeIdx=2,changeCycle=0,myNode=bfdf57a5...,timecost=0.449
info|2019-10-23 13:59:52.226399|[g:1][CONSENSUS][PBFT]checkAndChangeView: Reach consensus,org_view=207,org_changeCycle=0,cur_changeCycle=0,to_view=208
info|2019-10-23 13:59:52.322503|[P2P][Service] heartBeat,connected count=3
info|2019-10-23 13:59:53.229499|[g:1][CONSENSUS]addRawPrepare,height=1,reqIdx=0,hash=ac3c4fc7...
info|2019-10-23 13:59:53.232431|[g:1][CONSENSUS][PBFT]checkTimeout Succ,view=208,toView=209,nodeIdx=2,changeCycle=0,myNode=bfdf57a5...,timecost=2.878
info|2019-10-23 13:59:53.234121|[g:1][CONSENSUS][PBFT]checkAndChangeView: Reach consensus,org_view=208,org_changeCycle=0,cur_changeCycle=0,to_view=209
info|2019-10-23 13:59:54.242088|[g:1][CONSENSUS][PBFT]Trigger fast-viewchange,view=209,toView=209,minView=210,INFO=,reqNum=0,curNum=0,GenIdx=3,Cview=210,view=209,fromIdx=0,fromNode=7a0fa6e0...,fromIp=127.0.0.1:35518,hash=cdaccf2a...,nodeIdx=2,myNode=bfdf57a5...
info|2019-10-23 13:59:54.242306|[g:1][CONSENSUS][PBFT]checkAndChangeView: Reach consensus,org_view=209,org_changeCycle=0,cur_changeCycle=0,to_view=210
info|2019-10-23 13:59:54.242312|[g:1][CONSENSUS][PBFT]checkTimeout Succ,view=210,toView=210,nodeIdx=2,changeCycle=0,myNode=bfdf57a5...,timecost=0.21
info|2019-10-23 13:59:55.242583|[g:1][CONSENSUS][SEALER]++++++++++++++++ Generating seal on,blkNum=1,tx=0,nodeIdx=2,hash=f262dc6f...
info|2019-10-23 13:59:55.252728|[g:1][CONSENSUS][PBFT]checkTimeout Succ,view=210,toView=211,nodeIdx=2,changeCycle=0,myNode=bfdf57a5...,timecost=0.225
info|2019-10-23 13:59:55.253789|[g:1][CONSENSUS][PBFT]checkAndChangeView: Reach consensus,org_view=210,org_changeCycle=0,cur_changeCycle=0,to_view=211
info|2019-10-23 13:59:56.252468|[g:1][CONSENSUS]addRawPrepare,height=1,reqIdx=3,hash=63a9d5b1...
info|2019-10-23 13:59:56.252947|[g:1][CONSENSUS][PBFT]checkTimeout Succ,view=211,toView=212,nodeIdx=2,changeCycle=0,myNode=bfdf57a5...,timecost=0.357
info|2019-10-23 13:59:56.258424|[g:1][CONSENSUS][PBFT]checkAndChangeView: Reach consensus,org_view=211,org_changeCycle=0,cur_changeCycle=0,to_view=212
info|2019-10-23 13:59:57.266124|[g:1][CONSENSUS]addRawPrepare,height=1,reqIdx=0,hash=1b689af4...
info|2019-10-23 13:59:57.266356|[g:1][CONSENSUS][PBFT]checkTimeout Succ,view=212,toView=213,nodeIdx=2,changeCycle=0,myNode=bfdf57a5...,timecost=0.202
info|2019-10-23 13:59:57.267029|[g:1][CONSENSUS][PBFT]checkAndChangeView: Reach consensus,org_view=212,org_changeCycle=0,cur_changeCycle=0,to_view=213
info|2019-10-23 13:59:58.269900|[g:1][CONSENSUS]addRawPrepare,height=1,reqIdx=1,hash=12de0797...
info|2019-10-23 13:59:58.270480|[g:1][CONSENSUS][PBFT]checkTimeout Succ,view=213,toView=214,nodeIdx=2,changeCycle=0,myNode=bfdf57a5...,timecost=0.441
info|2019-10-23 13:59:58.276772|[g:1][CONSENSUS][PBFT]checkAndChangeView: Reach consensus,org_view=213,org_changeCycle=0,cur_changeCycle=0,to_view=214
info|2019-10-23 13:59:59.278361|[g:1][CONSENSUS][SEALER]++++++++++++++++ Generating seal on,blkNum=1,tx=0,nodeIdx=2,hash=115d48af...
info|2019-10-23 13:59:59.290287|[g:1][CONSENSUS][PBFT]checkTimeout Succ,view=214,toView=215,nodeIdx=2,changeCycle=0,myNode=bfdf57a5...,timecost=0.51
info|2019-10-23 13:59:59.291848|[g:1][CONSENSUS][PBFT]checkAndChangeView: Reach consensus,org_view=214,org_changeCycle=0,cur_changeCycle=0,to_view=215
