info|2019-10-23 13:56:22.244448|[INITIALIZER][initGlobalConfig],enableCompress=true,compatibilityVersion=2.1.0,versionNumber=33619968,chainId=1
info|2019-10-23 13:56:22.299906|[NETWORK][Host]Connecting to node,endpoint=127.0.0.1:30300
info|2019-10-23 13:56:22.301160|[NETWORK][Host]Connecting to node,endpoint=127.0.0.1:30301
info|2019-10-23 13:56:22.306085|[NETWORK][Host]P2P StartAccept,Host=0.0.0.0:30300
info|2019-10-23 13:56:22.306585|[NETWORK][Host]Connecting to node,endpoint=127.0.0.1:30302
info|2019-10-23 13:56:22.306633|[NETWORK][Host]Connecting to node,endpoint=127.0.0.1:30303
info|2019-10-23 13:56:22.306669|[P2P][Service] heartBeat,connected count=0
info|2019-10-23 13:56:22.307250|[CHANNEL]ChannelRPCServer started
info|2019-10-23 13:56:22.307278|[INITIALIZER][RPCInitializer]ChannelRPCHttpServer started.
info|2019-10-23 13:56:22.307297|[LedgerInitializer],groupConfigPath=conf/
info|2019-10-23 13:56:22.307410|[INITIALIZER][initSingleLedger] [GroupId]:  1
info|2019-10-23 13:56:22.307435|[g:1][LEDGER]LedgerConstructor,configPath=conf/group.1.genesis,baseDir=data//group1
info|2019-10-23 13:56:22.307449|[g:1][LEDGER][initGenesisConfig]initConsensusConfig/initDBConfig/initTxConfig,configFile=conf/group.1.genesis
info|2019-10-23 13:56:22.307692|[NETWORK][ASIO]asyncResolveConnect,endpoint=127.0.0.1:30300
info|2019-10-23 13:56:22.308025|[NETWORK][Host]P2P Recv Connect, From=127.0.0.1:42774
info|2019-10-23 13:56:22.308093|[NETWORK][Host]P2P StartAccept,Host=0.0.0.0:30300
info|2019-10-23 13:56:22.321326|[g:1][LEDGER][initConsensusConfig],it.first=eadb82d3e4d88487164cb2a29c63f86dfc2c62444c9c59025c3cc327437a3c349d5f360c4c3fa8c16cf1403916c839f470cc47f7b8d93ad92444821f4409c0d7
info|2019-10-23 13:56:22.321359|[g:1][LEDGER][initConsensusConfig],it.first=7a0fa6e0228492a684609a1da1619395e1ab056666f9fa06b88ea863bb6cb70df949252a18ec62b0e5515feb6cdf8e61ab240824f805b8c04c786161984030f6
info|2019-10-23 13:56:22.321375|[g:1][LEDGER][initConsensusConfig],it.first=bfdf57a51ceee766244f5eb19db0530fc98dd729532bb84bf52214a9838a376b57322849181966fa8766443033108d22b8d3049ce93f0124ed165819bbd1a61e
info|2019-10-23 13:56:22.321390|[g:1][LEDGER][initConsensusConfig],it.first=b96a351b91cc81428658b89638dfaad11e7be5216d81d6eb1d588af44020196483be93fedbce66668559c373879f93c39197500888f77bce61c5483230970449
info|2019-10-23 13:56:22.321422|[g:1][LEDGER][initIniConfig]initTxPoolConfig/initSyncConfig/initTxExecuteConfig,configFile=conf/group.1.ini
info|2019-10-23 13:56:22.321502|[g:1][LEDGER][initLedger][DBInitializer]
info|2019-10-23 13:56:22.321525|[g:1][DBINITIALIZER] [initRocksDBStorage]
info|2019-10-23 13:56:22.321651|[g:1][ROCKSDB]open rocksDB handler
info|2019-10-23 13:56:22.346088|[NETWORK][ASIO]asyncResolveConnect,endpoint=127.0.0.1:30301
info|2019-10-23 13:56:22.346196|[NETWORK][ASIO]asyncResolveConnect,endpoint=127.0.0.1:30302
info|2019-10-23 13:56:22.346255|[NETWORK][ASIO]asyncResolveConnect,endpoint=127.0.0.1:30303
info|2019-10-23 13:56:22.346301|[NETWORK][Host]P2P Recv Connect, From=127.0.0.1:42776
info|2019-10-23 13:56:22.346348|[NETWORK][Host]P2P StartAccept,Host=0.0.0.0:30300
info|2019-10-23 13:56:22.368372|[g:1][g:0][STORAGE][CachedStorage]Init flushStorage thread
info|2019-10-23 13:56:22.368875|[g:1][g:1][STORAGE][CachedStorage]CachedStorage commit: 4 hash: cdaccf2aa33123c0edf2395d178326f8c5bffcc6df44c6f2bed7c0d8b4956184 num: 0
info|2019-10-23 13:56:22.368961|[g:1][STORAGE]Submited block task: 0, current syncd block: 0
info|2019-10-23 13:56:22.372391|[NETWORK][Host]P2P Recv Connect, From=127.0.0.1:42784
info|2019-10-23 13:56:22.379878|[STORAGE]Start commit block: 0 to backend storage
info|2019-10-23 13:56:22.380151|[STORAGE][g:1]
---------------------------------------------------------------------
Commit block: 0 to backend storage finished, current cached block: 0
Flush elapsed time: 0.0003s
---------------------------------------------------------------------

info|2019-10-23 13:56:22.380707|[g:1][BLOCKCHAIN][#checkAndBuildGenesisBlock]Insert the 0th block
info|2019-10-23 13:56:22.380992|[g:1][CONSENSUS][PBFT]Register handler for PBFTEngine
info|2019-10-23 13:56:22.381028|[g:1][CONSENSUS][PBFT],minBlockGenerationTime=500
info|2019-10-23 13:56:22.381052|[LedgerInitializer init group succ],groupID=1
info|2019-10-23 13:56:22.390037|[INITIALIZER][RPCInitializer]JsonrpcHttpServer started.
info|2019-10-23 13:56:22.390081|[g:1][LEDGER]startAll...
info|2019-10-23 13:56:22.391861|[NETWORK][Host]P2P StartAccept,Host=0.0.0.0:30300
info|2019-10-23 13:56:22.396128|[g:1][CONSENSUS][PBFT]^^^^^^^^Report,num=0,sealerIdx=0,hash=cdaccf2a...,next=1,tx=0,nodeIdx=3
info|2019-10-23 13:56:22.396359|[NETWORK][Host]startPeerSession, From=127.0.0.1:42774,nodeID=eadb82d3...
info|2019-10-23 13:56:22.400254|[NETWORK][Host]startPeerSession, From=127.0.0.1:30300,nodeID=eadb82d3...
info|2019-10-23 13:56:22.410189|[NETWORK][Host]P2P Recv Connect, From=127.0.0.1:42792
info|2019-10-23 13:56:22.411032|[g:1][CONSENSUS][PBFT][PBFT init env successfully]
info|2019-10-23 13:56:22.411046|[g:1][CONSENSUS][ConsensusEngine][Start ConsensusEngineBase]
info|2019-10-23 13:56:22.416548|[g:1][CONSENSUS][PBFT][Start PBFTEngine...]
info|2019-10-23 13:56:22.416558|[g:1][CONSENSUS][SEALER][Start sealer module]
info|2019-10-23 13:56:22.416641|[g:1][CONSENSUS][PBFT]^^^^^^^^Report,num=0,sealerIdx=0,hash=cdaccf2a...,next=1,tx=0,nodeIdx=3
info|2019-10-23 13:56:22.419567|[NETWORK][Host]P2P StartAccept,Host=0.0.0.0:30300
info|2019-10-23 13:56:22.426561|[g:1][EVENT][EventLogFilterManager]start,m_maxBlockRange=0,m_maxBlockPerLoopFilter=3
info|2019-10-23 13:56:22.456525|[P2P][Service] Connection established,nodeID=7a0fa6e0...,endpoint=127.0.0.1:42776
info|2019-10-23 13:56:22.459955|[NETWORK][Host]startPeerSession, From=127.0.0.1:42776,nodeID=7a0fa6e0...
info|2019-10-23 13:56:22.465812|[P2P][Service] Connection established,nodeID=b96a351b...,endpoint=127.0.0.1:42784
info|2019-10-23 13:56:22.466696|[NETWORK][Host]startPeerSession, From=127.0.0.1:42784,nodeID=b96a351b...
info|2019-10-23 13:56:22.487882|[NETWORK][Host]startPeerSession, From=127.0.0.1:30301,nodeID=7a0fa6e0...
info|2019-10-23 13:56:22.488017|[P2P][Service] Connection established,nodeID=bfdf57a5...,endpoint=127.0.0.1:42792
info|2019-10-23 13:56:22.488039|[NETWORK][Host]startPeerSession, From=127.0.0.1:42792,nodeID=bfdf57a5...
info|2019-10-23 13:56:22.488136|[NETWORK][Host]startPeerSession, From=127.0.0.1:30302,nodeID=bfdf57a5...
info|2019-10-23 13:56:22.489357|[NETWORK][Host]startPeerSession, From=127.0.0.1:30303,nodeID=b96a351b...
warning|2019-10-23 13:56:22.494374|[NETWORK][Session]doRead error,endpoint=127.0.0.1:42792,message=Connection reset by peer
info|2019-10-23 13:56:22.494393|[NETWORK][Session]drop, call and erase all callbackFunc in this session!,endpoint=127.0.0.1:42792
warning|2019-10-23 13:56:22.494404|[NETWORK][Session][drop] closing remote 0.0.0.0:0,reason=Low-level TCP communication error.,endpoint=127.0.0.1:42792
warning|2019-10-23 13:56:22.494436|[NETWORK][Session][drop] shutdown failed ,errorValue=9,message=Bad file descriptor
warning|2019-10-23 13:56:22.494485|[P2P][Service] disconnect error P2PSession,nodeID=bfdf57a5...,endpoint=127.0.0.1:42792,errorCode=3,what=Disconnect
warning|2019-10-23 13:56:22.494497|[P2P][Service] onDisconnect,errorCode=3,what=Dynamic exception type: dev::network::NetworkException
std::exception::what: Disconnect

warning|2019-10-23 13:56:22.617081|[SYNC][id:eadb82d3...][Status]Peer data not found,nodeId=7a0fa6e0...
info|2019-10-23 13:56:23.410541|[g:1][CONSENSUS]addRawPrepare,height=1,reqIdx=0,hash=2bbd3599...
info|2019-10-23 13:56:23.411045|[g:1][CONSENSUS][PBFT]checkTimeout Succ,view=0,toView=1,nodeIdx=3,changeCycle=0,myNode=eadb82d3...,timecost=0.378
info|2019-10-23 13:56:23.415663|[g:1][CONSENSUS][PBFT]checkAndChangeView: Reach consensus,org_view=0,org_changeCycle=0,cur_changeCycle=0,to_view=1
info|2019-10-23 13:56:24.454271|[g:1][CONSENSUS]addRawPrepare,height=1,reqIdx=1,hash=4d134d21...
info|2019-10-23 13:56:24.454820|[g:1][CONSENSUS][PBFT]checkTimeout Succ,view=1,toView=2,nodeIdx=3,changeCycle=0,myNode=eadb82d3...,timecost=0.43
info|2019-10-23 13:56:24.470592|[g:1][CONSENSUS][PBFT]checkAndChangeView: Reach consensus,org_view=1,org_changeCycle=0,cur_changeCycle=0,to_view=2
info|2019-10-23 13:56:25.472782|[g:1][CONSENSUS]addRawPrepare,height=1,reqIdx=2,hash=558138d1...
info|2019-10-23 13:56:25.479568|[g:1][CONSENSUS][PBFT]checkTimeout Succ,view=2,toView=3,nodeIdx=3,changeCycle=0,myNode=eadb82d3...,timecost=1.456
info|2019-10-23 13:56:25.481852|[g:1][CONSENSUS][PBFT]checkAndChangeView: Reach consensus,org_view=2,org_changeCycle=0,cur_changeCycle=0,to_view=3
info|2019-10-23 13:56:26.483421|[g:1][CONSENSUS][SEALER]++++++++++++++++ Generating seal on,blkNum=1,tx=0,nodeIdx=3,hash=485fa1da...
info|2019-10-23 13:56:26.490672|[g:1][CONSENSUS][PBFT]checkTimeout Succ,view=3,toView=4,nodeIdx=3,changeCycle=0,myNode=eadb82d3...,timecost=0.226
info|2019-10-23 13:56:26.491835|[g:1][CONSENSUS][PBFT]checkAndChangeView: Reach consensus,org_view=3,org_changeCycle=0,cur_changeCycle=0,to_view=4
info|2019-10-23 13:56:27.496137|[g:1][CONSENSUS]addRawPrepare,height=1,reqIdx=0,hash=53560960...
info|2019-10-23 13:56:27.496407|[g:1][CONSENSUS][PBFT]checkTimeout Succ,view=4,toView=5,nodeIdx=3,changeCycle=0,myNode=eadb82d3...,timecost=0.195
info|2019-10-23 13:56:27.499897|[g:1][CONSENSUS][PBFT]checkAndChangeView: Reach consensus,org_view=4,org_changeCycle=0,cur_changeCycle=0,to_view=5
info|2019-10-23 13:56:28.543198|[g:1][CONSENSUS]addRawPrepare,height=1,reqIdx=1,hash=4631852c...
info|2019-10-23 13:56:28.543732|[g:1][CONSENSUS][PBFT]checkTimeout Succ,view=5,toView=6,nodeIdx=3,changeCycle=0,myNode=eadb82d3...,timecost=0.44
info|2019-10-23 13:56:28.549074|[g:1][CONSENSUS][PBFT]checkAndChangeView: Reach consensus,org_view=5,org_changeCycle=0,cur_changeCycle=0,to_view=6
info|2019-10-23 13:56:29.550224|[g:1][CONSENSUS]addRawPrepare,height=1,reqIdx=2,hash=26c8eca8...
info|2019-10-23 13:56:29.550554|[g:1][CONSENSUS][PBFT]checkTimeout Succ,view=6,toView=7,nodeIdx=3,changeCycle=0,myNode=eadb82d3...,timecost=0.292
info|2019-10-23 13:56:29.554025|[g:1][CONSENSUS][PBFT]checkAndChangeView: Reach consensus,org_view=6,org_changeCycle=0,cur_changeCycle=0,to_view=7
info|2019-10-23 13:56:30.555480|[g:1][CONSENSUS][SEALER]++++++++++++++++ Generating seal on,blkNum=1,tx=0,nodeIdx=3,hash=751ebff3...
info|2019-10-23 13:56:30.562746|[g:1][CONSENSUS][PBFT]checkTimeout Succ,view=7,toView=8,nodeIdx=3,changeCycle=0,myNode=eadb82d3...,timecost=0.217
info|2019-10-23 13:56:30.564499|[g:1][CONSENSUS][PBFT]checkAndChangeView: Reach consensus,org_view=7,org_changeCycle=0,cur_changeCycle=0,to_view=8
info|2019-10-23 13:56:31.563301|[g:1][CONSENSUS]addRawPrepare,height=1,reqIdx=0,hash=c5690081...
info|2019-10-23 13:56:31.563881|[g:1][CONSENSUS][PBFT]checkTimeout Succ,view=8,toView=9,nodeIdx=3,changeCycle=0,myNode=eadb82d3...,timecost=0.482
info|2019-10-23 13:56:31.569750|[g:1][CONSENSUS][PBFT]checkAndChangeView: Reach consensus,org_view=8,org_changeCycle=0,cur_changeCycle=0,to_view=9
info|2019-10-23 13:56:32.307072|[NETWORK][Host]Connecting to node,endpoint=127.0.0.1:30302
info|2019-10-23 13:56:32.307141|[P2P][Service] heartBeat,connected count=2
info|2019-10-23 13:56:32.307306|[NETWORK][ASIO]asyncResolveConnect,endpoint=127.0.0.1:30302
info|2019-10-23 13:56:32.319515|[NETWORK][Host]P2P Recv Connect, From=127.0.0.1:42808
info|2019-10-23 13:56:32.323836|[NETWORK][Host]P2P StartAccept,Host=0.0.0.0:30300
info|2019-10-23 13:56:32.323996|[P2P][Service] Connection established,nodeID=bfdf57a5...,endpoint=127.0.0.1:30302
info|2019-10-23 13:56:32.324025|[NETWORK][Host]startPeerSession, From=127.0.0.1:30302,nodeID=bfdf57a5...
info|2019-10-23 13:56:32.331809|[NETWORK][Host]startPeerSession, From=127.0.0.1:42808,nodeID=bfdf57a5...
info|2019-10-23 13:56:32.575431|[g:1][CONSENSUS]addRawPrepare,height=1,reqIdx=1,hash=7501b202...
info|2019-10-23 13:56:32.575777|[g:1][CONSENSUS][PBFT]checkTimeout Succ,view=9,toView=10,nodeIdx=3,changeCycle=0,myNode=eadb82d3...,timecost=0.311
info|2019-10-23 13:56:32.578221|[g:1][CONSENSUS][PBFT]checkAndChangeView: Reach consensus,org_view=9,org_changeCycle=0,cur_changeCycle=0,to_view=10
info|2019-10-23 13:56:33.585422|[g:1][CONSENSUS]addRawPrepare,height=1,reqIdx=2,hash=47055b5c...
info|2019-10-23 13:56:33.585646|[g:1][CONSENSUS][PBFT]checkTimeout Succ,view=10,toView=11,nodeIdx=3,changeCycle=0,myNode=eadb82d3...,timecost=0.201
info|2019-10-23 13:56:33.587036|[g:1][CONSENSUS][PBFT]checkAndChangeView: Reach consensus,org_view=10,org_changeCycle=0,cur_changeCycle=0,to_view=11
info|2019-10-23 13:56:34.588164|[g:1][CONSENSUS][SEALER]++++++++++++++++ Generating seal on,blkNum=1,tx=0,nodeIdx=3,hash=3de7619c...
info|2019-10-23 13:56:34.597459|[g:1][CONSENSUS][PBFT]checkTimeout Succ,view=11,toView=12,nodeIdx=3,changeCycle=0,myNode=eadb82d3...,timecost=0.218
info|2019-10-23 13:56:34.598594|[g:1][CONSENSUS][PBFT]checkAndChangeView: Reach consensus,org_view=11,org_changeCycle=0,cur_changeCycle=0,to_view=12
info|2019-10-23 13:56:35.597868|[g:1][CONSENSUS]addRawPrepare,height=1,reqIdx=0,hash=58803439...
info|2019-10-23 13:56:35.598280|[g:1][CONSENSUS][PBFT]checkTimeout Succ,view=12,toView=13,nodeIdx=3,changeCycle=0,myNode=eadb82d3...,timecost=0.295
info|2019-10-23 13:56:35.603209|[g:1][CONSENSUS][PBFT]checkAndChangeView: Reach consensus,org_view=12,org_changeCycle=0,cur_changeCycle=0,to_view=13
info|2019-10-23 13:56:36.605662|[g:1][CONSENSUS]addRawPrepare,height=1,reqIdx=1,hash=76439b96...
info|2019-10-23 13:56:36.605899|[g:1][CONSENSUS][PBFT]checkTimeout Succ,view=13,toView=14,nodeIdx=3,changeCycle=0,myNode=eadb82d3...,timecost=0.212
info|2019-10-23 13:56:36.608374|[g:1][CONSENSUS][PBFT]checkAndChangeView: Reach consensus,org_view=13,org_changeCycle=0,cur_changeCycle=0,to_view=14
info|2019-10-23 13:56:37.615646|[g:1][CONSENSUS]addRawPrepare,height=1,reqIdx=2,hash=ede499ed...
info|2019-10-23 13:56:37.615937|[g:1][CONSENSUS][PBFT]checkTimeout Succ,view=14,toView=15,nodeIdx=3,changeCycle=0,myNode=eadb82d3...,timecost=0.263
info|2019-10-23 13:56:37.617516|[g:1][CONSENSUS][PBFT]checkAndChangeView: Reach consensus,org_view=14,org_changeCycle=0,cur_changeCycle=0,to_view=15
info|2019-10-23 13:56:38.620031|[g:1][CONSENSUS][SEALER]++++++++++++++++ Generating seal on,blkNum=1,tx=0,nodeIdx=3,hash=b43c14c2...
info|2019-10-23 13:56:38.628941|[g:1][CONSENSUS][PBFT]checkTimeout Succ,view=15,toView=16,nodeIdx=3,changeCycle=0,myNode=eadb82d3...,timecost=0.244
info|2019-10-23 13:56:38.629956|[g:1][CONSENSUS][PBFT]checkAndChangeView: Reach consensus,org_view=15,org_changeCycle=0,cur_changeCycle=0,to_view=16
info|2019-10-23 13:56:39.628138|[g:1][CONSENSUS]addRawPrepare,height=1,reqIdx=0,hash=d30a0fbf...
info|2019-10-23 13:56:39.628590|[g:1][CONSENSUS][PBFT]checkTimeout Succ,view=16,toView=17,nodeIdx=3,changeCycle=0,myNode=eadb82d3...,timecost=0.288
info|2019-10-23 13:56:39.633482|[g:1][CONSENSUS][PBFT]checkAndChangeView: Reach consensus,org_view=16,org_changeCycle=0,cur_changeCycle=0,to_view=17
info|2019-10-23 13:56:40.638027|[g:1][CONSENSUS]addRawPrepare,height=1,reqIdx=1,hash=166fb74e...
info|2019-10-23 13:56:40.641329|[g:1][CONSENSUS][PBFT]checkTimeout Succ,view=17,toView=18,nodeIdx=3,changeCycle=0,myNode=eadb82d3...,timecost=3.226
info|2019-10-23 13:56:40.642609|[g:1][CONSENSUS][PBFT]checkAndChangeView: Reach consensus,org_view=17,org_changeCycle=0,cur_changeCycle=0,to_view=18
info|2019-10-23 13:56:41.646680|[g:1][CONSENSUS]addRawPrepare,height=1,reqIdx=2,hash=d4749135...
info|2019-10-23 13:56:41.646957|[g:1][CONSENSUS][PBFT]checkTimeout Succ,view=18,toView=19,nodeIdx=3,changeCycle=0,myNode=eadb82d3...,timecost=0.243
info|2019-10-23 13:56:41.650602|[g:1][CONSENSUS][PBFT]checkAndChangeView: Reach consensus,org_view=18,org_changeCycle=0,cur_changeCycle=0,to_view=19
info|2019-10-23 13:56:42.307262|[P2P][Service] heartBeat,connected count=3
info|2019-10-23 13:56:42.652622|[g:1][CONSENSUS][SEALER]++++++++++++++++ Generating seal on,blkNum=1,tx=0,nodeIdx=3,hash=79c2d4d7...
info|2019-10-23 13:56:42.662228|[g:1][CONSENSUS][PBFT]checkTimeout Succ,view=19,toView=20,nodeIdx=3,changeCycle=0,myNode=eadb82d3...,timecost=0.216
info|2019-10-23 13:56:42.663216|[g:1][CONSENSUS][PBFT]checkAndChangeView: Reach consensus,org_view=19,org_changeCycle=0,cur_changeCycle=0,to_view=20
info|2019-10-23 13:56:43.659586|[g:1][CONSENSUS]addRawPrepare,height=1,reqIdx=0,hash=87e3c19d...
info|2019-10-23 13:56:43.660089|[g:1][CONSENSUS][PBFT]checkTimeout Succ,view=20,toView=21,nodeIdx=3,changeCycle=0,myNode=eadb82d3...,timecost=0.384
info|2019-10-23 13:56:43.665992|[g:1][CONSENSUS][PBFT]checkAndChangeView: Reach consensus,org_view=20,org_changeCycle=0,cur_changeCycle=0,to_view=21
info|2019-10-23 13:56:44.667118|[g:1][CONSENSUS]addRawPrepare,height=1,reqIdx=1,hash=4583050f...
info|2019-10-23 13:56:44.667455|[g:1][CONSENSUS][PBFT]checkTimeout Succ,view=21,toView=22,nodeIdx=3,changeCycle=0,myNode=eadb82d3...,timecost=0.301
info|2019-10-23 13:56:44.670885|[g:1][CONSENSUS][PBFT]checkAndChangeView: Reach consensus,org_view=21,org_changeCycle=0,cur_changeCycle=0,to_view=22
info|2019-10-23 13:56:45.675971|[g:1][CONSENSUS]addRawPrepare,height=1,reqIdx=2,hash=260fa29c...
info|2019-10-23 13:56:45.679103|[g:1][CONSENSUS][PBFT]checkTimeout Succ,view=22,toView=23,nodeIdx=3,changeCycle=0,myNode=eadb82d3...,timecost=3.097
info|2019-10-23 13:56:45.679508|[g:1][CONSENSUS][PBFT]checkAndChangeView: Reach consensus,org_view=22,org_changeCycle=0,cur_changeCycle=0,to_view=23
info|2019-10-23 13:56:46.679259|[g:1][CONSENSUS][SEALER]++++++++++++++++ Generating seal on,blkNum=1,tx=0,nodeIdx=3,hash=4c4fc548...
info|2019-10-23 13:56:46.690216|[g:1][CONSENSUS][PBFT]checkTimeout Succ,view=23,toView=24,nodeIdx=3,changeCycle=0,myNode=eadb82d3...,timecost=0.641
info|2019-10-23 13:56:46.691358|[g:1][CONSENSUS][PBFT]checkAndChangeView: Reach consensus,org_view=23,org_changeCycle=0,cur_changeCycle=0,to_view=24
info|2019-10-23 13:56:47.688472|[g:1][CONSENSUS]addRawPrepare,height=1,reqIdx=0,hash=1ae6af5b...
info|2019-10-23 13:56:47.688871|[g:1][CONSENSUS][PBFT]checkTimeout Succ,view=24,toView=25,nodeIdx=3,changeCycle=0,myNode=eadb82d3...,timecost=0.296
info|2019-10-23 13:56:47.695352|[g:1][CONSENSUS][PBFT]checkAndChangeView: Reach consensus,org_view=24,org_changeCycle=0,cur_changeCycle=0,to_view=25
info|2019-10-23 13:56:48.698630|[g:1][CONSENSUS]addRawPrepare,height=1,reqIdx=1,hash=975aefd9...
info|2019-10-23 13:56:48.698978|[g:1][CONSENSUS][PBFT]checkTimeout Succ,view=25,toView=26,nodeIdx=3,changeCycle=0,myNode=eadb82d3...,timecost=0.306
info|2019-10-23 13:56:48.701882|[g:1][CONSENSUS][PBFT]checkAndChangeView: Reach consensus,org_view=25,org_changeCycle=0,cur_changeCycle=0,to_view=26
info|2019-10-23 13:56:49.707219|[g:1][CONSENSUS]addRawPrepare,height=1,reqIdx=2,hash=c5d13516...
info|2019-10-23 13:56:49.707554|[g:1][CONSENSUS][PBFT]checkTimeout Succ,view=26,toView=27,nodeIdx=3,changeCycle=0,myNode=eadb82d3...,timecost=0.3
info|2019-10-23 13:56:49.710677|[g:1][CONSENSUS][PBFT]checkAndChangeView: Reach consensus,org_view=26,org_changeCycle=0,cur_changeCycle=0,to_view=27
info|2019-10-23 13:56:50.711293|[g:1][CONSENSUS][SEALER]++++++++++++++++ Generating seal on,blkNum=1,tx=0,nodeIdx=3,hash=dc3a5ac5...
info|2019-10-23 13:56:50.719397|[g:1][CONSENSUS][PBFT]checkTimeout Succ,view=27,toView=28,nodeIdx=3,changeCycle=0,myNode=eadb82d3...,timecost=0.305
info|2019-10-23 13:56:50.720441|[g:1][CONSENSUS][PBFT]checkAndChangeView: Reach consensus,org_view=27,org_changeCycle=0,cur_changeCycle=0,to_view=28
info|2019-10-23 13:56:51.718885|[g:1][CONSENSUS]addRawPrepare,height=1,reqIdx=0,hash=125b9e45...
info|2019-10-23 13:56:51.719325|[g:1][CONSENSUS][PBFT]checkTimeout Succ,view=28,toView=29,nodeIdx=3,changeCycle=0,myNode=eadb82d3...,timecost=0.289
info|2019-10-23 13:56:51.724059|[g:1][CONSENSUS][PBFT]checkAndChangeView: Reach consensus,org_view=28,org_changeCycle=0,cur_changeCycle=0,to_view=29
info|2019-10-23 13:56:52.307511|[P2P][Service] heartBeat,connected count=3
info|2019-10-23 13:56:52.728043|[g:1][CONSENSUS]addRawPrepare,height=1,reqIdx=1,hash=531b9779...
info|2019-10-23 13:56:52.728290|[g:1][CONSENSUS][PBFT]checkTimeout Succ,view=29,toView=30,nodeIdx=3,changeCycle=0,myNode=eadb82d3...,timecost=0.221
info|2019-10-23 13:56:52.731402|[g:1][CONSENSUS][PBFT]checkAndChangeView: Reach consensus,org_view=29,org_changeCycle=0,cur_changeCycle=0,to_view=30
info|2019-10-23 13:56:53.738835|[g:1][CONSENSUS]addRawPrepare,height=1,reqIdx=2,hash=cb2079be...
info|2019-10-23 13:56:53.739336|[g:1][CONSENSUS][PBFT]checkTimeout Succ,view=30,toView=31,nodeIdx=3,changeCycle=0,myNode=eadb82d3...,timecost=0.467
info|2019-10-23 13:56:53.740562|[g:1][CONSENSUS][PBFT]checkAndChangeView: Reach consensus,org_view=30,org_changeCycle=0,cur_changeCycle=0,to_view=31
info|2019-10-23 13:56:54.742994|[g:1][CONSENSUS][SEALER]++++++++++++++++ Generating seal on,blkNum=1,tx=0,nodeIdx=3,hash=59a378bc...
info|2019-10-23 13:56:54.753012|[g:1][CONSENSUS][PBFT]checkTimeout Succ,view=31,toView=32,nodeIdx=3,changeCycle=0,myNode=eadb82d3...,timecost=0.37
info|2019-10-23 13:56:54.754306|[g:1][CONSENSUS][PBFT]checkAndChangeView: Reach consensus,org_view=31,org_changeCycle=0,cur_changeCycle=0,to_view=32
info|2019-10-23 13:56:55.751517|[g:1][CONSENSUS]addRawPrepare,height=1,reqIdx=0,hash=6e6172fd...
info|2019-10-23 13:56:55.751990|[g:1][CONSENSUS][PBFT]checkTimeout Succ,view=32,toView=33,nodeIdx=3,changeCycle=0,myNode=eadb82d3...,timecost=0.362
info|2019-10-23 13:56:55.757705|[g:1][CONSENSUS][PBFT]checkAndChangeView: Reach consensus,org_view=32,org_changeCycle=0,cur_changeCycle=0,to_view=33
info|2019-10-23 13:56:56.761345|[g:1][CONSENSUS]addRawPrepare,height=1,reqIdx=1,hash=e437d2bc...
info|2019-10-23 13:56:56.761948|[g:1][CONSENSUS][PBFT]checkTimeout Succ,view=33,toView=34,nodeIdx=3,changeCycle=0,myNode=eadb82d3...,timecost=0.564
info|2019-10-23 13:56:56.768121|[g:1][CONSENSUS][PBFT]checkAndChangeView: Reach consensus,org_view=33,org_changeCycle=0,cur_changeCycle=0,to_view=34
info|2019-10-23 13:56:57.775794|[g:1][CONSENSUS]addRawPrepare,height=1,reqIdx=2,hash=b423a3a9...
info|2019-10-23 13:56:57.776064|[g:1][CONSENSUS][PBFT]checkTimeout Succ,view=34,toView=35,nodeIdx=3,changeCycle=0,myNode=eadb82d3...,timecost=0.228
info|2019-10-23 13:56:57.780569|[g:1][CONSENSUS][PBFT]checkAndChangeView: Reach consensus,org_view=34,org_changeCycle=0,cur_changeCycle=0,to_view=35
info|2019-10-23 13:56:58.781359|[g:1][CONSENSUS][SEALER]++++++++++++++++ Generating seal on,blkNum=1,tx=0,nodeIdx=3,hash=c47fea14...
info|2019-10-23 13:56:58.788532|[g:1][CONSENSUS][PBFT]checkTimeout Succ,view=35,toView=36,nodeIdx=3,changeCycle=0,myNode=eadb82d3...,timecost=0.216
info|2019-10-23 13:56:58.789461|[g:1][CONSENSUS][PBFT]checkAndChangeView: Reach consensus,org_view=35,org_changeCycle=0,cur_changeCycle=0,to_view=36
info|2019-10-23 13:56:59.788776|[g:1][CONSENSUS]addRawPrepare,height=1,reqIdx=0,hash=391401a0...
info|2019-10-23 13:56:59.789272|[g:1][CONSENSUS][PBFT]checkTimeout Succ,view=36,toView=37,nodeIdx=3,changeCycle=0,myNode=eadb82d3...,timecost=0.362
info|2019-10-23 13:56:59.795432|[g:1][CONSENSUS][PBFT]checkAndChangeView: Reach consensus,org_view=36,org_changeCycle=0,cur_changeCycle=0,to_view=37
info|2019-10-23 13:57:00.800277|[g:1][CONSENSUS]addRawPrepare,height=1,reqIdx=1,hash=fbb6a7ae...
info|2019-10-23 13:57:00.800535|[g:1][CONSENSUS][PBFT]checkTimeout Succ,view=37,toView=38,nodeIdx=3,changeCycle=0,myNode=eadb82d3...,timecost=0.234
info|2019-10-23 13:57:00.802015|[g:1][CONSENSUS][PBFT]checkAndChangeView: Reach consensus,org_view=37,org_changeCycle=0,cur_changeCycle=0,to_view=38
info|2019-10-23 13:57:01.808603|[g:1][CONSENSUS]addRawPrepare,height=1,reqIdx=2,hash=5137edab...
info|2019-10-23 13:57:01.808913|[g:1][CONSENSUS][PBFT]checkTimeout Succ,view=38,toView=39,nodeIdx=3,changeCycle=0,myNode=eadb82d3...,timecost=0.273
info|2019-10-23 13:57:01.810334|[g:1][CONSENSUS][PBFT]checkAndChangeView: Reach consensus,org_view=38,org_changeCycle=0,cur_changeCycle=0,to_view=39
info|2019-10-23 13:57:02.307715|[P2P][Service] heartBeat,connected count=3
info|2019-10-23 13:57:02.812135|[g:1][CONSENSUS][SEALER]++++++++++++++++ Generating seal on,blkNum=1,tx=0,nodeIdx=3,hash=fa7797e5...
info|2019-10-23 13:57:02.821731|[g:1][CONSENSUS][PBFT]checkTimeout Succ,view=39,toView=40,nodeIdx=3,changeCycle=0,myNode=eadb82d3...,timecost=0.232
info|2019-10-23 13:57:02.822703|[g:1][CONSENSUS][PBFT]checkAndChangeView: Reach consensus,org_view=39,org_changeCycle=0,cur_changeCycle=0,to_view=40
info|2019-10-23 13:57:03.820649|[g:1][CONSENSUS]addRawPrepare,height=1,reqIdx=0,hash=2ada50b9...
info|2019-10-23 13:57:03.821035|[g:1][CONSENSUS][PBFT]checkTimeout Succ,view=40,toView=41,nodeIdx=3,changeCycle=0,myNode=eadb82d3...,timecost=0.286
info|2019-10-23 13:57:03.825640|[g:1][CONSENSUS][PBFT]checkAndChangeView: Reach consensus,org_view=40,org_changeCycle=0,cur_changeCycle=0,to_view=41
info|2019-10-23 13:57:04.829932|[g:1][CONSENSUS]addRawPrepare,height=1,reqIdx=1,hash=a1469aaf...
info|2019-10-23 13:57:04.830180|[g:1][CONSENSUS][PBFT]checkTimeout Succ,view=41,toView=42,nodeIdx=3,changeCycle=0,myNode=eadb82d3...,timecost=0.223
info|2019-10-23 13:57:04.831994|[g:1][CONSENSUS][PBFT]checkAndChangeView: Reach consensus,org_view=41,org_changeCycle=0,cur_changeCycle=0,to_view=42
info|2019-10-23 13:57:05.835384|[g:1][CONSENSUS]addRawPrepare,height=1,reqIdx=2,hash=35b3b7b0...
info|2019-10-23 13:57:05.835724|[g:1][CONSENSUS][PBFT]checkTimeout Succ,view=42,toView=43,nodeIdx=3,changeCycle=0,myNode=eadb82d3...,timecost=0.301
info|2019-10-23 13:57:05.839109|[g:1][CONSENSUS][PBFT]checkAndChangeView: Reach consensus,org_view=42,org_changeCycle=0,cur_changeCycle=0,to_view=43
info|2019-10-23 13:57:06.840066|[g:1][CONSENSUS][SEALER]++++++++++++++++ Generating seal on,blkNum=1,tx=0,nodeIdx=3,hash=f87a6102...
info|2019-10-23 13:57:06.848540|[g:1][CONSENSUS][PBFT]checkTimeout Succ,view=43,toView=44,nodeIdx=3,changeCycle=0,myNode=eadb82d3...,timecost=0.213
info|2019-10-23 13:57:06.849592|[g:1][CONSENSUS][PBFT]checkAndChangeView: Reach consensus,org_view=43,org_changeCycle=0,cur_changeCycle=0,to_view=44
info|2019-10-23 13:57:07.849459|[g:1][CONSENSUS]addRawPrepare,height=1,reqIdx=0,hash=1181d6b2...
info|2019-10-23 13:57:07.849805|[g:1][CONSENSUS][PBFT]checkTimeout Succ,view=44,toView=45,nodeIdx=3,changeCycle=0,myNode=eadb82d3...,timecost=0.215
info|2019-10-23 13:57:07.854208|[g:1][CONSENSUS][PBFT]checkAndChangeView: Reach consensus,org_view=44,org_changeCycle=0,cur_changeCycle=0,to_view=45
info|2019-10-23 13:57:08.861689|[g:1][CONSENSUS]addRawPrepare,height=1,reqIdx=1,hash=66caae7d...
info|2019-10-23 13:57:08.865273|[g:1][CONSENSUS][PBFT]checkTimeout Succ,view=45,toView=46,nodeIdx=3,changeCycle=0,myNode=eadb82d3...,timecost=1.777
info|2019-10-23 13:57:08.865670|[g:1][CONSENSUS][PBFT]checkAndChangeView: Reach consensus,org_view=45,org_changeCycle=0,cur_changeCycle=0,to_view=46
info|2019-10-23 13:57:09.869485|[g:1][CONSENSUS]addRawPrepare,height=1,reqIdx=2,hash=f7854a25...
info|2019-10-23 13:57:09.869731|[g:1][CONSENSUS][PBFT]checkTimeout Succ,view=46,toView=47,nodeIdx=3,changeCycle=0,myNode=eadb82d3...,timecost=0.216
info|2019-10-23 13:57:09.872713|[g:1][CONSENSUS][PBFT]checkAndChangeView: Reach consensus,org_view=46,org_changeCycle=0,cur_changeCycle=0,to_view=47
info|2019-10-23 13:57:10.873255|[g:1][CONSENSUS][SEALER]++++++++++++++++ Generating seal on,blkNum=1,tx=0,nodeIdx=3,hash=83893e13...
info|2019-10-23 13:57:10.883292|[g:1][CONSENSUS][PBFT]checkTimeout Succ,view=47,toView=48,nodeIdx=3,changeCycle=0,myNode=eadb82d3...,timecost=0.222
info|2019-10-23 13:57:10.884550|[g:1][CONSENSUS][PBFT]checkAndChangeView: Reach consensus,org_view=47,org_changeCycle=0,cur_changeCycle=0,to_view=48
info|2019-10-23 13:57:11.884266|[g:1][CONSENSUS]addRawPrepare,height=1,reqIdx=0,hash=f8fcb4e1...
info|2019-10-23 13:57:11.888522|[g:1][CONSENSUS][PBFT]checkTimeout Succ,view=48,toView=49,nodeIdx=3,changeCycle=0,myNode=eadb82d3...,timecost=3.957
info|2019-10-23 13:57:11.890496|[g:1][CONSENSUS][PBFT]checkAndChangeView: Reach consensus,org_view=48,org_changeCycle=0,cur_changeCycle=0,to_view=49
info|2019-10-23 13:57:12.307856|[P2P][Service] heartBeat,connected count=3
info|2019-10-23 13:57:12.892984|[g:1][CONSENSUS]addRawPrepare,height=1,reqIdx=1,hash=eb8a347b...
info|2019-10-23 13:57:12.893320|[g:1][CONSENSUS][PBFT]checkTimeout Succ,view=49,toView=50,nodeIdx=3,changeCycle=0,myNode=eadb82d3...,timecost=0.298
info|2019-10-23 13:57:12.897565|[g:1][CONSENSUS][PBFT]checkAndChangeView: Reach consensus,org_view=49,org_changeCycle=0,cur_changeCycle=0,to_view=50
info|2019-10-23 13:57:13.901513|[g:1][CONSENSUS]addRawPrepare,height=1,reqIdx=2,hash=70b9b85d...
info|2019-10-23 13:57:13.901754|[g:1][CONSENSUS][PBFT]checkTimeout Succ,view=50,toView=51,nodeIdx=3,changeCycle=0,myNode=eadb82d3...,timecost=0.214
info|2019-10-23 13:57:13.904767|[g:1][CONSENSUS][PBFT]checkAndChangeView: Reach consensus,org_view=50,org_changeCycle=0,cur_changeCycle=0,to_view=51
info|2019-10-23 13:57:14.904407|[g:1][CONSENSUS][SEALER]++++++++++++++++ Generating seal on,blkNum=1,tx=0,nodeIdx=3,hash=c0b2d12f...
info|2019-10-23 13:57:14.911640|[g:1][CONSENSUS][PBFT]checkTimeout Succ,view=51,toView=52,nodeIdx=3,changeCycle=0,myNode=eadb82d3...,timecost=0.216
info|2019-10-23 13:57:14.912650|[g:1][CONSENSUS][PBFT]checkAndChangeView: Reach consensus,org_view=51,org_changeCycle=0,cur_changeCycle=0,to_view=52
info|2019-10-23 13:57:15.911832|[g:1][CONSENSUS]addRawPrepare,height=1,reqIdx=0,hash=54093d35...
info|2019-10-23 13:57:15.912404|[g:1][CONSENSUS][PBFT]checkTimeout Succ,view=52,toView=53,nodeIdx=3,changeCycle=0,myNode=eadb82d3...,timecost=0.464
info|2019-10-23 13:57:15.917815|[g:1][CONSENSUS][PBFT]checkAndChangeView: Reach consensus,org_view=52,org_changeCycle=0,cur_changeCycle=0,to_view=53
info|2019-10-23 13:57:16.921050|[g:1][CONSENSUS]addRawPrepare,height=1,reqIdx=1,hash=8f98eca1...
info|2019-10-23 13:57:16.921389|[g:1][CONSENSUS][PBFT]checkTimeout Succ,view=53,toView=54,nodeIdx=3,changeCycle=0,myNode=eadb82d3...,timecost=0.301
info|2019-10-23 13:57:16.924957|[g:1][CONSENSUS][PBFT]checkAndChangeView: Reach consensus,org_view=53,org_changeCycle=0,cur_changeCycle=0,to_view=54
info|2019-10-23 13:57:17.928758|[g:1][CONSENSUS]addRawPrepare,height=1,reqIdx=2,hash=f11fb1cc...
info|2019-10-23 13:57:17.928982|[g:1][CONSENSUS][PBFT]checkTimeout Succ,view=54,toView=55,nodeIdx=3,changeCycle=0,myNode=eadb82d3...,timecost=0.199
info|2019-10-23 13:57:17.930200|[g:1][CONSENSUS][PBFT]checkAndChangeView: Reach consensus,org_view=54,org_changeCycle=0,cur_changeCycle=0,to_view=55
info|2019-10-23 13:57:18.931226|[g:1][CONSENSUS][SEALER]++++++++++++++++ Generating seal on,blkNum=1,tx=0,nodeIdx=3,hash=86e2d628...
info|2019-10-23 13:57:18.940261|[g:1][CONSENSUS][PBFT]checkTimeout Succ,view=55,toView=56,nodeIdx=3,changeCycle=0,myNode=eadb82d3...,timecost=0.218
info|2019-10-23 13:57:18.941318|[g:1][CONSENSUS][PBFT]checkAndChangeView: Reach consensus,org_view=55,org_changeCycle=0,cur_changeCycle=0,to_view=56
info|2019-10-23 13:57:19.940266|[g:1][CONSENSUS]addRawPrepare,height=1,reqIdx=0,hash=eca54980...
info|2019-10-23 13:57:19.940739|[g:1][CONSENSUS][PBFT]checkTimeout Succ,view=56,toView=57,nodeIdx=3,changeCycle=0,myNode=eadb82d3...,timecost=0.354
info|2019-10-23 13:57:19.946178|[g:1][CONSENSUS][PBFT]checkAndChangeView: Reach consensus,org_view=56,org_changeCycle=0,cur_changeCycle=0,to_view=57
info|2019-10-23 13:57:20.949091|[g:1][CONSENSUS]addRawPrepare,height=1,reqIdx=1,hash=4308ee24...
info|2019-10-23 13:57:20.949489|[g:1][CONSENSUS][PBFT]checkTimeout Succ,view=57,toView=58,nodeIdx=3,changeCycle=0,myNode=eadb82d3...,timecost=0.363
info|2019-10-23 13:57:20.952332|[g:1][CONSENSUS][PBFT]checkAndChangeView: Reach consensus,org_view=57,org_changeCycle=0,cur_changeCycle=0,to_view=58
info|2019-10-23 13:57:21.957111|[g:1][CONSENSUS]addRawPrepare,height=1,reqIdx=2,hash=d2f01c8c...
info|2019-10-23 13:57:21.957449|[g:1][CONSENSUS][PBFT]checkTimeout Succ,view=58,toView=59,nodeIdx=3,changeCycle=0,myNode=eadb82d3...,timecost=0.302
info|2019-10-23 13:57:21.960781|[g:1][CONSENSUS][PBFT]checkAndChangeView: Reach consensus,org_view=58,org_changeCycle=0,cur_changeCycle=0,to_view=59
info|2019-10-23 13:57:22.308154|[P2P][Service] heartBeat,connected count=3
info|2019-10-23 13:57:22.960439|[g:1][CONSENSUS][SEALER]++++++++++++++++ Generating seal on,blkNum=1,tx=0,nodeIdx=3,hash=f132adb7...
info|2019-10-23 13:57:22.969457|[g:1][CONSENSUS][PBFT]checkTimeout Succ,view=59,toView=60,nodeIdx=3,changeCycle=0,myNode=eadb82d3...,timecost=0.228
info|2019-10-23 13:57:22.970448|[g:1][CONSENSUS][PBFT]checkAndChangeView: Reach consensus,org_view=59,org_changeCycle=0,cur_changeCycle=0,to_view=60
info|2019-10-23 13:57:23.969313|[g:1][CONSENSUS]addRawPrepare,height=1,reqIdx=0,hash=ad15a227...
info|2019-10-23 13:57:23.969832|[g:1][CONSENSUS][PBFT]checkTimeout Succ,view=60,toView=61,nodeIdx=3,changeCycle=0,myNode=eadb82d3...,timecost=0.4
info|2019-10-23 13:57:23.975116|[g:1][CONSENSUS][PBFT]checkAndChangeView: Reach consensus,org_view=60,org_changeCycle=0,cur_changeCycle=0,to_view=61
info|2019-10-23 13:57:24.979925|[g:1][CONSENSUS]addRawPrepare,height=1,reqIdx=1,hash=eab6a897...
info|2019-10-23 13:57:24.981544|[g:1][CONSENSUS][PBFT]checkTimeout Succ,view=61,toView=62,nodeIdx=3,changeCycle=0,myNode=eadb82d3...,timecost=1.585
info|2019-10-23 13:57:24.981940|[g:1][CONSENSUS][PBFT]checkAndChangeView: Reach consensus,org_view=61,org_changeCycle=0,cur_changeCycle=0,to_view=62
info|2019-10-23 13:57:25.988041|[g:1][CONSENSUS]addRawPrepare,height=1,reqIdx=2,hash=3eef16d9...
info|2019-10-23 13:57:25.988263|[g:1][CONSENSUS][PBFT]checkTimeout Succ,view=62,toView=63,nodeIdx=3,changeCycle=0,myNode=eadb82d3...,timecost=0.197
info|2019-10-23 13:57:25.989113|[g:1][CONSENSUS][PBFT]checkAndChangeView: Reach consensus,org_view=62,org_changeCycle=0,cur_changeCycle=0,to_view=63
info|2019-10-23 13:57:26.989663|[g:1][CONSENSUS][SEALER]++++++++++++++++ Generating seal on,blkNum=1,tx=0,nodeIdx=3,hash=59fac090...
info|2019-10-23 13:57:26.999886|[g:1][CONSENSUS][PBFT]checkTimeout Succ,view=63,toView=64,nodeIdx=3,changeCycle=0,myNode=eadb82d3...,timecost=0.222
info|2019-10-23 13:57:27.000959|[g:1][CONSENSUS][PBFT]checkAndChangeView: Reach consensus,org_view=63,org_changeCycle=0,cur_changeCycle=0,to_view=64
info|2019-10-23 13:57:27.999517|[g:1][CONSENSUS]addRawPrepare,height=1,reqIdx=0,hash=03955e71...
info|2019-10-23 13:57:28.000154|[g:1][CONSENSUS][PBFT]checkTimeout Succ,view=64,toView=65,nodeIdx=3,changeCycle=0,myNode=eadb82d3...,timecost=0.441
info|2019-10-23 13:57:28.007573|[g:1][CONSENSUS][PBFT]checkAndChangeView: Reach consensus,org_view=64,org_changeCycle=0,cur_changeCycle=0,to_view=65
info|2019-10-23 13:57:29.009413|[g:1][CONSENSUS]addRawPrepare,height=1,reqIdx=1,hash=37571997...
info|2019-10-23 13:57:29.009658|[g:1][CONSENSUS][PBFT]checkTimeout Succ,view=65,toView=66,nodeIdx=3,changeCycle=0,myNode=eadb82d3...,timecost=0.215
info|2019-10-23 13:57:29.012382|[g:1][CONSENSUS][PBFT]checkAndChangeView: Reach consensus,org_view=65,org_changeCycle=0,cur_changeCycle=0,to_view=66
info|2019-10-23 13:57:30.018053|[g:1][CONSENSUS]addRawPrepare,height=1,reqIdx=2,hash=2edb8d21...
info|2019-10-23 13:57:30.018379|[g:1][CONSENSUS][PBFT]checkTimeout Succ,view=66,toView=67,nodeIdx=3,changeCycle=0,myNode=eadb82d3...,timecost=0.253
info|2019-10-23 13:57:30.021339|[g:1][CONSENSUS][PBFT]checkAndChangeView: Reach consensus,org_view=66,org_changeCycle=0,cur_changeCycle=0,to_view=67
info|2019-10-23 13:57:31.021938|[g:1][CONSENSUS][SEALER]++++++++++++++++ Generating seal on,blkNum=1,tx=0,nodeIdx=3,hash=7fdd1784...
info|2019-10-23 13:57:31.031789|[g:1][CONSENSUS][PBFT]checkTimeout Succ,view=67,toView=68,nodeIdx=3,changeCycle=0,myNode=eadb82d3...,timecost=0.389
info|2019-10-23 13:57:31.032968|[g:1][CONSENSUS][PBFT]checkAndChangeView: Reach consensus,org_view=67,org_changeCycle=0,cur_changeCycle=0,to_view=68
info|2019-10-23 13:57:32.030131|[g:1][CONSENSUS]addRawPrepare,height=1,reqIdx=0,hash=3d6e55bb...
info|2019-10-23 13:57:32.030529|[g:1][CONSENSUS][PBFT]checkTimeout Succ,view=68,toView=69,nodeIdx=3,changeCycle=0,myNode=eadb82d3...,timecost=0.299
info|2019-10-23 13:57:32.034777|[g:1][CONSENSUS][PBFT]checkAndChangeView: Reach consensus,org_view=68,org_changeCycle=0,cur_changeCycle=0,to_view=69
info|2019-10-23 13:57:32.308488|[P2P][Service] heartBeat,connected count=3
info|2019-10-23 13:57:33.040705|[g:1][CONSENSUS]addRawPrepare,height=1,reqIdx=1,hash=d20ecc67...
info|2019-10-23 13:57:33.040940|[g:1][CONSENSUS][PBFT]checkTimeout Succ,view=69,toView=70,nodeIdx=3,changeCycle=0,myNode=eadb82d3...,timecost=0.209
info|2019-10-23 13:57:33.041941|[g:1][CONSENSUS][PBFT]checkAndChangeView: Reach consensus,org_view=69,org_changeCycle=0,cur_changeCycle=0,to_view=70
info|2019-10-23 13:57:34.048001|[g:1][CONSENSUS]addRawPrepare,height=1,reqIdx=2,hash=38ac3ef5...
info|2019-10-23 13:57:34.048223|[g:1][CONSENSUS][PBFT]checkTimeout Succ,view=70,toView=71,nodeIdx=3,changeCycle=0,myNode=eadb82d3...,timecost=0.199
info|2019-10-23 13:57:34.049105|[g:1][CONSENSUS][PBFT]checkAndChangeView: Reach consensus,org_view=70,org_changeCycle=0,cur_changeCycle=0,to_view=71
info|2019-10-23 13:57:35.051643|[g:1][CONSENSUS][SEALER]++++++++++++++++ Generating seal on,blkNum=1,tx=0,nodeIdx=3,hash=5f444845...
info|2019-10-23 13:57:35.060219|[g:1][CONSENSUS][PBFT]checkTimeout Succ,view=71,toView=72,nodeIdx=3,changeCycle=0,myNode=eadb82d3...,timecost=0.229
info|2019-10-23 13:57:35.061368|[g:1][CONSENSUS][PBFT]checkAndChangeView: Reach consensus,org_view=71,org_changeCycle=0,cur_changeCycle=0,to_view=72
info|2019-10-23 13:57:36.059902|[g:1][CONSENSUS]addRawPrepare,height=1,reqIdx=0,hash=e655e983...
info|2019-10-23 13:57:36.060387|[g:1][CONSENSUS][PBFT]checkTimeout Succ,view=72,toView=73,nodeIdx=3,changeCycle=0,myNode=eadb82d3...,timecost=0.293
info|2019-10-23 13:57:36.065252|[g:1][CONSENSUS][PBFT]checkAndChangeView: Reach consensus,org_view=72,org_changeCycle=0,cur_changeCycle=0,to_view=73
info|2019-10-23 13:57:37.070508|[g:1][CONSENSUS]addRawPrepare,height=1,reqIdx=1,hash=8b1606aa...
info|2019-10-23 13:57:37.070974|[g:1][CONSENSUS][PBFT]checkTimeout Succ,view=73,toView=74,nodeIdx=3,changeCycle=0,myNode=eadb82d3...,timecost=0.439
info|2019-10-23 13:57:37.075969|[g:1][CONSENSUS][PBFT]checkAndChangeView: Reach consensus,org_view=73,org_changeCycle=0,cur_changeCycle=0,to_view=74
info|2019-10-23 13:57:38.087046|[g:1][CONSENSUS]addRawPrepare,height=1,reqIdx=2,hash=c97d2e3d...
info|2019-10-23 13:57:38.090361|[g:1][CONSENSUS][PBFT]checkTimeout Succ,view=74,toView=75,nodeIdx=3,changeCycle=0,myNode=eadb82d3...,timecost=3.029
info|2019-10-23 13:57:38.093259|[g:1][CONSENSUS][PBFT]checkAndChangeView: Reach consensus,org_view=74,org_changeCycle=0,cur_changeCycle=0,to_view=75
info|2019-10-23 13:57:39.094226|[g:1][CONSENSUS][SEALER]++++++++++++++++ Generating seal on,blkNum=1,tx=0,nodeIdx=3,hash=b506de20...
info|2019-10-23 13:57:39.107345|[g:1][CONSENSUS][PBFT]checkTimeout Succ,view=75,toView=76,nodeIdx=3,changeCycle=0,myNode=eadb82d3...,timecost=0.376
info|2019-10-23 13:57:39.108721|[g:1][CONSENSUS][PBFT]checkAndChangeView: Reach consensus,org_view=75,org_changeCycle=0,cur_changeCycle=0,to_view=76
info|2019-10-23 13:57:40.104713|[g:1][CONSENSUS]addRawPrepare,height=1,reqIdx=0,hash=c11ea72b...
info|2019-10-23 13:57:40.105187|[g:1][CONSENSUS][PBFT]checkTimeout Succ,view=76,toView=77,nodeIdx=3,changeCycle=0,myNode=eadb82d3...,timecost=0.356
info|2019-10-23 13:57:40.110243|[g:1][CONSENSUS][PBFT]checkAndChangeView: Reach consensus,org_view=76,org_changeCycle=0,cur_changeCycle=0,to_view=77
info|2019-10-23 13:57:41.113387|[g:1][CONSENSUS]addRawPrepare,height=1,reqIdx=1,hash=034be6f7...
info|2019-10-23 13:57:41.113655|[g:1][CONSENSUS][PBFT]checkTimeout Succ,view=77,toView=78,nodeIdx=3,changeCycle=0,myNode=eadb82d3...,timecost=0.238
info|2019-10-23 13:57:41.120241|[g:1][CONSENSUS][PBFT]checkAndChangeView: Reach consensus,org_view=77,org_changeCycle=0,cur_changeCycle=0,to_view=78
info|2019-10-23 13:57:42.132578|[g:1][CONSENSUS]addRawPrepare,height=1,reqIdx=2,hash=83db0a70...
info|2019-10-23 13:57:42.132928|[g:1][CONSENSUS][PBFT]checkTimeout Succ,view=78,toView=79,nodeIdx=3,changeCycle=0,myNode=eadb82d3...,timecost=0.311
info|2019-10-23 13:57:42.135915|[g:1][CONSENSUS][PBFT]checkAndChangeView: Reach consensus,org_view=78,org_changeCycle=0,cur_changeCycle=0,to_view=79
info|2019-10-23 13:57:42.308720|[P2P][Service] heartBeat,connected count=3
info|2019-10-23 13:57:43.137151|[g:1][CONSENSUS][SEALER]++++++++++++++++ Generating seal on,blkNum=1,tx=0,nodeIdx=3,hash=5803860f...
info|2019-10-23 13:57:43.147385|[g:1][CONSENSUS][PBFT]checkTimeout Succ,view=79,toView=80,nodeIdx=3,changeCycle=0,myNode=eadb82d3...,timecost=0.318
info|2019-10-23 13:57:43.148491|[g:1][CONSENSUS][PBFT]checkAndChangeView: Reach consensus,org_view=79,org_changeCycle=0,cur_changeCycle=0,to_view=80
info|2019-10-23 13:57:44.148955|[g:1][CONSENSUS]addRawPrepare,height=1,reqIdx=0,hash=19802b66...
info|2019-10-23 13:57:44.149269|[g:1][CONSENSUS][PBFT]checkTimeout Succ,view=80,toView=81,nodeIdx=3,changeCycle=0,myNode=eadb82d3...,timecost=0.246
info|2019-10-23 13:57:44.157813|[g:1][CONSENSUS][PBFT]checkAndChangeView: Reach consensus,org_view=80,org_changeCycle=0,cur_changeCycle=0,to_view=81
info|2019-10-23 13:57:45.164344|[g:1][CONSENSUS]addRawPrepare,height=1,reqIdx=1,hash=2ad04382...
info|2019-10-23 13:57:45.164675|[g:1][CONSENSUS][PBFT]checkTimeout Succ,view=81,toView=82,nodeIdx=3,changeCycle=0,myNode=eadb82d3...,timecost=0.298
info|2019-10-23 13:57:45.168570|[g:1][CONSENSUS][PBFT]checkAndChangeView: Reach consensus,org_view=81,org_changeCycle=0,cur_changeCycle=0,to_view=82
info|2019-10-23 13:57:46.174959|[g:1][CONSENSUS]addRawPrepare,height=1,reqIdx=2,hash=d472152f...
info|2019-10-23 13:57:46.176010|[g:1][CONSENSUS][PBFT]checkTimeout Succ,view=82,toView=83,nodeIdx=3,changeCycle=0,myNode=eadb82d3...,timecost=1.021
info|2019-10-23 13:57:46.177380|[g:1][CONSENSUS][PBFT]checkAndChangeView: Reach consensus,org_view=82,org_changeCycle=0,cur_changeCycle=0,to_view=83
info|2019-10-23 13:57:47.177942|[g:1][CONSENSUS][SEALER]++++++++++++++++ Generating seal on,blkNum=1,tx=0,nodeIdx=3,hash=87f10ba7...
info|2019-10-23 13:57:47.186300|[g:1][CONSENSUS][PBFT]checkTimeout Succ,view=83,toView=84,nodeIdx=3,changeCycle=0,myNode=eadb82d3...,timecost=0.231
info|2019-10-23 13:57:47.187667|[g:1][CONSENSUS][PBFT]checkAndChangeView: Reach consensus,org_view=83,org_changeCycle=0,cur_changeCycle=0,to_view=84
info|2019-10-23 13:57:48.192896|[g:1][CONSENSUS]addRawPrepare,height=1,reqIdx=0,hash=d093746e...
info|2019-10-23 13:57:48.193240|[g:1][CONSENSUS][PBFT]checkTimeout Succ,view=84,toView=85,nodeIdx=3,changeCycle=0,myNode=eadb82d3...,timecost=0.229
info|2019-10-23 13:57:48.205333|[g:1][CONSENSUS][PBFT]checkAndChangeView: Reach consensus,org_view=84,org_changeCycle=0,cur_changeCycle=0,to_view=85
info|2019-10-23 13:57:49.200485|[g:1][CONSENSUS]addRawPrepare,height=1,reqIdx=1,hash=d64bb7f1...
info|2019-10-23 13:57:49.200713|[g:1][CONSENSUS][PBFT]checkTimeout Succ,view=85,toView=86,nodeIdx=3,changeCycle=0,myNode=eadb82d3...,timecost=0.201
info|2019-10-23 13:57:49.201601|[g:1][CONSENSUS][PBFT]checkAndChangeView: Reach consensus,org_view=85,org_changeCycle=0,cur_changeCycle=0,to_view=86
info|2019-10-23 13:57:50.206579|[g:1][CONSENSUS]addRawPrepare,height=1,reqIdx=2,hash=988c4256...
info|2019-10-23 13:57:50.207022|[g:1][CONSENSUS][PBFT]checkTimeout Succ,view=86,toView=87,nodeIdx=3,changeCycle=0,myNode=eadb82d3...,timecost=0.413
info|2019-10-23 13:57:50.216172|[g:1][CONSENSUS][PBFT]checkAndChangeView: Reach consensus,org_view=86,org_changeCycle=0,cur_changeCycle=0,to_view=87
info|2019-10-23 13:57:51.217374|[g:1][CONSENSUS][SEALER]++++++++++++++++ Generating seal on,blkNum=1,tx=0,nodeIdx=3,hash=fdeb4588...
info|2019-10-23 13:57:51.226286|[g:1][CONSENSUS][PBFT]checkTimeout Succ,view=87,toView=88,nodeIdx=3,changeCycle=0,myNode=eadb82d3...,timecost=0.217
info|2019-10-23 13:57:51.227443|[g:1][CONSENSUS][PBFT]checkAndChangeView: Reach consensus,org_view=87,org_changeCycle=0,cur_changeCycle=0,to_view=88
info|2019-10-23 13:57:52.227068|[g:1][CONSENSUS]addRawPrepare,height=1,reqIdx=0,hash=b8d85aa0...
info|2019-10-23 13:57:52.227548|[g:1][CONSENSUS][PBFT]checkTimeout Succ,view=88,toView=89,nodeIdx=3,changeCycle=0,myNode=eadb82d3...,timecost=0.359
info|2019-10-23 13:57:52.232866|[g:1][CONSENSUS][PBFT]checkAndChangeView: Reach consensus,org_view=88,org_changeCycle=0,cur_changeCycle=0,to_view=89
info|2019-10-23 13:57:52.308845|[P2P][Service] heartBeat,connected count=3
info|2019-10-23 13:57:53.239431|[g:1][CONSENSUS]addRawPrepare,height=1,reqIdx=1,hash=94845e2e...
info|2019-10-23 13:57:53.240974|[g:1][CONSENSUS][PBFT]checkTimeout Succ,view=89,toView=90,nodeIdx=3,changeCycle=0,myNode=eadb82d3...,timecost=1.491
info|2019-10-23 13:57:53.242123|[g:1][CONSENSUS][PBFT]checkAndChangeView: Reach consensus,org_view=89,org_changeCycle=0,cur_changeCycle=0,to_view=90
info|2019-10-23 13:57:54.245545|[g:1][CONSENSUS]addRawPrepare,height=1,reqIdx=2,hash=2b791116...
info|2019-10-23 13:57:54.245878|[g:1][CONSENSUS][PBFT]checkTimeout Succ,view=90,toView=91,nodeIdx=3,changeCycle=0,myNode=eadb82d3...,timecost=0.298
info|2019-10-23 13:57:54.248987|[g:1][CONSENSUS][PBFT]checkAndChangeView: Reach consensus,org_view=90,org_changeCycle=0,cur_changeCycle=0,to_view=91
info|2019-10-23 13:57:55.250389|[g:1][CONSENSUS][SEALER]++++++++++++++++ Generating seal on,blkNum=1,tx=0,nodeIdx=3,hash=a85a6ad6...
info|2019-10-23 13:57:55.259753|[g:1][CONSENSUS][PBFT]checkTimeout Succ,view=91,toView=92,nodeIdx=3,changeCycle=0,myNode=eadb82d3...,timecost=0.281
info|2019-10-23 13:57:55.260822|[g:1][CONSENSUS][PBFT]checkAndChangeView: Reach consensus,org_view=91,org_changeCycle=0,cur_changeCycle=0,to_view=92
info|2019-10-23 13:57:56.259373|[g:1][CONSENSUS]addRawPrepare,height=1,reqIdx=0,hash=fc13d636...
info|2019-10-23 13:57:56.259775|[g:1][CONSENSUS][PBFT]checkTimeout Succ,view=92,toView=93,nodeIdx=3,changeCycle=0,myNode=eadb82d3...,timecost=0.291
info|2019-10-23 13:57:56.264831|[g:1][CONSENSUS][PBFT]checkAndChangeView: Reach consensus,org_view=92,org_changeCycle=0,cur_changeCycle=0,to_view=93
info|2019-10-23 13:57:57.269817|[g:1][CONSENSUS]addRawPrepare,height=1,reqIdx=1,hash=9d15e32c...
info|2019-10-23 13:57:57.270137|[g:1][CONSENSUS][PBFT]checkTimeout Succ,view=93,toView=94,nodeIdx=3,changeCycle=0,myNode=eadb82d3...,timecost=0.284
info|2019-10-23 13:57:57.271616|[g:1][CONSENSUS][PBFT]checkAndChangeView: Reach consensus,org_view=93,org_changeCycle=0,cur_changeCycle=0,to_view=94
info|2019-10-23 13:57:58.277802|[g:1][CONSENSUS]addRawPrepare,height=1,reqIdx=2,hash=a77c37e6...
info|2019-10-23 13:57:58.278049|[g:1][CONSENSUS][PBFT]checkTimeout Succ,view=94,toView=95,nodeIdx=3,changeCycle=0,myNode=eadb82d3...,timecost=0.217
info|2019-10-23 13:57:58.281849|[g:1][CONSENSUS][PBFT]checkAndChangeView: Reach consensus,org_view=94,org_changeCycle=0,cur_changeCycle=0,to_view=95
info|2019-10-23 13:57:59.282331|[g:1][CONSENSUS][SEALER]++++++++++++++++ Generating seal on,blkNum=1,tx=0,nodeIdx=3,hash=40c29eb0...
info|2019-10-23 13:57:59.292484|[g:1][CONSENSUS][PBFT]checkTimeout Succ,view=95,toView=96,nodeIdx=3,changeCycle=0,myNode=eadb82d3...,timecost=0.481
info|2019-10-23 13:57:59.293618|[g:1][CONSENSUS][PBFT]checkAndChangeView: Reach consensus,org_view=95,org_changeCycle=0,cur_changeCycle=0,to_view=96
info|2019-10-23 13:58:00.292797|[g:1][CONSENSUS]addRawPrepare,height=1,reqIdx=0,hash=b0142504...
info|2019-10-23 13:58:00.293298|[g:1][CONSENSUS][PBFT]checkTimeout Succ,view=96,toView=97,nodeIdx=3,changeCycle=0,myNode=eadb82d3...,timecost=0.358
info|2019-10-23 13:58:00.298371|[g:1][CONSENSUS][PBFT]checkAndChangeView: Reach consensus,org_view=96,org_changeCycle=0,cur_changeCycle=0,to_view=97
info|2019-10-23 13:58:01.302200|[g:1][CONSENSUS]addRawPrepare,height=1,reqIdx=1,hash=552fbf3d...
info|2019-10-23 13:58:01.302574|[g:1][CONSENSUS][PBFT]checkTimeout Succ,view=97,toView=98,nodeIdx=3,changeCycle=0,myNode=eadb82d3...,timecost=0.331
info|2019-10-23 13:58:01.306212|[g:1][CONSENSUS][PBFT]checkAndChangeView: Reach consensus,org_view=97,org_changeCycle=0,cur_changeCycle=0,to_view=98
info|2019-10-23 13:58:02.309730|[P2P][Service] heartBeat,connected count=3
info|2019-10-23 13:58:02.312027|[g:1][CONSENSUS]addRawPrepare,height=1,reqIdx=2,hash=dd527ef7...
info|2019-10-23 13:58:02.312767|[g:1][CONSENSUS][PBFT]checkTimeout Succ,view=98,toView=99,nodeIdx=3,changeCycle=0,myNode=eadb82d3...,timecost=0.718
info|2019-10-23 13:58:02.313713|[g:1][CONSENSUS][PBFT]checkAndChangeView: Reach consensus,org_view=98,org_changeCycle=0,cur_changeCycle=0,to_view=99
info|2019-10-23 13:58:03.314233|[g:1][CONSENSUS][SEALER]++++++++++++++++ Generating seal on,blkNum=1,tx=0,nodeIdx=3,hash=2835903d...
info|2019-10-23 13:58:03.323528|[g:1][CONSENSUS][PBFT]checkTimeout Succ,view=99,toView=100,nodeIdx=3,changeCycle=0,myNode=eadb82d3...,timecost=0.216
info|2019-10-23 13:58:03.324520|[g:1][CONSENSUS][PBFT]checkAndChangeView: Reach consensus,org_view=99,org_changeCycle=0,cur_changeCycle=0,to_view=100
info|2019-10-23 13:58:04.323405|[g:1][CONSENSUS]addRawPrepare,height=1,reqIdx=0,hash=ba0cf095...
info|2019-10-23 13:58:04.324041|[g:1][CONSENSUS][PBFT]checkTimeout Succ,view=100,toView=101,nodeIdx=3,changeCycle=0,myNode=eadb82d3...,timecost=0.528
info|2019-10-23 13:58:04.330270|[g:1][CONSENSUS][PBFT]checkAndChangeView: Reach consensus,org_view=100,org_changeCycle=0,cur_changeCycle=0,to_view=101
info|2019-10-23 13:58:05.332149|[g:1][CONSENSUS]addRawPrepare,height=1,reqIdx=1,hash=18a1288e...
info|2019-10-23 13:58:05.332634|[g:1][CONSENSUS][PBFT]checkTimeout Succ,view=101,toView=102,nodeIdx=3,changeCycle=0,myNode=eadb82d3...,timecost=0.454
info|2019-10-23 13:58:05.336256|[g:1][CONSENSUS][PBFT]checkAndChangeView: Reach consensus,org_view=101,org_changeCycle=0,cur_changeCycle=0,to_view=102
info|2019-10-23 13:58:06.341073|[g:1][CONSENSUS]addRawPrepare,height=1,reqIdx=2,hash=7dad55ec...
info|2019-10-23 13:58:06.341311|[g:1][CONSENSUS][PBFT]checkTimeout Succ,view=102,toView=103,nodeIdx=3,changeCycle=0,myNode=eadb82d3...,timecost=0.215
info|2019-10-23 13:58:06.342837|[g:1][CONSENSUS][PBFT]checkAndChangeView: Reach consensus,org_view=102,org_changeCycle=0,cur_changeCycle=0,to_view=103
info|2019-10-23 13:58:07.343444|[g:1][CONSENSUS][SEALER]++++++++++++++++ Generating seal on,blkNum=1,tx=0,nodeIdx=3,hash=e05114b4...
info|2019-10-23 13:58:07.352382|[g:1][CONSENSUS][PBFT]checkTimeout Succ,view=103,toView=104,nodeIdx=3,changeCycle=0,myNode=eadb82d3...,timecost=0.218
info|2019-10-23 13:58:07.353596|[g:1][CONSENSUS][PBFT]checkAndChangeView: Reach consensus,org_view=103,org_changeCycle=0,cur_changeCycle=0,to_view=104
info|2019-10-23 13:58:08.356882|[g:1][CONSENSUS]addRawPrepare,height=1,reqIdx=0,hash=c0271c66...
info|2019-10-23 13:58:08.357285|[g:1][CONSENSUS][PBFT]checkTimeout Succ,view=104,toView=105,nodeIdx=3,changeCycle=0,myNode=eadb82d3...,timecost=0.311
info|2019-10-23 13:58:08.362220|[g:1][CONSENSUS][PBFT]checkAndChangeView: Reach consensus,org_view=104,org_changeCycle=0,cur_changeCycle=0,to_view=105
info|2019-10-23 13:58:09.366604|[g:1][CONSENSUS]addRawPrepare,height=1,reqIdx=1,hash=f3e8460c...
info|2019-10-23 13:58:09.366825|[g:1][CONSENSUS][PBFT]checkTimeout Succ,view=105,toView=106,nodeIdx=3,changeCycle=0,myNode=eadb82d3...,timecost=0.197
info|2019-10-23 13:58:09.367975|[g:1][CONSENSUS][PBFT]checkAndChangeView: Reach consensus,org_view=105,org_changeCycle=0,cur_changeCycle=0,to_view=106
info|2019-10-23 13:58:10.372969|[g:1][CONSENSUS]addRawPrepare,height=1,reqIdx=2,hash=6b80d0bf...
info|2019-10-23 13:58:10.373266|[g:1][CONSENSUS][PBFT]checkTimeout Succ,view=106,toView=107,nodeIdx=3,changeCycle=0,myNode=eadb82d3...,timecost=0.26
info|2019-10-23 13:58:10.377150|[g:1][CONSENSUS][PBFT]checkAndChangeView: Reach consensus,org_view=106,org_changeCycle=0,cur_changeCycle=0,to_view=107
info|2019-10-23 13:58:11.379520|[g:1][CONSENSUS][SEALER]++++++++++++++++ Generating seal on,blkNum=1,tx=0,nodeIdx=3,hash=9a24c708...
info|2019-10-23 13:58:11.388889|[g:1][CONSENSUS][PBFT]checkTimeout Succ,view=107,toView=108,nodeIdx=3,changeCycle=0,myNode=eadb82d3...,timecost=1.602
info|2019-10-23 13:58:11.389892|[g:1][CONSENSUS][PBFT]checkAndChangeView: Reach consensus,org_view=107,org_changeCycle=0,cur_changeCycle=0,to_view=108
info|2019-10-23 13:58:12.309940|[P2P][Service] heartBeat,connected count=3
info|2019-10-23 13:58:12.386446|[g:1][CONSENSUS]addRawPrepare,height=1,reqIdx=0,hash=2d54a305...
info|2019-10-23 13:58:12.387059|[g:1][CONSENSUS][PBFT]checkTimeout Succ,view=108,toView=109,nodeIdx=3,changeCycle=0,myNode=eadb82d3...,timecost=0.5
info|2019-10-23 13:58:12.392872|[g:1][CONSENSUS][PBFT]checkAndChangeView: Reach consensus,org_view=108,org_changeCycle=0,cur_changeCycle=0,to_view=109
info|2019-10-23 13:58:13.397076|[g:1][CONSENSUS]addRawPrepare,height=1,reqIdx=1,hash=e6e1675a...
info|2019-10-23 13:58:13.397361|[g:1][CONSENSUS][PBFT]checkTimeout Succ,view=109,toView=110,nodeIdx=3,changeCycle=0,myNode=eadb82d3...,timecost=0.254
info|2019-10-23 13:58:13.400771|[g:1][CONSENSUS][PBFT]checkAndChangeView: Reach consensus,org_view=109,org_changeCycle=0,cur_changeCycle=0,to_view=110
info|2019-10-23 13:58:14.408410|[g:1][CONSENSUS]addRawPrepare,height=1,reqIdx=2,hash=28ea57f5...
info|2019-10-23 13:58:14.408730|[g:1][CONSENSUS][PBFT]checkTimeout Succ,view=110,toView=111,nodeIdx=3,changeCycle=0,myNode=eadb82d3...,timecost=0.286
info|2019-10-23 13:58:14.410554|[g:1][CONSENSUS][PBFT]checkAndChangeView: Reach consensus,org_view=110,org_changeCycle=0,cur_changeCycle=0,to_view=111
info|2019-10-23 13:58:15.412094|[g:1][CONSENSUS][SEALER]++++++++++++++++ Generating seal on,blkNum=1,tx=0,nodeIdx=3,hash=19638bd4...
info|2019-10-23 13:58:15.421064|[g:1][CONSENSUS][PBFT]checkTimeout Succ,view=111,toView=112,nodeIdx=3,changeCycle=0,myNode=eadb82d3...,timecost=0.224
info|2019-10-23 13:58:15.422098|[g:1][CONSENSUS][PBFT]checkAndChangeView: Reach consensus,org_view=111,org_changeCycle=0,cur_changeCycle=0,to_view=112
info|2019-10-23 13:58:16.419703|[g:1][CONSENSUS]addRawPrepare,height=1,reqIdx=0,hash=6546c744...
info|2019-10-23 13:58:16.420086|[g:1][CONSENSUS][PBFT]checkTimeout Succ,view=112,toView=113,nodeIdx=3,changeCycle=0,myNode=eadb82d3...,timecost=0.287
info|2019-10-23 13:58:16.425334|[g:1][CONSENSUS][PBFT]checkAndChangeView: Reach consensus,org_view=112,org_changeCycle=0,cur_changeCycle=0,to_view=113
info|2019-10-23 13:58:17.429844|[g:1][CONSENSUS]addRawPrepare,height=1,reqIdx=1,hash=78b2aae5...
info|2019-10-23 13:58:17.430185|[g:1][CONSENSUS][PBFT]checkTimeout Succ,view=113,toView=114,nodeIdx=3,changeCycle=0,myNode=eadb82d3...,timecost=0.303
info|2019-10-23 13:58:17.432487|[g:1][CONSENSUS][PBFT]checkAndChangeView: Reach consensus,org_view=113,org_changeCycle=0,cur_changeCycle=0,to_view=114
info|2019-10-23 13:58:18.440327|[g:1][CONSENSUS]addRawPrepare,height=1,reqIdx=2,hash=428f209b...
info|2019-10-23 13:58:18.440586|[g:1][CONSENSUS][PBFT]checkTimeout Succ,view=114,toView=115,nodeIdx=3,changeCycle=0,myNode=eadb82d3...,timecost=0.235
info|2019-10-23 13:58:18.442367|[g:1][CONSENSUS][PBFT]checkAndChangeView: Reach consensus,org_view=114,org_changeCycle=0,cur_changeCycle=0,to_view=115
info|2019-10-23 13:58:19.443553|[g:1][CONSENSUS][SEALER]++++++++++++++++ Generating seal on,blkNum=1,tx=0,nodeIdx=3,hash=adfe6653...
info|2019-10-23 13:58:19.451841|[g:1][CONSENSUS][PBFT]checkTimeout Succ,view=115,toView=116,nodeIdx=3,changeCycle=0,myNode=eadb82d3...,timecost=0.218
info|2019-10-23 13:58:19.452985|[g:1][CONSENSUS][PBFT]checkAndChangeView: Reach consensus,org_view=115,org_changeCycle=0,cur_changeCycle=0,to_view=116
info|2019-10-23 13:58:20.452065|[g:1][CONSENSUS]addRawPrepare,height=1,reqIdx=0,hash=833a2606...
info|2019-10-23 13:58:20.452535|[g:1][CONSENSUS][PBFT]checkTimeout Succ,view=116,toView=117,nodeIdx=3,changeCycle=0,myNode=eadb82d3...,timecost=0.357
info|2019-10-23 13:58:20.458777|[g:1][CONSENSUS][PBFT]checkAndChangeView: Reach consensus,org_view=116,org_changeCycle=0,cur_changeCycle=0,to_view=117
info|2019-10-23 13:58:21.464118|[g:1][CONSENSUS]addRawPrepare,height=1,reqIdx=1,hash=52568bb2...
info|2019-10-23 13:58:21.464484|[g:1][CONSENSUS][PBFT]checkTimeout Succ,view=117,toView=118,nodeIdx=3,changeCycle=0,myNode=eadb82d3...,timecost=0.314
info|2019-10-23 13:58:21.467041|[g:1][CONSENSUS][PBFT]checkAndChangeView: Reach consensus,org_view=117,org_changeCycle=0,cur_changeCycle=0,to_view=118
info|2019-10-23 13:58:22.310215|[P2P][Service] heartBeat,connected count=3
info|2019-10-23 13:58:22.475211|[g:1][CONSENSUS]addRawPrepare,height=1,reqIdx=2,hash=244583bd...
info|2019-10-23 13:58:22.476665|[g:1][CONSENSUS][PBFT]checkTimeout Succ,view=118,toView=119,nodeIdx=3,changeCycle=0,myNode=eadb82d3...,timecost=1.402
info|2019-10-23 13:58:22.477691|[g:1][CONSENSUS][PBFT]checkAndChangeView: Reach consensus,org_view=118,org_changeCycle=0,cur_changeCycle=0,to_view=119
info|2019-10-23 13:58:23.477684|[g:1][CONSENSUS][SEALER]++++++++++++++++ Generating seal on,blkNum=1,tx=0,nodeIdx=3,hash=59dbeafb...
info|2019-10-23 13:58:23.488574|[g:1][CONSENSUS][PBFT]checkTimeout Succ,view=119,toView=120,nodeIdx=3,changeCycle=0,myNode=eadb82d3...,timecost=0.334
info|2019-10-23 13:58:23.490628|[g:1][CONSENSUS][PBFT]checkAndChangeView: Reach consensus,org_view=119,org_changeCycle=0,cur_changeCycle=0,to_view=120
info|2019-10-23 13:58:24.487630|[g:1][CONSENSUS]addRawPrepare,height=1,reqIdx=0,hash=fea03be0...
info|2019-10-23 13:58:24.488102|[g:1][CONSENSUS][PBFT]checkTimeout Succ,view=120,toView=121,nodeIdx=3,changeCycle=0,myNode=eadb82d3...,timecost=0.357
info|2019-10-23 13:58:24.493617|[g:1][CONSENSUS][PBFT]checkAndChangeView: Reach consensus,org_view=120,org_changeCycle=0,cur_changeCycle=0,to_view=121
info|2019-10-23 13:58:25.496669|[g:1][CONSENSUS]addRawPrepare,height=1,reqIdx=1,hash=115447f2...
info|2019-10-23 13:58:25.497003|[g:1][CONSENSUS][PBFT]checkTimeout Succ,view=121,toView=122,nodeIdx=3,changeCycle=0,myNode=eadb82d3...,timecost=0.299
info|2019-10-23 13:58:25.500100|[g:1][CONSENSUS][PBFT]checkAndChangeView: Reach consensus,org_view=121,org_changeCycle=0,cur_changeCycle=0,to_view=122
info|2019-10-23 13:58:26.504633|[g:1][CONSENSUS]addRawPrepare,height=1,reqIdx=2,hash=337d8379...
info|2019-10-23 13:58:26.504997|[g:1][CONSENSUS][PBFT]checkTimeout Succ,view=122,toView=123,nodeIdx=3,changeCycle=0,myNode=eadb82d3...,timecost=0.327
info|2019-10-23 13:58:26.508024|[g:1][CONSENSUS][PBFT]checkAndChangeView: Reach consensus,org_view=122,org_changeCycle=0,cur_changeCycle=0,to_view=123
info|2019-10-23 13:58:27.509505|[g:1][CONSENSUS][SEALER]++++++++++++++++ Generating seal on,blkNum=1,tx=0,nodeIdx=3,hash=6a8854f0...
info|2019-10-23 13:58:27.516602|[g:1][CONSENSUS][PBFT]checkTimeout Succ,view=123,toView=124,nodeIdx=3,changeCycle=0,myNode=eadb82d3...,timecost=0.222
info|2019-10-23 13:58:27.518149|[g:1][CONSENSUS][PBFT]checkAndChangeView: Reach consensus,org_view=123,org_changeCycle=0,cur_changeCycle=0,to_view=124
info|2019-10-23 13:58:28.518734|[g:1][CONSENSUS]addRawPrepare,height=1,reqIdx=0,hash=37f163a5...
info|2019-10-23 13:58:28.519405|[g:1][CONSENSUS][PBFT]checkTimeout Succ,view=124,toView=125,nodeIdx=3,changeCycle=0,myNode=eadb82d3...,timecost=0.549
info|2019-10-23 13:58:28.525521|[g:1][CONSENSUS][PBFT]checkAndChangeView: Reach consensus,org_view=124,org_changeCycle=0,cur_changeCycle=0,to_view=125
info|2019-10-23 13:58:29.528060|[g:1][CONSENSUS]addRawPrepare,height=1,reqIdx=1,hash=ec70afac...
info|2019-10-23 13:58:29.528409|[g:1][CONSENSUS][PBFT]checkTimeout Succ,view=125,toView=126,nodeIdx=3,changeCycle=0,myNode=eadb82d3...,timecost=0.309
info|2019-10-23 13:58:29.532537|[g:1][CONSENSUS][PBFT]checkAndChangeView: Reach consensus,org_view=125,org_changeCycle=0,cur_changeCycle=0,to_view=126
info|2019-10-23 13:58:30.539118|[g:1][CONSENSUS]addRawPrepare,height=1,reqIdx=2,hash=bd82f80b...
info|2019-10-23 13:58:30.542250|[g:1][CONSENSUS][PBFT]checkTimeout Succ,view=126,toView=127,nodeIdx=3,changeCycle=0,myNode=eadb82d3...,timecost=1.936
info|2019-10-23 13:58:30.542866|[g:1][CONSENSUS][PBFT]checkAndChangeView: Reach consensus,org_view=126,org_changeCycle=0,cur_changeCycle=0,to_view=127
info|2019-10-23 13:58:31.543739|[g:1][CONSENSUS][SEALER]++++++++++++++++ Generating seal on,blkNum=1,tx=0,nodeIdx=3,hash=ab5dc236...
info|2019-10-23 13:58:31.556500|[g:1][CONSENSUS][PBFT]checkTimeout Succ,view=127,toView=128,nodeIdx=3,changeCycle=0,myNode=eadb82d3...,timecost=0.302
info|2019-10-23 13:58:31.560081|[g:1][CONSENSUS][PBFT]checkAndChangeView: Reach consensus,org_view=127,org_changeCycle=0,cur_changeCycle=0,to_view=128
info|2019-10-23 13:58:32.310381|[P2P][Service] heartBeat,connected count=3
info|2019-10-23 13:58:32.556777|[g:1][CONSENSUS]addRawPrepare,height=1,reqIdx=0,hash=0d7a69eb...
info|2019-10-23 13:58:32.557258|[g:1][CONSENSUS][PBFT]checkTimeout Succ,view=128,toView=129,nodeIdx=3,changeCycle=0,myNode=eadb82d3...,timecost=0.36
info|2019-10-23 13:58:32.562761|[g:1][CONSENSUS][PBFT]checkAndChangeView: Reach consensus,org_view=128,org_changeCycle=0,cur_changeCycle=0,to_view=129
info|2019-10-23 13:58:33.566371|[g:1][CONSENSUS]addRawPrepare,height=1,reqIdx=1,hash=417a9221...
info|2019-10-23 13:58:33.566714|[g:1][CONSENSUS][PBFT]checkTimeout Succ,view=129,toView=130,nodeIdx=3,changeCycle=0,myNode=eadb82d3...,timecost=0.299
info|2019-10-23 13:58:33.570054|[g:1][CONSENSUS][PBFT]checkAndChangeView: Reach consensus,org_view=129,org_changeCycle=0,cur_changeCycle=0,to_view=130
info|2019-10-23 13:58:34.576642|[g:1][CONSENSUS]addRawPrepare,height=1,reqIdx=2,hash=3a224654...
info|2019-10-23 13:58:34.576867|[g:1][CONSENSUS][PBFT]checkTimeout Succ,view=130,toView=131,nodeIdx=3,changeCycle=0,myNode=eadb82d3...,timecost=0.2
info|2019-10-23 13:58:34.582882|[g:1][CONSENSUS][PBFT]checkAndChangeView: Reach consensus,org_view=130,org_changeCycle=0,cur_changeCycle=0,to_view=131
info|2019-10-23 13:58:35.584158|[g:1][CONSENSUS][SEALER]++++++++++++++++ Generating seal on,blkNum=1,tx=0,nodeIdx=3,hash=3f13b033...
info|2019-10-23 13:58:35.594008|[g:1][CONSENSUS][PBFT]checkTimeout Succ,view=131,toView=132,nodeIdx=3,changeCycle=0,myNode=eadb82d3...,timecost=0.22
info|2019-10-23 13:58:35.595089|[g:1][CONSENSUS][PBFT]checkAndChangeView: Reach consensus,org_view=131,org_changeCycle=0,cur_changeCycle=0,to_view=132
info|2019-10-23 13:58:36.593440|[g:1][CONSENSUS]addRawPrepare,height=1,reqIdx=0,hash=f946a860...
info|2019-10-23 13:58:36.594227|[g:1][CONSENSUS][PBFT]checkTimeout Succ,view=132,toView=133,nodeIdx=3,changeCycle=0,myNode=eadb82d3...,timecost=0.67
info|2019-10-23 13:58:36.599651|[g:1][CONSENSUS][PBFT]checkAndChangeView: Reach consensus,org_view=132,org_changeCycle=0,cur_changeCycle=0,to_view=133
info|2019-10-23 13:58:37.601857|[g:1][CONSENSUS]addRawPrepare,height=1,reqIdx=1,hash=a05c45d8...
info|2019-10-23 13:58:37.602195|[g:1][CONSENSUS][PBFT]checkTimeout Succ,view=133,toView=134,nodeIdx=3,changeCycle=0,myNode=eadb82d3...,timecost=0.3
info|2019-10-23 13:58:37.604883|[g:1][CONSENSUS][PBFT]checkAndChangeView: Reach consensus,org_view=133,org_changeCycle=0,cur_changeCycle=0,to_view=134
info|2019-10-23 13:58:38.608659|[g:1][CONSENSUS]addRawPrepare,height=1,reqIdx=2,hash=7e467c34...
info|2019-10-23 13:58:38.609013|[g:1][CONSENSUS][PBFT]checkTimeout Succ,view=134,toView=135,nodeIdx=3,changeCycle=0,myNode=eadb82d3...,timecost=0.229
info|2019-10-23 13:58:38.621274|[g:1][CONSENSUS][PBFT]checkAndChangeView: Reach consensus,org_view=134,org_changeCycle=0,cur_changeCycle=0,to_view=135
info|2019-10-23 13:58:39.623234|[g:1][CONSENSUS][SEALER]++++++++++++++++ Generating seal on,blkNum=1,tx=0,nodeIdx=3,hash=d901220a...
info|2019-10-23 13:58:39.631942|[g:1][CONSENSUS][PBFT]checkTimeout Succ,view=135,toView=136,nodeIdx=3,changeCycle=0,myNode=eadb82d3...,timecost=0.234
info|2019-10-23 13:58:39.633117|[g:1][CONSENSUS][PBFT]checkAndChangeView: Reach consensus,org_view=135,org_changeCycle=0,cur_changeCycle=0,to_view=136
info|2019-10-23 13:58:40.631242|[g:1][CONSENSUS]addRawPrepare,height=1,reqIdx=0,hash=686e6c3a...
info|2019-10-23 13:58:40.631676|[g:1][CONSENSUS][PBFT]checkTimeout Succ,view=136,toView=137,nodeIdx=3,changeCycle=0,myNode=eadb82d3...,timecost=0.287
info|2019-10-23 13:58:40.636073|[g:1][CONSENSUS][PBFT]checkAndChangeView: Reach consensus,org_view=136,org_changeCycle=0,cur_changeCycle=0,to_view=137
info|2019-10-23 13:58:41.640273|[g:1][CONSENSUS]addRawPrepare,height=1,reqIdx=1,hash=ffe1b9a3...
info|2019-10-23 13:58:41.642477|[g:1][CONSENSUS][PBFT]checkTimeout Succ,view=137,toView=138,nodeIdx=3,changeCycle=0,myNode=eadb82d3...,timecost=2.149
info|2019-10-23 13:58:41.643157|[g:1][CONSENSUS][PBFT]checkAndChangeView: Reach consensus,org_view=137,org_changeCycle=0,cur_changeCycle=0,to_view=138
info|2019-10-23 13:58:42.310704|[P2P][Service] heartBeat,connected count=3
info|2019-10-23 13:58:42.648519|[g:1][CONSENSUS]addRawPrepare,height=1,reqIdx=2,hash=316e530c...
info|2019-10-23 13:58:42.648857|[g:1][CONSENSUS][PBFT]checkTimeout Succ,view=138,toView=139,nodeIdx=3,changeCycle=0,myNode=eadb82d3...,timecost=0.301
info|2019-10-23 13:58:42.652632|[g:1][CONSENSUS][PBFT]checkAndChangeView: Reach consensus,org_view=138,org_changeCycle=0,cur_changeCycle=0,to_view=139
info|2019-10-23 13:58:43.653156|[g:1][CONSENSUS][SEALER]++++++++++++++++ Generating seal on,blkNum=1,tx=0,nodeIdx=3,hash=519f29be...
info|2019-10-23 13:58:43.663621|[g:1][CONSENSUS][PBFT]checkTimeout Succ,view=139,toView=140,nodeIdx=3,changeCycle=0,myNode=eadb82d3...,timecost=0.219
info|2019-10-23 13:58:43.664679|[g:1][CONSENSUS][PBFT]checkAndChangeView: Reach consensus,org_view=139,org_changeCycle=0,cur_changeCycle=0,to_view=140
info|2019-10-23 13:58:44.664093|[g:1][CONSENSUS]addRawPrepare,height=1,reqIdx=0,hash=624c88e7...
info|2019-10-23 13:58:44.664474|[g:1][CONSENSUS][PBFT]checkTimeout Succ,view=140,toView=141,nodeIdx=3,changeCycle=0,myNode=eadb82d3...,timecost=0.287
info|2019-10-23 13:58:44.669014|[g:1][CONSENSUS][PBFT]checkAndChangeView: Reach consensus,org_view=140,org_changeCycle=0,cur_changeCycle=0,to_view=141
info|2019-10-23 13:58:45.674534|[g:1][CONSENSUS]addRawPrepare,height=1,reqIdx=1,hash=3473de49...
info|2019-10-23 13:58:45.677269|[g:1][CONSENSUS][PBFT]checkTimeout Succ,view=141,toView=142,nodeIdx=3,changeCycle=0,myNode=eadb82d3...,timecost=2.198
info|2019-10-23 13:58:45.677875|[g:1][CONSENSUS][PBFT]checkAndChangeView: Reach consensus,org_view=141,org_changeCycle=0,cur_changeCycle=0,to_view=142
info|2019-10-23 13:58:46.681462|[g:1][CONSENSUS]addRawPrepare,height=1,reqIdx=2,hash=9270aa07...
info|2019-10-23 13:58:46.681785|[g:1][CONSENSUS][PBFT]checkTimeout Succ,view=142,toView=143,nodeIdx=3,changeCycle=0,myNode=eadb82d3...,timecost=0.287
info|2019-10-23 13:58:46.687802|[g:1][CONSENSUS][PBFT]checkAndChangeView: Reach consensus,org_view=142,org_changeCycle=0,cur_changeCycle=0,to_view=143
info|2019-10-23 13:58:47.688638|[g:1][CONSENSUS][SEALER]++++++++++++++++ Generating seal on,blkNum=1,tx=0,nodeIdx=3,hash=2457badd...
info|2019-10-23 13:58:47.698063|[g:1][CONSENSUS][PBFT]checkTimeout Succ,view=143,toView=144,nodeIdx=3,changeCycle=0,myNode=eadb82d3...,timecost=0.352
info|2019-10-23 13:58:47.699136|[g:1][CONSENSUS][PBFT]checkAndChangeView: Reach consensus,org_view=143,org_changeCycle=0,cur_changeCycle=0,to_view=144
info|2019-10-23 13:58:48.702374|[g:1][CONSENSUS]addRawPrepare,height=1,reqIdx=0,hash=92ef5025...
info|2019-10-23 13:58:48.702634|[g:1][CONSENSUS][PBFT]checkTimeout Succ,view=144,toView=145,nodeIdx=3,changeCycle=0,myNode=eadb82d3...,timecost=0.198
info|2019-10-23 13:58:48.704819|[g:1][CONSENSUS][PBFT]checkAndChangeView: Reach consensus,org_view=144,org_changeCycle=0,cur_changeCycle=0,to_view=145
info|2019-10-23 13:58:49.709763|[g:1][CONSENSUS]addRawPrepare,height=1,reqIdx=1,hash=e2eb00b6...
info|2019-10-23 13:58:49.710104|[g:1][CONSENSUS][PBFT]checkTimeout Succ,view=145,toView=146,nodeIdx=3,changeCycle=0,myNode=eadb82d3...,timecost=0.304
info|2019-10-23 13:58:49.713104|[g:1][CONSENSUS][PBFT]checkAndChangeView: Reach consensus,org_view=145,org_changeCycle=0,cur_changeCycle=0,to_view=146
info|2019-10-23 13:58:50.717874|[g:1][CONSENSUS]addRawPrepare,height=1,reqIdx=2,hash=bd99e517...
info|2019-10-23 13:58:50.718210|[g:1][CONSENSUS][PBFT]checkTimeout Succ,view=146,toView=147,nodeIdx=3,changeCycle=0,myNode=eadb82d3...,timecost=0.3
info|2019-10-23 13:58:50.721725|[g:1][CONSENSUS][PBFT]checkAndChangeView: Reach consensus,org_view=146,org_changeCycle=0,cur_changeCycle=0,to_view=147
info|2019-10-23 13:58:51.722039|[g:1][CONSENSUS][SEALER]++++++++++++++++ Generating seal on,blkNum=1,tx=0,nodeIdx=3,hash=9f62041c...
info|2019-10-23 13:58:51.731171|[g:1][CONSENSUS][PBFT]checkTimeout Succ,view=147,toView=148,nodeIdx=3,changeCycle=0,myNode=eadb82d3...,timecost=0.265
info|2019-10-23 13:58:51.732211|[g:1][CONSENSUS][PBFT]checkAndChangeView: Reach consensus,org_view=147,org_changeCycle=0,cur_changeCycle=0,to_view=148
info|2019-10-23 13:58:52.310968|[P2P][Service] heartBeat,connected count=3
info|2019-10-23 13:58:52.729873|[g:1][CONSENSUS]addRawPrepare,height=1,reqIdx=0,hash=fead23e4...
info|2019-10-23 13:58:52.734101|[g:1][CONSENSUS][PBFT]checkTimeout Succ,view=148,toView=149,nodeIdx=3,changeCycle=0,myNode=eadb82d3...,timecost=4.112
info|2019-10-23 13:58:52.736263|[g:1][CONSENSUS][PBFT]checkAndChangeView: Reach consensus,org_view=148,org_changeCycle=0,cur_changeCycle=0,to_view=149
info|2019-10-23 13:58:53.741984|[g:1][CONSENSUS]addRawPrepare,height=1,reqIdx=1,hash=2ada1be2...
info|2019-10-23 13:58:53.742259|[g:1][CONSENSUS][PBFT]checkTimeout Succ,view=149,toView=150,nodeIdx=3,changeCycle=0,myNode=eadb82d3...,timecost=0.241
info|2019-10-23 13:58:53.743543|[g:1][CONSENSUS][PBFT]checkAndChangeView: Reach consensus,org_view=149,org_changeCycle=0,cur_changeCycle=0,to_view=150
info|2019-10-23 13:58:54.750939|[g:1][CONSENSUS]addRawPrepare,height=1,reqIdx=2,hash=d66e7b87...
info|2019-10-23 13:58:54.751219|[g:1][CONSENSUS][PBFT]checkTimeout Succ,view=150,toView=151,nodeIdx=3,changeCycle=0,myNode=eadb82d3...,timecost=0.255
info|2019-10-23 13:58:54.751540|[g:1][CONSENSUS][PBFT]checkAndChangeView: Reach consensus,org_view=150,org_changeCycle=0,cur_changeCycle=0,to_view=151
info|2019-10-23 13:58:55.751638|[g:1][CONSENSUS][SEALER]++++++++++++++++ Generating seal on,blkNum=1,tx=0,nodeIdx=3,hash=890d0546...
info|2019-10-23 13:58:55.762793|[g:1][CONSENSUS][PBFT]checkTimeout Succ,view=151,toView=152,nodeIdx=3,changeCycle=0,myNode=eadb82d3...,timecost=0.217
info|2019-10-23 13:58:55.763985|[g:1][CONSENSUS][PBFT]checkAndChangeView: Reach consensus,org_view=151,org_changeCycle=0,cur_changeCycle=0,to_view=152
info|2019-10-23 13:58:56.762090|[g:1][CONSENSUS]addRawPrepare,height=1,reqIdx=0,hash=62536630...
info|2019-10-23 13:58:56.762974|[g:1][CONSENSUS][PBFT]checkTimeout Succ,view=152,toView=153,nodeIdx=3,changeCycle=0,myNode=eadb82d3...,timecost=0.787
info|2019-10-23 13:58:56.768592|[g:1][CONSENSUS][PBFT]checkAndChangeView: Reach consensus,org_view=152,org_changeCycle=0,cur_changeCycle=0,to_view=153
info|2019-10-23 13:58:57.772461|[g:1][CONSENSUS]addRawPrepare,height=1,reqIdx=1,hash=85182049...
info|2019-10-23 13:58:57.772798|[g:1][CONSENSUS][PBFT]checkTimeout Succ,view=153,toView=154,nodeIdx=3,changeCycle=0,myNode=eadb82d3...,timecost=0.302
info|2019-10-23 13:58:57.775774|[g:1][CONSENSUS][PBFT]checkAndChangeView: Reach consensus,org_view=153,org_changeCycle=0,cur_changeCycle=0,to_view=154
info|2019-10-23 13:58:58.781027|[g:1][CONSENSUS]addRawPrepare,height=1,reqIdx=2,hash=d1f0149b...
info|2019-10-23 13:58:58.781426|[g:1][CONSENSUS][PBFT]checkTimeout Succ,view=154,toView=155,nodeIdx=3,changeCycle=0,myNode=eadb82d3...,timecost=0.287
info|2019-10-23 13:58:58.786848|[g:1][CONSENSUS][PBFT]checkAndChangeView: Reach consensus,org_view=154,org_changeCycle=0,cur_changeCycle=0,to_view=155
info|2019-10-23 13:58:59.787882|[g:1][CONSENSUS][SEALER]++++++++++++++++ Generating seal on,blkNum=1,tx=0,nodeIdx=3,hash=1364def1...
info|2019-10-23 13:58:59.796731|[g:1][CONSENSUS][PBFT]checkTimeout Succ,view=155,toView=156,nodeIdx=3,changeCycle=0,myNode=eadb82d3...,timecost=0.233
info|2019-10-23 13:58:59.797730|[g:1][CONSENSUS][PBFT]checkAndChangeView: Reach consensus,org_view=155,org_changeCycle=0,cur_changeCycle=0,to_view=156
info|2019-10-23 13:59:00.796509|[g:1][CONSENSUS]addRawPrepare,height=1,reqIdx=0,hash=58e81f9a...
info|2019-10-23 13:59:00.796999|[g:1][CONSENSUS][PBFT]checkTimeout Succ,view=156,toView=157,nodeIdx=3,changeCycle=0,myNode=eadb82d3...,timecost=0.307
info|2019-10-23 13:59:00.801928|[g:1][CONSENSUS][PBFT]checkAndChangeView: Reach consensus,org_view=156,org_changeCycle=0,cur_changeCycle=0,to_view=157
info|2019-10-23 13:59:01.806333|[g:1][CONSENSUS]addRawPrepare,height=1,reqIdx=1,hash=a85e54e5...
info|2019-10-23 13:59:01.813394|[g:1][CONSENSUS][PBFT]checkTimeout Succ,view=157,toView=158,nodeIdx=3,changeCycle=0,myNode=eadb82d3...,timecost=5.403
info|2019-10-23 13:59:01.815791|[g:1][CONSENSUS][PBFT]checkAndChangeView: Reach consensus,org_view=157,org_changeCycle=0,cur_changeCycle=0,to_view=158
info|2019-10-23 13:59:02.311148|[P2P][Service] heartBeat,connected count=3
info|2019-10-23 13:59:02.814021|[g:1][CONSENSUS]addRawPrepare,height=1,reqIdx=2,hash=c952899b...
info|2019-10-23 13:59:02.814324|[g:1][CONSENSUS][PBFT]checkTimeout Succ,view=158,toView=159,nodeIdx=3,changeCycle=0,myNode=eadb82d3...,timecost=0.263
info|2019-10-23 13:59:02.817092|[g:1][CONSENSUS][PBFT]checkAndChangeView: Reach consensus,org_view=158,org_changeCycle=0,cur_changeCycle=0,to_view=159
info|2019-10-23 13:59:03.819311|[g:1][CONSENSUS][SEALER]++++++++++++++++ Generating seal on,blkNum=1,tx=0,nodeIdx=3,hash=1a415b8c...
info|2019-10-23 13:59:03.829883|[g:1][CONSENSUS][PBFT]checkTimeout Succ,view=159,toView=160,nodeIdx=3,changeCycle=0,myNode=eadb82d3...,timecost=0.236
info|2019-10-23 13:59:03.831184|[g:1][CONSENSUS][PBFT]checkAndChangeView: Reach consensus,org_view=159,org_changeCycle=0,cur_changeCycle=0,to_view=160
info|2019-10-23 13:59:04.830229|[g:1][CONSENSUS]addRawPrepare,height=1,reqIdx=0,hash=c95443a2...
info|2019-10-23 13:59:04.834684|[g:1][CONSENSUS][PBFT]checkTimeout Succ,view=160,toView=161,nodeIdx=3,changeCycle=0,myNode=eadb82d3...,timecost=4.339
info|2019-10-23 13:59:04.836681|[g:1][CONSENSUS][PBFT]checkAndChangeView: Reach consensus,org_view=160,org_changeCycle=0,cur_changeCycle=0,to_view=161
info|2019-10-23 13:59:05.841089|[g:1][CONSENSUS]addRawPrepare,height=1,reqIdx=1,hash=ab7a90f1...
info|2019-10-23 13:59:05.841310|[g:1][CONSENSUS][PBFT]checkTimeout Succ,view=161,toView=162,nodeIdx=3,changeCycle=0,myNode=eadb82d3...,timecost=0.197
info|2019-10-23 13:59:05.842200|[g:1][CONSENSUS][PBFT]checkAndChangeView: Reach consensus,org_view=161,org_changeCycle=0,cur_changeCycle=0,to_view=162
info|2019-10-23 13:59:06.847636|[g:1][CONSENSUS]addRawPrepare,height=1,reqIdx=2,hash=420a9700...
info|2019-10-23 13:59:06.847967|[g:1][CONSENSUS][PBFT]checkTimeout Succ,view=162,toView=163,nodeIdx=3,changeCycle=0,myNode=eadb82d3...,timecost=0.297
info|2019-10-23 13:59:06.851215|[g:1][CONSENSUS][PBFT]checkAndChangeView: Reach consensus,org_view=162,org_changeCycle=0,cur_changeCycle=0,to_view=163
info|2019-10-23 13:59:07.851593|[g:1][CONSENSUS][SEALER]++++++++++++++++ Generating seal on,blkNum=1,tx=0,nodeIdx=3,hash=547f85d2...
info|2019-10-23 13:59:07.859483|[g:1][CONSENSUS][PBFT]checkTimeout Succ,view=163,toView=164,nodeIdx=3,changeCycle=0,myNode=eadb82d3...,timecost=0.215
info|2019-10-23 13:59:07.861337|[g:1][CONSENSUS][PBFT]checkAndChangeView: Reach consensus,org_view=163,org_changeCycle=0,cur_changeCycle=0,to_view=164
info|2019-10-23 13:59:08.865103|[g:1][CONSENSUS]addRawPrepare,height=1,reqIdx=0,hash=31be38fb...
info|2019-10-23 13:59:08.865373|[g:1][CONSENSUS][PBFT]checkTimeout Succ,view=164,toView=165,nodeIdx=3,changeCycle=0,myNode=eadb82d3...,timecost=0.201
info|2019-10-23 13:59:08.865965|[g:1][CONSENSUS][PBFT]checkAndChangeView: Reach consensus,org_view=164,org_changeCycle=0,cur_changeCycle=0,to_view=165
info|2019-10-23 13:59:09.870444|[g:1][CONSENSUS]addRawPrepare,height=1,reqIdx=1,hash=24800ddf...
info|2019-10-23 13:59:09.870687|[g:1][CONSENSUS][PBFT]checkTimeout Succ,view=165,toView=166,nodeIdx=3,changeCycle=0,myNode=eadb82d3...,timecost=0.216
info|2019-10-23 13:59:09.874938|[g:1][CONSENSUS][PBFT]checkAndChangeView: Reach consensus,org_view=165,org_changeCycle=0,cur_changeCycle=0,to_view=166
info|2019-10-23 13:59:10.880488|[g:1][CONSENSUS]addRawPrepare,height=1,reqIdx=2,hash=648ba0e2...
info|2019-10-23 13:59:10.880717|[g:1][CONSENSUS][PBFT]checkTimeout Succ,view=166,toView=167,nodeIdx=3,changeCycle=0,myNode=eadb82d3...,timecost=0.202
info|2019-10-23 13:59:10.881958|[g:1][CONSENSUS][PBFT]checkAndChangeView: Reach consensus,org_view=166,org_changeCycle=0,cur_changeCycle=0,to_view=167
info|2019-10-23 13:59:11.883492|[g:1][CONSENSUS][SEALER]++++++++++++++++ Generating seal on,blkNum=1,tx=0,nodeIdx=3,hash=35b8a62e...
info|2019-10-23 13:59:11.891106|[g:1][CONSENSUS][PBFT]checkTimeout Succ,view=167,toView=168,nodeIdx=3,changeCycle=0,myNode=eadb82d3...,timecost=0.26
info|2019-10-23 13:59:11.892181|[g:1][CONSENSUS][PBFT]checkAndChangeView: Reach consensus,org_view=167,org_changeCycle=0,cur_changeCycle=0,to_view=168
info|2019-10-23 13:59:12.311454|[P2P][Service] heartBeat,connected count=3
info|2019-10-23 13:59:12.890472|[g:1][CONSENSUS]addRawPrepare,height=1,reqIdx=0,hash=63d79054...
info|2019-10-23 13:59:12.890854|[g:1][CONSENSUS][PBFT]checkTimeout Succ,view=168,toView=169,nodeIdx=3,changeCycle=0,myNode=eadb82d3...,timecost=0.289
info|2019-10-23 13:59:12.896074|[g:1][CONSENSUS][PBFT]checkAndChangeView: Reach consensus,org_view=168,org_changeCycle=0,cur_changeCycle=0,to_view=169
info|2019-10-23 13:59:13.902667|[g:1][CONSENSUS]addRawPrepare,height=1,reqIdx=1,hash=dbfb06c3...
info|2019-10-23 13:59:13.902902|[g:1][CONSENSUS][PBFT]checkTimeout Succ,view=169,toView=170,nodeIdx=3,changeCycle=0,myNode=eadb82d3...,timecost=0.21
info|2019-10-23 13:59:13.905518|[g:1][CONSENSUS][PBFT]checkAndChangeView: Reach consensus,org_view=169,org_changeCycle=0,cur_changeCycle=0,to_view=170
info|2019-10-23 13:59:14.911437|[g:1][CONSENSUS]addRawPrepare,height=1,reqIdx=2,hash=c0557f83...
info|2019-10-23 13:59:14.911658|[g:1][CONSENSUS][PBFT]checkTimeout Succ,view=170,toView=171,nodeIdx=3,changeCycle=0,myNode=eadb82d3...,timecost=0.196
info|2019-10-23 13:59:14.912549|[g:1][CONSENSUS][PBFT]checkAndChangeView: Reach consensus,org_view=170,org_changeCycle=0,cur_changeCycle=0,to_view=171
info|2019-10-23 13:59:15.912412|[g:1][CONSENSUS][SEALER]++++++++++++++++ Generating seal on,blkNum=1,tx=0,nodeIdx=3,hash=4b09e4d5...
info|2019-10-23 13:59:15.920287|[g:1][CONSENSUS][PBFT]checkTimeout Succ,view=171,toView=172,nodeIdx=3,changeCycle=0,myNode=eadb82d3...,timecost=0.2
info|2019-10-23 13:59:15.921099|[g:1][CONSENSUS][PBFT]checkAndChangeView: Reach consensus,org_view=171,org_changeCycle=0,cur_changeCycle=0,to_view=172
info|2019-10-23 13:59:16.919782|[g:1][CONSENSUS]addRawPrepare,height=1,reqIdx=0,hash=a034f13f...
info|2019-10-23 13:59:16.920281|[g:1][CONSENSUS][PBFT]checkTimeout Succ,view=172,toView=173,nodeIdx=3,changeCycle=0,myNode=eadb82d3...,timecost=0.361
info|2019-10-23 13:59:16.926443|[g:1][CONSENSUS][PBFT]checkAndChangeView: Reach consensus,org_view=172,org_changeCycle=0,cur_changeCycle=0,to_view=173
info|2019-10-23 13:59:17.928980|[g:1][CONSENSUS]addRawPrepare,height=1,reqIdx=1,hash=6e281cf0...
info|2019-10-23 13:59:17.929321|[g:1][CONSENSUS][PBFT]checkTimeout Succ,view=173,toView=174,nodeIdx=3,changeCycle=0,myNode=eadb82d3...,timecost=0.303
info|2019-10-23 13:59:17.933081|[g:1][CONSENSUS][PBFT]checkAndChangeView: Reach consensus,org_view=173,org_changeCycle=0,cur_changeCycle=0,to_view=174
info|2019-10-23 13:59:18.938205|[g:1][CONSENSUS]addRawPrepare,height=1,reqIdx=2,hash=574b9859...
info|2019-10-23 13:59:18.938744|[g:1][CONSENSUS][PBFT]checkTimeout Succ,view=174,toView=175,nodeIdx=3,changeCycle=0,myNode=eadb82d3...,timecost=0.465
info|2019-10-23 13:59:18.943351|[g:1][CONSENSUS][PBFT]checkAndChangeView: Reach consensus,org_view=174,org_changeCycle=0,cur_changeCycle=0,to_view=175
info|2019-10-23 13:59:19.944093|[g:1][CONSENSUS][SEALER]++++++++++++++++ Generating seal on,blkNum=1,tx=0,nodeIdx=3,hash=2d43a317...
info|2019-10-23 13:59:19.956217|[g:1][CONSENSUS][PBFT]checkTimeout Succ,view=175,toView=176,nodeIdx=3,changeCycle=0,myNode=eadb82d3...,timecost=0.22
info|2019-10-23 13:59:19.957239|[g:1][CONSENSUS][PBFT]checkAndChangeView: Reach consensus,org_view=175,org_changeCycle=0,cur_changeCycle=0,to_view=176
info|2019-10-23 13:59:20.957124|[g:1][CONSENSUS]addRawPrepare,height=1,reqIdx=0,hash=2693da6e...
info|2019-10-23 13:59:20.957616|[g:1][CONSENSUS][PBFT]checkTimeout Succ,view=176,toView=177,nodeIdx=3,changeCycle=0,myNode=eadb82d3...,timecost=0.378
info|2019-10-23 13:59:20.963070|[g:1][CONSENSUS][PBFT]checkAndChangeView: Reach consensus,org_view=176,org_changeCycle=0,cur_changeCycle=0,to_view=177
info|2019-10-23 13:59:21.966635|[g:1][CONSENSUS]addRawPrepare,height=1,reqIdx=1,hash=4a8d2df2...
info|2019-10-23 13:59:21.966856|[g:1][CONSENSUS][PBFT]checkTimeout Succ,view=177,toView=178,nodeIdx=3,changeCycle=0,myNode=eadb82d3...,timecost=0.197
info|2019-10-23 13:59:21.968038|[g:1][CONSENSUS][PBFT]checkAndChangeView: Reach consensus,org_view=177,org_changeCycle=0,cur_changeCycle=0,to_view=178
info|2019-10-23 13:59:22.311882|[P2P][Service] heartBeat,connected count=3
info|2019-10-23 13:59:22.972850|[g:1][CONSENSUS]addRawPrepare,height=1,reqIdx=2,hash=726aa130...
info|2019-10-23 13:59:22.973194|[g:1][CONSENSUS][PBFT]checkTimeout Succ,view=178,toView=179,nodeIdx=3,changeCycle=0,myNode=eadb82d3...,timecost=0.305
info|2019-10-23 13:59:22.976508|[g:1][CONSENSUS][PBFT]checkAndChangeView: Reach consensus,org_view=178,org_changeCycle=0,cur_changeCycle=0,to_view=179
info|2019-10-23 13:59:23.976817|[g:1][CONSENSUS][SEALER]++++++++++++++++ Generating seal on,blkNum=1,tx=0,nodeIdx=3,hash=2d6b9979...
info|2019-10-23 13:59:23.988916|[g:1][CONSENSUS][PBFT]checkTimeout Succ,view=179,toView=180,nodeIdx=3,changeCycle=0,myNode=eadb82d3...,timecost=0.235
info|2019-10-23 13:59:23.990099|[g:1][CONSENSUS][PBFT]checkAndChangeView: Reach consensus,org_view=179,org_changeCycle=0,cur_changeCycle=0,to_view=180
info|2019-10-23 13:59:24.989264|[g:1][CONSENSUS]addRawPrepare,height=1,reqIdx=0,hash=e39f3c64...
info|2019-10-23 13:59:24.989647|[g:1][CONSENSUS][PBFT]checkTimeout Succ,view=180,toView=181,nodeIdx=3,changeCycle=0,myNode=eadb82d3...,timecost=0.287
info|2019-10-23 13:59:24.993772|[g:1][CONSENSUS][PBFT]checkAndChangeView: Reach consensus,org_view=180,org_changeCycle=0,cur_changeCycle=0,to_view=181
info|2019-10-23 13:59:25.999851|[g:1][CONSENSUS]addRawPrepare,height=1,reqIdx=1,hash=b0afee70...
info|2019-10-23 13:59:26.000109|[g:1][CONSENSUS][PBFT]checkTimeout Succ,view=181,toView=182,nodeIdx=3,changeCycle=0,myNode=eadb82d3...,timecost=0.229
info|2019-10-23 13:59:26.000744|[g:1][CONSENSUS][PBFT]checkAndChangeView: Reach consensus,org_view=181,org_changeCycle=0,cur_changeCycle=0,to_view=182
info|2019-10-23 13:59:27.006012|[g:1][CONSENSUS]addRawPrepare,height=1,reqIdx=2,hash=2462440b...
info|2019-10-23 13:59:27.006247|[g:1][CONSENSUS][PBFT]checkTimeout Succ,view=182,toView=183,nodeIdx=3,changeCycle=0,myNode=eadb82d3...,timecost=0.21
info|2019-10-23 13:59:27.010259|[g:1][CONSENSUS][PBFT]checkAndChangeView: Reach consensus,org_view=182,org_changeCycle=0,cur_changeCycle=0,to_view=183
info|2019-10-23 13:59:28.013890|[g:1][CONSENSUS][SEALER]++++++++++++++++ Generating seal on,blkNum=1,tx=0,nodeIdx=3,hash=5514458b...
info|2019-10-23 13:59:28.024148|[g:1][CONSENSUS][PBFT]checkTimeout Succ,view=183,toView=184,nodeIdx=3,changeCycle=0,myNode=eadb82d3...,timecost=0.5
info|2019-10-23 13:59:28.025301|[g:1][CONSENSUS][PBFT]checkAndChangeView: Reach consensus,org_view=183,org_changeCycle=0,cur_changeCycle=0,to_view=184
info|2019-10-23 13:59:29.022756|[g:1][CONSENSUS]addRawPrepare,height=1,reqIdx=0,hash=0bb57768...
info|2019-10-23 13:59:29.024336|[g:1][CONSENSUS][PBFT]checkTimeout Succ,view=184,toView=185,nodeIdx=3,changeCycle=0,myNode=eadb82d3...,timecost=0.22
info|2019-10-23 13:59:29.030663|[g:1][CONSENSUS][PBFT]checkAndChangeView: Reach consensus,org_view=184,org_changeCycle=0,cur_changeCycle=0,to_view=185
info|2019-10-23 13:59:30.033483|[g:1][CONSENSUS]addRawPrepare,height=1,reqIdx=1,hash=18c7a74c...
info|2019-10-23 13:59:30.033821|[g:1][CONSENSUS][PBFT]checkTimeout Succ,view=185,toView=186,nodeIdx=3,changeCycle=0,myNode=eadb82d3...,timecost=0.3
info|2019-10-23 13:59:30.037023|[g:1][CONSENSUS][PBFT]checkAndChangeView: Reach consensus,org_view=185,org_changeCycle=0,cur_changeCycle=0,to_view=186
info|2019-10-23 13:59:31.042565|[g:1][CONSENSUS]addRawPrepare,height=1,reqIdx=2,hash=67b4141c...
info|2019-10-23 13:59:31.042784|[g:1][CONSENSUS][PBFT]checkTimeout Succ,view=186,toView=187,nodeIdx=3,changeCycle=0,myNode=eadb82d3...,timecost=0.196
info|2019-10-23 13:59:31.044042|[g:1][CONSENSUS][PBFT]checkAndChangeView: Reach consensus,org_view=186,org_changeCycle=0,cur_changeCycle=0,to_view=187
info|2019-10-23 13:59:32.045071|[g:1][CONSENSUS][SEALER]++++++++++++++++ Generating seal on,blkNum=1,tx=0,nodeIdx=3,hash=eeef75c3...
info|2019-10-23 13:59:32.053617|[g:1][CONSENSUS][PBFT]checkTimeout Succ,view=187,toView=188,nodeIdx=3,changeCycle=0,myNode=eadb82d3...,timecost=0.218
info|2019-10-23 13:59:32.054773|[g:1][CONSENSUS][PBFT]checkAndChangeView: Reach consensus,org_view=187,org_changeCycle=0,cur_changeCycle=0,to_view=188
info|2019-10-23 13:59:32.312115|[P2P][Service] heartBeat,connected count=3
info|2019-10-23 13:59:33.053708|[g:1][CONSENSUS]addRawPrepare,height=1,reqIdx=0,hash=a223542d...
info|2019-10-23 13:59:33.054111|[g:1][CONSENSUS][PBFT]checkTimeout Succ,view=188,toView=189,nodeIdx=3,changeCycle=0,myNode=eadb82d3...,timecost=0.303
info|2019-10-23 13:59:33.058543|[g:1][CONSENSUS][PBFT]checkAndChangeView: Reach consensus,org_view=188,org_changeCycle=0,cur_changeCycle=0,to_view=189
info|2019-10-23 13:59:34.063639|[g:1][CONSENSUS]addRawPrepare,height=1,reqIdx=1,hash=77c5bac0...
info|2019-10-23 13:59:34.063873|[g:1][CONSENSUS][PBFT]checkTimeout Succ,view=189,toView=190,nodeIdx=3,changeCycle=0,myNode=eadb82d3...,timecost=0.208
info|2019-10-23 13:59:34.066597|[g:1][CONSENSUS][PBFT]checkAndChangeView: Reach consensus,org_view=189,org_changeCycle=0,cur_changeCycle=0,to_view=190
info|2019-10-23 13:59:35.072836|[g:1][CONSENSUS]addRawPrepare,height=1,reqIdx=2,hash=01c1a14d...
info|2019-10-23 13:59:35.073569|[g:1][CONSENSUS][PBFT]checkTimeout Succ,view=190,toView=191,nodeIdx=3,changeCycle=0,myNode=eadb82d3...,timecost=0.214
info|2019-10-23 13:59:35.074430|[g:1][CONSENSUS][PBFT]checkAndChangeView: Reach consensus,org_view=190,org_changeCycle=0,cur_changeCycle=0,to_view=191
info|2019-10-23 13:59:36.074866|[g:1][CONSENSUS][SEALER]++++++++++++++++ Generating seal on,blkNum=1,tx=0,nodeIdx=3,hash=c8dd5d6b...
info|2019-10-23 13:59:36.083328|[g:1][CONSENSUS][PBFT]checkTimeout Succ,view=191,toView=192,nodeIdx=3,changeCycle=0,myNode=eadb82d3...,timecost=0.225
info|2019-10-23 13:59:36.084580|[g:1][CONSENSUS][PBFT]checkAndChangeView: Reach consensus,org_view=191,org_changeCycle=0,cur_changeCycle=0,to_view=192
info|2019-10-23 13:59:37.082002|[g:1][CONSENSUS]addRawPrepare,height=1,reqIdx=0,hash=e147f4ac...
info|2019-10-23 13:59:37.082584|[g:1][CONSENSUS][PBFT]checkTimeout Succ,view=192,toView=193,nodeIdx=3,changeCycle=0,myNode=eadb82d3...,timecost=0.361
info|2019-10-23 13:59:37.087736|[g:1][CONSENSUS][PBFT]checkAndChangeView: Reach consensus,org_view=192,org_changeCycle=0,cur_changeCycle=0,to_view=193
info|2019-10-23 13:59:38.091737|[g:1][CONSENSUS]addRawPrepare,height=1,reqIdx=1,hash=a9a02afe...
info|2019-10-23 13:59:38.091991|[g:1][CONSENSUS][PBFT]checkTimeout Succ,view=193,toView=194,nodeIdx=3,changeCycle=0,myNode=eadb82d3...,timecost=0.223
info|2019-10-23 13:59:38.094189|[g:1][CONSENSUS][PBFT]checkAndChangeView: Reach consensus,org_view=193,org_changeCycle=0,cur_changeCycle=0,to_view=194
info|2019-10-23 13:59:39.100175|[g:1][CONSENSUS]addRawPrepare,height=1,reqIdx=2,hash=76d03a93...
info|2019-10-23 13:59:39.100515|[g:1][CONSENSUS][PBFT]checkTimeout Succ,view=194,toView=195,nodeIdx=3,changeCycle=0,myNode=eadb82d3...,timecost=0.363
info|2019-10-23 13:59:39.103189|[g:1][CONSENSUS][PBFT]checkAndChangeView: Reach consensus,org_view=194,org_changeCycle=0,cur_changeCycle=0,to_view=195
info|2019-10-23 13:59:40.103417|[g:1][CONSENSUS][SEALER]++++++++++++++++ Generating seal on,blkNum=1,tx=0,nodeIdx=3,hash=ee239ef9...
info|2019-10-23 13:59:40.112170|[g:1][CONSENSUS][PBFT]checkTimeout Succ,view=195,toView=196,nodeIdx=3,changeCycle=0,myNode=eadb82d3...,timecost=0.22
info|2019-10-23 13:59:40.113253|[g:1][CONSENSUS][PBFT]checkAndChangeView: Reach consensus,org_view=195,org_changeCycle=0,cur_changeCycle=0,to_view=196
info|2019-10-23 13:59:41.110640|[g:1][CONSENSUS]addRawPrepare,height=1,reqIdx=0,hash=8a41713b...
info|2019-10-23 13:59:41.111175|[g:1][CONSENSUS][PBFT]checkTimeout Succ,view=196,toView=197,nodeIdx=3,changeCycle=0,myNode=eadb82d3...,timecost=0.403
info|2019-10-23 13:59:41.117494|[g:1][CONSENSUS][PBFT]checkAndChangeView: Reach consensus,org_view=196,org_changeCycle=0,cur_changeCycle=0,to_view=197
info|2019-10-23 13:59:42.121041|[g:1][CONSENSUS]addRawPrepare,height=1,reqIdx=1,hash=1be932ec...
info|2019-10-23 13:59:42.121378|[g:1][CONSENSUS][PBFT]checkTimeout Succ,view=197,toView=198,nodeIdx=3,changeCycle=0,myNode=eadb82d3...,timecost=0.299
info|2019-10-23 13:59:42.124615|[g:1][CONSENSUS][PBFT]checkAndChangeView: Reach consensus,org_view=197,org_changeCycle=0,cur_changeCycle=0,to_view=198
info|2019-10-23 13:59:42.312222|[P2P][Service] heartBeat,connected count=3
info|2019-10-23 13:59:43.127418|[g:1][CONSENSUS]addRawPrepare,height=1,reqIdx=2,hash=261dea7f...
info|2019-10-23 13:59:43.127774|[g:1][CONSENSUS][PBFT]checkTimeout Succ,view=198,toView=199,nodeIdx=3,changeCycle=0,myNode=eadb82d3...,timecost=0.321
info|2019-10-23 13:59:43.131611|[g:1][CONSENSUS][PBFT]checkAndChangeView: Reach consensus,org_view=198,org_changeCycle=0,cur_changeCycle=0,to_view=199
info|2019-10-23 13:59:44.134442|[g:1][CONSENSUS][SEALER]++++++++++++++++ Generating seal on,blkNum=1,tx=0,nodeIdx=3,hash=db981e8a...
info|2019-10-23 13:59:44.157479|[g:1][CONSENSUS][PBFT]checkTimeout Succ,view=199,toView=200,nodeIdx=3,changeCycle=0,myNode=eadb82d3...,timecost=0.262
info|2019-10-23 13:59:44.160511|[g:1][CONSENSUS][PBFT]checkAndChangeView: Reach consensus,org_view=199,org_changeCycle=0,cur_changeCycle=0,to_view=200
info|2019-10-23 13:59:45.158108|[g:1][CONSENSUS]addRawPrepare,height=1,reqIdx=0,hash=4a2be25d...
info|2019-10-23 13:59:45.158716|[g:1][CONSENSUS][PBFT]checkTimeout Succ,view=200,toView=201,nodeIdx=3,changeCycle=0,myNode=eadb82d3...,timecost=0.517
info|2019-10-23 13:59:45.163581|[g:1][CONSENSUS][PBFT]checkAndChangeView: Reach consensus,org_view=200,org_changeCycle=0,cur_changeCycle=0,to_view=201
info|2019-10-23 13:59:46.168726|[g:1][CONSENSUS]addRawPrepare,height=1,reqIdx=1,hash=db801b96...
info|2019-10-23 13:59:46.168972|[g:1][CONSENSUS][PBFT]checkTimeout Succ,view=201,toView=202,nodeIdx=3,changeCycle=0,myNode=eadb82d3...,timecost=0.216
info|2019-10-23 13:59:46.169538|[g:1][CONSENSUS][PBFT]checkAndChangeView: Reach consensus,org_view=201,org_changeCycle=0,cur_changeCycle=0,to_view=202
info|2019-10-23 13:59:47.176006|[g:1][CONSENSUS]addRawPrepare,height=1,reqIdx=2,hash=6d7c9ee1...
info|2019-10-23 13:59:47.179735|[g:1][CONSENSUS][PBFT]checkTimeout Succ,view=202,toView=203,nodeIdx=3,changeCycle=0,myNode=eadb82d3...,timecost=1.36
info|2019-10-23 13:59:47.180313|[g:1][CONSENSUS][PBFT]checkAndChangeView: Reach consensus,org_view=202,org_changeCycle=0,cur_changeCycle=0,to_view=203
info|2019-10-23 13:59:48.180840|[g:1][CONSENSUS][SEALER]++++++++++++++++ Generating seal on,blkNum=1,tx=0,nodeIdx=3,hash=f1e34f54...
info|2019-10-23 13:59:48.198150|[g:1][CONSENSUS][PBFT]checkTimeout Succ,view=203,toView=204,nodeIdx=3,changeCycle=0,myNode=eadb82d3...,timecost=0.557
info|2019-10-23 13:59:48.202202|[g:1][CONSENSUS][PBFT]checkAndChangeView: Reach consensus,org_view=203,org_changeCycle=0,cur_changeCycle=0,to_view=204
info|2019-10-23 13:59:49.199749|[g:1][CONSENSUS]addRawPrepare,height=1,reqIdx=0,hash=394c4393...
info|2019-10-23 13:59:49.200141|[g:1][CONSENSUS][PBFT]checkTimeout Succ,view=204,toView=205,nodeIdx=3,changeCycle=0,myNode=eadb82d3...,timecost=0.293
info|2019-10-23 13:59:49.204932|[g:1][CONSENSUS][PBFT]checkAndChangeView: Reach consensus,org_view=204,org_changeCycle=0,cur_changeCycle=0,to_view=205
info|2019-10-23 13:59:50.205179|[g:1][CONSENSUS]addRawPrepare,height=1,reqIdx=1,hash=69be560d...
info|2019-10-23 13:59:50.205611|[g:1][CONSENSUS][PBFT]checkTimeout Succ,view=205,toView=206,nodeIdx=3,changeCycle=0,myNode=eadb82d3...,timecost=0.38
info|2019-10-23 13:59:50.209165|[g:1][CONSENSUS][PBFT]checkAndChangeView: Reach consensus,org_view=205,org_changeCycle=0,cur_changeCycle=0,to_view=206
info|2019-10-23 13:59:51.213876|[g:1][CONSENSUS]addRawPrepare,height=1,reqIdx=2,hash=859259e8...
info|2019-10-23 13:59:51.214102|[g:1][CONSENSUS][PBFT]checkTimeout Succ,view=206,toView=207,nodeIdx=3,changeCycle=0,myNode=eadb82d3...,timecost=0.199
info|2019-10-23 13:59:51.215372|[g:1][CONSENSUS][PBFT]checkAndChangeView: Reach consensus,org_view=206,org_changeCycle=0,cur_changeCycle=0,to_view=207
info|2019-10-23 13:59:52.215575|[g:1][CONSENSUS][SEALER]++++++++++++++++ Generating seal on,blkNum=1,tx=0,nodeIdx=3,hash=ad81799c...
info|2019-10-23 13:59:52.227893|[g:1][CONSENSUS][PBFT]checkTimeout Succ,view=207,toView=208,nodeIdx=3,changeCycle=0,myNode=eadb82d3...,timecost=0.218
info|2019-10-23 13:59:52.228911|[g:1][CONSENSUS][PBFT]checkAndChangeView: Reach consensus,org_view=207,org_changeCycle=0,cur_changeCycle=0,to_view=208
info|2019-10-23 13:59:52.312978|[P2P][Service] heartBeat,connected count=3
info|2019-10-23 13:59:53.227543|[g:1][CONSENSUS]addRawPrepare,height=1,reqIdx=0,hash=ac3c4fc7...
info|2019-10-23 13:59:53.228009|[g:1][CONSENSUS][PBFT]checkTimeout Succ,view=208,toView=209,nodeIdx=3,changeCycle=0,myNode=eadb82d3...,timecost=0.356
info|2019-10-23 13:59:53.233737|[g:1][CONSENSUS][PBFT]checkAndChangeView: Reach consensus,org_view=208,org_changeCycle=0,cur_changeCycle=0,to_view=209
info|2019-10-23 13:59:54.239129|[g:1][CONSENSUS]addRawPrepare,height=1,reqIdx=1,hash=3c464778...
info|2019-10-23 13:59:54.239510|[g:1][CONSENSUS][PBFT]checkTimeout Succ,view=209,toView=210,nodeIdx=3,changeCycle=0,myNode=eadb82d3...,timecost=0.29
info|2019-10-23 13:59:54.243622|[g:1][CONSENSUS][PBFT]checkAndChangeView: Reach consensus,org_view=209,org_changeCycle=0,cur_changeCycle=0,to_view=210
info|2019-10-23 13:59:55.245265|[g:1][CONSENSUS]addRawPrepare,height=1,reqIdx=2,hash=f262dc6f...
info|2019-10-23 13:59:55.245685|[g:1][CONSENSUS][PBFT]checkTimeout Succ,view=210,toView=211,nodeIdx=3,changeCycle=0,myNode=eadb82d3...,timecost=0.378
info|2019-10-23 13:59:55.250768|[g:1][CONSENSUS][PBFT]checkAndChangeView: Reach consensus,org_view=210,org_changeCycle=0,cur_changeCycle=0,to_view=211
info|2019-10-23 13:59:56.251218|[g:1][CONSENSUS][SEALER]++++++++++++++++ Generating seal on,blkNum=1,tx=0,nodeIdx=3,hash=63a9d5b1...
info|2019-10-23 13:59:56.261169|[g:1][CONSENSUS][PBFT]checkTimeout Succ,view=211,toView=212,nodeIdx=3,changeCycle=0,myNode=eadb82d3...,timecost=0.272
info|2019-10-23 13:59:56.262221|[g:1][CONSENSUS][PBFT]checkAndChangeView: Reach consensus,org_view=211,org_changeCycle=0,cur_changeCycle=0,to_view=212
info|2019-10-23 13:59:57.262100|[g:1][CONSENSUS]addRawPrepare,height=1,reqIdx=0,hash=1b689af4...
info|2019-10-23 13:59:57.262573|[g:1][CONSENSUS][PBFT]checkTimeout Succ,view=212,toView=213,nodeIdx=3,changeCycle=0,myNode=eadb82d3...,timecost=0.356
info|2019-10-23 13:59:57.268538|[g:1][CONSENSUS][PBFT]checkAndChangeView: Reach consensus,org_view=212,org_changeCycle=0,cur_changeCycle=0,to_view=213
info|2019-10-23 13:59:58.271602|[g:1][CONSENSUS]addRawPrepare,height=1,reqIdx=1,hash=12de0797...
info|2019-10-23 13:59:58.272118|[g:1][CONSENSUS][PBFT]checkTimeout Succ,view=213,toView=214,nodeIdx=3,changeCycle=0,myNode=eadb82d3...,timecost=0.464
info|2019-10-23 13:59:58.277152|[g:1][CONSENSUS][PBFT]checkAndChangeView: Reach consensus,org_view=213,org_changeCycle=0,cur_changeCycle=0,to_view=214
info|2019-10-23 13:59:59.282203|[g:1][CONSENSUS]addRawPrepare,height=1,reqIdx=2,hash=115d48af...
info|2019-10-23 13:59:59.282604|[g:1][CONSENSUS][PBFT]checkTimeout Succ,view=214,toView=215,nodeIdx=3,changeCycle=0,myNode=eadb82d3...,timecost=0.38
info|2019-10-23 13:59:59.287504|[g:1][CONSENSUS][PBFT]checkAndChangeView: Reach consensus,org_view=214,org_changeCycle=0,cur_changeCycle=0,to_view=215
