[INFO] [2019-11-14 09:58:46] AbstractApplicationContext.prepareRefresh(583) | Refreshing org.springframework.context.support.ClassPathXmlApplicationContext@11028347: startup date [Thu Nov 14 09:58:46 CST 2019]; root of context hierarchy
[INFO] [2019-11-14 09:58:46] XmlBeanDefinitionReader.loadBeanDefinitions(317) | Loading XML bean definitions from class path resource [applicationContext.xml]
[INFO] [2019-11-14 09:58:49] ChannelConnections.init(366) |  add connected node: 127.0.0.1:20200
[INFO] [2019-11-14 09:58:49] ChannelConnections.initDefaultCertConfig(80) |  sslCert:sdk.crt configured in applicationContext.xml not exist, use default setting: classpath:node.crt  
[INFO] [2019-11-14 09:58:49] ChannelConnections.initDefaultCertConfig(98) |  sslKey:sdk.key configured in applicationContext.xml not exist, use default setting: classpath:node.key  
[INFO] [2019-11-14 09:58:50] ChannelConnections.reconnect(503) | try connect to: 127.0.0.1:20200
[INFO] [2019-11-14 09:58:51] ConnectionCallback.onConnect(91) |  connect 127.0.0.1:20200 success, ctx: 1722351216
[INFO] [2019-11-14 09:58:51] ConnectionCallback.queryNodeVersion(207) |  query node version host: 127.0.0.1:20200, seq: de808e58b07842c5a0e426e71fd569ae, content: {"jsonrpc":"2.0","method":"getClientVersion","params":[],"id":0}
[INFO] [2019-11-14 09:58:51] ConnectionCallback$2.onResponse(258) |  node: Version [buildTime=20190923 13:22:09, buildType=Linux/clang/Release, chainID=1, version=2.1.0, gitBranch=HEAD, gitCommit=cb68124d4fbf3df563a57dfff5f0c6eedc1419cc, supportedVersion=2.1.0], content: {"id":0,"jsonrpc":"2.0","result":{"Build Time":"20190923 13:22:09","Build Type":"Linux/clang/Release","Chain Id":"1","FISCO-BCOS Version":"2.1.0","Git Branch":"HEAD","Git Commit Hash":"cb68124d4fbf3df563a57dfff5f0c6eedc1419cc","Supported Version":"2.1.0"}}

[INFO] [2019-11-14 09:58:51] ConnectionCallback$2.onResponse(267) |  support channel handshake node: Version [buildTime=20190923 13:22:09, buildType=Linux/clang/Release, chainID=1, version=2.1.0, gitBranch=HEAD, gitCommit=cb68124d4fbf3df563a57dfff5f0c6eedc1419cc, supportedVersion=2.1.0], content: {"id":0,"jsonrpc":"2.0","result":{"Build Time":"20190923 13:22:09","Build Type":"Linux/clang/Release","Chain Id":"1","FISCO-BCOS Version":"2.1.0","Git Branch":"HEAD","Git Commit Hash":"cb68124d4fbf3df563a57dfff5f0c6eedc1419cc","Supported Version":"2.1.0"}}

[INFO] [2019-11-14 09:58:51] ConnectionCallback$1.onResponse(167) |  channel protocol handshake success, set socket channel protocol, host: 127.0.0.1:20200, channel protocol: ChannelProtocol [protocol=2, nodeVersion=2.1.0, EnumProtocol=VERSION_2]
[INFO] [2019-11-14 09:58:52] ConnectionCallback.subBlockNotification(338) |  send sub block notification request, seq: 815dfa1c80ea4dec84b6d635e3268c05, content: ["_block_notify_1"]
[INFO] [2019-11-14 09:58:52] ConnectionCallback.queryBlockNumber(370) |  query block number host: 127.0.0.1:20200, seq: f03a44fa51614c70b4f27c14bfc42b62, content: {"jsonrpc":"2.0","method":"getBlockNumber","params":[1],"id":1}
[INFO] [2019-11-14 09:58:52] ConnectionCallback$4.onResponse(395) |  query blocknumer, host:127.0.0.1:20200, blockNumber: 2 
[INFO] [2019-11-14 09:59:02] EventLogFilterManager$1.run(154) |  event filter manager, filter: 0, callback: 0
[INFO] [2019-11-14 09:59:12] EventLogFilterManager$1.run(154) |  event filter manager, filter: 0, callback: 0
[INFO] [2019-11-14 09:59:22] EventLogFilterManager$1.run(154) |  event filter manager, filter: 0, callback: 0
[INFO] [2019-11-14 09:59:32] EventLogFilterManager$1.run(154) |  event filter manager, filter: 0, callback: 0
[INFO] [2019-11-14 09:59:42] EventLogFilterManager$1.run(154) |  event filter manager, filter: 0, callback: 0
[INFO] [2019-11-14 09:59:52] EventLogFilterManager$1.run(154) |  event filter manager, filter: 0, callback: 0
[INFO] [2019-11-14 10:00:02] EventLogFilterManager$1.run(154) |  event filter manager, filter: 0, callback: 0
[INFO] [2019-11-14 10:00:12] EventLogFilterManager$1.run(154) |  event filter manager, filter: 0, callback: 0
[INFO] [2019-11-14 10:00:22] EventLogFilterManager$1.run(154) |  event filter manager, filter: 0, callback: 0
[INFO] [2019-11-14 10:00:32] EventLogFilterManager$1.run(154) |  event filter manager, filter: 0, callback: 0
[INFO] [2019-11-14 10:00:42] EventLogFilterManager$1.run(154) |  event filter manager, filter: 0, callback: 0
[INFO] [2019-11-14 10:00:52] EventLogFilterManager$1.run(154) |  event filter manager, filter: 0, callback: 0
[INFO] [2019-11-14 10:01:02] EventLogFilterManager$1.run(154) |  event filter manager, filter: 0, callback: 0
[INFO] [2019-11-14 10:01:12] EventLogFilterManager$1.run(154) |  event filter manager, filter: 0, callback: 0
[INFO] [2019-11-14 10:01:22] EventLogFilterManager$1.run(154) |  event filter manager, filter: 0, callback: 0
[INFO] [2019-11-14 10:01:32] EventLogFilterManager$1.run(154) |  event filter manager, filter: 0, callback: 0
[INFO] [2019-11-14 10:01:42] EventLogFilterManager$1.run(154) |  event filter manager, filter: 0, callback: 0
[INFO] [2019-11-14 10:01:52] EventLogFilterManager$1.run(154) |  event filter manager, filter: 0, callback: 0
[INFO] [2019-11-14 10:02:02] EventLogFilterManager$1.run(154) |  event filter manager, filter: 0, callback: 0
[INFO] [2019-11-14 10:02:12] EventLogFilterManager$1.run(154) |  event filter manager, filter: 0, callback: 0
[INFO] [2019-11-14 10:02:22] EventLogFilterManager$1.run(154) |  event filter manager, filter: 0, callback: 0
[INFO] [2019-11-14 10:02:32] EventLogFilterManager$1.run(154) |  event filter manager, filter: 0, callback: 0
[INFO] [2019-11-14 10:02:42] EventLogFilterManager$1.run(154) |  event filter manager, filter: 0, callback: 0
[INFO] [2019-11-14 10:02:52] EventLogFilterManager$1.run(154) |  event filter manager, filter: 0, callback: 0
[INFO] [2019-11-14 10:03:02] EventLogFilterManager$1.run(154) |  event filter manager, filter: 0, callback: 0
[INFO] [2019-11-14 10:03:12] EventLogFilterManager$1.run(154) |  event filter manager, filter: 0, callback: 0
[INFO] [2019-11-14 10:03:22] EventLogFilterManager$1.run(154) |  event filter manager, filter: 0, callback: 0
[INFO] [2019-11-14 10:03:32] EventLogFilterManager$1.run(154) |  event filter manager, filter: 0, callback: 0
[INFO] [2019-11-14 10:03:42] EventLogFilterManager$1.run(154) |  event filter manager, filter: 0, callback: 0
[INFO] [2019-11-14 10:03:52] EventLogFilterManager$1.run(154) |  event filter manager, filter: 0, callback: 0
[INFO] [2019-11-14 10:04:02] EventLogFilterManager$1.run(154) |  event filter manager, filter: 0, callback: 0
[INFO] [2019-11-14 10:04:12] EventLogFilterManager$1.run(154) |  event filter manager, filter: 0, callback: 0
[INFO] [2019-11-14 10:04:22] EventLogFilterManager$1.run(154) |  event filter manager, filter: 0, callback: 0
[INFO] [2019-11-14 10:04:32] EventLogFilterManager$1.run(154) |  event filter manager, filter: 0, callback: 0
[INFO] [2019-11-14 10:04:42] EventLogFilterManager$1.run(154) |  event filter manager, filter: 0, callback: 0
[INFO] [2019-11-14 10:04:52] EventLogFilterManager$1.run(154) |  event filter manager, filter: 0, callback: 0
[INFO] [2019-11-14 10:05:02] EventLogFilterManager$1.run(154) |  event filter manager, filter: 0, callback: 0
[INFO] [2019-11-14 10:05:12] EventLogFilterManager$1.run(154) |  event filter manager, filter: 0, callback: 0
[INFO] [2019-11-14 10:05:22] EventLogFilterManager$1.run(154) |  event filter manager, filter: 0, callback: 0
[INFO] [2019-11-14 10:05:32] EventLogFilterManager$1.run(154) |  event filter manager, filter: 0, callback: 0
[INFO] [2019-11-14 10:05:42] EventLogFilterManager$1.run(154) |  event filter manager, filter: 0, callback: 0
[INFO] [2019-11-14 10:05:52] EventLogFilterManager$1.run(154) |  event filter manager, filter: 0, callback: 0
[INFO] [2019-11-14 10:06:02] EventLogFilterManager$1.run(154) |  event filter manager, filter: 0, callback: 0
[INFO] [2019-11-14 10:06:12] EventLogFilterManager$1.run(154) |  event filter manager, filter: 0, callback: 0
[INFO] [2019-11-14 10:06:22] EventLogFilterManager$1.run(154) |  event filter manager, filter: 0, callback: 0
[INFO] [2019-11-14 10:06:32] EventLogFilterManager$1.run(154) |  event filter manager, filter: 0, callback: 0
[INFO] [2019-11-14 10:06:42] EventLogFilterManager$1.run(154) |  event filter manager, filter: 0, callback: 0
[INFO] [2019-11-14 10:06:52] EventLogFilterManager$1.run(154) |  event filter manager, filter: 0, callback: 0
[INFO] [2019-11-14 10:07:02] EventLogFilterManager$1.run(154) |  event filter manager, filter: 0, callback: 0
[INFO] [2019-11-14 10:07:12] EventLogFilterManager$1.run(154) |  event filter manager, filter: 0, callback: 0
[INFO] [2019-11-14 10:07:22] EventLogFilterManager$1.run(154) |  event filter manager, filter: 0, callback: 0
[INFO] [2019-11-14 10:07:32] EventLogFilterManager$1.run(154) |  event filter manager, filter: 0, callback: 0
[INFO] [2019-11-14 10:07:42] EventLogFilterManager$1.run(154) |  event filter manager, filter: 0, callback: 0
[INFO] [2019-11-14 10:07:52] EventLogFilterManager$1.run(154) |  event filter manager, filter: 0, callback: 0
[INFO] [2019-11-14 10:08:02] EventLogFilterManager$1.run(154) |  event filter manager, filter: 0, callback: 0
[INFO] [2019-11-14 10:08:12] EventLogFilterManager$1.run(154) |  event filter manager, filter: 0, callback: 0
[INFO] [2019-11-14 10:08:22] EventLogFilterManager$1.run(154) |  event filter manager, filter: 0, callback: 0
[INFO] [2019-11-14 10:08:32] EventLogFilterManager$1.run(154) |  event filter manager, filter: 0, callback: 0
[INFO] [2019-11-14 10:08:42] EventLogFilterManager$1.run(154) |  event filter manager, filter: 0, callback: 0
[INFO] [2019-11-14 10:08:52] EventLogFilterManager$1.run(154) |  event filter manager, filter: 0, callback: 0
[INFO] [2019-11-14 10:09:02] EventLogFilterManager$1.run(154) |  event filter manager, filter: 0, callback: 0
[INFO] [2019-11-14 10:09:12] EventLogFilterManager$1.run(154) |  event filter manager, filter: 0, callback: 0
[INFO] [2019-11-14 10:09:22] EventLogFilterManager$1.run(154) |  event filter manager, filter: 0, callback: 0
[INFO] [2019-11-14 10:09:32] EventLogFilterManager$1.run(154) |  event filter manager, filter: 0, callback: 0
[INFO] [2019-11-14 10:09:42] EventLogFilterManager$1.run(154) |  event filter manager, filter: 0, callback: 0
[INFO] [2019-11-14 10:09:52] EventLogFilterManager$1.run(154) |  event filter manager, filter: 0, callback: 0
[INFO] [2019-11-14 10:10:02] EventLogFilterManager$1.run(154) |  event filter manager, filter: 0, callback: 0
[INFO] [2019-11-14 10:10:12] EventLogFilterManager$1.run(154) |  event filter manager, filter: 0, callback: 0
[INFO] [2019-11-14 10:10:22] EventLogFilterManager$1.run(154) |  event filter manager, filter: 0, callback: 0
[INFO] [2019-11-14 10:10:32] EventLogFilterManager$1.run(154) |  event filter manager, filter: 0, callback: 0
[INFO] [2019-11-14 10:10:42] EventLogFilterManager$1.run(154) |  event filter manager, filter: 0, callback: 0
[INFO] [2019-11-14 10:10:52] EventLogFilterManager$1.run(154) |  event filter manager, filter: 0, callback: 0
[INFO] [2019-11-14 10:11:02] EventLogFilterManager$1.run(154) |  event filter manager, filter: 0, callback: 0
[INFO] [2019-11-14 10:11:12] EventLogFilterManager$1.run(154) |  event filter manager, filter: 0, callback: 0
[INFO] [2019-11-14 10:11:22] EventLogFilterManager$1.run(154) |  event filter manager, filter: 0, callback: 0
[INFO] [2019-11-14 10:11:32] EventLogFilterManager$1.run(154) |  event filter manager, filter: 0, callback: 0
[INFO] [2019-11-14 10:11:42] EventLogFilterManager$1.run(154) |  event filter manager, filter: 0, callback: 0
[INFO] [2019-11-14 10:11:52] EventLogFilterManager$1.run(154) |  event filter manager, filter: 0, callback: 0
[INFO] [2019-11-14 10:12:02] EventLogFilterManager$1.run(154) |  event filter manager, filter: 0, callback: 0
[INFO] [2019-11-14 10:12:12] EventLogFilterManager$1.run(154) |  event filter manager, filter: 0, callback: 0
[INFO] [2019-11-14 10:12:22] EventLogFilterManager$1.run(154) |  event filter manager, filter: 0, callback: 0
[INFO] [2019-11-14 10:12:32] EventLogFilterManager$1.run(154) |  event filter manager, filter: 0, callback: 0
[INFO] [2019-11-14 10:12:42] EventLogFilterManager$1.run(154) |  event filter manager, filter: 0, callback: 0
[INFO] [2019-11-14 10:12:52] EventLogFilterManager$1.run(154) |  event filter manager, filter: 0, callback: 0
[INFO] [2019-11-14 10:13:02] EventLogFilterManager$1.run(154) |  event filter manager, filter: 0, callback: 0
[INFO] [2019-11-14 10:13:12] EventLogFilterManager$1.run(154) |  event filter manager, filter: 0, callback: 0
[INFO] [2019-11-14 10:13:22] EventLogFilterManager$1.run(154) |  event filter manager, filter: 0, callback: 0
[INFO] [2019-11-14 10:13:32] EventLogFilterManager$1.run(154) |  event filter manager, filter: 0, callback: 0
[INFO] [2019-11-14 10:13:42] EventLogFilterManager$1.run(154) |  event filter manager, filter: 0, callback: 0
[INFO] [2019-11-14 10:13:52] EventLogFilterManager$1.run(154) |  event filter manager, filter: 0, callback: 0
[INFO] [2019-11-14 10:14:02] EventLogFilterManager$1.run(154) |  event filter manager, filter: 0, callback: 0
[INFO] [2019-11-14 10:14:12] EventLogFilterManager$1.run(154) |  event filter manager, filter: 0, callback: 0
[INFO] [2019-11-14 10:14:22] EventLogFilterManager$1.run(154) |  event filter manager, filter: 0, callback: 0
[INFO] [2019-11-14 10:14:32] EventLogFilterManager$1.run(154) |  event filter manager, filter: 0, callback: 0
[INFO] [2019-11-14 10:14:42] EventLogFilterManager$1.run(154) |  event filter manager, filter: 0, callback: 0
[INFO] [2019-11-14 10:14:52] EventLogFilterManager$1.run(154) |  event filter manager, filter: 0, callback: 0
[INFO] [2019-11-14 10:15:02] EventLogFilterManager$1.run(154) |  event filter manager, filter: 0, callback: 0
[INFO] [2019-11-14 10:15:12] EventLogFilterManager$1.run(154) |  event filter manager, filter: 0, callback: 0
[INFO] [2019-11-14 10:15:22] EventLogFilterManager$1.run(154) |  event filter manager, filter: 0, callback: 0
[INFO] [2019-11-14 10:15:32] EventLogFilterManager$1.run(154) |  event filter manager, filter: 0, callback: 0
[INFO] [2019-11-14 10:15:42] EventLogFilterManager$1.run(154) |  event filter manager, filter: 0, callback: 0
[INFO] [2019-11-14 10:15:52] EventLogFilterManager$1.run(154) |  event filter manager, filter: 0, callback: 0
[INFO] [2019-11-14 10:16:02] EventLogFilterManager$1.run(154) |  event filter manager, filter: 0, callback: 0
[INFO] [2019-11-14 10:16:12] EventLogFilterManager$1.run(154) |  event filter manager, filter: 0, callback: 0
[INFO] [2019-11-14 10:16:22] EventLogFilterManager$1.run(154) |  event filter manager, filter: 0, callback: 0
[INFO] [2019-11-14 10:16:32] EventLogFilterManager$1.run(154) |  event filter manager, filter: 0, callback: 0
[INFO] [2019-11-14 10:16:42] EventLogFilterManager$1.run(154) |  event filter manager, filter: 0, callback: 0
[INFO] [2019-11-14 10:16:52] EventLogFilterManager$1.run(154) |  event filter manager, filter: 0, callback: 0
[INFO] [2019-11-14 10:17:02] EventLogFilterManager$1.run(154) |  event filter manager, filter: 0, callback: 0
[INFO] [2019-11-14 10:17:12] EventLogFilterManager$1.run(154) |  event filter manager, filter: 0, callback: 0
[INFO] [2019-11-14 10:17:22] EventLogFilterManager$1.run(154) |  event filter manager, filter: 0, callback: 0
[INFO] [2019-11-14 10:17:32] EventLogFilterManager$1.run(154) |  event filter manager, filter: 0, callback: 0
[INFO] [2019-11-14 10:17:42] EventLogFilterManager$1.run(154) |  event filter manager, filter: 0, callback: 0
[INFO] [2019-11-14 10:17:52] EventLogFilterManager$1.run(154) |  event filter manager, filter: 0, callback: 0
[INFO] [2019-11-14 10:18:02] EventLogFilterManager$1.run(154) |  event filter manager, filter: 0, callback: 0
[INFO] [2019-11-14 10:18:12] EventLogFilterManager$1.run(154) |  event filter manager, filter: 0, callback: 0
[INFO] [2019-11-14 10:18:22] EventLogFilterManager$1.run(154) |  event filter manager, filter: 0, callback: 0
[INFO] [2019-11-14 10:18:32] EventLogFilterManager$1.run(154) |  event filter manager, filter: 0, callback: 0
[INFO] [2019-11-14 10:18:42] EventLogFilterManager$1.run(154) |  event filter manager, filter: 0, callback: 0
[INFO] [2019-11-14 10:18:52] EventLogFilterManager$1.run(154) |  event filter manager, filter: 0, callback: 0
[INFO] [2019-11-14 10:19:02] EventLogFilterManager$1.run(154) |  event filter manager, filter: 0, callback: 0
[INFO] [2019-11-14 10:19:12] EventLogFilterManager$1.run(154) |  event filter manager, filter: 0, callback: 0
[INFO] [2019-11-14 10:19:22] EventLogFilterManager$1.run(154) |  event filter manager, filter: 0, callback: 0
[INFO] [2019-11-14 10:19:32] EventLogFilterManager$1.run(154) |  event filter manager, filter: 0, callback: 0
[INFO] [2019-11-14 10:19:42] EventLogFilterManager$1.run(154) |  event filter manager, filter: 0, callback: 0
[INFO] [2019-11-14 10:19:52] EventLogFilterManager$1.run(154) |  event filter manager, filter: 0, callback: 0
[INFO] [2019-11-14 10:20:02] EventLogFilterManager$1.run(154) |  event filter manager, filter: 0, callback: 0
[INFO] [2019-11-14 10:20:12] EventLogFilterManager$1.run(154) |  event filter manager, filter: 0, callback: 0
[INFO] [2019-11-14 10:20:22] EventLogFilterManager$1.run(154) |  event filter manager, filter: 0, callback: 0
[INFO] [2019-11-14 10:20:32] EventLogFilterManager$1.run(154) |  event filter manager, filter: 0, callback: 0
[INFO] [2019-11-14 10:20:42] EventLogFilterManager$1.run(154) |  event filter manager, filter: 0, callback: 0
[INFO] [2019-11-14 10:20:52] EventLogFilterManager$1.run(154) |  event filter manager, filter: 0, callback: 0
[INFO] [2019-11-14 10:21:02] EventLogFilterManager$1.run(154) |  event filter manager, filter: 0, callback: 0
[INFO] [2019-11-14 10:21:12] EventLogFilterManager$1.run(154) |  event filter manager, filter: 0, callback: 0
[INFO] [2019-11-14 10:21:22] EventLogFilterManager$1.run(154) |  event filter manager, filter: 0, callback: 0
[INFO] [2019-11-14 10:21:32] EventLogFilterManager$1.run(154) |  event filter manager, filter: 0, callback: 0
[INFO] [2019-11-14 10:21:42] EventLogFilterManager$1.run(154) |  event filter manager, filter: 0, callback: 0
[INFO] [2019-11-14 10:21:52] EventLogFilterManager$1.run(154) |  event filter manager, filter: 0, callback: 0
[INFO] [2019-11-14 10:22:02] EventLogFilterManager$1.run(154) |  event filter manager, filter: 0, callback: 0
[INFO] [2019-11-14 10:22:12] EventLogFilterManager$1.run(154) |  event filter manager, filter: 0, callback: 0
[INFO] [2019-11-14 10:22:22] EventLogFilterManager$1.run(154) |  event filter manager, filter: 0, callback: 0
[INFO] [2019-11-14 10:22:32] EventLogFilterManager$1.run(154) |  event filter manager, filter: 0, callback: 0
[INFO] [2019-11-14 10:22:42] EventLogFilterManager$1.run(154) |  event filter manager, filter: 0, callback: 0
[INFO] [2019-11-14 10:22:52] EventLogFilterManager$1.run(154) |  event filter manager, filter: 0, callback: 0
[INFO] [2019-11-14 10:23:02] EventLogFilterManager$1.run(154) |  event filter manager, filter: 0, callback: 0
[INFO] [2019-11-14 10:23:12] EventLogFilterManager$1.run(154) |  event filter manager, filter: 0, callback: 0
[INFO] [2019-11-14 10:23:22] EventLogFilterManager$1.run(154) |  event filter manager, filter: 0, callback: 0
[INFO] [2019-11-14 10:23:32] EventLogFilterManager$1.run(154) |  event filter manager, filter: 0, callback: 0
[INFO] [2019-11-14 10:23:42] EventLogFilterManager$1.run(154) |  event filter manager, filter: 0, callback: 0
[INFO] [2019-11-14 10:23:52] EventLogFilterManager$1.run(154) |  event filter manager, filter: 0, callback: 0
[INFO] [2019-11-14 10:24:02] EventLogFilterManager$1.run(154) |  event filter manager, filter: 0, callback: 0
[INFO] [2019-11-14 10:24:12] EventLogFilterManager$1.run(154) |  event filter manager, filter: 0, callback: 0
[INFO] [2019-11-14 10:24:22] EventLogFilterManager$1.run(154) |  event filter manager, filter: 0, callback: 0
[INFO] [2019-11-14 10:24:32] EventLogFilterManager$1.run(154) |  event filter manager, filter: 0, callback: 0
[INFO] [2019-11-14 10:24:42] EventLogFilterManager$1.run(154) |  event filter manager, filter: 0, callback: 0
[INFO] [2019-11-14 10:24:52] EventLogFilterManager$1.run(154) |  event filter manager, filter: 0, callback: 0
[INFO] [2019-11-14 10:25:02] EventLogFilterManager$1.run(154) |  event filter manager, filter: 0, callback: 0
[INFO] [2019-11-14 10:25:12] EventLogFilterManager$1.run(154) |  event filter manager, filter: 0, callback: 0
[INFO] [2019-11-14 10:25:22] EventLogFilterManager$1.run(154) |  event filter manager, filter: 0, callback: 0
[INFO] [2019-11-14 10:25:32] EventLogFilterManager$1.run(154) |  event filter manager, filter: 0, callback: 0
[INFO] [2019-11-14 10:25:42] EventLogFilterManager$1.run(154) |  event filter manager, filter: 0, callback: 0
[INFO] [2019-11-14 10:25:52] EventLogFilterManager$1.run(154) |  event filter manager, filter: 0, callback: 0
[INFO] [2019-11-14 10:26:02] EventLogFilterManager$1.run(154) |  event filter manager, filter: 0, callback: 0
[INFO] [2019-11-14 10:26:12] EventLogFilterManager$1.run(154) |  event filter manager, filter: 0, callback: 0
