info|2019-11-15 16:21:02.157258|[INITIALIZER][initGlobalConfig],enableCompress=true,compatibilityVersion=2.1.0,versionNumber=33619968,chainId=1
info|2019-11-15 16:21:02.212196|[NETWORK][Host]Connecting to node,endpoint=127.0.0.1:30300
info|2019-11-15 16:21:02.231189|[NETWORK][Host]P2P StartAccept,Host=0.0.0.0:30301
info|2019-11-15 16:21:02.231384|[NETWORK][Host]Connecting to node,endpoint=127.0.0.1:30301
info|2019-11-15 16:21:02.231431|[NETWORK][Host]Connecting to node,endpoint=127.0.0.1:30302
info|2019-11-15 16:21:02.231466|[NETWORK][Host]Connecting to node,endpoint=127.0.0.1:30303
info|2019-11-15 16:21:02.231502|[P2P][Service] heartBeat,connected count=0
info|2019-11-15 16:21:02.232056|[CHANNEL]ChannelRPCServer started
info|2019-11-15 16:21:02.232082|[INITIALIZER][RPCInitializer]ChannelRPCHttpServer started.
info|2019-11-15 16:21:02.232101|[LedgerInitializer],groupConfigPath=conf/
info|2019-11-15 16:21:02.232208|[INITIALIZER][initSingleLedger] [GroupId]:  1
info|2019-11-15 16:21:02.232232|[g:1][LEDGER]LedgerConstructor,configPath=conf/group.1.genesis,baseDir=data//group1
info|2019-11-15 16:21:02.232248|[g:1][LEDGER][initGenesisConfig]initConsensusConfig/initDBConfig/initTxConfig,configFile=conf/group.1.genesis
info|2019-11-15 16:21:02.232307|[g:1][LEDGER][initConsensusConfig],it.first=eadb82d3e4d88487164cb2a29c63f86dfc2c62444c9c59025c3cc327437a3c349d5f360c4c3fa8c16cf1403916c839f470cc47f7b8d93ad92444821f4409c0d7
info|2019-11-15 16:21:02.232328|[g:1][LEDGER][initConsensusConfig],it.first=7a0fa6e0228492a684609a1da1619395e1ab056666f9fa06b88ea863bb6cb70df949252a18ec62b0e5515feb6cdf8e61ab240824f805b8c04c786161984030f6
info|2019-11-15 16:21:02.232345|[g:1][LEDGER][initConsensusConfig],it.first=bfdf57a51ceee766244f5eb19db0530fc98dd729532bb84bf52214a9838a376b57322849181966fa8766443033108d22b8d3049ce93f0124ed165819bbd1a61e
info|2019-11-15 16:21:02.232360|[g:1][LEDGER][initConsensusConfig],it.first=b96a351b91cc81428658b89638dfaad11e7be5216d81d6eb1d588af44020196483be93fedbce66668559c373879f93c39197500888f77bce61c5483230970449
info|2019-11-15 16:21:02.242352|[NETWORK][ASIO]asyncResolveConnect,endpoint=127.0.0.1:30300
info|2019-11-15 16:21:02.242468|[NETWORK][ASIO]asyncResolveConnect,endpoint=127.0.0.1:30301
info|2019-11-15 16:21:02.242526|[NETWORK][ASIO]asyncResolveConnect,endpoint=127.0.0.1:30302
info|2019-11-15 16:21:02.242579|[NETWORK][ASIO]asyncResolveConnect,endpoint=127.0.0.1:30303
info|2019-11-15 16:21:02.242841|[NETWORK][Host]P2P Recv Connect, From=127.0.0.1:45448
info|2019-11-15 16:21:02.242897|[NETWORK][Host]P2P StartAccept,Host=0.0.0.0:30301
info|2019-11-15 16:21:02.257088|[g:1][LEDGER][initIniConfig]initTxPoolConfig/initSyncConfig/initTxExecuteConfig,configFile=conf/group.1.ini
info|2019-11-15 16:21:02.257213|[g:1][LEDGER][initLedger][DBInitializer]
info|2019-11-15 16:21:02.257237|[g:1][DBINITIALIZER] [initRocksDBStorage]
info|2019-11-15 16:21:02.257275|[g:1][ROCKSDB]open rocksDB handler
info|2019-11-15 16:21:02.282312|[g:1][g:0][STORAGE][CachedStorage]Init flushStorage thread
info|2019-11-15 16:21:02.282756|[g:1][BLOCKCHAIN][#checkAndBuildGenesisBlock]Already have the 0th block, 0th groupMark is equal to file groupMark.
info|2019-11-15 16:21:02.287356|[NETWORK][Host]startPeerSession, From=127.0.0.1:45448,nodeID=7a0fa6e0...
info|2019-11-15 16:21:02.288462|[NETWORK][Host]startPeerSession, From=127.0.0.1:30301,nodeID=7a0fa6e0...
info|2019-11-15 16:21:02.291351|[g:1][CONSENSUS][PBFT]Register handler for PBFTEngine
info|2019-11-15 16:21:02.298848|[g:1][CONSENSUS][PBFT],minBlockGenerationTime=500
info|2019-11-15 16:21:02.298884|[LedgerInitializer init group succ],groupID=1
info|2019-11-15 16:21:02.299094|[INITIALIZER][RPCInitializer]JsonrpcHttpServer started.
info|2019-11-15 16:21:02.299120|[g:1][LEDGER]startAll...
info|2019-11-15 16:21:02.305564|[g:1][CONSENSUS][PBFT]^^^^^^^^Report,num=26,sealerIdx=3,hash=ecc86bcf...,next=27,tx=1,nodeIdx=0
info|2019-11-15 16:21:02.312804|[g:1][CONSENSUS][PBFT][PBFT init env successfully]
info|2019-11-15 16:21:02.312820|[g:1][CONSENSUS][ConsensusEngine][Start ConsensusEngineBase]
info|2019-11-15 16:21:02.322985|[g:1][CONSENSUS][PBFT][Start PBFTEngine...]
info|2019-11-15 16:21:02.322997|[g:1][CONSENSUS][SEALER][Start sealer module]
info|2019-11-15 16:21:02.334227|[g:1][EVENT][EventLogFilterManager]start,m_maxBlockRange=0,m_maxBlockPerLoopFilter=3
info|2019-11-15 16:21:02.343169|[P2P][Service] Connection established,nodeID=eadb82d3...,endpoint=127.0.0.1:30300
info|2019-11-15 16:21:02.343218|[NETWORK][Host]startPeerSession, From=127.0.0.1:30300,nodeID=eadb82d3...
info|2019-11-15 16:21:02.343950|[P2P][Service] Connection established,nodeID=bfdf57a5...,endpoint=127.0.0.1:30302
info|2019-11-15 16:21:02.343983|[NETWORK][Host]startPeerSession, From=127.0.0.1:30302,nodeID=bfdf57a5...
info|2019-11-15 16:21:02.345357|[P2P][Service] Connection established,nodeID=b96a351b...,endpoint=127.0.0.1:30303
info|2019-11-15 16:21:02.345388|[NETWORK][Host]startPeerSession, From=127.0.0.1:30303,nodeID=b96a351b...
warning|2019-11-15 16:21:02.489510|[SYNC][id:7a0fa6e0...][Status]Peer data not found,nodeId=bfdf57a5...
warning|2019-11-15 16:21:02.494263|[SYNC][id:7a0fa6e0...][Status]Peer data not found,nodeId=b96a351b...
warning|2019-11-15 16:21:02.505630|[SYNC][id:7a0fa6e0...][Status]Peer data not found,nodeId=eadb82d3...
info|2019-11-15 16:21:03.286826|[g:1][CONSENSUS]addRawPrepare,height=27,reqIdx=2,hash=8bc48270...
info|2019-11-15 16:21:03.287481|[g:1][CONSENSUS][PBFT]checkTimeout Succ,view=0,toView=1,nodeIdx=0,changeCycle=0,myNode=7a0fa6e0...,timecost=0.459
info|2019-11-15 16:21:03.296379|[g:1][CONSENSUS][PBFT]checkAndChangeView: Reach consensus,org_view=0,org_changeCycle=0,cur_changeCycle=0,to_view=1
info|2019-11-15 16:21:04.300232|[g:1][CONSENSUS]addRawPrepare,height=27,reqIdx=3,hash=55de8982...
info|2019-11-15 16:21:04.300727|[g:1][CONSENSUS][PBFT]checkTimeout Succ,view=1,toView=2,nodeIdx=0,changeCycle=0,myNode=7a0fa6e0...,timecost=0.365
info|2019-11-15 16:21:04.305835|[g:1][CONSENSUS][PBFT]checkAndChangeView: Reach consensus,org_view=1,org_changeCycle=0,cur_changeCycle=0,to_view=2
info|2019-11-15 16:21:05.306729|[g:1][CONSENSUS][SEALER]++++++++++++++++ Generating seal on,blkNum=27,tx=0,nodeIdx=0,hash=67c77c86...
info|2019-11-15 16:21:05.315325|[g:1][CONSENSUS][PBFT]checkTimeout Succ,view=2,toView=3,nodeIdx=0,changeCycle=0,myNode=7a0fa6e0...,timecost=0.218
info|2019-11-15 16:21:05.316463|[g:1][CONSENSUS][PBFT]checkAndChangeView: Reach consensus,org_view=2,org_changeCycle=0,cur_changeCycle=0,to_view=3
info|2019-11-15 16:21:06.315878|[g:1][CONSENSUS]addRawPrepare,height=27,reqIdx=1,hash=d96573f8...
info|2019-11-15 16:21:06.316266|[g:1][CONSENSUS][PBFT]checkTimeout Succ,view=3,toView=4,nodeIdx=0,changeCycle=0,myNode=7a0fa6e0...,timecost=0.29
info|2019-11-15 16:21:06.320178|[g:1][CONSENSUS][PBFT]checkAndChangeView: Reach consensus,org_view=3,org_changeCycle=0,cur_changeCycle=0,to_view=4
info|2019-11-15 16:21:07.328555|[g:1][CONSENSUS]addRawPrepare,height=27,reqIdx=2,hash=eea016d6...
info|2019-11-15 16:21:07.328829|[g:1][CONSENSUS][PBFT]checkTimeout Succ,view=4,toView=5,nodeIdx=0,changeCycle=0,myNode=7a0fa6e0...,timecost=0.205
info|2019-11-15 16:21:07.353076|[g:1][CONSENSUS][PBFT]checkAndChangeView: Reach consensus,org_view=4,org_changeCycle=0,cur_changeCycle=0,to_view=5
info|2019-11-15 16:21:08.355831|[g:1][CONSENSUS]addRawPrepare,height=27,reqIdx=3,hash=8a917065...
info|2019-11-15 16:21:08.356323|[g:1][CONSENSUS][PBFT]checkTimeout Succ,view=5,toView=6,nodeIdx=0,changeCycle=0,myNode=7a0fa6e0...,timecost=0.365
info|2019-11-15 16:21:08.364699|[g:1][CONSENSUS][PBFT]checkAndChangeView: Reach consensus,org_view=5,org_changeCycle=0,cur_changeCycle=0,to_view=6
info|2019-11-15 16:21:09.364748|[g:1][CONSENSUS][SEALER]++++++++++++++++ Generating seal on,blkNum=27,tx=0,nodeIdx=0,hash=63d8b8df...
info|2019-11-15 16:21:09.372254|[g:1][CONSENSUS][PBFT]checkTimeout Succ,view=6,toView=7,nodeIdx=0,changeCycle=0,myNode=7a0fa6e0...,timecost=0.215
info|2019-11-15 16:21:09.373243|[g:1][CONSENSUS][PBFT]checkAndChangeView: Reach consensus,org_view=6,org_changeCycle=0,cur_changeCycle=0,to_view=7
info|2019-11-15 16:21:10.372550|[g:1][CONSENSUS]addRawPrepare,height=27,reqIdx=1,hash=a225f8e2...
info|2019-11-15 16:21:10.373042|[g:1][CONSENSUS][PBFT]checkTimeout Succ,view=7,toView=8,nodeIdx=0,changeCycle=0,myNode=7a0fa6e0...,timecost=0.362
info|2019-11-15 16:21:10.378482|[g:1][CONSENSUS][PBFT]checkAndChangeView: Reach consensus,org_view=7,org_changeCycle=0,cur_changeCycle=0,to_view=8
info|2019-11-15 16:21:11.380404|[g:1][CONSENSUS]addRawPrepare,height=27,reqIdx=2,hash=49358728...
info|2019-11-15 16:21:11.380888|[g:1][CONSENSUS][PBFT]checkTimeout Succ,view=8,toView=9,nodeIdx=0,changeCycle=0,myNode=7a0fa6e0...,timecost=0.359
info|2019-11-15 16:21:11.386554|[g:1][CONSENSUS][PBFT]checkAndChangeView: Reach consensus,org_view=8,org_changeCycle=0,cur_changeCycle=0,to_view=9
info|2019-11-15 16:21:12.186552|[NETWORK][Host]P2P Recv Connect, From=127.0.0.1:45454
info|2019-11-15 16:21:12.186598|[NETWORK][Host]P2P StartAccept,Host=0.0.0.0:30301
info|2019-11-15 16:21:12.192389|[NETWORK][Host]startPeerSession, From=127.0.0.1:45454,nodeID=b96a351b...
info|2019-11-15 16:21:12.193684|[NETWORK][Host]P2P Recv Connect, From=127.0.0.1:45456
info|2019-11-15 16:21:12.193733|[NETWORK][Host]P2P StartAccept,Host=0.0.0.0:30301
info|2019-11-15 16:21:12.197893|[NETWORK][Host]P2P Recv Connect, From=127.0.0.1:45458
info|2019-11-15 16:21:12.197957|[NETWORK][Host]P2P StartAccept,Host=0.0.0.0:30301
info|2019-11-15 16:21:12.203780|[NETWORK][Host]startPeerSession, From=127.0.0.1:45456,nodeID=bfdf57a5...
info|2019-11-15 16:21:12.206072|[NETWORK][Host]startPeerSession, From=127.0.0.1:45458,nodeID=eadb82d3...
info|2019-11-15 16:21:12.231835|[P2P][Service] heartBeat,connected count=3
info|2019-11-15 16:21:12.390731|[g:1][CONSENSUS]addRawPrepare,height=27,reqIdx=3,hash=76c199f0...
info|2019-11-15 16:21:12.390998|[g:1][CONSENSUS][PBFT]checkTimeout Succ,view=9,toView=10,nodeIdx=0,changeCycle=0,myNode=7a0fa6e0...,timecost=0.2
info|2019-11-15 16:21:12.391594|[g:1][CONSENSUS][PBFT]checkAndChangeView: Reach consensus,org_view=9,org_changeCycle=0,cur_changeCycle=0,to_view=10
info|2019-11-15 16:21:13.391452|[g:1][CONSENSUS][SEALER]++++++++++++++++ Generating seal on,blkNum=27,tx=0,nodeIdx=0,hash=f458795d...
info|2019-11-15 16:21:13.400209|[g:1][CONSENSUS][PBFT]checkTimeout Succ,view=10,toView=11,nodeIdx=0,changeCycle=0,myNode=7a0fa6e0...,timecost=0.221
info|2019-11-15 16:21:13.401335|[g:1][CONSENSUS][PBFT]checkAndChangeView: Reach consensus,org_view=10,org_changeCycle=0,cur_changeCycle=0,to_view=11
info|2019-11-15 16:21:14.401544|[g:1][CONSENSUS]addRawPrepare,height=27,reqIdx=1,hash=581adebe...
info|2019-11-15 16:21:14.402030|[g:1][CONSENSUS][PBFT]checkTimeout Succ,view=11,toView=12,nodeIdx=0,changeCycle=0,myNode=7a0fa6e0...,timecost=6.148
info|2019-11-15 16:21:14.410647|[g:1][CONSENSUS][PBFT]checkAndChangeView: Reach consensus,org_view=11,org_changeCycle=0,cur_changeCycle=0,to_view=12
info|2019-11-15 16:21:15.412166|[g:1][CONSENSUS]addRawPrepare,height=27,reqIdx=2,hash=8a9280c1...
info|2019-11-15 16:21:15.417364|[g:1][CONSENSUS][PBFT]checkTimeout Succ,view=12,toView=13,nodeIdx=0,changeCycle=0,myNode=7a0fa6e0...,timecost=2.7
info|2019-11-15 16:21:15.418755|[g:1][CONSENSUS][PBFT]checkAndChangeView: Reach consensus,org_view=12,org_changeCycle=0,cur_changeCycle=0,to_view=13
info|2019-11-15 16:21:16.418774|[g:1][CONSENSUS]addRawPrepare,height=27,reqIdx=3,hash=508f0a83...
info|2019-11-15 16:21:16.419167|[g:1][CONSENSUS][PBFT]checkTimeout Succ,view=13,toView=14,nodeIdx=0,changeCycle=0,myNode=7a0fa6e0...,timecost=0.293
info|2019-11-15 16:21:16.423733|[g:1][CONSENSUS][PBFT]checkAndChangeView: Reach consensus,org_view=13,org_changeCycle=0,cur_changeCycle=0,to_view=14
info|2019-11-15 16:21:17.423600|[g:1][CONSENSUS][SEALER]++++++++++++++++ Generating seal on,blkNum=27,tx=0,nodeIdx=0,hash=6cf7c413...
info|2019-11-15 16:21:17.428636|[g:1][CONSENSUS][PBFT]checkTimeout Succ,view=14,toView=15,nodeIdx=0,changeCycle=0,myNode=7a0fa6e0...,timecost=0.318
info|2019-11-15 16:21:17.473439|[g:1][CONSENSUS][PBFT]checkAndChangeView: Reach consensus,org_view=14,org_changeCycle=0,cur_changeCycle=0,to_view=15
info|2019-11-15 16:21:18.477632|[g:1][CONSENSUS]addRawPrepare,height=27,reqIdx=1,hash=48c1062a...
info|2019-11-15 16:21:18.478128|[g:1][CONSENSUS][PBFT]checkTimeout Succ,view=15,toView=16,nodeIdx=0,changeCycle=0,myNode=7a0fa6e0...,timecost=0.361
info|2019-11-15 16:21:18.483811|[g:1][CONSENSUS][PBFT]checkAndChangeView: Reach consensus,org_view=15,org_changeCycle=0,cur_changeCycle=0,to_view=16
info|2019-11-15 16:21:19.486580|[g:1][CONSENSUS]addRawPrepare,height=27,reqIdx=2,hash=27e461c5...
info|2019-11-15 16:21:19.486872|[g:1][CONSENSUS][PBFT]checkTimeout Succ,view=16,toView=17,nodeIdx=0,changeCycle=0,myNode=7a0fa6e0...,timecost=0.208
info|2019-11-15 16:21:19.495126|[g:1][CONSENSUS][PBFT]checkAndChangeView: Reach consensus,org_view=16,org_changeCycle=0,cur_changeCycle=0,to_view=17
info|2019-11-15 16:21:20.497160|[g:1][CONSENSUS]addRawPrepare,height=27,reqIdx=3,hash=61e2df36...
info|2019-11-15 16:21:20.497649|[g:1][CONSENSUS][PBFT]checkTimeout Succ,view=17,toView=18,nodeIdx=0,changeCycle=0,myNode=7a0fa6e0...,timecost=0.361
info|2019-11-15 16:21:20.502830|[g:1][CONSENSUS][PBFT]checkAndChangeView: Reach consensus,org_view=17,org_changeCycle=0,cur_changeCycle=0,to_view=18
info|2019-11-15 16:21:21.504037|[g:1][CONSENSUS][SEALER]++++++++++++++++ Generating seal on,blkNum=27,tx=0,nodeIdx=0,hash=e43d4a23...
info|2019-11-15 16:21:21.512881|[g:1][CONSENSUS][PBFT]checkTimeout Succ,view=18,toView=19,nodeIdx=0,changeCycle=0,myNode=7a0fa6e0...,timecost=0.221
info|2019-11-15 16:21:21.514124|[g:1][CONSENSUS][PBFT]checkAndChangeView: Reach consensus,org_view=18,org_changeCycle=0,cur_changeCycle=0,to_view=19
info|2019-11-15 16:21:22.232332|[P2P][Service] heartBeat,connected count=3
info|2019-11-15 16:21:22.512034|[g:1][CONSENSUS]addRawPrepare,height=27,reqIdx=1,hash=6795d790...
info|2019-11-15 16:21:22.512337|[g:1][CONSENSUS][PBFT]checkTimeout Succ,view=19,toView=20,nodeIdx=0,changeCycle=0,myNode=7a0fa6e0...,timecost=0.23
info|2019-11-15 16:21:22.516975|[g:1][CONSENSUS][PBFT]checkAndChangeView: Reach consensus,org_view=19,org_changeCycle=0,cur_changeCycle=0,to_view=20
info|2019-11-15 16:21:23.516910|[g:1][CONSENSUS]addRawPrepare,height=27,reqIdx=2,hash=491272c6...
info|2019-11-15 16:21:23.517518|[g:1][CONSENSUS][PBFT]checkTimeout Succ,view=20,toView=21,nodeIdx=0,changeCycle=0,myNode=7a0fa6e0...,timecost=0.463
info|2019-11-15 16:21:23.525961|[g:1][CONSENSUS][PBFT]checkAndChangeView: Reach consensus,org_view=20,org_changeCycle=0,cur_changeCycle=0,to_view=21
info|2019-11-15 16:21:24.528316|[g:1][CONSENSUS]addRawPrepare,height=27,reqIdx=3,hash=340a0704...
info|2019-11-15 16:21:24.528802|[g:1][CONSENSUS][PBFT]checkTimeout Succ,view=21,toView=22,nodeIdx=0,changeCycle=0,myNode=7a0fa6e0...,timecost=0.366
info|2019-11-15 16:21:24.537265|[g:1][CONSENSUS][PBFT]checkAndChangeView: Reach consensus,org_view=21,org_changeCycle=0,cur_changeCycle=0,to_view=22
info|2019-11-15 16:21:25.537919|[g:1][CONSENSUS][SEALER]++++++++++++++++ Generating seal on,blkNum=27,tx=0,nodeIdx=0,hash=66d212ab...
info|2019-11-15 16:21:25.546988|[g:1][CONSENSUS][PBFT]checkTimeout Succ,view=22,toView=23,nodeIdx=0,changeCycle=0,myNode=7a0fa6e0...,timecost=0.223
info|2019-11-15 16:21:25.548046|[g:1][CONSENSUS][PBFT]checkAndChangeView: Reach consensus,org_view=22,org_changeCycle=0,cur_changeCycle=0,to_view=23
info|2019-11-15 16:21:26.547469|[g:1][CONSENSUS]addRawPrepare,height=27,reqIdx=1,hash=a5eb5f94...
info|2019-11-15 16:21:26.547956|[g:1][CONSENSUS][PBFT]checkTimeout Succ,view=23,toView=24,nodeIdx=0,changeCycle=0,myNode=7a0fa6e0...,timecost=0.362
info|2019-11-15 16:21:26.553953|[g:1][CONSENSUS][PBFT]checkAndChangeView: Reach consensus,org_view=23,org_changeCycle=0,cur_changeCycle=0,to_view=24
info|2019-11-15 16:21:27.554200|[g:1][CONSENSUS]addRawPrepare,height=27,reqIdx=2,hash=1996e2d2...
info|2019-11-15 16:21:27.554533|[g:1][CONSENSUS][PBFT]checkTimeout Succ,view=24,toView=25,nodeIdx=0,changeCycle=0,myNode=7a0fa6e0...,timecost=0.251
info|2019-11-15 16:21:27.561908|[g:1][CONSENSUS][PBFT]checkAndChangeView: Reach consensus,org_view=24,org_changeCycle=0,cur_changeCycle=0,to_view=25
info|2019-11-15 16:21:28.571666|[g:1][CONSENSUS]addRawPrepare,height=27,reqIdx=3,hash=302637cc...
info|2019-11-15 16:21:28.572072|[g:1][CONSENSUS][PBFT]checkTimeout Succ,view=25,toView=26,nodeIdx=0,changeCycle=0,myNode=7a0fa6e0...,timecost=0.295
info|2019-11-15 16:21:28.577621|[g:1][CONSENSUS][PBFT]checkAndChangeView: Reach consensus,org_view=25,org_changeCycle=0,cur_changeCycle=0,to_view=26
info|2019-11-15 16:21:29.578414|[g:1][CONSENSUS][SEALER]++++++++++++++++ Generating seal on,blkNum=27,tx=0,nodeIdx=0,hash=84c87325...
info|2019-11-15 16:21:29.592432|[g:1][CONSENSUS][PBFT]checkTimeout Succ,view=26,toView=27,nodeIdx=0,changeCycle=0,myNode=7a0fa6e0...,timecost=0.238
info|2019-11-15 16:21:29.593505|[g:1][CONSENSUS][PBFT]checkAndChangeView: Reach consensus,org_view=26,org_changeCycle=0,cur_changeCycle=0,to_view=27
info|2019-11-15 16:21:30.592231|[g:1][CONSENSUS]addRawPrepare,height=27,reqIdx=1,hash=4dd71579...
info|2019-11-15 16:21:30.592538|[g:1][CONSENSUS][PBFT]checkTimeout Succ,view=27,toView=28,nodeIdx=0,changeCycle=0,myNode=7a0fa6e0...,timecost=0.225
info|2019-11-15 16:21:30.598822|[g:1][CONSENSUS][PBFT]checkAndChangeView: Reach consensus,org_view=27,org_changeCycle=0,cur_changeCycle=0,to_view=28
info|2019-11-15 16:21:31.604372|[g:1][CONSENSUS]addRawPrepare,height=27,reqIdx=2,hash=dd63e51d...
info|2019-11-15 16:21:31.604799|[g:1][CONSENSUS][PBFT]checkTimeout Succ,view=28,toView=29,nodeIdx=0,changeCycle=0,myNode=7a0fa6e0...,timecost=0.296
info|2019-11-15 16:21:31.610250|[g:1][CONSENSUS][PBFT]checkAndChangeView: Reach consensus,org_view=28,org_changeCycle=0,cur_changeCycle=0,to_view=29
info|2019-11-15 16:21:32.232714|[P2P][Service] heartBeat,connected count=3
info|2019-11-15 16:21:32.610957|[g:1][CONSENSUS]addRawPrepare,height=27,reqIdx=3,hash=17967e4d...
info|2019-11-15 16:21:32.611552|[g:1][CONSENSUS][PBFT]checkTimeout Succ,view=29,toView=30,nodeIdx=0,changeCycle=0,myNode=7a0fa6e0...,timecost=0.442
info|2019-11-15 16:21:32.622941|[g:1][CONSENSUS][PBFT]checkAndChangeView: Reach consensus,org_view=29,org_changeCycle=0,cur_changeCycle=0,to_view=30
info|2019-11-15 16:21:33.623006|[g:1][CONSENSUS][SEALER]++++++++++++++++ Generating seal on,blkNum=27,tx=0,nodeIdx=0,hash=4ac5cd5b...
info|2019-11-15 16:21:33.632031|[g:1][CONSENSUS][PBFT]checkTimeout Succ,view=30,toView=31,nodeIdx=0,changeCycle=0,myNode=7a0fa6e0...,timecost=0.227
info|2019-11-15 16:21:33.633040|[g:1][CONSENSUS][PBFT]checkAndChangeView: Reach consensus,org_view=30,org_changeCycle=0,cur_changeCycle=0,to_view=31
info|2019-11-15 16:21:34.632083|[g:1][CONSENSUS]addRawPrepare,height=27,reqIdx=1,hash=696d13fa...
info|2019-11-15 16:21:34.632571|[g:1][CONSENSUS][PBFT]checkTimeout Succ,view=31,toView=32,nodeIdx=0,changeCycle=0,myNode=7a0fa6e0...,timecost=0.364
info|2019-11-15 16:21:34.639777|[g:1][CONSENSUS][PBFT]checkAndChangeView: Reach consensus,org_view=31,org_changeCycle=0,cur_changeCycle=0,to_view=32
info|2019-11-15 16:21:35.640705|[g:1][CONSENSUS]addRawPrepare,height=27,reqIdx=2,hash=a387bf62...
info|2019-11-15 16:21:35.641163|[g:1][CONSENSUS][PBFT]checkTimeout Succ,view=32,toView=33,nodeIdx=0,changeCycle=0,myNode=7a0fa6e0...,timecost=0.285
info|2019-11-15 16:21:35.645671|[g:1][CONSENSUS][PBFT]checkAndChangeView: Reach consensus,org_view=32,org_changeCycle=0,cur_changeCycle=0,to_view=33
info|2019-11-15 16:21:36.646124|[g:1][CONSENSUS]addRawPrepare,height=27,reqIdx=3,hash=aa1ef01d...
info|2019-11-15 16:21:36.646435|[g:1][CONSENSUS][PBFT]checkTimeout Succ,view=33,toView=34,nodeIdx=0,changeCycle=0,myNode=7a0fa6e0...,timecost=0.229
info|2019-11-15 16:21:36.653150|[g:1][CONSENSUS][PBFT]checkAndChangeView: Reach consensus,org_view=33,org_changeCycle=0,cur_changeCycle=0,to_view=34
info|2019-11-15 16:21:37.655165|[g:1][CONSENSUS][SEALER]++++++++++++++++ Generating seal on,blkNum=27,tx=0,nodeIdx=0,hash=3398c438...
info|2019-11-15 16:21:37.663321|[g:1][CONSENSUS][PBFT]checkTimeout Succ,view=34,toView=35,nodeIdx=0,changeCycle=0,myNode=7a0fa6e0...,timecost=0.219
info|2019-11-15 16:21:37.664145|[g:1][CONSENSUS][PBFT]checkAndChangeView: Reach consensus,org_view=34,org_changeCycle=0,cur_changeCycle=0,to_view=35
info|2019-11-15 16:21:38.705315|[g:1][CONSENSUS]addRawPrepare,height=27,reqIdx=1,hash=9d782738...
info|2019-11-15 16:21:38.705818|[g:1][CONSENSUS][PBFT]checkTimeout Succ,view=35,toView=36,nodeIdx=0,changeCycle=0,myNode=7a0fa6e0...,timecost=0.367
info|2019-11-15 16:21:38.711647|[g:1][CONSENSUS][PBFT]checkAndChangeView: Reach consensus,org_view=35,org_changeCycle=0,cur_changeCycle=0,to_view=36
info|2019-11-15 16:21:39.713095|[g:1][CONSENSUS]addRawPrepare,height=27,reqIdx=2,hash=8a6f0cb8...
info|2019-11-15 16:21:39.713588|[g:1][CONSENSUS][PBFT]checkTimeout Succ,view=36,toView=37,nodeIdx=0,changeCycle=0,myNode=7a0fa6e0...,timecost=0.366
info|2019-11-15 16:21:39.719253|[g:1][CONSENSUS][PBFT]checkAndChangeView: Reach consensus,org_view=36,org_changeCycle=0,cur_changeCycle=0,to_view=37
info|2019-11-15 16:21:40.723059|[g:1][CONSENSUS]addRawPrepare,height=27,reqIdx=3,hash=6229087c...
info|2019-11-15 16:21:40.732020|[g:1][CONSENSUS][PBFT]checkTimeout Succ,view=37,toView=38,nodeIdx=0,changeCycle=0,myNode=7a0fa6e0...,timecost=1.897
info|2019-11-15 16:21:40.736889|[g:1][CONSENSUS][PBFT]checkAndChangeView: Reach consensus,org_view=37,org_changeCycle=0,cur_changeCycle=0,to_view=38
info|2019-11-15 16:21:41.736835|[g:1][CONSENSUS][SEALER]++++++++++++++++ Generating seal on,blkNum=27,tx=0,nodeIdx=0,hash=4ce583c8...
info|2019-11-15 16:21:41.744978|[g:1][CONSENSUS][PBFT]checkTimeout Succ,view=38,toView=39,nodeIdx=0,changeCycle=0,myNode=7a0fa6e0...,timecost=0.219
info|2019-11-15 16:21:41.746032|[g:1][CONSENSUS][PBFT]checkAndChangeView: Reach consensus,org_view=38,org_changeCycle=0,cur_changeCycle=0,to_view=39
info|2019-11-15 16:21:42.232842|[P2P][Service] heartBeat,connected count=3
info|2019-11-15 16:21:42.745350|[g:1][CONSENSUS]addRawPrepare,height=27,reqIdx=1,hash=5e54c348...
info|2019-11-15 16:21:42.745837|[g:1][CONSENSUS][PBFT]checkTimeout Succ,view=39,toView=40,nodeIdx=0,changeCycle=0,myNode=7a0fa6e0...,timecost=0.364
info|2019-11-15 16:21:42.752059|[g:1][CONSENSUS][PBFT]checkAndChangeView: Reach consensus,org_view=39,org_changeCycle=0,cur_changeCycle=0,to_view=40
info|2019-11-15 16:21:43.752670|[g:1][CONSENSUS]addRawPrepare,height=27,reqIdx=2,hash=89db25a9...
info|2019-11-15 16:21:43.753021|[g:1][CONSENSUS][PBFT]checkTimeout Succ,view=40,toView=41,nodeIdx=0,changeCycle=0,myNode=7a0fa6e0...,timecost=0.275
info|2019-11-15 16:21:43.763596|[g:1][CONSENSUS][PBFT]checkAndChangeView: Reach consensus,org_view=40,org_changeCycle=0,cur_changeCycle=0,to_view=41
info|2019-11-15 16:21:44.764858|[g:1][CONSENSUS]addRawPrepare,height=27,reqIdx=3,hash=1db4c3dc...
info|2019-11-15 16:21:44.765252|[g:1][CONSENSUS][PBFT]checkTimeout Succ,view=41,toView=42,nodeIdx=0,changeCycle=0,myNode=7a0fa6e0...,timecost=0.292
info|2019-11-15 16:21:44.773097|[g:1][CONSENSUS][PBFT]checkAndChangeView: Reach consensus,org_view=41,org_changeCycle=0,cur_changeCycle=0,to_view=42
info|2019-11-15 16:21:45.472913|[LEDGER]stop sealer,groupID=1
info|2019-11-15 16:21:45.472941|[CONSENSUS][SEALER]Stop sealer module...
info|2019-11-15 16:21:45.473484|[CONSENSUS][ConsensusEngine][Stop ConsensusEngineBase]
info|2019-11-15 16:21:46.463776|[CONSENSUS][ConsensusEngine]ConsensusEngineBase stopped
info|2019-11-15 16:21:46.463787|[LEDGER]sealer stopped. stop sync,groupID=1
info|2019-11-15 16:21:46.664803|[SYNC][id:7a0fa6e0...]SyncMaster stopped
info|2019-11-15 16:21:46.664829|[LEDGER]ledger stopped,groupID=1
info|2019-11-15 16:21:46.725730|[EVENT][EventLogFilterManager]stop
info|2019-11-15 16:21:46.725760|[LEDGER]event filter manager stopped,groupID=1
info|2019-11-15 16:21:46.725775|[INITIALIZER]ledgerInitializer stopped
info|2019-11-15 16:21:47.726153|[INITIALIZER]ChannelRPCHttpServer deleted.
info|2019-11-15 16:21:47.726359|[INITIALIZER]JsonrpcHttpServer deleted.
info|2019-11-15 16:21:47.726370|[INITIALIZER]RPCInitializer stopped
info|2019-11-15 16:21:47.726415|[NETWORK][Host]Host exit
info|2019-11-15 16:21:47.726665|[INITIALIZER]P2PInitializer stopped
info|2019-11-15 16:21:47.726678|[LEDGER]stop sealer,groupID=1
info|2019-11-15 16:21:47.726684|[LEDGER]sealer stopped. stop sync,groupID=1
info|2019-11-15 16:21:47.726688|[SYNC][id:7a0fa6e0...]SyncMaster stopped
info|2019-11-15 16:21:47.726693|[LEDGER]ledger stopped,groupID=1
info|2019-11-15 16:21:47.726700|[LEDGER]event filter manager stopped,groupID=1
info|2019-11-15 16:21:47.726706|[STORAGE]Stopping flushStorage thread
info|2019-11-15 16:21:48.466118|[STORAGE]flushStorage thread stopped.
info|2019-11-15 16:21:48.466130|[DBINITIALIZER] storage stopped
info|2019-11-15 16:21:48.466329|[SYNC][id:7a0fa6e0...]SyncMaster stopped
