info|2019-11-15 16:19:25.840029|[INITIALIZER][initGlobalConfig],enableCompress=true,compatibilityVersion=2.1.0,versionNumber=33619968,chainId=1
info|2019-11-15 16:19:25.935942|[NETWORK][Host]Connecting to node,endpoint=127.0.0.1:30300
info|2019-11-15 16:19:25.936048|[NETWORK][Host]Connecting to node,endpoint=127.0.0.1:30301
info|2019-11-15 16:19:25.936092|[NETWORK][Host]Connecting to node,endpoint=127.0.0.1:30302
info|2019-11-15 16:19:25.936127|[NETWORK][Host]Connecting to node,endpoint=127.0.0.1:30303
info|2019-11-15 16:19:25.936161|[P2P][Service] heartBeat,connected count=0
info|2019-11-15 16:19:25.944612|[NETWORK][Host]P2P StartAccept,Host=0.0.0.0:30301
info|2019-11-15 16:19:25.944777|[NETWORK][ASIO]asyncResolveConnect,endpoint=127.0.0.1:30300
info|2019-11-15 16:19:25.944846|[NETWORK][ASIO]asyncResolveConnect,endpoint=127.0.0.1:30301
info|2019-11-15 16:19:25.944891|[NETWORK][ASIO]asyncResolveConnect,endpoint=127.0.0.1:30302
info|2019-11-15 16:19:25.944943|[NETWORK][ASIO]asyncResolveConnect,endpoint=127.0.0.1:30303
info|2019-11-15 16:19:25.944978|[NETWORK][Host]P2P Recv Connect, From=127.0.0.1:45302
info|2019-11-15 16:19:25.945031|[NETWORK][Host]P2P StartAccept,Host=0.0.0.0:30301
info|2019-11-15 16:19:25.954738|[CHANNEL]ChannelRPCServer started
info|2019-11-15 16:19:25.954773|[INITIALIZER][RPCInitializer]ChannelRPCHttpServer started.
info|2019-11-15 16:19:25.954793|[LedgerInitializer],groupConfigPath=conf/
info|2019-11-15 16:19:25.958499|[INITIALIZER][initSingleLedger] [GroupId]:  1
info|2019-11-15 16:19:25.959756|[g:1][LEDGER]LedgerConstructor,configPath=conf/group.1.genesis,baseDir=data//group1
info|2019-11-15 16:19:25.959870|[g:1][LEDGER][initGenesisConfig]initConsensusConfig/initDBConfig/initTxConfig,configFile=conf/group.1.genesis
info|2019-11-15 16:19:25.960245|[g:1][LEDGER][initConsensusConfig],it.first=eadb82d3e4d88487164cb2a29c63f86dfc2c62444c9c59025c3cc327437a3c349d5f360c4c3fa8c16cf1403916c839f470cc47f7b8d93ad92444821f4409c0d7
info|2019-11-15 16:19:25.961618|[g:1][LEDGER][initConsensusConfig],it.first=7a0fa6e0228492a684609a1da1619395e1ab056666f9fa06b88ea863bb6cb70df949252a18ec62b0e5515feb6cdf8e61ab240824f805b8c04c786161984030f6
info|2019-11-15 16:19:25.961669|[g:1][LEDGER][initConsensusConfig],it.first=bfdf57a51ceee766244f5eb19db0530fc98dd729532bb84bf52214a9838a376b57322849181966fa8766443033108d22b8d3049ce93f0124ed165819bbd1a61e
info|2019-11-15 16:19:25.961690|[g:1][LEDGER][initConsensusConfig],it.first=b96a351b91cc81428658b89638dfaad11e7be5216d81d6eb1d588af44020196483be93fedbce66668559c373879f93c39197500888f77bce61c5483230970449
info|2019-11-15 16:19:25.961732|[g:1][LEDGER][initIniConfig]initTxPoolConfig/initSyncConfig/initTxExecuteConfig,configFile=conf/group.1.ini
info|2019-11-15 16:19:25.971732|[g:1][LEDGER][initLedger][DBInitializer]
info|2019-11-15 16:19:25.971805|[g:1][DBINITIALIZER] [initRocksDBStorage]
info|2019-11-15 16:19:25.975098|[g:1][ROCKSDB]open rocksDB handler
info|2019-11-15 16:19:25.980065|[NETWORK][Host]P2P Recv Connect, From=127.0.0.1:45310
info|2019-11-15 16:19:25.980284|[NETWORK][Host]P2P StartAccept,Host=0.0.0.0:30301
warning|2019-11-15 16:19:25.980575|[NETWORK][Host]TCP Connection refused by node,endpoint=127.0.0.1:30302,message=Connection refused
warning|2019-11-15 16:19:25.980648|[P2P][Service] onConnect,errorCode=5,what=Connect failed
info|2019-11-15 16:19:25.997869|[NETWORK][Host]P2P Recv Connect, From=127.0.0.1:45318
info|2019-11-15 16:19:26.001786|[NETWORK][Host]P2P StartAccept,Host=0.0.0.0:30301
info|2019-11-15 16:19:26.015063|[NETWORK][Host]P2P Recv Connect, From=127.0.0.1:45326
info|2019-11-15 16:19:26.016596|[NETWORK][Host]P2P StartAccept,Host=0.0.0.0:30301
info|2019-11-15 16:19:26.046382|[g:1][g:0][STORAGE][CachedStorage]Init flushStorage thread
info|2019-11-15 16:19:26.058630|[g:1][BLOCKCHAIN][#checkAndBuildGenesisBlock]Already have the 0th block, 0th groupMark is equal to file groupMark.
info|2019-11-15 16:19:26.070164|[g:1][CONSENSUS][PBFT]Register handler for PBFTEngine
info|2019-11-15 16:19:26.073527|[g:1][CONSENSUS][PBFT],minBlockGenerationTime=500
info|2019-11-15 16:19:26.073580|[LedgerInitializer init group succ],groupID=1
info|2019-11-15 16:19:26.073786|[INITIALIZER][RPCInitializer]JsonrpcHttpServer started.
info|2019-11-15 16:19:26.073811|[g:1][LEDGER]startAll...
info|2019-11-15 16:19:26.083479|[g:1][CONSENSUS][PBFT]^^^^^^^^Report,num=26,sealerIdx=3,hash=ecc86bcf...,next=27,tx=1,nodeIdx=0
info|2019-11-15 16:19:26.113223|[g:1][CONSENSUS][PBFT][PBFT init env successfully]
info|2019-11-15 16:19:26.113373|[g:1][CONSENSUS][ConsensusEngine][Start ConsensusEngineBase]
info|2019-11-15 16:19:26.117359|[g:1][CONSENSUS][PBFT][Start PBFTEngine...]
info|2019-11-15 16:19:26.117371|[g:1][CONSENSUS][SEALER][Start sealer module]
info|2019-11-15 16:19:26.129073|[g:1][EVENT][EventLogFilterManager]start,m_maxBlockRange=0,m_maxBlockPerLoopFilter=3
info|2019-11-15 16:19:26.168693|[P2P][Service] Connection established,nodeID=b96a351b...,endpoint=127.0.0.1:45302
info|2019-11-15 16:19:26.168727|[NETWORK][Host]startPeerSession, From=127.0.0.1:45302,nodeID=b96a351b...
info|2019-11-15 16:19:26.168879|[P2P][Service] Connection established,nodeID=eadb82d3...,endpoint=127.0.0.1:45310
info|2019-11-15 16:19:26.168904|[NETWORK][Host]startPeerSession, From=127.0.0.1:45310,nodeID=eadb82d3...
info|2019-11-15 16:19:26.168970|[NETWORK][Host]startPeerSession, From=127.0.0.1:45318,nodeID=7a0fa6e0...
info|2019-11-15 16:19:26.169133|[NETWORK][Host]startPeerSession, From=127.0.0.1:30301,nodeID=7a0fa6e0...
info|2019-11-15 16:19:26.169222|[P2P][Service] Connection established,nodeID=bfdf57a5...,endpoint=127.0.0.1:45326
info|2019-11-15 16:19:26.169245|[NETWORK][Host]startPeerSession, From=127.0.0.1:45326,nodeID=bfdf57a5...
info|2019-11-15 16:19:26.169473|[NETWORK][Host]startPeerSession, From=127.0.0.1:30303,nodeID=b96a351b...
info|2019-11-15 16:19:26.169627|[NETWORK][Host]startPeerSession, From=127.0.0.1:30300,nodeID=eadb82d3...
info|2019-11-15 16:19:27.145558|[g:1][CONSENSUS]addRawPrepare,height=27,reqIdx=2,hash=3045bd57...
info|2019-11-15 16:19:27.145977|[g:1][CONSENSUS][PBFT]checkTimeout Succ,view=0,toView=1,nodeIdx=0,changeCycle=0,myNode=7a0fa6e0...,timecost=0.298
info|2019-11-15 16:19:27.149613|[g:1][CONSENSUS][PBFT]checkAndChangeView: Reach consensus,org_view=0,org_changeCycle=0,cur_changeCycle=0,to_view=1
info|2019-11-15 16:19:28.156764|[g:1][CONSENSUS]addRawPrepare,height=27,reqIdx=3,hash=765446df...
info|2019-11-15 16:19:28.156996|[g:1][CONSENSUS][PBFT]checkTimeout Succ,view=1,toView=2,nodeIdx=0,changeCycle=0,myNode=7a0fa6e0...,timecost=0.206
info|2019-11-15 16:19:28.157746|[g:1][CONSENSUS][PBFT]checkAndChangeView: Reach consensus,org_view=1,org_changeCycle=0,cur_changeCycle=0,to_view=2
info|2019-11-15 16:19:29.158780|[g:1][CONSENSUS][SEALER]++++++++++++++++ Generating seal on,blkNum=27,tx=0,nodeIdx=0,hash=a7b17853...
info|2019-11-15 16:19:29.168612|[g:1][CONSENSUS][PBFT]checkTimeout Succ,view=2,toView=3,nodeIdx=0,changeCycle=0,myNode=7a0fa6e0...,timecost=0.444
info|2019-11-15 16:19:29.171431|[g:1][CONSENSUS][PBFT]checkAndChangeView: Reach consensus,org_view=2,org_changeCycle=0,cur_changeCycle=0,to_view=3
info|2019-11-15 16:19:30.173970|[g:1][CONSENSUS]addRawPrepare,height=27,reqIdx=1,hash=de41ab57...
info|2019-11-15 16:19:30.174325|[g:1][CONSENSUS][PBFT]checkTimeout Succ,view=3,toView=4,nodeIdx=0,changeCycle=0,myNode=7a0fa6e0...,timecost=0.315
info|2019-11-15 16:19:30.177434|[g:1][CONSENSUS][PBFT]checkAndChangeView: Reach consensus,org_view=3,org_changeCycle=0,cur_changeCycle=0,to_view=4
info|2019-11-15 16:19:31.180614|[g:1][CONSENSUS]addRawPrepare,height=27,reqIdx=2,hash=acac895f...
info|2019-11-15 16:19:31.184431|[g:1][CONSENSUS][PBFT]checkTimeout Succ,view=4,toView=5,nodeIdx=0,changeCycle=0,myNode=7a0fa6e0...,timecost=3.638
info|2019-11-15 16:19:31.186115|[g:1][CONSENSUS][PBFT]checkAndChangeView: Reach consensus,org_view=4,org_changeCycle=0,cur_changeCycle=0,to_view=5
info|2019-11-15 16:19:32.231395|[g:1][CONSENSUS]addRawPrepare,height=27,reqIdx=3,hash=8448a1d9...
info|2019-11-15 16:19:32.231625|[g:1][CONSENSUS][PBFT]checkTimeout Succ,view=5,toView=6,nodeIdx=0,changeCycle=0,myNode=7a0fa6e0...,timecost=0.206
info|2019-11-15 16:19:32.232440|[g:1][CONSENSUS][PBFT]checkAndChangeView: Reach consensus,org_view=5,org_changeCycle=0,cur_changeCycle=0,to_view=6
info|2019-11-15 16:19:33.234175|[g:1][CONSENSUS][SEALER]++++++++++++++++ Generating seal on,blkNum=27,tx=0,nodeIdx=0,hash=0e9926a2...
info|2019-11-15 16:19:33.242403|[g:1][CONSENSUS][PBFT]checkTimeout Succ,view=6,toView=7,nodeIdx=0,changeCycle=0,myNode=7a0fa6e0...,timecost=0.294
info|2019-11-15 16:19:33.244272|[g:1][CONSENSUS][PBFT]checkAndChangeView: Reach consensus,org_view=6,org_changeCycle=0,cur_changeCycle=0,to_view=7
info|2019-11-15 16:19:34.247050|[g:1][CONSENSUS]addRawPrepare,height=27,reqIdx=1,hash=81f06428...
info|2019-11-15 16:19:34.250619|[g:1][CONSENSUS][PBFT]checkTimeout Succ,view=7,toView=8,nodeIdx=0,changeCycle=0,myNode=7a0fa6e0...,timecost=3.514
info|2019-11-15 16:19:34.254379|[g:1][CONSENSUS][PBFT]checkAndChangeView: Reach consensus,org_view=7,org_changeCycle=0,cur_changeCycle=0,to_view=8
info|2019-11-15 16:19:35.256600|[g:1][CONSENSUS]addRawPrepare,height=27,reqIdx=2,hash=63fcec98...
info|2019-11-15 16:19:35.260238|[g:1][CONSENSUS][PBFT]checkTimeout Succ,view=8,toView=9,nodeIdx=0,changeCycle=0,myNode=7a0fa6e0...,timecost=3.511
info|2019-11-15 16:19:35.261797|[g:1][CONSENSUS][PBFT]checkAndChangeView: Reach consensus,org_view=8,org_changeCycle=0,cur_changeCycle=0,to_view=9
info|2019-11-15 16:19:35.937526|[NETWORK][Host]Connecting to node,endpoint=127.0.0.1:30302
info|2019-11-15 16:19:35.937581|[P2P][Service] heartBeat,connected count=3
info|2019-11-15 16:19:35.937743|[NETWORK][ASIO]asyncResolveConnect,endpoint=127.0.0.1:30302
info|2019-11-15 16:19:35.953730|[NETWORK][Host]startPeerSession, From=127.0.0.1:30302,nodeID=bfdf57a5...
info|2019-11-15 16:19:36.308382|[g:1][CONSENSUS]addRawPrepare,height=27,reqIdx=3,hash=63d26255...
info|2019-11-15 16:19:36.308631|[g:1][CONSENSUS][PBFT]checkTimeout Succ,view=9,toView=10,nodeIdx=0,changeCycle=0,myNode=7a0fa6e0...,timecost=0.219
info|2019-11-15 16:19:36.309976|[g:1][CONSENSUS][PBFT]checkAndChangeView: Reach consensus,org_view=9,org_changeCycle=0,cur_changeCycle=0,to_view=10
info|2019-11-15 16:19:37.312124|[g:1][CONSENSUS][SEALER]++++++++++++++++ Generating seal on,blkNum=27,tx=0,nodeIdx=0,hash=5b19fbbd...
info|2019-11-15 16:19:37.325828|[g:1][CONSENSUS][PBFT]checkTimeout Succ,view=10,toView=11,nodeIdx=0,changeCycle=0,myNode=7a0fa6e0...,timecost=0.221
info|2019-11-15 16:19:37.326756|[g:1][CONSENSUS][PBFT]checkAndChangeView: Reach consensus,org_view=10,org_changeCycle=0,cur_changeCycle=0,to_view=11
info|2019-11-15 16:19:38.327069|[g:1][CONSENSUS]addRawPrepare,height=27,reqIdx=1,hash=57546278...
info|2019-11-15 16:19:38.327416|[g:1][CONSENSUS][PBFT]checkTimeout Succ,view=11,toView=12,nodeIdx=0,changeCycle=0,myNode=7a0fa6e0...,timecost=0.308
info|2019-11-15 16:19:38.330516|[g:1][CONSENSUS][PBFT]checkAndChangeView: Reach consensus,org_view=11,org_changeCycle=0,cur_changeCycle=0,to_view=12
info|2019-11-15 16:19:39.333057|[g:1][CONSENSUS]addRawPrepare,height=27,reqIdx=2,hash=a77b50f6...
info|2019-11-15 16:19:39.337519|[g:1][CONSENSUS][PBFT]checkTimeout Succ,view=12,toView=13,nodeIdx=0,changeCycle=0,myNode=7a0fa6e0...,timecost=4.338
info|2019-11-15 16:19:39.338825|[g:1][CONSENSUS][PBFT]checkAndChangeView: Reach consensus,org_view=12,org_changeCycle=0,cur_changeCycle=0,to_view=13
info|2019-11-15 16:19:40.345082|[g:1][CONSENSUS]addRawPrepare,height=27,reqIdx=3,hash=5cb04d6d...
info|2019-11-15 16:19:40.345596|[g:1][CONSENSUS][PBFT]checkTimeout Succ,view=13,toView=14,nodeIdx=0,changeCycle=0,myNode=7a0fa6e0...,timecost=0.464
info|2019-11-15 16:19:40.350412|[g:1][CONSENSUS][PBFT]checkAndChangeView: Reach consensus,org_view=13,org_changeCycle=0,cur_changeCycle=0,to_view=14
info|2019-11-15 16:19:41.352021|[g:1][CONSENSUS][SEALER]++++++++++++++++ Generating seal on,blkNum=27,tx=0,nodeIdx=0,hash=bf34a008...
info|2019-11-15 16:19:41.362083|[g:1][CONSENSUS][PBFT]checkTimeout Succ,view=14,toView=15,nodeIdx=0,changeCycle=0,myNode=7a0fa6e0...,timecost=0.211
info|2019-11-15 16:19:41.363102|[g:1][CONSENSUS][PBFT]checkAndChangeView: Reach consensus,org_view=14,org_changeCycle=0,cur_changeCycle=0,to_view=15
info|2019-11-15 16:19:42.363002|[g:1][CONSENSUS]addRawPrepare,height=27,reqIdx=1,hash=f0e83544...
info|2019-11-15 16:19:42.363242|[g:1][CONSENSUS][PBFT]checkTimeout Succ,view=15,toView=16,nodeIdx=0,changeCycle=0,myNode=7a0fa6e0...,timecost=0.214
info|2019-11-15 16:19:42.366734|[g:1][CONSENSUS][PBFT]checkAndChangeView: Reach consensus,org_view=15,org_changeCycle=0,cur_changeCycle=0,to_view=16
info|2019-11-15 16:19:43.368826|[g:1][CONSENSUS]addRawPrepare,height=27,reqIdx=2,hash=d14623c1...
info|2019-11-15 16:19:43.369426|[g:1][CONSENSUS][PBFT]checkTimeout Succ,view=16,toView=17,nodeIdx=0,changeCycle=0,myNode=7a0fa6e0...,timecost=0.452
info|2019-11-15 16:19:43.377662|[g:1][CONSENSUS][PBFT]checkAndChangeView: Reach consensus,org_view=16,org_changeCycle=0,cur_changeCycle=0,to_view=17
info|2019-11-15 16:19:44.382373|[g:1][CONSENSUS]addRawPrepare,height=27,reqIdx=3,hash=b9486bfd...
info|2019-11-15 16:19:44.382673|[g:1][CONSENSUS][PBFT]checkTimeout Succ,view=17,toView=18,nodeIdx=0,changeCycle=0,myNode=7a0fa6e0...,timecost=0.269
info|2019-11-15 16:19:44.387780|[g:1][CONSENSUS][PBFT]checkAndChangeView: Reach consensus,org_view=17,org_changeCycle=0,cur_changeCycle=0,to_view=18
info|2019-11-15 16:19:45.388113|[g:1][CONSENSUS][SEALER]++++++++++++++++ Generating seal on,blkNum=27,tx=0,nodeIdx=0,hash=8538e0cd...
info|2019-11-15 16:19:45.396586|[g:1][CONSENSUS][PBFT]checkTimeout Succ,view=18,toView=19,nodeIdx=0,changeCycle=0,myNode=7a0fa6e0...,timecost=0.221
info|2019-11-15 16:19:45.397478|[g:1][CONSENSUS][PBFT]checkAndChangeView: Reach consensus,org_view=18,org_changeCycle=0,cur_changeCycle=0,to_view=19
info|2019-11-15 16:19:45.937932|[P2P][Service] heartBeat,connected count=3
info|2019-11-15 16:19:46.402091|[g:1][CONSENSUS]addRawPrepare,height=27,reqIdx=1,hash=340c00c9...
info|2019-11-15 16:19:46.402328|[g:1][CONSENSUS][PBFT]checkTimeout Succ,view=19,toView=20,nodeIdx=0,changeCycle=0,myNode=7a0fa6e0...,timecost=0.211
info|2019-11-15 16:19:46.403554|[g:1][CONSENSUS][PBFT]checkAndChangeView: Reach consensus,org_view=19,org_changeCycle=0,cur_changeCycle=0,to_view=20
info|2019-11-15 16:19:47.405316|[g:1][CONSENSUS]addRawPrepare,height=27,reqIdx=2,hash=8f968668...
info|2019-11-15 16:19:47.405715|[g:1][CONSENSUS][PBFT]checkTimeout Succ,view=20,toView=21,nodeIdx=0,changeCycle=0,myNode=7a0fa6e0...,timecost=0.29
info|2019-11-15 16:19:47.410130|[g:1][CONSENSUS][PBFT]checkAndChangeView: Reach consensus,org_view=20,org_changeCycle=0,cur_changeCycle=0,to_view=21
info|2019-11-15 16:19:48.412712|[g:1][CONSENSUS]addRawPrepare,height=27,reqIdx=3,hash=5903ad0b...
info|2019-11-15 16:19:48.412990|[g:1][CONSENSUS][PBFT]checkTimeout Succ,view=21,toView=22,nodeIdx=0,changeCycle=0,myNode=7a0fa6e0...,timecost=0.252
info|2019-11-15 16:19:48.415352|[g:1][CONSENSUS][PBFT]checkAndChangeView: Reach consensus,org_view=21,org_changeCycle=0,cur_changeCycle=0,to_view=22
info|2019-11-15 16:19:49.417626|[g:1][CONSENSUS][SEALER]++++++++++++++++ Generating seal on,blkNum=27,tx=0,nodeIdx=0,hash=b5a97403...
info|2019-11-15 16:19:49.426794|[g:1][CONSENSUS][PBFT]checkTimeout Succ,view=22,toView=23,nodeIdx=0,changeCycle=0,myNode=7a0fa6e0...,timecost=0.319
info|2019-11-15 16:19:49.428254|[g:1][CONSENSUS][PBFT]checkAndChangeView: Reach consensus,org_view=22,org_changeCycle=0,cur_changeCycle=0,to_view=23
info|2019-11-15 16:19:50.428010|[g:1][CONSENSUS]addRawPrepare,height=27,reqIdx=1,hash=f90cc121...
info|2019-11-15 16:19:50.428399|[g:1][CONSENSUS][PBFT]checkTimeout Succ,view=23,toView=24,nodeIdx=0,changeCycle=0,myNode=7a0fa6e0...,timecost=0.353
info|2019-11-15 16:19:50.430966|[g:1][CONSENSUS][PBFT]checkAndChangeView: Reach consensus,org_view=23,org_changeCycle=0,cur_changeCycle=0,to_view=24
info|2019-11-15 16:19:51.433287|[g:1][CONSENSUS]addRawPrepare,height=27,reqIdx=2,hash=24aa42bd...
info|2019-11-15 16:19:51.433885|[g:1][CONSENSUS][PBFT]checkTimeout Succ,view=24,toView=25,nodeIdx=0,changeCycle=0,myNode=7a0fa6e0...,timecost=0.45
info|2019-11-15 16:19:51.442688|[g:1][CONSENSUS][PBFT]checkAndChangeView: Reach consensus,org_view=24,org_changeCycle=0,cur_changeCycle=0,to_view=25
info|2019-11-15 16:19:52.444921|[g:1][CONSENSUS]addRawPrepare,height=27,reqIdx=3,hash=f2d61c3a...
info|2019-11-15 16:19:52.445267|[g:1][CONSENSUS][PBFT]checkTimeout Succ,view=25,toView=26,nodeIdx=0,changeCycle=0,myNode=7a0fa6e0...,timecost=0.307
info|2019-11-15 16:19:52.448069|[g:1][CONSENSUS][PBFT]checkAndChangeView: Reach consensus,org_view=25,org_changeCycle=0,cur_changeCycle=0,to_view=26
info|2019-11-15 16:19:53.448304|[g:1][CONSENSUS][SEALER]++++++++++++++++ Generating seal on,blkNum=27,tx=0,nodeIdx=0,hash=a28662a6...
info|2019-11-15 16:19:53.457328|[g:1][CONSENSUS][PBFT]checkTimeout Succ,view=26,toView=27,nodeIdx=0,changeCycle=0,myNode=7a0fa6e0...,timecost=0.22
info|2019-11-15 16:19:53.458545|[g:1][CONSENSUS][PBFT]checkAndChangeView: Reach consensus,org_view=26,org_changeCycle=0,cur_changeCycle=0,to_view=27
info|2019-11-15 16:19:54.459769|[g:1][CONSENSUS]addRawPrepare,height=27,reqIdx=1,hash=ee46c28e...
info|2019-11-15 16:19:54.460116|[g:1][CONSENSUS][PBFT]checkTimeout Succ,view=27,toView=28,nodeIdx=0,changeCycle=0,myNode=7a0fa6e0...,timecost=0.308
info|2019-11-15 16:19:54.462676|[g:1][CONSENSUS][PBFT]checkAndChangeView: Reach consensus,org_view=27,org_changeCycle=0,cur_changeCycle=0,to_view=28
info|2019-11-15 16:19:55.470665|[g:1][CONSENSUS]addRawPrepare,height=27,reqIdx=2,hash=8d7516ef...
info|2019-11-15 16:19:55.474931|[g:1][CONSENSUS][PBFT]checkTimeout Succ,view=28,toView=29,nodeIdx=0,changeCycle=0,myNode=7a0fa6e0...,timecost=2.737
info|2019-11-15 16:19:55.475594|[g:1][CONSENSUS][PBFT]checkAndChangeView: Reach consensus,org_view=28,org_changeCycle=0,cur_changeCycle=0,to_view=29
info|2019-11-15 16:19:55.938179|[P2P][Service] heartBeat,connected count=3
info|2019-11-15 16:19:56.478723|[g:1][CONSENSUS]addRawPrepare,height=27,reqIdx=3,hash=b271ca92...
info|2019-11-15 16:19:56.478985|[g:1][CONSENSUS][PBFT]checkTimeout Succ,view=29,toView=30,nodeIdx=0,changeCycle=0,myNode=7a0fa6e0...,timecost=0.235
info|2019-11-15 16:19:56.480651|[g:1][CONSENSUS][PBFT]checkAndChangeView: Reach consensus,org_view=29,org_changeCycle=0,cur_changeCycle=0,to_view=30
info|2019-11-15 16:19:57.481911|[g:1][CONSENSUS][SEALER]++++++++++++++++ Generating seal on,blkNum=27,tx=0,nodeIdx=0,hash=27654d79...
info|2019-11-15 16:19:57.489379|[g:1][CONSENSUS][PBFT]checkTimeout Succ,view=30,toView=31,nodeIdx=0,changeCycle=0,myNode=7a0fa6e0...,timecost=0.245
info|2019-11-15 16:19:57.490364|[g:1][CONSENSUS][PBFT]checkAndChangeView: Reach consensus,org_view=30,org_changeCycle=0,cur_changeCycle=0,to_view=31
info|2019-11-15 16:19:58.490411|[g:1][CONSENSUS]addRawPrepare,height=27,reqIdx=1,hash=3844ea95...
info|2019-11-15 16:19:58.490661|[g:1][CONSENSUS][PBFT]checkTimeout Succ,view=31,toView=32,nodeIdx=0,changeCycle=0,myNode=7a0fa6e0...,timecost=0.22
info|2019-11-15 16:19:58.493770|[g:1][CONSENSUS][PBFT]checkAndChangeView: Reach consensus,org_view=31,org_changeCycle=0,cur_changeCycle=0,to_view=32
info|2019-11-15 16:19:59.498262|[g:1][CONSENSUS]addRawPrepare,height=27,reqIdx=2,hash=81d9475c...
info|2019-11-15 16:19:59.504645|[g:1][CONSENSUS][PBFT]checkTimeout Succ,view=32,toView=33,nodeIdx=0,changeCycle=0,myNode=7a0fa6e0...,timecost=2.689
info|2019-11-15 16:19:59.506499|[g:1][CONSENSUS][PBFT]checkAndChangeView: Reach consensus,org_view=32,org_changeCycle=0,cur_changeCycle=0,to_view=33
info|2019-11-15 16:20:00.514086|[g:1][CONSENSUS]addRawPrepare,height=27,reqIdx=3,hash=8f9d2ad1...
info|2019-11-15 16:20:00.514414|[g:1][CONSENSUS][PBFT]checkTimeout Succ,view=33,toView=34,nodeIdx=0,changeCycle=0,myNode=7a0fa6e0...,timecost=0.26
info|2019-11-15 16:20:00.522371|[g:1][CONSENSUS][PBFT]checkAndChangeView: Reach consensus,org_view=33,org_changeCycle=0,cur_changeCycle=0,to_view=34
info|2019-11-15 16:20:01.522633|[g:1][CONSENSUS][SEALER]++++++++++++++++ Generating seal on,blkNum=27,tx=0,nodeIdx=0,hash=99e69c1f...
info|2019-11-15 16:20:01.544497|[g:1][CONSENSUS][PBFT]checkTimeout Succ,view=34,toView=35,nodeIdx=0,changeCycle=0,myNode=7a0fa6e0...,timecost=0.224
info|2019-11-15 16:20:01.545336|[g:1][CONSENSUS][PBFT]checkAndChangeView: Reach consensus,org_view=34,org_changeCycle=0,cur_changeCycle=0,to_view=35
info|2019-11-15 16:20:02.528423|[g:1][CONSENSUS]addRawPrepare,height=27,reqIdx=1,hash=85ffbc4f...
info|2019-11-15 16:20:02.528669|[g:1][CONSENSUS][PBFT]checkTimeout Succ,view=35,toView=36,nodeIdx=0,changeCycle=0,myNode=7a0fa6e0...,timecost=0.216
info|2019-11-15 16:20:02.530504|[g:1][CONSENSUS][PBFT]checkAndChangeView: Reach consensus,org_view=35,org_changeCycle=0,cur_changeCycle=0,to_view=36
info|2019-11-15 16:20:03.539746|[g:1][CONSENSUS]addRawPrepare,height=27,reqIdx=2,hash=2f567779...
info|2019-11-15 16:20:03.540052|[g:1][CONSENSUS][PBFT]checkTimeout Succ,view=36,toView=37,nodeIdx=0,changeCycle=0,myNode=7a0fa6e0...,timecost=0.212
info|2019-11-15 16:20:03.547482|[g:1][CONSENSUS][PBFT]checkAndChangeView: Reach consensus,org_view=36,org_changeCycle=0,cur_changeCycle=0,to_view=37
info|2019-11-15 16:20:04.553711|[g:1][CONSENSUS]addRawPrepare,height=27,reqIdx=3,hash=0ac496b4...
info|2019-11-15 16:20:04.554265|[g:1][CONSENSUS][PBFT]checkTimeout Succ,view=37,toView=38,nodeIdx=0,changeCycle=0,myNode=7a0fa6e0...,timecost=0.51
info|2019-11-15 16:20:04.560338|[g:1][CONSENSUS][PBFT]checkAndChangeView: Reach consensus,org_view=37,org_changeCycle=0,cur_changeCycle=0,to_view=38
info|2019-11-15 16:20:05.563855|[g:1][CONSENSUS][SEALER]++++++++++++++++ Generating seal on,blkNum=27,tx=0,nodeIdx=0,hash=297705bf...
info|2019-11-15 16:20:05.575305|[g:1][CONSENSUS][PBFT]checkTimeout Succ,view=38,toView=39,nodeIdx=0,changeCycle=0,myNode=7a0fa6e0...,timecost=0.222
info|2019-11-15 16:20:05.579290|[g:1][CONSENSUS][PBFT]checkAndChangeView: Reach consensus,org_view=38,org_changeCycle=0,cur_changeCycle=0,to_view=39
info|2019-11-15 16:20:05.941779|[P2P][Service] heartBeat,connected count=3
info|2019-11-15 16:20:06.575933|[g:1][CONSENSUS]addRawPrepare,height=27,reqIdx=1,hash=98f53c6d...
info|2019-11-15 16:20:06.576172|[g:1][CONSENSUS][PBFT]checkTimeout Succ,view=39,toView=40,nodeIdx=0,changeCycle=0,myNode=7a0fa6e0...,timecost=0.213
info|2019-11-15 16:20:06.582430|[g:1][CONSENSUS][PBFT]checkAndChangeView: Reach consensus,org_view=39,org_changeCycle=0,cur_changeCycle=0,to_view=40
info|2019-11-15 16:20:07.579440|[g:1][CONSENSUS]addRawPrepare,height=27,reqIdx=2,hash=606df3a0...
info|2019-11-15 16:20:07.579952|[g:1][CONSENSUS][PBFT]checkTimeout Succ,view=40,toView=41,nodeIdx=0,changeCycle=0,myNode=7a0fa6e0...,timecost=0.393
info|2019-11-15 16:20:07.585522|[g:1][CONSENSUS][PBFT]checkAndChangeView: Reach consensus,org_view=40,org_changeCycle=0,cur_changeCycle=0,to_view=41
info|2019-11-15 16:20:08.589836|[g:1][CONSENSUS]addRawPrepare,height=27,reqIdx=3,hash=b4a8aec0...
info|2019-11-15 16:20:08.590120|[g:1][CONSENSUS][PBFT]checkTimeout Succ,view=41,toView=42,nodeIdx=0,changeCycle=0,myNode=7a0fa6e0...,timecost=0.248
info|2019-11-15 16:20:08.592397|[g:1][CONSENSUS][PBFT]checkAndChangeView: Reach consensus,org_view=41,org_changeCycle=0,cur_changeCycle=0,to_view=42
info|2019-11-15 16:20:09.595876|[g:1][CONSENSUS][SEALER]++++++++++++++++ Generating seal on,blkNum=27,tx=0,nodeIdx=0,hash=0bf87449...
info|2019-11-15 16:20:09.602367|[g:1][CONSENSUS][PBFT]checkTimeout Succ,view=42,toView=43,nodeIdx=0,changeCycle=0,myNode=7a0fa6e0...,timecost=0.222
info|2019-11-15 16:20:09.603575|[g:1][CONSENSUS][PBFT]checkAndChangeView: Reach consensus,org_view=42,org_changeCycle=0,cur_changeCycle=0,to_view=43
info|2019-11-15 16:20:10.604667|[g:1][CONSENSUS]addRawPrepare,height=27,reqIdx=1,hash=f30ab4b1...
info|2019-11-15 16:20:10.604980|[g:1][CONSENSUS][PBFT]checkTimeout Succ,view=43,toView=44,nodeIdx=0,changeCycle=0,myNode=7a0fa6e0...,timecost=0.273
info|2019-11-15 16:20:10.607657|[g:1][CONSENSUS][PBFT]checkAndChangeView: Reach consensus,org_view=43,org_changeCycle=0,cur_changeCycle=0,to_view=44
info|2019-11-15 16:20:11.610281|[g:1][CONSENSUS]addRawPrepare,height=27,reqIdx=2,hash=25d44d27...
info|2019-11-15 16:20:11.610765|[g:1][CONSENSUS][PBFT]checkTimeout Succ,view=44,toView=45,nodeIdx=0,changeCycle=0,myNode=7a0fa6e0...,timecost=0.361
info|2019-11-15 16:20:11.620030|[g:1][CONSENSUS][PBFT]checkAndChangeView: Reach consensus,org_view=44,org_changeCycle=0,cur_changeCycle=0,to_view=45
info|2019-11-15 16:20:12.624937|[g:1][CONSENSUS]addRawPrepare,height=27,reqIdx=3,hash=2541bf73...
info|2019-11-15 16:20:12.625168|[g:1][CONSENSUS][PBFT]checkTimeout Succ,view=45,toView=46,nodeIdx=0,changeCycle=0,myNode=7a0fa6e0...,timecost=0.204
info|2019-11-15 16:20:12.626961|[g:1][CONSENSUS][PBFT]checkAndChangeView: Reach consensus,org_view=45,org_changeCycle=0,cur_changeCycle=0,to_view=46
info|2019-11-15 16:20:13.627415|[g:1][CONSENSUS][SEALER]++++++++++++++++ Generating seal on,blkNum=27,tx=0,nodeIdx=0,hash=5f8a3d0e...
info|2019-11-15 16:20:13.634883|[g:1][CONSENSUS][PBFT]checkTimeout Succ,view=46,toView=47,nodeIdx=0,changeCycle=0,myNode=7a0fa6e0...,timecost=0.237
info|2019-11-15 16:20:13.635915|[g:1][CONSENSUS][PBFT]checkAndChangeView: Reach consensus,org_view=46,org_changeCycle=0,cur_changeCycle=0,to_view=47
info|2019-11-15 16:20:14.640436|[g:1][CONSENSUS]addRawPrepare,height=27,reqIdx=1,hash=7f509525...
info|2019-11-15 16:20:14.640680|[g:1][CONSENSUS][PBFT]checkTimeout Succ,view=47,toView=48,nodeIdx=0,changeCycle=0,myNode=7a0fa6e0...,timecost=0.214
info|2019-11-15 16:20:14.646844|[g:1][CONSENSUS][PBFT]checkAndChangeView: Reach consensus,org_view=47,org_changeCycle=0,cur_changeCycle=0,to_view=48
info|2019-11-15 16:20:15.649580|[g:1][CONSENSUS]addRawPrepare,height=27,reqIdx=2,hash=d2a84d64...
info|2019-11-15 16:20:15.649864|[g:1][CONSENSUS][PBFT]checkTimeout Succ,view=48,toView=49,nodeIdx=0,changeCycle=0,myNode=7a0fa6e0...,timecost=0.2
info|2019-11-15 16:20:15.656518|[g:1][CONSENSUS][PBFT]checkAndChangeView: Reach consensus,org_view=48,org_changeCycle=0,cur_changeCycle=0,to_view=49
info|2019-11-15 16:20:15.942680|[P2P][Service] heartBeat,connected count=3
info|2019-11-15 16:20:16.659632|[g:1][CONSENSUS]addRawPrepare,height=27,reqIdx=3,hash=b9310bc3...
info|2019-11-15 16:20:16.660704|[g:1][CONSENSUS][PBFT]checkTimeout Succ,view=49,toView=50,nodeIdx=0,changeCycle=0,myNode=7a0fa6e0...,timecost=0.233
info|2019-11-15 16:20:16.667582|[g:1][CONSENSUS][PBFT]checkAndChangeView: Reach consensus,org_view=49,org_changeCycle=0,cur_changeCycle=0,to_view=50
info|2019-11-15 16:20:17.667239|[g:1][CONSENSUS][SEALER]++++++++++++++++ Generating seal on,blkNum=27,tx=0,nodeIdx=0,hash=88930c89...
info|2019-11-15 16:20:17.675027|[g:1][CONSENSUS][PBFT]checkTimeout Succ,view=50,toView=51,nodeIdx=0,changeCycle=0,myNode=7a0fa6e0...,timecost=0.223
info|2019-11-15 16:20:17.676225|[g:1][CONSENSUS][PBFT]checkAndChangeView: Reach consensus,org_view=50,org_changeCycle=0,cur_changeCycle=0,to_view=51
info|2019-11-15 16:20:18.676328|[g:1][CONSENSUS]addRawPrepare,height=27,reqIdx=1,hash=82af0545...
info|2019-11-15 16:20:18.676671|[g:1][CONSENSUS][PBFT]checkTimeout Succ,view=51,toView=52,nodeIdx=0,changeCycle=0,myNode=7a0fa6e0...,timecost=0.306
info|2019-11-15 16:20:18.680452|[g:1][CONSENSUS][PBFT]checkAndChangeView: Reach consensus,org_view=51,org_changeCycle=0,cur_changeCycle=0,to_view=52
info|2019-11-15 16:20:19.681395|[g:1][CONSENSUS]addRawPrepare,height=27,reqIdx=2,hash=78f7cc0d...
info|2019-11-15 16:20:19.681878|[g:1][CONSENSUS][PBFT]checkTimeout Succ,view=52,toView=53,nodeIdx=0,changeCycle=0,myNode=7a0fa6e0...,timecost=0.362
info|2019-11-15 16:20:19.687435|[g:1][CONSENSUS][PBFT]checkAndChangeView: Reach consensus,org_view=52,org_changeCycle=0,cur_changeCycle=0,to_view=53
info|2019-11-15 16:20:20.690952|[g:1][CONSENSUS]addRawPrepare,height=27,reqIdx=3,hash=c00866b5...
info|2019-11-15 16:20:20.691215|[g:1][CONSENSUS][PBFT]checkTimeout Succ,view=53,toView=54,nodeIdx=0,changeCycle=0,myNode=7a0fa6e0...,timecost=0.234
info|2019-11-15 16:20:20.693249|[g:1][CONSENSUS][PBFT]checkAndChangeView: Reach consensus,org_view=53,org_changeCycle=0,cur_changeCycle=0,to_view=54
info|2019-11-15 16:20:21.695490|[g:1][CONSENSUS][SEALER]++++++++++++++++ Generating seal on,blkNum=27,tx=0,nodeIdx=0,hash=88237bf6...
info|2019-11-15 16:20:21.705545|[g:1][CONSENSUS][PBFT]checkTimeout Succ,view=54,toView=55,nodeIdx=0,changeCycle=0,myNode=7a0fa6e0...,timecost=0.227
info|2019-11-15 16:20:21.706353|[g:1][CONSENSUS][PBFT]checkAndChangeView: Reach consensus,org_view=54,org_changeCycle=0,cur_changeCycle=0,to_view=55
info|2019-11-15 16:20:22.706817|[g:1][CONSENSUS]addRawPrepare,height=27,reqIdx=1,hash=be4cd261...
info|2019-11-15 16:20:22.707124|[g:1][CONSENSUS][PBFT]checkTimeout Succ,view=55,toView=56,nodeIdx=0,changeCycle=0,myNode=7a0fa6e0...,timecost=0.274
info|2019-11-15 16:20:22.717368|[g:1][CONSENSUS][PBFT]checkAndChangeView: Reach consensus,org_view=55,org_changeCycle=0,cur_changeCycle=0,to_view=56
info|2019-11-15 16:20:23.718431|[g:1][CONSENSUS]addRawPrepare,height=27,reqIdx=2,hash=ad95cec2...
info|2019-11-15 16:20:23.718948|[g:1][CONSENSUS][PBFT]checkTimeout Succ,view=56,toView=57,nodeIdx=0,changeCycle=0,myNode=7a0fa6e0...,timecost=0.397
info|2019-11-15 16:20:23.723996|[g:1][CONSENSUS][PBFT]checkAndChangeView: Reach consensus,org_view=56,org_changeCycle=0,cur_changeCycle=0,to_view=57
info|2019-11-15 16:20:24.726889|[g:1][CONSENSUS]addRawPrepare,height=27,reqIdx=3,hash=8f798f19...
info|2019-11-15 16:20:24.727126|[g:1][CONSENSUS][PBFT]checkTimeout Succ,view=57,toView=58,nodeIdx=0,changeCycle=0,myNode=7a0fa6e0...,timecost=0.211
info|2019-11-15 16:20:24.728386|[g:1][CONSENSUS][PBFT]checkAndChangeView: Reach consensus,org_view=57,org_changeCycle=0,cur_changeCycle=0,to_view=58
info|2019-11-15 16:20:25.734365|[g:1][CONSENSUS][SEALER]++++++++++++++++ Generating seal on,blkNum=27,tx=0,nodeIdx=0,hash=db36afc2...
info|2019-11-15 16:20:25.744995|[g:1][CONSENSUS][PBFT]checkTimeout Succ,view=58,toView=59,nodeIdx=0,changeCycle=0,myNode=7a0fa6e0...,timecost=0.228
info|2019-11-15 16:20:25.746019|[g:1][CONSENSUS][PBFT]checkAndChangeView: Reach consensus,org_view=58,org_changeCycle=0,cur_changeCycle=0,to_view=59
info|2019-11-15 16:20:25.943234|[P2P][Service] heartBeat,connected count=3
info|2019-11-15 16:20:26.745447|[g:1][CONSENSUS]addRawPrepare,height=27,reqIdx=1,hash=42cbcd36...
info|2019-11-15 16:20:26.745699|[g:1][CONSENSUS][PBFT]checkTimeout Succ,view=59,toView=60,nodeIdx=0,changeCycle=0,myNode=7a0fa6e0...,timecost=0.222
info|2019-11-15 16:20:26.753977|[g:1][CONSENSUS][PBFT]checkAndChangeView: Reach consensus,org_view=59,org_changeCycle=0,cur_changeCycle=0,to_view=60
info|2019-11-15 16:20:27.748038|[g:1][CONSENSUS]addRawPrepare,height=27,reqIdx=2,hash=7e964aa6...
info|2019-11-15 16:20:27.748329|[g:1][CONSENSUS][PBFT]checkTimeout Succ,view=60,toView=61,nodeIdx=0,changeCycle=0,myNode=7a0fa6e0...,timecost=0.217
info|2019-11-15 16:20:27.758471|[g:1][CONSENSUS][PBFT]checkAndChangeView: Reach consensus,org_view=60,org_changeCycle=0,cur_changeCycle=0,to_view=61
info|2019-11-15 16:20:28.762785|[g:1][CONSENSUS]addRawPrepare,height=27,reqIdx=3,hash=21b15811...
info|2019-11-15 16:20:28.763045|[g:1][CONSENSUS][PBFT]checkTimeout Succ,view=61,toView=62,nodeIdx=0,changeCycle=0,myNode=7a0fa6e0...,timecost=0.236
info|2019-11-15 16:20:28.765023|[g:1][CONSENSUS][PBFT]checkAndChangeView: Reach consensus,org_view=61,org_changeCycle=0,cur_changeCycle=0,to_view=62
info|2019-11-15 16:20:29.769447|[g:1][CONSENSUS][SEALER]++++++++++++++++ Generating seal on,blkNum=27,tx=0,nodeIdx=0,hash=65d1795d...
info|2019-11-15 16:20:29.781170|[g:1][CONSENSUS][PBFT]checkTimeout Succ,view=62,toView=63,nodeIdx=0,changeCycle=0,myNode=7a0fa6e0...,timecost=0.222
info|2019-11-15 16:20:29.782076|[g:1][CONSENSUS][PBFT]checkAndChangeView: Reach consensus,org_view=62,org_changeCycle=0,cur_changeCycle=0,to_view=63
info|2019-11-15 16:20:30.784392|[g:1][CONSENSUS]addRawPrepare,height=27,reqIdx=1,hash=c4d449d9...
info|2019-11-15 16:20:30.784752|[g:1][CONSENSUS][PBFT]checkTimeout Succ,view=63,toView=64,nodeIdx=0,changeCycle=0,myNode=7a0fa6e0...,timecost=0.318
info|2019-11-15 16:20:30.787277|[g:1][CONSENSUS][PBFT]checkAndChangeView: Reach consensus,org_view=63,org_changeCycle=0,cur_changeCycle=0,to_view=64
info|2019-11-15 16:20:31.788873|[g:1][CONSENSUS]addRawPrepare,height=27,reqIdx=2,hash=b4ff76ea...
info|2019-11-15 16:20:31.789467|[g:1][CONSENSUS][PBFT]checkTimeout Succ,view=64,toView=65,nodeIdx=0,changeCycle=0,myNode=7a0fa6e0...,timecost=0.446
info|2019-11-15 16:20:31.801522|[g:1][CONSENSUS][PBFT]checkAndChangeView: Reach consensus,org_view=64,org_changeCycle=0,cur_changeCycle=0,to_view=65
info|2019-11-15 16:20:32.812170|[g:1][CONSENSUS]addRawPrepare,height=27,reqIdx=3,hash=984ec26c...
info|2019-11-15 16:20:32.812415|[g:1][CONSENSUS][PBFT]checkTimeout Succ,view=65,toView=66,nodeIdx=0,changeCycle=0,myNode=7a0fa6e0...,timecost=0.214
info|2019-11-15 16:20:32.815252|[g:1][CONSENSUS][PBFT]checkAndChangeView: Reach consensus,org_view=65,org_changeCycle=0,cur_changeCycle=0,to_view=66
info|2019-11-15 16:20:33.818335|[g:1][CONSENSUS][SEALER]++++++++++++++++ Generating seal on,blkNum=27,tx=0,nodeIdx=0,hash=4307cb98...
info|2019-11-15 16:20:33.836076|[g:1][CONSENSUS][PBFT]checkTimeout Succ,view=66,toView=67,nodeIdx=0,changeCycle=0,myNode=7a0fa6e0...,timecost=0.237
info|2019-11-15 16:20:33.841616|[g:1][CONSENSUS][PBFT]checkAndChangeView: Reach consensus,org_view=66,org_changeCycle=0,cur_changeCycle=0,to_view=67
info|2019-11-15 16:20:34.834806|[g:1][CONSENSUS]addRawPrepare,height=27,reqIdx=1,hash=b5450520...
info|2019-11-15 16:20:34.835159|[g:1][CONSENSUS][PBFT]checkTimeout Succ,view=67,toView=68,nodeIdx=0,changeCycle=0,myNode=7a0fa6e0...,timecost=0.315
info|2019-11-15 16:20:34.838303|[g:1][CONSENSUS][PBFT]checkAndChangeView: Reach consensus,org_view=67,org_changeCycle=0,cur_changeCycle=0,to_view=68
info|2019-11-15 16:20:35.841296|[g:1][CONSENSUS]addRawPrepare,height=27,reqIdx=2,hash=61dc8e95...
info|2019-11-15 16:20:35.841685|[g:1][CONSENSUS][PBFT]checkTimeout Succ,view=68,toView=69,nodeIdx=0,changeCycle=0,myNode=7a0fa6e0...,timecost=0.292
info|2019-11-15 16:20:35.846773|[g:1][CONSENSUS][PBFT]checkAndChangeView: Reach consensus,org_view=68,org_changeCycle=0,cur_changeCycle=0,to_view=69
info|2019-11-15 16:20:35.943340|[P2P][Service] heartBeat,connected count=3
info|2019-11-15 16:20:36.849626|[g:1][CONSENSUS]addRawPrepare,height=27,reqIdx=3,hash=252dfdd5...
info|2019-11-15 16:20:36.849981|[g:1][CONSENSUS][PBFT]checkTimeout Succ,view=69,toView=70,nodeIdx=0,changeCycle=0,myNode=7a0fa6e0...,timecost=0.31
info|2019-11-15 16:20:36.851731|[g:1][CONSENSUS][PBFT]checkAndChangeView: Reach consensus,org_view=69,org_changeCycle=0,cur_changeCycle=0,to_view=70
info|2019-11-15 16:20:37.859303|[g:1][CONSENSUS][SEALER]++++++++++++++++ Generating seal on,blkNum=27,tx=0,nodeIdx=0,hash=23c0aeab...
info|2019-11-15 16:20:37.869815|[g:1][CONSENSUS][PBFT]checkTimeout Succ,view=70,toView=71,nodeIdx=0,changeCycle=0,myNode=7a0fa6e0...,timecost=0.223
info|2019-11-15 16:20:37.873387|[g:1][CONSENSUS][PBFT]checkAndChangeView: Reach consensus,org_view=70,org_changeCycle=0,cur_changeCycle=0,to_view=71
info|2019-11-15 16:20:38.872275|[g:1][CONSENSUS]addRawPrepare,height=27,reqIdx=1,hash=e0c3a2d1...
info|2019-11-15 16:20:38.872706|[g:1][CONSENSUS][PBFT]checkTimeout Succ,view=71,toView=72,nodeIdx=0,changeCycle=0,myNode=7a0fa6e0...,timecost=0.384
info|2019-11-15 16:20:38.877946|[g:1][CONSENSUS][PBFT]checkAndChangeView: Reach consensus,org_view=71,org_changeCycle=0,cur_changeCycle=0,to_view=72
info|2019-11-15 16:20:39.880526|[g:1][CONSENSUS]addRawPrepare,height=27,reqIdx=2,hash=cd13195e...
info|2019-11-15 16:20:39.881085|[g:1][CONSENSUS][PBFT]checkTimeout Succ,view=72,toView=73,nodeIdx=0,changeCycle=0,myNode=7a0fa6e0...,timecost=0.364
info|2019-11-15 16:20:39.887184|[g:1][CONSENSUS][PBFT]checkAndChangeView: Reach consensus,org_view=72,org_changeCycle=0,cur_changeCycle=0,to_view=73
info|2019-11-15 16:20:40.890338|[g:1][CONSENSUS]addRawPrepare,height=27,reqIdx=3,hash=77df374e...
info|2019-11-15 16:20:40.890605|[g:1][CONSENSUS][PBFT]checkTimeout Succ,view=73,toView=74,nodeIdx=0,changeCycle=0,myNode=7a0fa6e0...,timecost=0.227
info|2019-11-15 16:20:40.893471|[g:1][CONSENSUS][PBFT]checkAndChangeView: Reach consensus,org_view=73,org_changeCycle=0,cur_changeCycle=0,to_view=74
info|2019-11-15 16:20:41.894147|[g:1][CONSENSUS][SEALER]++++++++++++++++ Generating seal on,blkNum=27,tx=0,nodeIdx=0,hash=56666912...
info|2019-11-15 16:20:41.903705|[g:1][CONSENSUS][PBFT]checkTimeout Succ,view=74,toView=75,nodeIdx=0,changeCycle=0,myNode=7a0fa6e0...,timecost=0.222
info|2019-11-15 16:20:41.904641|[g:1][CONSENSUS][PBFT]checkAndChangeView: Reach consensus,org_view=74,org_changeCycle=0,cur_changeCycle=0,to_view=75
info|2019-11-15 16:20:42.904040|[g:1][CONSENSUS]addRawPrepare,height=27,reqIdx=1,hash=6071165f...
info|2019-11-15 16:20:42.904417|[g:1][CONSENSUS][PBFT]checkTimeout Succ,view=75,toView=76,nodeIdx=0,changeCycle=0,myNode=7a0fa6e0...,timecost=0.337
info|2019-11-15 16:20:42.906509|[g:1][CONSENSUS][PBFT]checkAndChangeView: Reach consensus,org_view=75,org_changeCycle=0,cur_changeCycle=0,to_view=76
info|2019-11-15 16:20:43.908593|[g:1][CONSENSUS]addRawPrepare,height=27,reqIdx=2,hash=6b5b64a1...
info|2019-11-15 16:20:43.909087|[g:1][CONSENSUS][PBFT]checkTimeout Succ,view=76,toView=77,nodeIdx=0,changeCycle=0,myNode=7a0fa6e0...,timecost=0.364
info|2019-11-15 16:20:43.914148|[g:1][CONSENSUS][PBFT]checkAndChangeView: Reach consensus,org_view=76,org_changeCycle=0,cur_changeCycle=0,to_view=77
info|2019-11-15 16:20:44.918948|[g:1][CONSENSUS]addRawPrepare,height=27,reqIdx=3,hash=a077653c...
info|2019-11-15 16:20:44.919291|[g:1][CONSENSUS][PBFT]checkTimeout Succ,view=77,toView=78,nodeIdx=0,changeCycle=0,myNode=7a0fa6e0...,timecost=0.307
info|2019-11-15 16:20:44.921204|[g:1][CONSENSUS][PBFT]checkAndChangeView: Reach consensus,org_view=77,org_changeCycle=0,cur_changeCycle=0,to_view=78
info|2019-11-15 16:20:45.921320|[g:1][CONSENSUS][SEALER]++++++++++++++++ Generating seal on,blkNum=27,tx=0,nodeIdx=0,hash=57980c59...
info|2019-11-15 16:20:45.930126|[g:1][CONSENSUS][PBFT]checkTimeout Succ,view=78,toView=79,nodeIdx=0,changeCycle=0,myNode=7a0fa6e0...,timecost=0.219
info|2019-11-15 16:20:45.931159|[g:1][CONSENSUS][PBFT]checkAndChangeView: Reach consensus,org_view=78,org_changeCycle=0,cur_changeCycle=0,to_view=79
info|2019-11-15 16:20:45.943484|[P2P][Service] heartBeat,connected count=3
info|2019-11-15 16:20:46.931273|[g:1][CONSENSUS]addRawPrepare,height=27,reqIdx=1,hash=df76677d...
info|2019-11-15 16:20:46.931617|[g:1][CONSENSUS][PBFT]checkTimeout Succ,view=79,toView=80,nodeIdx=0,changeCycle=0,myNode=7a0fa6e0...,timecost=0.306
info|2019-11-15 16:20:46.934628|[g:1][CONSENSUS][PBFT]checkAndChangeView: Reach consensus,org_view=79,org_changeCycle=0,cur_changeCycle=0,to_view=80
info|2019-11-15 16:20:47.937656|[g:1][CONSENSUS]addRawPrepare,height=27,reqIdx=2,hash=31f130c2...
info|2019-11-15 16:20:47.938137|[g:1][CONSENSUS][PBFT]checkTimeout Succ,view=80,toView=81,nodeIdx=0,changeCycle=0,myNode=7a0fa6e0...,timecost=0.361
info|2019-11-15 16:20:47.943463|[g:1][CONSENSUS][PBFT]checkAndChangeView: Reach consensus,org_view=80,org_changeCycle=0,cur_changeCycle=0,to_view=81
info|2019-11-15 16:20:48.834785|[LEDGER]stop sealer,groupID=1
info|2019-11-15 16:20:48.834820|[CONSENSUS][SEALER]Stop sealer module...
info|2019-11-15 16:20:48.837106|[CONSENSUS][ConsensusEngine][Stop ConsensusEngineBase]
info|2019-11-15 16:20:48.837999|[CONSENSUS][ConsensusEngine]ConsensusEngineBase stopped
info|2019-11-15 16:20:48.838012|[LEDGER]sealer stopped. stop sync,groupID=1
info|2019-11-15 16:20:48.947154|[SYNC][id:7a0fa6e0...]SyncMaster stopped
info|2019-11-15 16:20:48.947168|[LEDGER]ledger stopped,groupID=1
info|2019-11-15 16:20:49.056327|[EVENT][EventLogFilterManager]stop
info|2019-11-15 16:20:49.056342|[LEDGER]event filter manager stopped,groupID=1
info|2019-11-15 16:20:49.056349|[INITIALIZER]ledgerInitializer stopped
info|2019-11-15 16:20:50.064913|[INITIALIZER]ChannelRPCHttpServer deleted.
info|2019-11-15 16:20:50.065169|[INITIALIZER]JsonrpcHttpServer deleted.
info|2019-11-15 16:20:50.065180|[INITIALIZER]RPCInitializer stopped
info|2019-11-15 16:20:50.065205|[NETWORK][Host]Host exit
info|2019-11-15 16:20:50.065805|[INITIALIZER]P2PInitializer stopped
info|2019-11-15 16:20:50.065817|[LEDGER]stop sealer,groupID=1
info|2019-11-15 16:20:50.065822|[LEDGER]sealer stopped. stop sync,groupID=1
info|2019-11-15 16:20:50.065826|[SYNC][id:7a0fa6e0...]SyncMaster stopped
info|2019-11-15 16:20:50.065840|[LEDGER]ledger stopped,groupID=1
info|2019-11-15 16:20:50.065843|[LEDGER]event filter manager stopped,groupID=1
info|2019-11-15 16:20:50.065849|[STORAGE]Stopping flushStorage thread
info|2019-11-15 16:20:50.105062|[STORAGE]flushStorage thread stopped.
info|2019-11-15 16:20:50.105076|[DBINITIALIZER] storage stopped
info|2019-11-15 16:20:50.105346|[SYNC][id:7a0fa6e0...]SyncMaster stopped
