info|2019-10-23 13:56:22.239530|[INITIALIZER][initGlobalConfig],enableCompress=true,compatibilityVersion=2.1.0,versionNumber=33619968,chainId=1
info|2019-10-23 13:56:22.297889|[NETWORK][Host]Connecting to node,endpoint=127.0.0.1:30300
info|2019-10-23 13:56:22.303060|[NETWORK][Host]P2P StartAccept,Host=0.0.0.0:30301
info|2019-10-23 13:56:22.304199|[NETWORK][Host]Connecting to node,endpoint=127.0.0.1:30301
info|2019-10-23 13:56:22.304255|[NETWORK][Host]Connecting to node,endpoint=127.0.0.1:30302
info|2019-10-23 13:56:22.304291|[NETWORK][Host]Connecting to node,endpoint=127.0.0.1:30303
info|2019-10-23 13:56:22.304326|[P2P][Service] heartBeat,connected count=0
info|2019-10-23 13:56:22.304832|[CHANNEL]ChannelRPCServer started
info|2019-10-23 13:56:22.304855|[INITIALIZER][RPCInitializer]ChannelRPCHttpServer started.
info|2019-10-23 13:56:22.304872|[LedgerInitializer],groupConfigPath=conf/
info|2019-10-23 13:56:22.304985|[INITIALIZER][initSingleLedger] [GroupId]:  1
info|2019-10-23 13:56:22.305009|[g:1][LEDGER]LedgerConstructor,configPath=conf/group.1.genesis,baseDir=data//group1
info|2019-10-23 13:56:22.305022|[g:1][LEDGER][initGenesisConfig]initConsensusConfig/initDBConfig/initTxConfig,configFile=conf/group.1.genesis
info|2019-10-23 13:56:22.305081|[g:1][LEDGER][initConsensusConfig],it.first=eadb82d3e4d88487164cb2a29c63f86dfc2c62444c9c59025c3cc327437a3c349d5f360c4c3fa8c16cf1403916c839f470cc47f7b8d93ad92444821f4409c0d7
info|2019-10-23 13:56:22.305101|[g:1][LEDGER][initConsensusConfig],it.first=7a0fa6e0228492a684609a1da1619395e1ab056666f9fa06b88ea863bb6cb70df949252a18ec62b0e5515feb6cdf8e61ab240824f805b8c04c786161984030f6
info|2019-10-23 13:56:22.305115|[g:1][LEDGER][initConsensusConfig],it.first=bfdf57a51ceee766244f5eb19db0530fc98dd729532bb84bf52214a9838a376b57322849181966fa8766443033108d22b8d3049ce93f0124ed165819bbd1a61e
info|2019-10-23 13:56:22.305128|[g:1][LEDGER][initConsensusConfig],it.first=b96a351b91cc81428658b89638dfaad11e7be5216d81d6eb1d588af44020196483be93fedbce66668559c373879f93c39197500888f77bce61c5483230970449
info|2019-10-23 13:56:22.305160|[g:1][LEDGER][initIniConfig]initTxPoolConfig/initSyncConfig/initTxExecuteConfig,configFile=conf/group.1.ini
info|2019-10-23 13:56:22.305241|[g:1][LEDGER][initLedger][DBInitializer]
info|2019-10-23 13:56:22.305264|[g:1][DBINITIALIZER] [initRocksDBStorage]
info|2019-10-23 13:56:22.305380|[g:1][ROCKSDB]open rocksDB handler
info|2019-10-23 13:56:22.311689|[NETWORK][ASIO]asyncResolveConnect,endpoint=127.0.0.1:30300
info|2019-10-23 13:56:22.311759|[NETWORK][ASIO]asyncResolveConnect,endpoint=127.0.0.1:30301
info|2019-10-23 13:56:22.311803|[NETWORK][ASIO]asyncResolveConnect,endpoint=127.0.0.1:30302
info|2019-10-23 13:56:22.311847|[NETWORK][ASIO]asyncResolveConnect,endpoint=127.0.0.1:30303
info|2019-10-23 13:56:22.312029|[NETWORK][Host]P2P Recv Connect, From=127.0.0.1:59674
info|2019-10-23 13:56:22.312072|[NETWORK][Host]P2P StartAccept,Host=0.0.0.0:30301
info|2019-10-23 13:56:22.357590|[g:1][g:0][STORAGE][CachedStorage]Init flushStorage thread
info|2019-10-23 13:56:22.358417|[g:1][g:1][STORAGE][CachedStorage]CachedStorage commit: 4 hash: cdaccf2aa33123c0edf2395d178326f8c5bffcc6df44c6f2bed7c0d8b4956184 num: 0
info|2019-10-23 13:56:22.375643|[g:1][STORAGE]Submited block task: 0, current syncd block: 0
info|2019-10-23 13:56:22.375695|[g:1][BLOCKCHAIN][#checkAndBuildGenesisBlock]Insert the 0th block
info|2019-10-23 13:56:22.379077|[g:1][CONSENSUS][PBFT]Register handler for PBFTEngine
info|2019-10-23 13:56:22.379111|[g:1][CONSENSUS][PBFT],minBlockGenerationTime=500
info|2019-10-23 13:56:22.379132|[LedgerInitializer init group succ],groupID=1
info|2019-10-23 13:56:22.379291|[INITIALIZER][RPCInitializer]JsonrpcHttpServer started.
info|2019-10-23 13:56:22.379313|[g:1][LEDGER]startAll...
info|2019-10-23 13:56:22.379364|[STORAGE]Start commit block: 0 to backend storage
info|2019-10-23 13:56:22.379642|[STORAGE][g:1]
---------------------------------------------------------------------
Commit block: 0 to backend storage finished, current cached block: 0
Flush elapsed time: 0.0013s
---------------------------------------------------------------------

info|2019-10-23 13:56:22.390928|[g:1][CONSENSUS][PBFT]^^^^^^^^Report,num=0,sealerIdx=0,hash=cdaccf2a...,next=1,tx=0,nodeIdx=0
info|2019-10-23 13:56:22.394227|[NETWORK][Host]P2P Recv Connect, From=127.0.0.1:59682
info|2019-10-23 13:56:22.394447|[NETWORK][Host]P2P StartAccept,Host=0.0.0.0:30301
info|2019-10-23 13:56:22.408217|[g:1][CONSENSUS][PBFT][PBFT init env successfully]
info|2019-10-23 13:56:22.408233|[g:1][CONSENSUS][ConsensusEngine][Start ConsensusEngineBase]
info|2019-10-23 13:56:22.415823|[g:1][CONSENSUS][PBFT][Start PBFTEngine...]
info|2019-10-23 13:56:22.415833|[g:1][CONSENSUS][SEALER][Start sealer module]
info|2019-10-23 13:56:22.416041|[g:1][CONSENSUS][PBFT]^^^^^^^^Report,num=0,sealerIdx=0,hash=cdaccf2a...,next=1,tx=0,nodeIdx=0
info|2019-10-23 13:56:22.424782|[g:1][EVENT][EventLogFilterManager]start,m_maxBlockRange=0,m_maxBlockPerLoopFilter=3
info|2019-10-23 13:56:22.443716|[NETWORK][Host]P2P Recv Connect, From=127.0.0.1:59690
info|2019-10-23 13:56:22.444015|[NETWORK][Host]P2P StartAccept,Host=0.0.0.0:30301
info|2019-10-23 13:56:22.444513|[NETWORK][Host]startPeerSession, From=127.0.0.1:59674,nodeID=7a0fa6e0...
info|2019-10-23 13:56:22.458231|[NETWORK][Host]startPeerSession, From=127.0.0.1:30301,nodeID=7a0fa6e0...
info|2019-10-23 13:56:22.459909|[NETWORK][Host]P2P Recv Connect, From=127.0.0.1:59696
info|2019-10-23 13:56:22.462398|[NETWORK][Host]P2P StartAccept,Host=0.0.0.0:30301
info|2019-10-23 13:56:22.462630|[P2P][Service] Connection established,nodeID=b96a351b...,endpoint=127.0.0.1:30303
info|2019-10-23 13:56:22.462656|[NETWORK][Host]startPeerSession, From=127.0.0.1:30303,nodeID=b96a351b...
info|2019-10-23 13:56:22.462756|[P2P][Service] Connection established,nodeID=bfdf57a5...,endpoint=127.0.0.1:30302
info|2019-10-23 13:56:22.462778|[NETWORK][Host]startPeerSession, From=127.0.0.1:30302,nodeID=bfdf57a5...
info|2019-10-23 13:56:22.464171|[P2P][Service] Connection established,nodeID=eadb82d3...,endpoint=127.0.0.1:30300
info|2019-10-23 13:56:22.469229|[NETWORK][Host]startPeerSession, From=127.0.0.1:30300,nodeID=eadb82d3...
info|2019-10-23 13:56:22.477507|[NETWORK][Host]startPeerSession, From=127.0.0.1:59696,nodeID=eadb82d3...
info|2019-10-23 13:56:22.484515|[NETWORK][Host]startPeerSession, From=127.0.0.1:59682,nodeID=b96a351b...
info|2019-10-23 13:56:22.492310|[NETWORK][Host]startPeerSession, From=127.0.0.1:59690,nodeID=bfdf57a5...
warning|2019-10-23 13:56:22.616497|[SYNC][id:7a0fa6e0...][Status]Peer data not found,nodeId=bfdf57a5...
info|2019-10-23 13:56:23.409247|[g:1][CONSENSUS][SEALER]++++++++++++++++ Generating seal on,blkNum=1,tx=0,nodeIdx=0,hash=2bbd3599...
info|2019-10-23 13:56:23.414896|[g:1][CONSENSUS][PBFT]checkTimeout Succ,view=0,toView=1,nodeIdx=0,changeCycle=0,myNode=7a0fa6e0...,timecost=0.226
info|2019-10-23 13:56:23.416465|[g:1][CONSENSUS][PBFT]checkAndChangeView: Reach consensus,org_view=0,org_changeCycle=0,cur_changeCycle=0,to_view=1
info|2019-10-23 13:56:24.456139|[g:1][CONSENSUS]addRawPrepare,height=1,reqIdx=1,hash=4d134d21...
info|2019-10-23 13:56:24.456566|[g:1][CONSENSUS][PBFT]checkTimeout Succ,view=1,toView=2,nodeIdx=0,changeCycle=0,myNode=7a0fa6e0...,timecost=0.38
info|2019-10-23 13:56:24.469799|[g:1][CONSENSUS][PBFT]checkAndChangeView: Reach consensus,org_view=1,org_changeCycle=0,cur_changeCycle=0,to_view=2
info|2019-10-23 13:56:25.470452|[g:1][CONSENSUS]addRawPrepare,height=1,reqIdx=2,hash=558138d1...
info|2019-10-23 13:56:25.470789|[g:1][CONSENSUS][PBFT]checkTimeout Succ,view=2,toView=3,nodeIdx=0,changeCycle=0,myNode=7a0fa6e0...,timecost=0.223
info|2019-10-23 13:56:25.478787|[g:1][CONSENSUS][PBFT]checkAndChangeView: Reach consensus,org_view=2,org_changeCycle=0,cur_changeCycle=0,to_view=3
info|2019-10-23 13:56:26.484629|[g:1][CONSENSUS]addRawPrepare,height=1,reqIdx=3,hash=485fa1da...
info|2019-10-23 13:56:26.485075|[g:1][CONSENSUS][PBFT]checkTimeout Succ,view=3,toView=4,nodeIdx=0,changeCycle=0,myNode=7a0fa6e0...,timecost=0.333
info|2019-10-23 13:56:26.489148|[g:1][CONSENSUS][PBFT]checkAndChangeView: Reach consensus,org_view=3,org_changeCycle=0,cur_changeCycle=0,to_view=4
info|2019-10-23 13:56:27.490842|[g:1][CONSENSUS][SEALER]++++++++++++++++ Generating seal on,blkNum=1,tx=0,nodeIdx=0,hash=53560960...
info|2019-10-23 13:56:27.499275|[g:1][CONSENSUS][PBFT]checkTimeout Succ,view=4,toView=5,nodeIdx=0,changeCycle=0,myNode=7a0fa6e0...,timecost=0.2
info|2019-10-23 13:56:27.501026|[g:1][CONSENSUS][PBFT]checkAndChangeView: Reach consensus,org_view=4,org_changeCycle=0,cur_changeCycle=0,to_view=5
info|2019-10-23 13:56:28.544790|[g:1][CONSENSUS]addRawPrepare,height=1,reqIdx=1,hash=4631852c...
info|2019-10-23 13:56:28.545133|[g:1][CONSENSUS][PBFT]checkTimeout Succ,view=5,toView=6,nodeIdx=0,changeCycle=0,myNode=7a0fa6e0...,timecost=0.305
info|2019-10-23 13:56:28.548581|[g:1][CONSENSUS][PBFT]checkAndChangeView: Reach consensus,org_view=5,org_changeCycle=0,cur_changeCycle=0,to_view=6
info|2019-10-23 13:56:29.548822|[g:1][CONSENSUS]addRawPrepare,height=1,reqIdx=2,hash=26c8eca8...
info|2019-10-23 13:56:29.549205|[g:1][CONSENSUS][PBFT]checkTimeout Succ,view=6,toView=7,nodeIdx=0,changeCycle=0,myNode=7a0fa6e0...,timecost=0.292
info|2019-10-23 13:56:29.554805|[g:1][CONSENSUS][PBFT]checkAndChangeView: Reach consensus,org_view=6,org_changeCycle=0,cur_changeCycle=0,to_view=7
info|2019-10-23 13:56:30.556578|[g:1][CONSENSUS]addRawPrepare,height=1,reqIdx=3,hash=751ebff3...
info|2019-10-23 13:56:30.557599|[g:1][CONSENSUS][PBFT]checkTimeout Succ,view=7,toView=8,nodeIdx=0,changeCycle=0,myNode=7a0fa6e0...,timecost=0.626
info|2019-10-23 13:56:30.561847|[g:1][CONSENSUS][PBFT]checkAndChangeView: Reach consensus,org_view=7,org_changeCycle=0,cur_changeCycle=0,to_view=8
info|2019-10-23 13:56:31.562126|[g:1][CONSENSUS][SEALER]++++++++++++++++ Generating seal on,blkNum=1,tx=0,nodeIdx=0,hash=c5690081...
info|2019-10-23 13:56:31.568387|[g:1][CONSENSUS][PBFT]checkTimeout Succ,view=8,toView=9,nodeIdx=0,changeCycle=0,myNode=7a0fa6e0...,timecost=0.309
info|2019-10-23 13:56:31.571181|[g:1][CONSENSUS][PBFT]checkAndChangeView: Reach consensus,org_view=8,org_changeCycle=0,cur_changeCycle=0,to_view=9
info|2019-10-23 13:56:32.304590|[P2P][Service] heartBeat,connected count=3
info|2019-10-23 13:56:32.574248|[g:1][CONSENSUS]addRawPrepare,height=1,reqIdx=1,hash=7501b202...
info|2019-10-23 13:56:32.574598|[g:1][CONSENSUS][PBFT]checkTimeout Succ,view=9,toView=10,nodeIdx=0,changeCycle=0,myNode=7a0fa6e0...,timecost=0.31
info|2019-10-23 13:56:32.579162|[g:1][CONSENSUS][PBFT]checkAndChangeView: Reach consensus,org_view=9,org_changeCycle=0,cur_changeCycle=0,to_view=10
info|2019-10-23 13:56:33.584443|[g:1][CONSENSUS]addRawPrepare,height=1,reqIdx=2,hash=47055b5c...
info|2019-10-23 13:56:33.584698|[g:1][CONSENSUS][PBFT]checkTimeout Succ,view=10,toView=11,nodeIdx=0,changeCycle=0,myNode=7a0fa6e0...,timecost=0.218
info|2019-10-23 13:56:33.587971|[g:1][CONSENSUS][PBFT]checkAndChangeView: Reach consensus,org_view=10,org_changeCycle=0,cur_changeCycle=0,to_view=11
info|2019-10-23 13:56:34.592268|[g:1][CONSENSUS]addRawPrepare,height=1,reqIdx=3,hash=3de7619c...
info|2019-10-23 13:56:34.592936|[g:1][CONSENSUS][PBFT]checkTimeout Succ,view=11,toView=12,nodeIdx=0,changeCycle=0,myNode=7a0fa6e0...,timecost=0.447
info|2019-10-23 13:56:34.596141|[g:1][CONSENSUS][PBFT]checkAndChangeView: Reach consensus,org_view=11,org_changeCycle=0,cur_changeCycle=0,to_view=12
info|2019-10-23 13:56:35.596156|[g:1][CONSENSUS][SEALER]++++++++++++++++ Generating seal on,blkNum=1,tx=0,nodeIdx=0,hash=58803439...
info|2019-10-23 13:56:35.605403|[g:1][CONSENSUS][PBFT]checkTimeout Succ,view=12,toView=13,nodeIdx=0,changeCycle=0,myNode=7a0fa6e0...,timecost=0.253
info|2019-10-23 13:56:35.606747|[g:1][CONSENSUS][PBFT]checkAndChangeView: Reach consensus,org_view=12,org_changeCycle=0,cur_changeCycle=0,to_view=13
info|2019-10-23 13:56:36.606529|[g:1][CONSENSUS]addRawPrepare,height=1,reqIdx=1,hash=76439b96...
info|2019-10-23 13:56:36.606762|[g:1][CONSENSUS][PBFT]checkTimeout Succ,view=13,toView=14,nodeIdx=0,changeCycle=0,myNode=7a0fa6e0...,timecost=0.209
info|2019-10-23 13:56:36.607975|[g:1][CONSENSUS][PBFT]checkAndChangeView: Reach consensus,org_view=13,org_changeCycle=0,cur_changeCycle=0,to_view=14
info|2019-10-23 13:56:37.614478|[g:1][CONSENSUS]addRawPrepare,height=1,reqIdx=2,hash=ede499ed...
info|2019-10-23 13:56:37.618191|[g:1][CONSENSUS][PBFT]checkTimeout Succ,view=14,toView=15,nodeIdx=0,changeCycle=0,myNode=7a0fa6e0...,timecost=3.465
info|2019-10-23 13:56:37.619949|[g:1][CONSENSUS][PBFT]checkAndChangeView: Reach consensus,org_view=14,org_changeCycle=0,cur_changeCycle=0,to_view=15
info|2019-10-23 13:56:38.622986|[g:1][CONSENSUS]addRawPrepare,height=1,reqIdx=3,hash=b43c14c2...
info|2019-10-23 13:56:38.623320|[g:1][CONSENSUS][PBFT]checkTimeout Succ,view=15,toView=16,nodeIdx=0,changeCycle=0,myNode=7a0fa6e0...,timecost=0.299
info|2019-10-23 13:56:38.626438|[g:1][CONSENSUS][PBFT]checkAndChangeView: Reach consensus,org_view=15,org_changeCycle=0,cur_changeCycle=0,to_view=16
info|2019-10-23 13:56:39.627166|[g:1][CONSENSUS][SEALER]++++++++++++++++ Generating seal on,blkNum=1,tx=0,nodeIdx=0,hash=d30a0fbf...
info|2019-10-23 13:56:39.635719|[g:1][CONSENSUS][PBFT]checkTimeout Succ,view=16,toView=17,nodeIdx=0,changeCycle=0,myNode=7a0fa6e0...,timecost=0.225
info|2019-10-23 13:56:39.636825|[g:1][CONSENSUS][PBFT]checkAndChangeView: Reach consensus,org_view=16,org_changeCycle=0,cur_changeCycle=0,to_view=17
info|2019-10-23 13:56:40.639015|[g:1][CONSENSUS]addRawPrepare,height=1,reqIdx=1,hash=166fb74e...
info|2019-10-23 13:56:40.639261|[g:1][CONSENSUS][PBFT]checkTimeout Succ,view=17,toView=18,nodeIdx=0,changeCycle=0,myNode=7a0fa6e0...,timecost=0.218
info|2019-10-23 13:56:40.641111|[g:1][CONSENSUS][PBFT]checkAndChangeView: Reach consensus,org_view=17,org_changeCycle=0,cur_changeCycle=0,to_view=18
info|2019-10-23 13:56:41.647448|[g:1][CONSENSUS]addRawPrepare,height=1,reqIdx=2,hash=d4749135...
info|2019-10-23 13:56:41.647758|[g:1][CONSENSUS][PBFT]checkTimeout Succ,view=18,toView=19,nodeIdx=0,changeCycle=0,myNode=7a0fa6e0...,timecost=0.26
info|2019-10-23 13:56:41.651233|[g:1][CONSENSUS][PBFT]checkAndChangeView: Reach consensus,org_view=18,org_changeCycle=0,cur_changeCycle=0,to_view=19
info|2019-10-23 13:56:42.304728|[P2P][Service] heartBeat,connected count=3
info|2019-10-23 13:56:42.658265|[g:1][CONSENSUS][PBFT]Trigger fast-viewchange,view=19,toView=19,minView=20,INFO=,reqNum=0,curNum=0,GenIdx=1,Cview=20,view=19,fromIdx=1,fromNode=b96a351b...,fromIp=127.0.0.1:30303,hash=cdaccf2a...,nodeIdx=0,myNode=7a0fa6e0...
info|2019-10-23 13:56:42.658498|[g:1][CONSENSUS][PBFT]checkAndChangeView: Reach consensus,org_view=19,org_changeCycle=0,cur_changeCycle=0,to_view=20
info|2019-10-23 13:56:42.658505|[g:1][CONSENSUS][PBFT]checkTimeout Succ,view=20,toView=20,nodeIdx=0,changeCycle=0,myNode=7a0fa6e0...,timecost=0.204
info|2019-10-23 13:56:43.658315|[g:1][CONSENSUS][SEALER]++++++++++++++++ Generating seal on,blkNum=1,tx=0,nodeIdx=0,hash=87e3c19d...
info|2019-10-23 13:56:43.667835|[g:1][CONSENSUS][PBFT]checkTimeout Succ,view=20,toView=21,nodeIdx=0,changeCycle=0,myNode=7a0fa6e0...,timecost=0.227
info|2019-10-23 13:56:43.668963|[g:1][CONSENSUS][PBFT]checkAndChangeView: Reach consensus,org_view=20,org_changeCycle=0,cur_changeCycle=0,to_view=21
info|2019-10-23 13:56:44.668079|[g:1][CONSENSUS]addRawPrepare,height=1,reqIdx=1,hash=4583050f...
info|2019-10-23 13:56:44.668329|[g:1][CONSENSUS][PBFT]checkTimeout Succ,view=21,toView=22,nodeIdx=0,changeCycle=0,myNode=7a0fa6e0...,timecost=0.225
info|2019-10-23 13:56:44.669508|[g:1][CONSENSUS][PBFT]checkAndChangeView: Reach consensus,org_view=21,org_changeCycle=0,cur_changeCycle=0,to_view=22
info|2019-10-23 13:56:45.676873|[g:1][CONSENSUS]addRawPrepare,height=1,reqIdx=2,hash=260fa29c...
info|2019-10-23 13:56:45.677232|[g:1][CONSENSUS][PBFT]checkTimeout Succ,view=22,toView=23,nodeIdx=0,changeCycle=0,myNode=7a0fa6e0...,timecost=0.354
info|2019-10-23 13:56:45.679020|[g:1][CONSENSUS][PBFT]checkAndChangeView: Reach consensus,org_view=22,org_changeCycle=0,cur_changeCycle=0,to_view=23
info|2019-10-23 13:56:46.685173|[g:1][CONSENSUS]addRawPrepare,height=1,reqIdx=3,hash=4c4fc548...
info|2019-10-23 13:56:46.685400|[g:1][CONSENSUS][PBFT]checkTimeout Succ,view=23,toView=24,nodeIdx=0,changeCycle=0,myNode=7a0fa6e0...,timecost=0.202
info|2019-10-23 13:56:46.686390|[g:1][CONSENSUS][PBFT]checkAndChangeView: Reach consensus,org_view=23,org_changeCycle=0,cur_changeCycle=0,to_view=24
info|2019-10-23 13:56:47.686564|[g:1][CONSENSUS][SEALER]++++++++++++++++ Generating seal on,blkNum=1,tx=0,nodeIdx=0,hash=1ae6af5b...
info|2019-10-23 13:56:47.696513|[g:1][CONSENSUS][PBFT]checkTimeout Succ,view=24,toView=25,nodeIdx=0,changeCycle=0,myNode=7a0fa6e0...,timecost=0.225
info|2019-10-23 13:56:47.697515|[g:1][CONSENSUS][PBFT]checkAndChangeView: Reach consensus,org_view=24,org_changeCycle=0,cur_changeCycle=0,to_view=25
info|2019-10-23 13:56:48.699938|[g:1][CONSENSUS]addRawPrepare,height=1,reqIdx=1,hash=975aefd9...
info|2019-10-23 13:56:48.700190|[g:1][CONSENSUS][PBFT]checkTimeout Succ,view=25,toView=26,nodeIdx=0,changeCycle=0,myNode=7a0fa6e0...,timecost=0.224
info|2019-10-23 13:56:48.701440|[g:1][CONSENSUS][PBFT]checkAndChangeView: Reach consensus,org_view=25,org_changeCycle=0,cur_changeCycle=0,to_view=26
info|2019-10-23 13:56:49.708224|[g:1][CONSENSUS]addRawPrepare,height=1,reqIdx=2,hash=c5d13516...
info|2019-10-23 13:56:49.708461|[g:1][CONSENSUS][PBFT]checkTimeout Succ,view=26,toView=27,nodeIdx=0,changeCycle=0,myNode=7a0fa6e0...,timecost=0.212
info|2019-10-23 13:56:49.709679|[g:1][CONSENSUS][PBFT]checkAndChangeView: Reach consensus,org_view=26,org_changeCycle=0,cur_changeCycle=0,to_view=27
info|2019-10-23 13:56:50.715598|[g:1][CONSENSUS]addRawPrepare,height=1,reqIdx=3,hash=dc3a5ac5...
info|2019-10-23 13:56:50.715834|[g:1][CONSENSUS][PBFT]checkTimeout Succ,view=27,toView=28,nodeIdx=0,changeCycle=0,myNode=7a0fa6e0...,timecost=0.211
info|2019-10-23 13:56:50.716966|[g:1][CONSENSUS][PBFT]checkAndChangeView: Reach consensus,org_view=27,org_changeCycle=0,cur_changeCycle=0,to_view=28
info|2019-10-23 13:56:51.717862|[g:1][CONSENSUS][SEALER]++++++++++++++++ Generating seal on,blkNum=1,tx=0,nodeIdx=0,hash=125b9e45...
info|2019-10-23 13:56:51.725210|[g:1][CONSENSUS][PBFT]checkTimeout Succ,view=28,toView=29,nodeIdx=0,changeCycle=0,myNode=7a0fa6e0...,timecost=0.215
info|2019-10-23 13:56:51.726311|[g:1][CONSENSUS][PBFT]checkAndChangeView: Reach consensus,org_view=28,org_changeCycle=0,cur_changeCycle=0,to_view=29
info|2019-10-23 13:56:52.305350|[P2P][Service] heartBeat,connected count=3
info|2019-10-23 13:56:52.728922|[g:1][CONSENSUS]addRawPrepare,height=1,reqIdx=1,hash=531b9779...
info|2019-10-23 13:56:52.729537|[g:1][CONSENSUS][PBFT]checkTimeout Succ,view=29,toView=30,nodeIdx=0,changeCycle=0,myNode=7a0fa6e0...,timecost=0.589
info|2019-10-23 13:56:52.731872|[g:1][CONSENSUS][PBFT]checkAndChangeView: Reach consensus,org_view=29,org_changeCycle=0,cur_changeCycle=0,to_view=30
info|2019-10-23 13:56:53.736919|[g:1][CONSENSUS]addRawPrepare,height=1,reqIdx=2,hash=cb2079be...
info|2019-10-23 13:56:53.737686|[g:1][CONSENSUS][PBFT]checkTimeout Succ,view=30,toView=31,nodeIdx=0,changeCycle=0,myNode=7a0fa6e0...,timecost=0.723
info|2019-10-23 13:56:53.742731|[g:1][CONSENSUS][PBFT]checkAndChangeView: Reach consensus,org_view=30,org_changeCycle=0,cur_changeCycle=0,to_view=31
info|2019-10-23 13:56:54.747671|[g:1][CONSENSUS]addRawPrepare,height=1,reqIdx=3,hash=59a378bc...
info|2019-10-23 13:56:54.747904|[g:1][CONSENSUS][PBFT]checkTimeout Succ,view=31,toView=32,nodeIdx=0,changeCycle=0,myNode=7a0fa6e0...,timecost=0.208
info|2019-10-23 13:56:54.749649|[g:1][CONSENSUS][PBFT]checkAndChangeView: Reach consensus,org_view=31,org_changeCycle=0,cur_changeCycle=0,to_view=32
info|2019-10-23 13:56:55.750360|[g:1][CONSENSUS][SEALER]++++++++++++++++ Generating seal on,blkNum=1,tx=0,nodeIdx=0,hash=6e6172fd...
info|2019-10-23 13:56:55.759870|[g:1][CONSENSUS][PBFT]checkTimeout Succ,view=32,toView=33,nodeIdx=0,changeCycle=0,myNode=7a0fa6e0...,timecost=0.221
info|2019-10-23 13:56:55.760871|[g:1][CONSENSUS][PBFT]checkAndChangeView: Reach consensus,org_view=32,org_changeCycle=0,cur_changeCycle=0,to_view=33
info|2019-10-23 13:56:56.764064|[g:1][CONSENSUS]addRawPrepare,height=1,reqIdx=1,hash=e437d2bc...
info|2019-10-23 13:56:56.764352|[g:1][CONSENSUS][PBFT]checkTimeout Succ,view=33,toView=34,nodeIdx=0,changeCycle=0,myNode=7a0fa6e0...,timecost=0.249
info|2019-10-23 13:56:56.766319|[g:1][CONSENSUS][PBFT]checkAndChangeView: Reach consensus,org_view=33,org_changeCycle=0,cur_changeCycle=0,to_view=34
info|2019-10-23 13:56:57.777318|[g:1][CONSENSUS]addRawPrepare,height=1,reqIdx=2,hash=b423a3a9...
info|2019-10-23 13:56:57.777911|[g:1][CONSENSUS][PBFT]checkTimeout Succ,view=34,toView=35,nodeIdx=0,changeCycle=0,myNode=7a0fa6e0...,timecost=0.572
info|2019-10-23 13:56:57.779898|[g:1][CONSENSUS][PBFT]checkAndChangeView: Reach consensus,org_view=34,org_changeCycle=0,cur_changeCycle=0,to_view=35
info|2019-10-23 13:56:58.784991|[g:1][CONSENSUS]addRawPrepare,height=1,reqIdx=3,hash=c47fea14...
info|2019-10-23 13:56:58.785241|[g:1][CONSENSUS][PBFT]checkTimeout Succ,view=35,toView=36,nodeIdx=0,changeCycle=0,myNode=7a0fa6e0...,timecost=0.221
info|2019-10-23 13:56:58.787185|[g:1][CONSENSUS][PBFT]checkAndChangeView: Reach consensus,org_view=35,org_changeCycle=0,cur_changeCycle=0,to_view=36
info|2019-10-23 13:56:59.787587|[g:1][CONSENSUS][SEALER]++++++++++++++++ Generating seal on,blkNum=1,tx=0,nodeIdx=0,hash=391401a0...
info|2019-10-23 13:56:59.797133|[g:1][CONSENSUS][PBFT]checkTimeout Succ,view=36,toView=37,nodeIdx=0,changeCycle=0,myNode=7a0fa6e0...,timecost=0.222
info|2019-10-23 13:56:59.798122|[g:1][CONSENSUS][PBFT]checkAndChangeView: Reach consensus,org_view=36,org_changeCycle=0,cur_changeCycle=0,to_view=37
info|2019-10-23 13:57:00.798859|[g:1][CONSENSUS]addRawPrepare,height=1,reqIdx=1,hash=fbb6a7ae...
info|2019-10-23 13:57:00.799194|[g:1][CONSENSUS][PBFT]checkTimeout Succ,view=37,toView=38,nodeIdx=0,changeCycle=0,myNode=7a0fa6e0...,timecost=0.302
info|2019-10-23 13:57:00.802298|[g:1][CONSENSUS][PBFT]checkAndChangeView: Reach consensus,org_view=37,org_changeCycle=0,cur_changeCycle=0,to_view=38
info|2019-10-23 13:57:01.807214|[g:1][CONSENSUS]addRawPrepare,height=1,reqIdx=2,hash=5137edab...
info|2019-10-23 13:57:01.807563|[g:1][CONSENSUS][PBFT]checkTimeout Succ,view=38,toView=39,nodeIdx=0,changeCycle=0,myNode=7a0fa6e0...,timecost=0.31
info|2019-10-23 13:57:01.811032|[g:1][CONSENSUS][PBFT]checkAndChangeView: Reach consensus,org_view=38,org_changeCycle=0,cur_changeCycle=0,to_view=39
info|2019-10-23 13:57:02.305573|[P2P][Service] heartBeat,connected count=3
info|2019-10-23 13:57:02.818487|[g:1][CONSENSUS]addRawPrepare,height=1,reqIdx=3,hash=fa7797e5...
info|2019-10-23 13:57:02.818721|[g:1][CONSENSUS][PBFT]checkTimeout Succ,view=39,toView=40,nodeIdx=0,changeCycle=0,myNode=7a0fa6e0...,timecost=0.208
info|2019-10-23 13:57:02.819330|[g:1][CONSENSUS][PBFT]checkAndChangeView: Reach consensus,org_view=39,org_changeCycle=0,cur_changeCycle=0,to_view=40
info|2019-10-23 13:57:03.819508|[g:1][CONSENSUS][SEALER]++++++++++++++++ Generating seal on,blkNum=1,tx=0,nodeIdx=0,hash=2ada50b9...
info|2019-10-23 13:57:03.827490|[g:1][CONSENSUS][PBFT]checkTimeout Succ,view=40,toView=41,nodeIdx=0,changeCycle=0,myNode=7a0fa6e0...,timecost=0.219
info|2019-10-23 13:57:03.828545|[g:1][CONSENSUS][PBFT]checkAndChangeView: Reach consensus,org_view=40,org_changeCycle=0,cur_changeCycle=0,to_view=41
info|2019-10-23 13:57:04.828726|[g:1][CONSENSUS]addRawPrepare,height=1,reqIdx=1,hash=a1469aaf...
info|2019-10-23 13:57:04.829091|[g:1][CONSENSUS][PBFT]checkTimeout Succ,view=41,toView=42,nodeIdx=0,changeCycle=0,myNode=7a0fa6e0...,timecost=0.329
info|2019-10-23 13:57:04.832697|[g:1][CONSENSUS][PBFT]checkAndChangeView: Reach consensus,org_view=41,org_changeCycle=0,cur_changeCycle=0,to_view=42
info|2019-10-23 13:57:05.836176|[g:1][CONSENSUS]addRawPrepare,height=1,reqIdx=2,hash=35b3b7b0...
info|2019-10-23 13:57:05.836415|[g:1][CONSENSUS][PBFT]checkTimeout Succ,view=42,toView=43,nodeIdx=0,changeCycle=0,myNode=7a0fa6e0...,timecost=0.215
info|2019-10-23 13:57:05.837555|[g:1][CONSENSUS][PBFT]checkAndChangeView: Reach consensus,org_view=42,org_changeCycle=0,cur_changeCycle=0,to_view=43
info|2019-10-23 13:57:06.843296|[g:1][CONSENSUS]addRawPrepare,height=1,reqIdx=3,hash=f87a6102...
info|2019-10-23 13:57:06.843647|[g:1][CONSENSUS][PBFT]checkTimeout Succ,view=43,toView=44,nodeIdx=0,changeCycle=0,myNode=7a0fa6e0...,timecost=0.31
info|2019-10-23 13:57:06.847700|[g:1][CONSENSUS][PBFT]checkAndChangeView: Reach consensus,org_view=43,org_changeCycle=0,cur_changeCycle=0,to_view=44
info|2019-10-23 13:57:07.847659|[g:1][CONSENSUS][SEALER]++++++++++++++++ Generating seal on,blkNum=1,tx=0,nodeIdx=0,hash=1181d6b2...
info|2019-10-23 13:57:07.856081|[g:1][CONSENSUS][PBFT]checkTimeout Succ,view=44,toView=45,nodeIdx=0,changeCycle=0,myNode=7a0fa6e0...,timecost=0.227
info|2019-10-23 13:57:07.856959|[g:1][CONSENSUS][PBFT]checkAndChangeView: Reach consensus,org_view=44,org_changeCycle=0,cur_changeCycle=0,to_view=45
info|2019-10-23 13:57:08.858528|[g:1][CONSENSUS]addRawPrepare,height=1,reqIdx=1,hash=66caae7d...
info|2019-10-23 13:57:08.861839|[g:1][CONSENSUS][PBFT]checkTimeout Succ,view=45,toView=46,nodeIdx=0,changeCycle=0,myNode=7a0fa6e0...,timecost=3.259
info|2019-10-23 13:57:08.865207|[g:1][CONSENSUS][PBFT]checkAndChangeView: Reach consensus,org_view=45,org_changeCycle=0,cur_changeCycle=0,to_view=46
info|2019-10-23 13:57:09.870346|[g:1][CONSENSUS]addRawPrepare,height=1,reqIdx=2,hash=f7854a25...
info|2019-10-23 13:57:09.870577|[g:1][CONSENSUS][PBFT]checkTimeout Succ,view=46,toView=47,nodeIdx=0,changeCycle=0,myNode=7a0fa6e0...,timecost=0.207
info|2019-10-23 13:57:09.872432|[g:1][CONSENSUS][PBFT]checkAndChangeView: Reach consensus,org_view=46,org_changeCycle=0,cur_changeCycle=0,to_view=47
info|2019-10-23 13:57:10.876018|[g:1][CONSENSUS]addRawPrepare,height=1,reqIdx=3,hash=83893e13...
info|2019-10-23 13:57:10.876385|[g:1][CONSENSUS][PBFT]checkTimeout Succ,view=47,toView=48,nodeIdx=0,changeCycle=0,myNode=7a0fa6e0...,timecost=0.33
info|2019-10-23 13:57:10.882239|[g:1][CONSENSUS][PBFT]checkAndChangeView: Reach consensus,org_view=47,org_changeCycle=0,cur_changeCycle=0,to_view=48
info|2019-10-23 13:57:11.882847|[g:1][CONSENSUS][SEALER]++++++++++++++++ Generating seal on,blkNum=1,tx=0,nodeIdx=0,hash=f8fcb4e1...
info|2019-10-23 13:57:11.891561|[g:1][CONSENSUS][PBFT]checkTimeout Succ,view=48,toView=49,nodeIdx=0,changeCycle=0,myNode=7a0fa6e0...,timecost=0.223
info|2019-10-23 13:57:11.892584|[g:1][CONSENSUS][PBFT]checkAndChangeView: Reach consensus,org_view=48,org_changeCycle=0,cur_changeCycle=0,to_view=49
info|2019-10-23 13:57:12.306072|[P2P][Service] heartBeat,connected count=3
info|2019-10-23 13:57:12.895172|[g:1][CONSENSUS]addRawPrepare,height=1,reqIdx=1,hash=eb8a347b...
info|2019-10-23 13:57:12.895413|[g:1][CONSENSUS][PBFT]checkTimeout Succ,view=49,toView=50,nodeIdx=0,changeCycle=0,myNode=7a0fa6e0...,timecost=0.213
info|2019-10-23 13:57:12.895760|[g:1][CONSENSUS][PBFT]checkAndChangeView: Reach consensus,org_view=49,org_changeCycle=0,cur_changeCycle=0,to_view=50
info|2019-10-23 13:57:13.902839|[g:1][CONSENSUS]addRawPrepare,height=1,reqIdx=2,hash=70b9b85d...
info|2019-10-23 13:57:13.903059|[g:1][CONSENSUS][PBFT]checkTimeout Succ,view=50,toView=51,nodeIdx=0,changeCycle=0,myNode=7a0fa6e0...,timecost=0.196
info|2019-10-23 13:57:13.903826|[g:1][CONSENSUS][PBFT]checkAndChangeView: Reach consensus,org_view=50,org_changeCycle=0,cur_changeCycle=0,to_view=51
info|2019-10-23 13:57:14.907766|[g:1][CONSENSUS]addRawPrepare,height=1,reqIdx=3,hash=c0b2d12f...
info|2019-10-23 13:57:14.908012|[g:1][CONSENSUS][PBFT]checkTimeout Succ,view=51,toView=52,nodeIdx=0,changeCycle=0,myNode=7a0fa6e0...,timecost=0.222
info|2019-10-23 13:57:14.909879|[g:1][CONSENSUS][PBFT]checkAndChangeView: Reach consensus,org_view=51,org_changeCycle=0,cur_changeCycle=0,to_view=52
info|2019-10-23 13:57:15.910679|[g:1][CONSENSUS][SEALER]++++++++++++++++ Generating seal on,blkNum=1,tx=0,nodeIdx=0,hash=54093d35...
info|2019-10-23 13:57:15.919154|[g:1][CONSENSUS][PBFT]checkTimeout Succ,view=52,toView=53,nodeIdx=0,changeCycle=0,myNode=7a0fa6e0...,timecost=0.216
info|2019-10-23 13:57:15.920360|[g:1][CONSENSUS][PBFT]checkAndChangeView: Reach consensus,org_view=52,org_changeCycle=0,cur_changeCycle=0,to_view=53
info|2019-10-23 13:57:16.922287|[g:1][CONSENSUS]addRawPrepare,height=1,reqIdx=1,hash=8f98eca1...
info|2019-10-23 13:57:16.922615|[g:1][CONSENSUS][PBFT]checkTimeout Succ,view=53,toView=54,nodeIdx=0,changeCycle=0,myNode=7a0fa6e0...,timecost=0.296
info|2019-10-23 13:57:16.924216|[g:1][CONSENSUS][PBFT]checkAndChangeView: Reach consensus,org_view=53,org_changeCycle=0,cur_changeCycle=0,to_view=54
info|2019-10-23 13:57:17.927834|[g:1][CONSENSUS]addRawPrepare,height=1,reqIdx=2,hash=f11fb1cc...
info|2019-10-23 13:57:17.928069|[g:1][CONSENSUS][PBFT]checkTimeout Succ,view=54,toView=55,nodeIdx=0,changeCycle=0,myNode=7a0fa6e0...,timecost=0.21
info|2019-10-23 13:57:17.931469|[g:1][CONSENSUS][PBFT]checkAndChangeView: Reach consensus,org_view=54,org_changeCycle=0,cur_changeCycle=0,to_view=55
info|2019-10-23 13:57:18.934940|[g:1][CONSENSUS]addRawPrepare,height=1,reqIdx=3,hash=86e2d628...
info|2019-10-23 13:57:18.937892|[g:1][CONSENSUS][PBFT]checkTimeout Succ,view=55,toView=56,nodeIdx=0,changeCycle=0,myNode=7a0fa6e0...,timecost=1.093
info|2019-10-23 13:57:18.938759|[g:1][CONSENSUS][PBFT]checkAndChangeView: Reach consensus,org_view=55,org_changeCycle=0,cur_changeCycle=0,to_view=56
info|2019-10-23 13:57:19.939008|[g:1][CONSENSUS][SEALER]++++++++++++++++ Generating seal on,blkNum=1,tx=0,nodeIdx=0,hash=eca54980...
info|2019-10-23 13:57:19.947805|[g:1][CONSENSUS][PBFT]checkTimeout Succ,view=56,toView=57,nodeIdx=0,changeCycle=0,myNode=7a0fa6e0...,timecost=0.232
info|2019-10-23 13:57:19.948819|[g:1][CONSENSUS][PBFT]checkAndChangeView: Reach consensus,org_view=56,org_changeCycle=0,cur_changeCycle=0,to_view=57
info|2019-10-23 13:57:20.950100|[g:1][CONSENSUS]addRawPrepare,height=1,reqIdx=1,hash=4308ee24...
info|2019-10-23 13:57:20.950333|[g:1][CONSENSUS][PBFT]checkTimeout Succ,view=57,toView=58,nodeIdx=0,changeCycle=0,myNode=7a0fa6e0...,timecost=0.208
info|2019-10-23 13:57:20.951608|[g:1][CONSENSUS][PBFT]checkAndChangeView: Reach consensus,org_view=57,org_changeCycle=0,cur_changeCycle=0,to_view=58
info|2019-10-23 13:57:21.958382|[g:1][CONSENSUS]addRawPrepare,height=1,reqIdx=2,hash=d2f01c8c...
info|2019-10-23 13:57:21.958766|[g:1][CONSENSUS][PBFT]checkTimeout Succ,view=58,toView=59,nodeIdx=0,changeCycle=0,myNode=7a0fa6e0...,timecost=0.349
info|2019-10-23 13:57:21.960475|[g:1][CONSENSUS][PBFT]checkAndChangeView: Reach consensus,org_view=58,org_changeCycle=0,cur_changeCycle=0,to_view=59
info|2019-10-23 13:57:22.306479|[P2P][Service] heartBeat,connected count=3
info|2019-10-23 13:57:22.965380|[g:1][CONSENSUS]addRawPrepare,height=1,reqIdx=3,hash=f132adb7...
info|2019-10-23 13:57:22.965603|[g:1][CONSENSUS][PBFT]checkTimeout Succ,view=59,toView=60,nodeIdx=0,changeCycle=0,myNode=7a0fa6e0...,timecost=0.197
info|2019-10-23 13:57:22.967267|[g:1][CONSENSUS][PBFT]checkAndChangeView: Reach consensus,org_view=59,org_changeCycle=0,cur_changeCycle=0,to_view=60
info|2019-10-23 13:57:23.968152|[g:1][CONSENSUS][SEALER]++++++++++++++++ Generating seal on,blkNum=1,tx=0,nodeIdx=0,hash=ad15a227...
info|2019-10-23 13:57:23.976561|[g:1][CONSENSUS][PBFT]checkTimeout Succ,view=60,toView=61,nodeIdx=0,changeCycle=0,myNode=7a0fa6e0...,timecost=0.237
info|2019-10-23 13:57:23.977487|[g:1][CONSENSUS][PBFT]checkAndChangeView: Reach consensus,org_view=60,org_changeCycle=0,cur_changeCycle=0,to_view=61
info|2019-10-23 13:57:24.978288|[g:1][CONSENSUS]addRawPrepare,height=1,reqIdx=1,hash=eab6a897...
info|2019-10-23 13:57:24.978797|[g:1][CONSENSUS][PBFT]checkTimeout Succ,view=61,toView=62,nodeIdx=0,changeCycle=0,myNode=7a0fa6e0...,timecost=0.44
info|2019-10-23 13:57:24.982917|[g:1][CONSENSUS][PBFT]checkAndChangeView: Reach consensus,org_view=61,org_changeCycle=0,cur_changeCycle=0,to_view=62
info|2019-10-23 13:57:25.986757|[g:1][CONSENSUS]addRawPrepare,height=1,reqIdx=2,hash=3eef16d9...
info|2019-10-23 13:57:25.987205|[g:1][CONSENSUS][PBFT]checkTimeout Succ,view=62,toView=63,nodeIdx=0,changeCycle=0,myNode=7a0fa6e0...,timecost=0.409
info|2019-10-23 13:57:25.990234|[g:1][CONSENSUS][PBFT]checkAndChangeView: Reach consensus,org_view=62,org_changeCycle=0,cur_changeCycle=0,to_view=63
info|2019-10-23 13:57:26.993192|[g:1][CONSENSUS]addRawPrepare,height=1,reqIdx=3,hash=59fac090...
info|2019-10-23 13:57:26.993519|[g:1][CONSENSUS][PBFT]checkTimeout Succ,view=63,toView=64,nodeIdx=0,changeCycle=0,myNode=7a0fa6e0...,timecost=0.289
info|2019-10-23 13:57:26.996719|[g:1][CONSENSUS][PBFT]checkAndChangeView: Reach consensus,org_view=63,org_changeCycle=0,cur_changeCycle=0,to_view=64
info|2019-10-23 13:57:27.997182|[g:1][CONSENSUS][SEALER]++++++++++++++++ Generating seal on,blkNum=1,tx=0,nodeIdx=0,hash=03955e71...
info|2019-10-23 13:57:28.008727|[g:1][CONSENSUS][PBFT]checkTimeout Succ,view=64,toView=65,nodeIdx=0,changeCycle=0,myNode=7a0fa6e0...,timecost=0.22
info|2019-10-23 13:57:28.009690|[g:1][CONSENSUS][PBFT]checkAndChangeView: Reach consensus,org_view=64,org_changeCycle=0,cur_changeCycle=0,to_view=65
info|2019-10-23 13:57:29.009989|[g:1][CONSENSUS]addRawPrepare,height=1,reqIdx=1,hash=37571997...
info|2019-10-23 13:57:29.010220|[g:1][CONSENSUS][PBFT]checkTimeout Succ,view=65,toView=66,nodeIdx=0,changeCycle=0,myNode=7a0fa6e0...,timecost=0.207
info|2019-10-23 13:57:29.011649|[g:1][CONSENSUS][PBFT]checkAndChangeView: Reach consensus,org_view=65,org_changeCycle=0,cur_changeCycle=0,to_view=66
info|2019-10-23 13:57:30.019098|[g:1][CONSENSUS]addRawPrepare,height=1,reqIdx=2,hash=2edb8d21...
info|2019-10-23 13:57:30.019350|[g:1][CONSENSUS][PBFT]checkTimeout Succ,view=66,toView=67,nodeIdx=0,changeCycle=0,myNode=7a0fa6e0...,timecost=0.222
info|2019-10-23 13:57:30.020725|[g:1][CONSENSUS][PBFT]checkAndChangeView: Reach consensus,org_view=66,org_changeCycle=0,cur_changeCycle=0,to_view=67
info|2019-10-23 13:57:31.025511|[g:1][CONSENSUS]addRawPrepare,height=1,reqIdx=3,hash=7fdd1784...
info|2019-10-23 13:57:31.025733|[g:1][CONSENSUS][PBFT]checkTimeout Succ,view=67,toView=68,nodeIdx=0,changeCycle=0,myNode=7a0fa6e0...,timecost=0.197
info|2019-10-23 13:57:31.028709|[g:1][CONSENSUS][PBFT]checkAndChangeView: Reach consensus,org_view=67,org_changeCycle=0,cur_changeCycle=0,to_view=68
info|2019-10-23 13:57:32.028929|[g:1][CONSENSUS][SEALER]++++++++++++++++ Generating seal on,blkNum=1,tx=0,nodeIdx=0,hash=3d6e55bb...
info|2019-10-23 13:57:32.036327|[g:1][CONSENSUS][PBFT]checkTimeout Succ,view=68,toView=69,nodeIdx=0,changeCycle=0,myNode=7a0fa6e0...,timecost=0.214
info|2019-10-23 13:57:32.037468|[g:1][CONSENSUS][PBFT]checkAndChangeView: Reach consensus,org_view=68,org_changeCycle=0,cur_changeCycle=0,to_view=69
info|2019-10-23 13:57:32.306684|[P2P][Service] heartBeat,connected count=3
info|2019-10-23 13:57:33.039839|[g:1][CONSENSUS]addRawPrepare,height=1,reqIdx=1,hash=d20ecc67...
info|2019-10-23 13:57:33.040062|[g:1][CONSENSUS][PBFT]checkTimeout Succ,view=69,toView=70,nodeIdx=0,changeCycle=0,myNode=7a0fa6e0...,timecost=0.199
info|2019-10-23 13:57:33.042225|[g:1][CONSENSUS][PBFT]checkAndChangeView: Reach consensus,org_view=69,org_changeCycle=0,cur_changeCycle=0,to_view=70
info|2019-10-23 13:57:34.047017|[g:1][CONSENSUS]addRawPrepare,height=1,reqIdx=2,hash=38ac3ef5...
info|2019-10-23 13:57:34.047245|[g:1][CONSENSUS][PBFT]checkTimeout Succ,view=70,toView=71,nodeIdx=0,changeCycle=0,myNode=7a0fa6e0...,timecost=0.199
info|2019-10-23 13:57:34.050232|[g:1][CONSENSUS][PBFT]checkAndChangeView: Reach consensus,org_view=70,org_changeCycle=0,cur_changeCycle=0,to_view=71
info|2019-10-23 13:57:35.056298|[g:1][CONSENSUS]addRawPrepare,height=1,reqIdx=3,hash=5f444845...
info|2019-10-23 13:57:35.056591|[g:1][CONSENSUS][PBFT]checkTimeout Succ,view=71,toView=72,nodeIdx=0,changeCycle=0,myNode=7a0fa6e0...,timecost=0.264
info|2019-10-23 13:57:35.057789|[g:1][CONSENSUS][PBFT]checkAndChangeView: Reach consensus,org_view=71,org_changeCycle=0,cur_changeCycle=0,to_view=72
info|2019-10-23 13:57:36.058367|[g:1][CONSENSUS][SEALER]++++++++++++++++ Generating seal on,blkNum=1,tx=0,nodeIdx=0,hash=e655e983...
info|2019-10-23 13:57:36.066838|[g:1][CONSENSUS][PBFT]checkTimeout Succ,view=72,toView=73,nodeIdx=0,changeCycle=0,myNode=7a0fa6e0...,timecost=0.221
info|2019-10-23 13:57:36.067953|[g:1][CONSENSUS][PBFT]checkAndChangeView: Reach consensus,org_view=72,org_changeCycle=0,cur_changeCycle=0,to_view=73
info|2019-10-23 13:57:37.072444|[g:1][CONSENSUS]addRawPrepare,height=1,reqIdx=1,hash=8b1606aa...
info|2019-10-23 13:57:37.072768|[g:1][CONSENSUS][PBFT]checkTimeout Succ,view=73,toView=74,nodeIdx=0,changeCycle=0,myNode=7a0fa6e0...,timecost=0.296
info|2019-10-23 13:57:37.077143|[g:1][CONSENSUS][PBFT]checkAndChangeView: Reach consensus,org_view=73,org_changeCycle=0,cur_changeCycle=0,to_view=74
info|2019-10-23 13:57:38.088752|[g:1][CONSENSUS]addRawPrepare,height=1,reqIdx=2,hash=c97d2e3d...
info|2019-10-23 13:57:38.089021|[g:1][CONSENSUS][PBFT]checkTimeout Succ,view=74,toView=75,nodeIdx=0,changeCycle=0,myNode=7a0fa6e0...,timecost=0.234
info|2019-10-23 13:57:38.092250|[g:1][CONSENSUS][PBFT]checkAndChangeView: Reach consensus,org_view=74,org_changeCycle=0,cur_changeCycle=0,to_view=75
info|2019-10-23 13:57:39.097875|[g:1][CONSENSUS]addRawPrepare,height=1,reqIdx=3,hash=b506de20...
info|2019-10-23 13:57:39.098145|[g:1][CONSENSUS][PBFT]checkTimeout Succ,view=75,toView=76,nodeIdx=0,changeCycle=0,myNode=7a0fa6e0...,timecost=0.24
info|2019-10-23 13:57:39.100983|[g:1][CONSENSUS][PBFT]checkAndChangeView: Reach consensus,org_view=75,org_changeCycle=0,cur_changeCycle=0,to_view=76
info|2019-10-23 13:57:40.103235|[g:1][CONSENSUS][SEALER]++++++++++++++++ Generating seal on,blkNum=1,tx=0,nodeIdx=0,hash=c11ea72b...
info|2019-10-23 13:57:40.111402|[g:1][CONSENSUS][PBFT]checkTimeout Succ,view=76,toView=77,nodeIdx=0,changeCycle=0,myNode=7a0fa6e0...,timecost=0.213
info|2019-10-23 13:57:40.112415|[g:1][CONSENSUS][PBFT]checkAndChangeView: Reach consensus,org_view=76,org_changeCycle=0,cur_changeCycle=0,to_view=77
info|2019-10-23 13:57:41.116095|[g:1][CONSENSUS]addRawPrepare,height=1,reqIdx=1,hash=034be6f7...
info|2019-10-23 13:57:41.116516|[g:1][CONSENSUS][PBFT]checkTimeout Succ,view=77,toView=78,nodeIdx=0,changeCycle=0,myNode=7a0fa6e0...,timecost=0.39
info|2019-10-23 13:57:41.123484|[g:1][CONSENSUS][PBFT]checkAndChangeView: Reach consensus,org_view=77,org_changeCycle=0,cur_changeCycle=0,to_view=78
info|2019-10-23 13:57:42.133406|[g:1][CONSENSUS]addRawPrepare,height=1,reqIdx=2,hash=83db0a70...
info|2019-10-23 13:57:42.133745|[g:1][CONSENSUS][PBFT]checkTimeout Succ,view=78,toView=79,nodeIdx=0,changeCycle=0,myNode=7a0fa6e0...,timecost=0.303
info|2019-10-23 13:57:42.136598|[g:1][CONSENSUS][PBFT]checkAndChangeView: Reach consensus,org_view=78,org_changeCycle=0,cur_changeCycle=0,to_view=79
info|2019-10-23 13:57:42.307065|[P2P][Service] heartBeat,connected count=3
info|2019-10-23 13:57:43.142311|[g:1][CONSENSUS]addRawPrepare,height=1,reqIdx=3,hash=5803860f...
info|2019-10-23 13:57:43.142569|[g:1][CONSENSUS][PBFT]checkTimeout Succ,view=79,toView=80,nodeIdx=0,changeCycle=0,myNode=7a0fa6e0...,timecost=0.232
info|2019-10-23 13:57:43.144673|[g:1][CONSENSUS][PBFT]checkAndChangeView: Reach consensus,org_view=79,org_changeCycle=0,cur_changeCycle=0,to_view=80
info|2019-10-23 13:57:44.148246|[g:1][CONSENSUS][SEALER]++++++++++++++++ Generating seal on,blkNum=1,tx=0,nodeIdx=0,hash=19802b66...
info|2019-10-23 13:57:44.162211|[g:1][CONSENSUS][PBFT]checkTimeout Succ,view=80,toView=81,nodeIdx=0,changeCycle=0,myNode=7a0fa6e0...,timecost=0.493
info|2019-10-23 13:57:44.167401|[g:1][CONSENSUS][PBFT]checkAndChangeView: Reach consensus,org_view=80,org_changeCycle=0,cur_changeCycle=0,to_view=81
info|2019-10-23 13:57:45.165277|[g:1][CONSENSUS]addRawPrepare,height=1,reqIdx=1,hash=2ad04382...
info|2019-10-23 13:57:45.165611|[g:1][CONSENSUS][PBFT]checkTimeout Succ,view=81,toView=82,nodeIdx=0,changeCycle=0,myNode=7a0fa6e0...,timecost=0.3
info|2019-10-23 13:57:45.168263|[g:1][CONSENSUS][PBFT]checkAndChangeView: Reach consensus,org_view=81,org_changeCycle=0,cur_changeCycle=0,to_view=82
info|2019-10-23 13:57:46.173197|[g:1][CONSENSUS]addRawPrepare,height=1,reqIdx=2,hash=d472152f...
info|2019-10-23 13:57:46.173538|[g:1][CONSENSUS][PBFT]checkTimeout Succ,view=82,toView=83,nodeIdx=0,changeCycle=0,myNode=7a0fa6e0...,timecost=0.304
info|2019-10-23 13:57:46.177004|[g:1][CONSENSUS][PBFT]checkAndChangeView: Reach consensus,org_view=82,org_changeCycle=0,cur_changeCycle=0,to_view=83
info|2019-10-23 13:57:47.182019|[g:1][CONSENSUS]addRawPrepare,height=1,reqIdx=3,hash=87f10ba7...
info|2019-10-23 13:57:47.182274|[g:1][CONSENSUS][PBFT]checkTimeout Succ,view=83,toView=84,nodeIdx=0,changeCycle=0,myNode=7a0fa6e0...,timecost=0.225
info|2019-10-23 13:57:47.183516|[g:1][CONSENSUS][PBFT]checkAndChangeView: Reach consensus,org_view=83,org_changeCycle=0,cur_changeCycle=0,to_view=84
info|2019-10-23 13:57:48.188287|[g:1][CONSENSUS][SEALER]++++++++++++++++ Generating seal on,blkNum=1,tx=0,nodeIdx=0,hash=d093746e...
info|2019-10-23 13:57:48.208290|[g:1][CONSENSUS][PBFT]checkTimeout Succ,view=84,toView=85,nodeIdx=0,changeCycle=0,myNode=7a0fa6e0...,timecost=0.319
info|2019-10-23 13:57:48.209716|[g:1][CONSENSUS][PBFT]checkAndChangeView: Reach consensus,org_view=84,org_changeCycle=0,cur_changeCycle=0,to_view=85
info|2019-10-23 13:57:49.198948|[g:1][CONSENSUS]addRawPrepare,height=1,reqIdx=1,hash=d64bb7f1...
info|2019-10-23 13:57:49.199290|[g:1][CONSENSUS][PBFT]checkTimeout Succ,view=85,toView=86,nodeIdx=0,changeCycle=0,myNode=7a0fa6e0...,timecost=0.304
info|2019-10-23 13:57:49.202724|[g:1][CONSENSUS][PBFT]checkAndChangeView: Reach consensus,org_view=85,org_changeCycle=0,cur_changeCycle=0,to_view=86
info|2019-10-23 13:57:50.208700|[g:1][CONSENSUS]addRawPrepare,height=1,reqIdx=2,hash=988c4256...
info|2019-10-23 13:57:50.208966|[g:1][CONSENSUS][PBFT]checkTimeout Succ,view=86,toView=87,nodeIdx=0,changeCycle=0,myNode=7a0fa6e0...,timecost=0.229
info|2019-10-23 13:57:50.214158|[g:1][CONSENSUS][PBFT]checkAndChangeView: Reach consensus,org_view=86,org_changeCycle=0,cur_changeCycle=0,to_view=87
info|2019-10-23 13:57:51.221725|[g:1][CONSENSUS]addRawPrepare,height=1,reqIdx=3,hash=fdeb4588...
info|2019-10-23 13:57:51.222321|[g:1][CONSENSUS][PBFT]checkTimeout Succ,view=87,toView=88,nodeIdx=0,changeCycle=0,myNode=7a0fa6e0...,timecost=0.443
info|2019-10-23 13:57:51.224846|[g:1][CONSENSUS][PBFT]checkAndChangeView: Reach consensus,org_view=87,org_changeCycle=0,cur_changeCycle=0,to_view=88
info|2019-10-23 13:57:52.225907|[g:1][CONSENSUS][SEALER]++++++++++++++++ Generating seal on,blkNum=1,tx=0,nodeIdx=0,hash=b8d85aa0...
info|2019-10-23 13:57:52.234236|[g:1][CONSENSUS][PBFT]checkTimeout Succ,view=88,toView=89,nodeIdx=0,changeCycle=0,myNode=7a0fa6e0...,timecost=0.215
info|2019-10-23 13:57:52.235173|[g:1][CONSENSUS][PBFT]checkAndChangeView: Reach consensus,org_view=88,org_changeCycle=0,cur_changeCycle=0,to_view=89
info|2019-10-23 13:57:52.307623|[P2P][Service] heartBeat,connected count=3
info|2019-10-23 13:57:53.238663|[g:1][CONSENSUS]addRawPrepare,height=1,reqIdx=1,hash=94845e2e...
info|2019-10-23 13:57:53.238911|[g:1][CONSENSUS][PBFT]checkTimeout Succ,view=89,toView=90,nodeIdx=0,changeCycle=0,myNode=7a0fa6e0...,timecost=0.215
info|2019-10-23 13:57:53.240756|[g:1][CONSENSUS][PBFT]checkAndChangeView: Reach consensus,org_view=89,org_changeCycle=0,cur_changeCycle=0,to_view=90
info|2019-10-23 13:57:54.246750|[g:1][CONSENSUS]addRawPrepare,height=1,reqIdx=2,hash=2b791116...
info|2019-10-23 13:57:54.247100|[g:1][CONSENSUS][PBFT]checkTimeout Succ,view=90,toView=91,nodeIdx=0,changeCycle=0,myNode=7a0fa6e0...,timecost=0.317
info|2019-10-23 13:57:54.248701|[g:1][CONSENSUS][PBFT]checkAndChangeView: Reach consensus,org_view=90,org_changeCycle=0,cur_changeCycle=0,to_view=91
info|2019-10-23 13:57:55.255636|[g:1][CONSENSUS]addRawPrepare,height=1,reqIdx=3,hash=a85a6ad6...
info|2019-10-23 13:57:55.255892|[g:1][CONSENSUS][PBFT]checkTimeout Succ,view=91,toView=92,nodeIdx=0,changeCycle=0,myNode=7a0fa6e0...,timecost=0.231
info|2019-10-23 13:57:55.257056|[g:1][CONSENSUS][PBFT]checkAndChangeView: Reach consensus,org_view=91,org_changeCycle=0,cur_changeCycle=0,to_view=92
info|2019-10-23 13:57:56.257972|[g:1][CONSENSUS][SEALER]++++++++++++++++ Generating seal on,blkNum=1,tx=0,nodeIdx=0,hash=fc13d636...
info|2019-10-23 13:57:56.266396|[g:1][CONSENSUS][PBFT]checkTimeout Succ,view=92,toView=93,nodeIdx=0,changeCycle=0,myNode=7a0fa6e0...,timecost=0.216
info|2019-10-23 13:57:56.267435|[g:1][CONSENSUS][PBFT]checkAndChangeView: Reach consensus,org_view=92,org_changeCycle=0,cur_changeCycle=0,to_view=93
info|2019-10-23 13:57:57.270585|[g:1][CONSENSUS]addRawPrepare,height=1,reqIdx=1,hash=9d15e32c...
info|2019-10-23 13:57:57.270826|[g:1][CONSENSUS][PBFT]checkTimeout Succ,view=93,toView=94,nodeIdx=0,changeCycle=0,myNode=7a0fa6e0...,timecost=0.213
info|2019-10-23 13:57:57.272974|[g:1][CONSENSUS][PBFT]checkAndChangeView: Reach consensus,org_view=93,org_changeCycle=0,cur_changeCycle=0,to_view=94
info|2019-10-23 13:57:58.278666|[g:1][CONSENSUS]addRawPrepare,height=1,reqIdx=2,hash=a77c37e6...
info|2019-10-23 13:57:58.278948|[g:1][CONSENSUS][PBFT]checkTimeout Succ,view=94,toView=95,nodeIdx=0,changeCycle=0,myNode=7a0fa6e0...,timecost=0.258
info|2019-10-23 13:57:58.279856|[g:1][CONSENSUS][PBFT]checkAndChangeView: Reach consensus,org_view=94,org_changeCycle=0,cur_changeCycle=0,to_view=95
info|2019-10-23 13:57:59.288883|[g:1][CONSENSUS]addRawPrepare,height=1,reqIdx=3,hash=40c29eb0...
info|2019-10-23 13:57:59.290681|[g:1][CONSENSUS][PBFT]checkTimeout Succ,view=95,toView=96,nodeIdx=0,changeCycle=0,myNode=7a0fa6e0...,timecost=1.599
info|2019-10-23 13:57:59.291236|[g:1][CONSENSUS][PBFT]checkAndChangeView: Reach consensus,org_view=95,org_changeCycle=0,cur_changeCycle=0,to_view=96
info|2019-10-23 13:58:00.291645|[g:1][CONSENSUS][SEALER]++++++++++++++++ Generating seal on,blkNum=1,tx=0,nodeIdx=0,hash=b0142504...
info|2019-10-23 13:58:00.299756|[g:1][CONSENSUS][PBFT]checkTimeout Succ,view=96,toView=97,nodeIdx=0,changeCycle=0,myNode=7a0fa6e0...,timecost=0.267
info|2019-10-23 13:58:00.301065|[g:1][CONSENSUS][PBFT]checkAndChangeView: Reach consensus,org_view=96,org_changeCycle=0,cur_changeCycle=0,to_view=97
info|2019-10-23 13:58:01.303467|[g:1][CONSENSUS]addRawPrepare,height=1,reqIdx=1,hash=552fbf3d...
info|2019-10-23 13:58:01.303798|[g:1][CONSENSUS][PBFT]checkTimeout Succ,view=97,toView=98,nodeIdx=0,changeCycle=0,myNode=7a0fa6e0...,timecost=0.296
info|2019-10-23 13:58:01.305273|[g:1][CONSENSUS][PBFT]checkAndChangeView: Reach consensus,org_view=97,org_changeCycle=0,cur_changeCycle=0,to_view=98
info|2019-10-23 13:58:02.307998|[P2P][Service] heartBeat,connected count=3
info|2019-10-23 13:58:02.311076|[g:1][CONSENSUS]addRawPrepare,height=1,reqIdx=2,hash=dd527ef7...
info|2019-10-23 13:58:02.311400|[g:1][CONSENSUS][PBFT]checkTimeout Succ,view=98,toView=99,nodeIdx=0,changeCycle=0,myNode=7a0fa6e0...,timecost=0.287
info|2019-10-23 13:58:02.314545|[g:1][CONSENSUS][PBFT]checkAndChangeView: Reach consensus,org_view=98,org_changeCycle=0,cur_changeCycle=0,to_view=99
info|2019-10-23 13:58:03.319288|[g:1][CONSENSUS]addRawPrepare,height=1,reqIdx=3,hash=2835903d...
info|2019-10-23 13:58:03.319527|[g:1][CONSENSUS][PBFT]checkTimeout Succ,view=99,toView=100,nodeIdx=0,changeCycle=0,myNode=7a0fa6e0...,timecost=0.21
info|2019-10-23 13:58:03.321494|[g:1][CONSENSUS][PBFT]checkAndChangeView: Reach consensus,org_view=99,org_changeCycle=0,cur_changeCycle=0,to_view=100
info|2019-10-23 13:58:04.322205|[g:1][CONSENSUS][SEALER]++++++++++++++++ Generating seal on,blkNum=1,tx=0,nodeIdx=0,hash=ba0cf095...
info|2019-10-23 13:58:04.331390|[g:1][CONSENSUS][PBFT]checkTimeout Succ,view=100,toView=101,nodeIdx=0,changeCycle=0,myNode=7a0fa6e0...,timecost=0.244
info|2019-10-23 13:58:04.332358|[g:1][CONSENSUS][PBFT]checkAndChangeView: Reach consensus,org_view=100,org_changeCycle=0,cur_changeCycle=0,to_view=101
info|2019-10-23 13:58:05.333602|[g:1][CONSENSUS]addRawPrepare,height=1,reqIdx=1,hash=18a1288e...
info|2019-10-23 13:58:05.333844|[g:1][CONSENSUS][PBFT]checkTimeout Succ,view=101,toView=102,nodeIdx=0,changeCycle=0,myNode=7a0fa6e0...,timecost=0.214
info|2019-10-23 13:58:05.335490|[g:1][CONSENSUS][PBFT]checkAndChangeView: Reach consensus,org_view=101,org_changeCycle=0,cur_changeCycle=0,to_view=102
info|2019-10-23 13:58:06.339364|[g:1][CONSENSUS]addRawPrepare,height=1,reqIdx=2,hash=7dad55ec...
info|2019-10-23 13:58:06.339699|[g:1][CONSENSUS][PBFT]checkTimeout Succ,view=102,toView=103,nodeIdx=0,changeCycle=0,myNode=7a0fa6e0...,timecost=0.299
info|2019-10-23 13:58:06.342719|[g:1][CONSENSUS][PBFT]checkAndChangeView: Reach consensus,org_view=102,org_changeCycle=0,cur_changeCycle=0,to_view=103
info|2019-10-23 13:58:07.344656|[g:1][CONSENSUS]addRawPrepare,height=1,reqIdx=3,hash=e05114b4...
info|2019-10-23 13:58:07.345127|[g:1][CONSENSUS][PBFT]checkTimeout Succ,view=103,toView=104,nodeIdx=0,changeCycle=0,myNode=7a0fa6e0...,timecost=0.357
info|2019-10-23 13:58:07.350617|[g:1][CONSENSUS][PBFT]checkAndChangeView: Reach consensus,org_view=103,org_changeCycle=0,cur_changeCycle=0,to_view=104
info|2019-10-23 13:58:08.352512|[g:1][CONSENSUS][SEALER]++++++++++++++++ Generating seal on,blkNum=1,tx=0,nodeIdx=0,hash=c0271c66...
info|2019-10-23 13:58:08.363588|[g:1][CONSENSUS][PBFT]checkTimeout Succ,view=104,toView=105,nodeIdx=0,changeCycle=0,myNode=7a0fa6e0...,timecost=0.265
info|2019-10-23 13:58:08.364761|[g:1][CONSENSUS][PBFT]checkAndChangeView: Reach consensus,org_view=104,org_changeCycle=0,cur_changeCycle=0,to_view=105
info|2019-10-23 13:58:09.365411|[g:1][CONSENSUS]addRawPrepare,height=1,reqIdx=1,hash=f3e8460c...
info|2019-10-23 13:58:09.365754|[g:1][CONSENSUS][PBFT]checkTimeout Succ,view=105,toView=106,nodeIdx=0,changeCycle=0,myNode=7a0fa6e0...,timecost=0.305
info|2019-10-23 13:58:09.368815|[g:1][CONSENSUS][PBFT]checkAndChangeView: Reach consensus,org_view=105,org_changeCycle=0,cur_changeCycle=0,to_view=106
info|2019-10-23 13:58:10.373721|[g:1][CONSENSUS]addRawPrepare,height=1,reqIdx=2,hash=6b80d0bf...
info|2019-10-23 13:58:10.374137|[g:1][CONSENSUS][PBFT]checkTimeout Succ,view=106,toView=107,nodeIdx=0,changeCycle=0,myNode=7a0fa6e0...,timecost=0.389
info|2019-10-23 13:58:10.377981|[g:1][CONSENSUS][PBFT]checkAndChangeView: Reach consensus,org_view=106,org_changeCycle=0,cur_changeCycle=0,to_view=107
info|2019-10-23 13:58:11.382780|[g:1][CONSENSUS]addRawPrepare,height=1,reqIdx=3,hash=9a24c708...
info|2019-10-23 13:58:11.383007|[g:1][CONSENSUS][PBFT]checkTimeout Succ,view=107,toView=108,nodeIdx=0,changeCycle=0,myNode=7a0fa6e0...,timecost=0.201
info|2019-10-23 13:58:11.384618|[g:1][CONSENSUS][PBFT]checkAndChangeView: Reach consensus,org_view=107,org_changeCycle=0,cur_changeCycle=0,to_view=108
info|2019-10-23 13:58:12.308333|[P2P][Service] heartBeat,connected count=3
info|2019-10-23 13:58:12.385250|[g:1][CONSENSUS][SEALER]++++++++++++++++ Generating seal on,blkNum=1,tx=0,nodeIdx=0,hash=2d54a305...
info|2019-10-23 13:58:12.393883|[g:1][CONSENSUS][PBFT]checkTimeout Succ,view=108,toView=109,nodeIdx=0,changeCycle=0,myNode=7a0fa6e0...,timecost=0.214
info|2019-10-23 13:58:12.394860|[g:1][CONSENSUS][PBFT]checkAndChangeView: Reach consensus,org_view=108,org_changeCycle=0,cur_changeCycle=0,to_view=109
info|2019-10-23 13:58:13.398241|[g:1][CONSENSUS]addRawPrepare,height=1,reqIdx=1,hash=e6e1675a...
info|2019-10-23 13:58:13.398504|[g:1][CONSENSUS][PBFT]checkTimeout Succ,view=109,toView=110,nodeIdx=0,changeCycle=0,myNode=7a0fa6e0...,timecost=0.235
info|2019-10-23 13:58:13.400165|[g:1][CONSENSUS][PBFT]checkAndChangeView: Reach consensus,org_view=109,org_changeCycle=0,cur_changeCycle=0,to_view=110
info|2019-10-23 13:58:14.409233|[g:1][CONSENSUS]addRawPrepare,height=1,reqIdx=2,hash=28ea57f5...
info|2019-10-23 13:58:14.409566|[g:1][CONSENSUS][PBFT]checkTimeout Succ,view=110,toView=111,nodeIdx=0,changeCycle=0,myNode=7a0fa6e0...,timecost=0.299
info|2019-10-23 13:58:14.411109|[g:1][CONSENSUS][PBFT]checkAndChangeView: Reach consensus,org_view=110,org_changeCycle=0,cur_changeCycle=0,to_view=111
info|2019-10-23 13:58:15.416982|[g:1][CONSENSUS]addRawPrepare,height=1,reqIdx=3,hash=19638bd4...
info|2019-10-23 13:58:15.417219|[g:1][CONSENSUS][PBFT]checkTimeout Succ,view=111,toView=112,nodeIdx=0,changeCycle=0,myNode=7a0fa6e0...,timecost=0.21
info|2019-10-23 13:58:15.418342|[g:1][CONSENSUS][PBFT]checkAndChangeView: Reach consensus,org_view=111,org_changeCycle=0,cur_changeCycle=0,to_view=112
info|2019-10-23 13:58:16.418606|[g:1][CONSENSUS][SEALER]++++++++++++++++ Generating seal on,blkNum=1,tx=0,nodeIdx=0,hash=6546c744...
info|2019-10-23 13:58:16.427246|[g:1][CONSENSUS][PBFT]checkTimeout Succ,view=112,toView=113,nodeIdx=0,changeCycle=0,myNode=7a0fa6e0...,timecost=0.218
info|2019-10-23 13:58:16.428357|[g:1][CONSENSUS][PBFT]checkAndChangeView: Reach consensus,org_view=112,org_changeCycle=0,cur_changeCycle=0,to_view=113
info|2019-10-23 13:58:17.430747|[g:1][CONSENSUS]addRawPrepare,height=1,reqIdx=1,hash=78b2aae5...
info|2019-10-23 13:58:17.431128|[g:1][CONSENSUS][PBFT]checkTimeout Succ,view=113,toView=114,nodeIdx=0,changeCycle=0,myNode=7a0fa6e0...,timecost=0.345
info|2019-10-23 13:58:17.434516|[g:1][CONSENSUS][PBFT]checkAndChangeView: Reach consensus,org_view=113,org_changeCycle=0,cur_changeCycle=0,to_view=114
info|2019-10-23 13:58:18.439644|[g:1][CONSENSUS]addRawPrepare,height=1,reqIdx=2,hash=428f209b...
info|2019-10-23 13:58:18.439881|[g:1][CONSENSUS][PBFT]checkTimeout Succ,view=114,toView=115,nodeIdx=0,changeCycle=0,myNode=7a0fa6e0...,timecost=0.212
info|2019-10-23 13:58:18.442935|[g:1][CONSENSUS][PBFT]checkAndChangeView: Reach consensus,org_view=114,org_changeCycle=0,cur_changeCycle=0,to_view=115
info|2019-10-23 13:58:19.447000|[g:1][CONSENSUS]addRawPrepare,height=1,reqIdx=3,hash=adfe6653...
info|2019-10-23 13:58:19.447317|[g:1][CONSENSUS][PBFT]checkTimeout Succ,view=115,toView=116,nodeIdx=0,changeCycle=0,myNode=7a0fa6e0...,timecost=0.283
info|2019-10-23 13:58:19.449951|[g:1][CONSENSUS][PBFT]checkAndChangeView: Reach consensus,org_view=115,org_changeCycle=0,cur_changeCycle=0,to_view=116
info|2019-10-23 13:58:20.450922|[g:1][CONSENSUS][SEALER]++++++++++++++++ Generating seal on,blkNum=1,tx=0,nodeIdx=0,hash=833a2606...
info|2019-10-23 13:58:20.460321|[g:1][CONSENSUS][PBFT]checkTimeout Succ,view=116,toView=117,nodeIdx=0,changeCycle=0,myNode=7a0fa6e0...,timecost=0.218
info|2019-10-23 13:58:20.461380|[g:1][CONSENSUS][PBFT]checkAndChangeView: Reach consensus,org_view=116,org_changeCycle=0,cur_changeCycle=0,to_view=117
info|2019-10-23 13:58:21.462956|[g:1][CONSENSUS]addRawPrepare,height=1,reqIdx=1,hash=52568bb2...
info|2019-10-23 13:58:21.463295|[g:1][CONSENSUS][PBFT]checkTimeout Succ,view=117,toView=118,nodeIdx=0,changeCycle=0,myNode=7a0fa6e0...,timecost=0.303
info|2019-10-23 13:58:21.466068|[g:1][CONSENSUS][PBFT]checkAndChangeView: Reach consensus,org_view=117,org_changeCycle=0,cur_changeCycle=0,to_view=118
info|2019-10-23 13:58:22.308554|[P2P][Service] heartBeat,connected count=3
info|2019-10-23 13:58:22.474161|[g:1][CONSENSUS]addRawPrepare,height=1,reqIdx=2,hash=244583bd...
info|2019-10-23 13:58:22.474426|[g:1][CONSENSUS][PBFT]checkTimeout Succ,view=118,toView=119,nodeIdx=0,changeCycle=0,myNode=7a0fa6e0...,timecost=0.234
info|2019-10-23 13:58:22.475932|[g:1][CONSENSUS][PBFT]checkAndChangeView: Reach consensus,org_view=118,org_changeCycle=0,cur_changeCycle=0,to_view=119
info|2019-10-23 13:58:23.483563|[g:1][CONSENSUS]addRawPrepare,height=1,reqIdx=3,hash=59dbeafb...
info|2019-10-23 13:58:23.483829|[g:1][CONSENSUS][PBFT]checkTimeout Succ,view=119,toView=120,nodeIdx=0,changeCycle=0,myNode=7a0fa6e0...,timecost=0.228
info|2019-10-23 13:58:23.485310|[g:1][CONSENSUS][PBFT]checkAndChangeView: Reach consensus,org_view=119,org_changeCycle=0,cur_changeCycle=0,to_view=120
info|2019-10-23 13:58:24.486477|[g:1][CONSENSUS][SEALER]++++++++++++++++ Generating seal on,blkNum=1,tx=0,nodeIdx=0,hash=fea03be0...
info|2019-10-23 13:58:24.494882|[g:1][CONSENSUS][PBFT]checkTimeout Succ,view=120,toView=121,nodeIdx=0,changeCycle=0,myNode=7a0fa6e0...,timecost=0.226
info|2019-10-23 13:58:24.496306|[g:1][CONSENSUS][PBFT]checkAndChangeView: Reach consensus,org_view=120,org_changeCycle=0,cur_changeCycle=0,to_view=121
info|2019-10-23 13:58:25.497686|[g:1][CONSENSUS]addRawPrepare,height=1,reqIdx=1,hash=115447f2...
info|2019-10-23 13:58:25.498068|[g:1][CONSENSUS][PBFT]checkTimeout Succ,view=121,toView=122,nodeIdx=0,changeCycle=0,myNode=7a0fa6e0...,timecost=0.332
info|2019-10-23 13:58:25.500895|[g:1][CONSENSUS][PBFT]checkAndChangeView: Reach consensus,org_view=121,org_changeCycle=0,cur_changeCycle=0,to_view=122
info|2019-10-23 13:58:26.505842|[g:1][CONSENSUS]addRawPrepare,height=1,reqIdx=2,hash=337d8379...
info|2019-10-23 13:58:26.506217|[g:1][CONSENSUS][PBFT]checkTimeout Succ,view=122,toView=123,nodeIdx=0,changeCycle=0,myNode=7a0fa6e0...,timecost=0.324
info|2019-10-23 13:58:26.508470|[g:1][CONSENSUS][PBFT]checkAndChangeView: Reach consensus,org_view=122,org_changeCycle=0,cur_changeCycle=0,to_view=123
info|2019-10-23 13:58:27.512469|[g:1][CONSENSUS]addRawPrepare,height=1,reqIdx=3,hash=6a8854f0...
info|2019-10-23 13:58:27.512800|[g:1][CONSENSUS][PBFT]checkTimeout Succ,view=123,toView=124,nodeIdx=0,changeCycle=0,myNode=7a0fa6e0...,timecost=0.227
info|2019-10-23 13:58:27.515772|[g:1][CONSENSUS][PBFT]checkAndChangeView: Reach consensus,org_view=123,org_changeCycle=0,cur_changeCycle=0,to_view=124
info|2019-10-23 13:58:28.516535|[g:1][CONSENSUS][SEALER]++++++++++++++++ Generating seal on,blkNum=1,tx=0,nodeIdx=0,hash=37f163a5...
info|2019-10-23 13:58:28.526934|[g:1][CONSENSUS][PBFT]checkTimeout Succ,view=124,toView=125,nodeIdx=0,changeCycle=0,myNode=7a0fa6e0...,timecost=0.216
info|2019-10-23 13:58:28.527791|[g:1][CONSENSUS][PBFT]checkAndChangeView: Reach consensus,org_view=124,org_changeCycle=0,cur_changeCycle=0,to_view=125
info|2019-10-23 13:58:29.530188|[g:1][CONSENSUS]addRawPrepare,height=1,reqIdx=1,hash=ec70afac...
info|2019-10-23 13:58:29.530439|[g:1][CONSENSUS][PBFT]checkTimeout Succ,view=125,toView=126,nodeIdx=0,changeCycle=0,myNode=7a0fa6e0...,timecost=0.218
info|2019-10-23 13:58:29.532176|[g:1][CONSENSUS][PBFT]checkAndChangeView: Reach consensus,org_view=125,org_changeCycle=0,cur_changeCycle=0,to_view=126
info|2019-10-23 13:58:30.535904|[g:1][CONSENSUS]addRawPrepare,height=1,reqIdx=2,hash=bd82f80b...
info|2019-10-23 13:58:30.536321|[g:1][CONSENSUS][PBFT]checkTimeout Succ,view=126,toView=127,nodeIdx=0,changeCycle=0,myNode=7a0fa6e0...,timecost=0.374
info|2019-10-23 13:58:30.542974|[g:1][CONSENSUS][PBFT]checkAndChangeView: Reach consensus,org_view=126,org_changeCycle=0,cur_changeCycle=0,to_view=127
info|2019-10-23 13:58:31.546163|[g:1][CONSENSUS]addRawPrepare,height=1,reqIdx=3,hash=ab5dc236...
info|2019-10-23 13:58:31.546412|[g:1][CONSENSUS][PBFT]checkTimeout Succ,view=127,toView=128,nodeIdx=0,changeCycle=0,myNode=7a0fa6e0...,timecost=0.219
info|2019-10-23 13:58:31.554167|[g:1][CONSENSUS][PBFT]checkAndChangeView: Reach consensus,org_view=127,org_changeCycle=0,cur_changeCycle=0,to_view=128
info|2019-10-23 13:58:32.308658|[P2P][Service] heartBeat,connected count=3
info|2019-10-23 13:58:32.555438|[g:1][CONSENSUS][SEALER]++++++++++++++++ Generating seal on,blkNum=1,tx=0,nodeIdx=0,hash=0d7a69eb...
info|2019-10-23 13:58:32.563783|[g:1][CONSENSUS][PBFT]checkTimeout Succ,view=128,toView=129,nodeIdx=0,changeCycle=0,myNode=7a0fa6e0...,timecost=0.302
info|2019-10-23 13:58:32.564645|[g:1][CONSENSUS][PBFT]checkAndChangeView: Reach consensus,org_view=128,org_changeCycle=0,cur_changeCycle=0,to_view=129
info|2019-10-23 13:58:33.567232|[g:1][CONSENSUS]addRawPrepare,height=1,reqIdx=1,hash=417a9221...
info|2019-10-23 13:58:33.567512|[g:1][CONSENSUS][PBFT]checkTimeout Succ,view=129,toView=130,nodeIdx=0,changeCycle=0,myNode=7a0fa6e0...,timecost=0.251
info|2019-10-23 13:58:33.569767|[g:1][CONSENSUS][PBFT]checkAndChangeView: Reach consensus,org_view=129,org_changeCycle=0,cur_changeCycle=0,to_view=130
info|2019-10-23 13:58:34.575388|[g:1][CONSENSUS]addRawPrepare,height=1,reqIdx=2,hash=3a224654...
info|2019-10-23 13:58:34.575661|[g:1][CONSENSUS][PBFT]checkTimeout Succ,view=130,toView=131,nodeIdx=0,changeCycle=0,myNode=7a0fa6e0...,timecost=0.239
info|2019-10-23 13:58:34.584070|[g:1][CONSENSUS][PBFT]checkAndChangeView: Reach consensus,org_view=130,org_changeCycle=0,cur_changeCycle=0,to_view=131
info|2019-10-23 13:58:35.588989|[g:1][CONSENSUS]addRawPrepare,height=1,reqIdx=3,hash=3f13b033...
info|2019-10-23 13:58:35.589214|[g:1][CONSENSUS][PBFT]checkTimeout Succ,view=131,toView=132,nodeIdx=0,changeCycle=0,myNode=7a0fa6e0...,timecost=0.2
info|2019-10-23 13:58:35.592096|[g:1][CONSENSUS][PBFT]checkAndChangeView: Reach consensus,org_view=131,org_changeCycle=0,cur_changeCycle=0,to_view=132
info|2019-10-23 13:58:36.592262|[g:1][CONSENSUS][SEALER]++++++++++++++++ Generating seal on,blkNum=1,tx=0,nodeIdx=0,hash=f946a860...
info|2019-10-23 13:58:36.600939|[g:1][CONSENSUS][PBFT]checkTimeout Succ,view=132,toView=133,nodeIdx=0,changeCycle=0,myNode=7a0fa6e0...,timecost=0.236
info|2019-10-23 13:58:36.601916|[g:1][CONSENSUS][PBFT]checkAndChangeView: Reach consensus,org_view=132,org_changeCycle=0,cur_changeCycle=0,to_view=133
info|2019-10-23 13:58:37.602872|[g:1][CONSENSUS]addRawPrepare,height=1,reqIdx=1,hash=a05c45d8...
info|2019-10-23 13:58:37.603109|[g:1][CONSENSUS][PBFT]checkTimeout Succ,view=133,toView=134,nodeIdx=0,changeCycle=0,myNode=7a0fa6e0...,timecost=0.21
info|2019-10-23 13:58:37.604233|[g:1][CONSENSUS][PBFT]checkAndChangeView: Reach consensus,org_view=133,org_changeCycle=0,cur_changeCycle=0,to_view=134
info|2019-10-23 13:58:38.609602|[g:1][CONSENSUS]addRawPrepare,height=1,reqIdx=2,hash=7e467c34...
info|2019-10-23 13:58:38.609942|[g:1][CONSENSUS][PBFT]checkTimeout Succ,view=134,toView=135,nodeIdx=0,changeCycle=0,myNode=7a0fa6e0...,timecost=0.225
info|2019-10-23 13:58:38.624338|[g:1][CONSENSUS][PBFT]checkAndChangeView: Reach consensus,org_view=134,org_changeCycle=0,cur_changeCycle=0,to_view=135
info|2019-10-23 13:58:39.626259|[g:1][CONSENSUS]addRawPrepare,height=1,reqIdx=3,hash=d901220a...
info|2019-10-23 13:58:39.626671|[g:1][CONSENSUS][PBFT]checkTimeout Succ,view=135,toView=136,nodeIdx=0,changeCycle=0,myNode=7a0fa6e0...,timecost=0.361
info|2019-10-23 13:58:39.630262|[g:1][CONSENSUS][PBFT]checkAndChangeView: Reach consensus,org_view=135,org_changeCycle=0,cur_changeCycle=0,to_view=136
info|2019-10-23 13:58:40.630218|[g:1][CONSENSUS][SEALER]++++++++++++++++ Generating seal on,blkNum=1,tx=0,nodeIdx=0,hash=686e6c3a...
info|2019-10-23 13:58:40.637745|[g:1][CONSENSUS][PBFT]checkTimeout Succ,view=136,toView=137,nodeIdx=0,changeCycle=0,myNode=7a0fa6e0...,timecost=0.216
info|2019-10-23 13:58:40.638629|[g:1][CONSENSUS][PBFT]checkAndChangeView: Reach consensus,org_view=136,org_changeCycle=0,cur_changeCycle=0,to_view=137
info|2019-10-23 13:58:41.640815|[g:1][CONSENSUS]addRawPrepare,height=1,reqIdx=1,hash=ffe1b9a3...
info|2019-10-23 13:58:41.641062|[g:1][CONSENSUS][PBFT]checkTimeout Succ,view=137,toView=138,nodeIdx=0,changeCycle=0,myNode=7a0fa6e0...,timecost=0.22
info|2019-10-23 13:58:41.644423|[g:1][CONSENSUS][PBFT]checkAndChangeView: Reach consensus,org_view=137,org_changeCycle=0,cur_changeCycle=0,to_view=138
info|2019-10-23 13:58:42.308893|[P2P][Service] heartBeat,connected count=3
info|2019-10-23 13:58:42.649443|[g:1][CONSENSUS]addRawPrepare,height=1,reqIdx=2,hash=316e530c...
info|2019-10-23 13:58:42.649775|[g:1][CONSENSUS][PBFT]checkTimeout Succ,view=138,toView=139,nodeIdx=0,changeCycle=0,myNode=7a0fa6e0...,timecost=0.298
info|2019-10-23 13:58:42.651642|[g:1][CONSENSUS][PBFT]checkAndChangeView: Reach consensus,org_view=138,org_changeCycle=0,cur_changeCycle=0,to_view=139
info|2019-10-23 13:58:43.657503|[g:1][CONSENSUS]addRawPrepare,height=1,reqIdx=3,hash=519f29be...
info|2019-10-23 13:58:43.657791|[g:1][CONSENSUS][PBFT]checkTimeout Succ,view=139,toView=140,nodeIdx=0,changeCycle=0,myNode=7a0fa6e0...,timecost=0.261
info|2019-10-23 13:58:43.661932|[g:1][CONSENSUS][PBFT]checkAndChangeView: Reach consensus,org_view=139,org_changeCycle=0,cur_changeCycle=0,to_view=140
info|2019-10-23 13:58:44.663045|[g:1][CONSENSUS][SEALER]++++++++++++++++ Generating seal on,blkNum=1,tx=0,nodeIdx=0,hash=624c88e7...
info|2019-10-23 13:58:44.670787|[g:1][CONSENSUS][PBFT]checkTimeout Succ,view=140,toView=141,nodeIdx=0,changeCycle=0,myNode=7a0fa6e0...,timecost=0.216
info|2019-10-23 13:58:44.671646|[g:1][CONSENSUS][PBFT]checkAndChangeView: Reach consensus,org_view=140,org_changeCycle=0,cur_changeCycle=0,to_view=141
info|2019-10-23 13:58:45.672822|[g:1][CONSENSUS]addRawPrepare,height=1,reqIdx=1,hash=3473de49...
info|2019-10-23 13:58:45.673161|[g:1][CONSENSUS][PBFT]checkTimeout Succ,view=141,toView=142,nodeIdx=0,changeCycle=0,myNode=7a0fa6e0...,timecost=0.302
info|2019-10-23 13:58:45.676836|[g:1][CONSENSUS][PBFT]checkAndChangeView: Reach consensus,org_view=141,org_changeCycle=0,cur_changeCycle=0,to_view=142
info|2019-10-23 13:58:46.683336|[g:1][CONSENSUS]addRawPrepare,height=1,reqIdx=2,hash=9270aa07...
info|2019-10-23 13:58:46.686133|[g:1][CONSENSUS][PBFT]checkTimeout Succ,view=142,toView=143,nodeIdx=0,changeCycle=0,myNode=7a0fa6e0...,timecost=1.056
info|2019-10-23 13:58:46.687461|[g:1][CONSENSUS][PBFT]checkAndChangeView: Reach consensus,org_view=142,org_changeCycle=0,cur_changeCycle=0,to_view=143
info|2019-10-23 13:58:47.692229|[g:1][CONSENSUS]addRawPrepare,height=1,reqIdx=3,hash=2457badd...
info|2019-10-23 13:58:47.692589|[g:1][CONSENSUS][PBFT]checkTimeout Succ,view=143,toView=144,nodeIdx=0,changeCycle=0,myNode=7a0fa6e0...,timecost=0.322
info|2019-10-23 13:58:47.695734|[g:1][CONSENSUS][PBFT]checkAndChangeView: Reach consensus,org_view=143,org_changeCycle=0,cur_changeCycle=0,to_view=144
info|2019-10-23 13:58:48.696803|[g:1][CONSENSUS][SEALER]++++++++++++++++ Generating seal on,blkNum=1,tx=0,nodeIdx=0,hash=92ef5025...
info|2019-10-23 13:58:48.706670|[g:1][CONSENSUS][PBFT]checkTimeout Succ,view=144,toView=145,nodeIdx=0,changeCycle=0,myNode=7a0fa6e0...,timecost=0.269
info|2019-10-23 13:58:48.707887|[g:1][CONSENSUS][PBFT]checkAndChangeView: Reach consensus,org_view=144,org_changeCycle=0,cur_changeCycle=0,to_view=145
info|2019-10-23 13:58:49.710569|[g:1][CONSENSUS]addRawPrepare,height=1,reqIdx=1,hash=e2eb00b6...
info|2019-10-23 13:58:49.710900|[g:1][CONSENSUS][PBFT]checkTimeout Succ,view=145,toView=146,nodeIdx=0,changeCycle=0,myNode=7a0fa6e0...,timecost=0.298
info|2019-10-23 13:58:49.712441|[g:1][CONSENSUS][PBFT]checkAndChangeView: Reach consensus,org_view=145,org_changeCycle=0,cur_changeCycle=0,to_view=146
info|2019-10-23 13:58:50.719156|[g:1][CONSENSUS]addRawPrepare,height=1,reqIdx=2,hash=bd99e517...
info|2019-10-23 13:58:50.719489|[g:1][CONSENSUS][PBFT]checkTimeout Succ,view=146,toView=147,nodeIdx=0,changeCycle=0,myNode=7a0fa6e0...,timecost=0.299
info|2019-10-23 13:58:50.721444|[g:1][CONSENSUS][PBFT]checkAndChangeView: Reach consensus,org_view=146,org_changeCycle=0,cur_changeCycle=0,to_view=147
info|2019-10-23 13:58:51.727155|[g:1][CONSENSUS]addRawPrepare,height=1,reqIdx=3,hash=9f62041c...
info|2019-10-23 13:58:51.727387|[g:1][CONSENSUS][PBFT]checkTimeout Succ,view=147,toView=148,nodeIdx=0,changeCycle=0,myNode=7a0fa6e0...,timecost=0.208
info|2019-10-23 13:58:51.728475|[g:1][CONSENSUS][PBFT]checkAndChangeView: Reach consensus,org_view=147,org_changeCycle=0,cur_changeCycle=0,to_view=148
info|2019-10-23 13:58:52.309010|[P2P][Service] heartBeat,connected count=3
info|2019-10-23 13:58:52.728699|[g:1][CONSENSUS][SEALER]++++++++++++++++ Generating seal on,blkNum=1,tx=0,nodeIdx=0,hash=fead23e4...
info|2019-10-23 13:58:52.737495|[g:1][CONSENSUS][PBFT]checkTimeout Succ,view=148,toView=149,nodeIdx=0,changeCycle=0,myNode=7a0fa6e0...,timecost=0.222
info|2019-10-23 13:58:52.738606|[g:1][CONSENSUS][PBFT]checkAndChangeView: Reach consensus,org_view=148,org_changeCycle=0,cur_changeCycle=0,to_view=149
info|2019-10-23 13:58:53.740966|[g:1][CONSENSUS]addRawPrepare,height=1,reqIdx=1,hash=2ada1be2...
info|2019-10-23 13:58:53.744143|[g:1][CONSENSUS][PBFT]checkTimeout Succ,view=149,toView=150,nodeIdx=0,changeCycle=0,myNode=7a0fa6e0...,timecost=3.124
info|2019-10-23 13:58:53.745754|[g:1][CONSENSUS][PBFT]checkAndChangeView: Reach consensus,org_view=149,org_changeCycle=0,cur_changeCycle=0,to_view=150
info|2019-10-23 13:58:54.750000|[g:1][CONSENSUS]addRawPrepare,height=1,reqIdx=2,hash=d66e7b87...
info|2019-10-23 13:58:54.750342|[g:1][CONSENSUS][PBFT]checkTimeout Succ,view=150,toView=151,nodeIdx=0,changeCycle=0,myNode=7a0fa6e0...,timecost=0.317
info|2019-10-23 13:58:54.753996|[g:1][CONSENSUS][PBFT]checkAndChangeView: Reach consensus,org_view=150,org_changeCycle=0,cur_changeCycle=0,to_view=151
info|2019-10-23 13:58:55.757643|[g:1][CONSENSUS]addRawPrepare,height=1,reqIdx=3,hash=890d0546...
info|2019-10-23 13:58:55.760232|[g:1][CONSENSUS][PBFT]checkTimeout Succ,view=151,toView=152,nodeIdx=0,changeCycle=0,myNode=7a0fa6e0...,timecost=2.477
info|2019-10-23 13:58:55.760706|[g:1][CONSENSUS][PBFT]checkAndChangeView: Reach consensus,org_view=151,org_changeCycle=0,cur_changeCycle=0,to_view=152
info|2019-10-23 13:58:56.761167|[g:1][CONSENSUS][SEALER]++++++++++++++++ Generating seal on,blkNum=1,tx=0,nodeIdx=0,hash=62536630...
info|2019-10-23 13:58:56.771390|[g:1][CONSENSUS][PBFT]checkTimeout Succ,view=152,toView=153,nodeIdx=0,changeCycle=0,myNode=7a0fa6e0...,timecost=0.317
info|2019-10-23 13:58:56.779579|[g:1][CONSENSUS][PBFT]checkAndChangeView: Reach consensus,org_view=152,org_changeCycle=0,cur_changeCycle=0,to_view=153
info|2019-10-23 13:58:57.773548|[g:1][CONSENSUS]addRawPrepare,height=1,reqIdx=1,hash=85182049...
info|2019-10-23 13:58:57.773789|[g:1][CONSENSUS][PBFT]checkTimeout Succ,view=153,toView=154,nodeIdx=0,changeCycle=0,myNode=7a0fa6e0...,timecost=0.212
info|2019-10-23 13:58:57.775005|[g:1][CONSENSUS][PBFT]checkAndChangeView: Reach consensus,org_view=153,org_changeCycle=0,cur_changeCycle=0,to_view=154
info|2019-10-23 13:58:58.782877|[g:1][CONSENSUS]addRawPrepare,height=1,reqIdx=2,hash=d1f0149b...
info|2019-10-23 13:58:58.787379|[g:1][CONSENSUS][PBFT]checkTimeout Succ,view=154,toView=155,nodeIdx=0,changeCycle=0,myNode=7a0fa6e0...,timecost=2.538
info|2019-10-23 13:58:58.787864|[g:1][CONSENSUS][PBFT]checkAndChangeView: Reach consensus,org_view=154,org_changeCycle=0,cur_changeCycle=0,to_view=155
info|2019-10-23 13:58:59.791338|[g:1][CONSENSUS]addRawPrepare,height=1,reqIdx=3,hash=1364def1...
info|2019-10-23 13:58:59.791684|[g:1][CONSENSUS][PBFT]checkTimeout Succ,view=155,toView=156,nodeIdx=0,changeCycle=0,myNode=7a0fa6e0...,timecost=0.305
info|2019-10-23 13:58:59.795512|[g:1][CONSENSUS][PBFT]checkAndChangeView: Reach consensus,org_view=155,org_changeCycle=0,cur_changeCycle=0,to_view=156
info|2019-10-23 13:59:00.795326|[g:1][CONSENSUS][SEALER]++++++++++++++++ Generating seal on,blkNum=1,tx=0,nodeIdx=0,hash=58e81f9a...
info|2019-10-23 13:59:00.803487|[g:1][CONSENSUS][PBFT]checkTimeout Succ,view=156,toView=157,nodeIdx=0,changeCycle=0,myNode=7a0fa6e0...,timecost=0.2
info|2019-10-23 13:59:00.804140|[g:1][CONSENSUS][PBFT]checkAndChangeView: Reach consensus,org_view=156,org_changeCycle=0,cur_changeCycle=0,to_view=157
info|2019-10-23 13:59:01.807060|[g:1][CONSENSUS]addRawPrepare,height=1,reqIdx=1,hash=a85e54e5...
info|2019-10-23 13:59:01.808595|[g:1][CONSENSUS][PBFT]checkTimeout Succ,view=157,toView=158,nodeIdx=0,changeCycle=0,myNode=7a0fa6e0...,timecost=1.455
info|2019-10-23 13:59:01.813117|[g:1][CONSENSUS][PBFT]checkAndChangeView: Reach consensus,org_view=157,org_changeCycle=0,cur_changeCycle=0,to_view=158
info|2019-10-23 13:59:02.309314|[P2P][Service] heartBeat,connected count=3
info|2019-10-23 13:59:02.815709|[g:1][CONSENSUS]addRawPrepare,height=1,reqIdx=2,hash=c952899b...
info|2019-10-23 13:59:02.815948|[g:1][CONSENSUS][PBFT]checkTimeout Succ,view=158,toView=159,nodeIdx=0,changeCycle=0,myNode=7a0fa6e0...,timecost=0.21
info|2019-10-23 13:59:02.816373|[g:1][CONSENSUS][PBFT]checkAndChangeView: Reach consensus,org_view=158,org_changeCycle=0,cur_changeCycle=0,to_view=159
info|2019-10-23 13:59:03.825134|[g:1][CONSENSUS]addRawPrepare,height=1,reqIdx=3,hash=1a415b8c...
info|2019-10-23 13:59:03.825368|[g:1][CONSENSUS][PBFT]checkTimeout Succ,view=159,toView=160,nodeIdx=0,changeCycle=0,myNode=7a0fa6e0...,timecost=0.209
info|2019-10-23 13:59:03.828691|[g:1][CONSENSUS][PBFT]checkAndChangeView: Reach consensus,org_view=159,org_changeCycle=0,cur_changeCycle=0,to_view=160
info|2019-10-23 13:59:04.828825|[g:1][CONSENSUS][SEALER]++++++++++++++++ Generating seal on,blkNum=1,tx=0,nodeIdx=0,hash=c95443a2...
info|2019-10-23 13:59:04.837727|[g:1][CONSENSUS][PBFT]checkTimeout Succ,view=160,toView=161,nodeIdx=0,changeCycle=0,myNode=7a0fa6e0...,timecost=0.217
info|2019-10-23 13:59:04.838725|[g:1][CONSENSUS][PBFT]checkAndChangeView: Reach consensus,org_view=160,org_changeCycle=0,cur_changeCycle=0,to_view=161
info|2019-10-23 13:59:05.839924|[g:1][CONSENSUS]addRawPrepare,height=1,reqIdx=1,hash=ab7a90f1...
info|2019-10-23 13:59:05.840329|[g:1][CONSENSUS][PBFT]checkTimeout Succ,view=161,toView=162,nodeIdx=0,changeCycle=0,myNode=7a0fa6e0...,timecost=0.362
info|2019-10-23 13:59:05.843968|[g:1][CONSENSUS][PBFT]checkAndChangeView: Reach consensus,org_view=161,org_changeCycle=0,cur_changeCycle=0,to_view=162
info|2019-10-23 13:59:06.849417|[g:1][CONSENSUS]addRawPrepare,height=1,reqIdx=2,hash=420a9700...
info|2019-10-23 13:59:06.849640|[g:1][CONSENSUS][PBFT]checkTimeout Succ,view=162,toView=163,nodeIdx=0,changeCycle=0,myNode=7a0fa6e0...,timecost=0.198
info|2019-10-23 13:59:06.850567|[g:1][CONSENSUS][PBFT]checkAndChangeView: Reach consensus,org_view=162,org_changeCycle=0,cur_changeCycle=0,to_view=163
info|2019-10-23 13:59:07.856808|[g:1][CONSENSUS][PBFT]Trigger fast-viewchange,view=163,toView=163,minView=164,INFO=,reqNum=0,curNum=0,GenIdx=1,Cview=164,view=163,fromIdx=1,fromNode=b96a351b...,fromIp=127.0.0.1:30303,hash=cdaccf2a...,nodeIdx=0,myNode=7a0fa6e0...
info|2019-10-23 13:59:07.857062|[g:1][CONSENSUS][PBFT]checkAndChangeView: Reach consensus,org_view=163,org_changeCycle=0,cur_changeCycle=0,to_view=164
info|2019-10-23 13:59:07.857068|[g:1][CONSENSUS][PBFT]checkTimeout Succ,view=164,toView=164,nodeIdx=0,changeCycle=0,myNode=7a0fa6e0...,timecost=0.204
info|2019-10-23 13:59:08.858178|[g:1][CONSENSUS][SEALER]++++++++++++++++ Generating seal on,blkNum=1,tx=0,nodeIdx=0,hash=31be38fb...
info|2019-10-23 13:59:08.867725|[g:1][CONSENSUS][PBFT]checkTimeout Succ,view=164,toView=165,nodeIdx=0,changeCycle=0,myNode=7a0fa6e0...,timecost=0.215
info|2019-10-23 13:59:08.869536|[g:1][CONSENSUS][PBFT]checkAndChangeView: Reach consensus,org_view=164,org_changeCycle=0,cur_changeCycle=0,to_view=165
info|2019-10-23 13:59:09.871016|[g:1][CONSENSUS]addRawPrepare,height=1,reqIdx=1,hash=24800ddf...
info|2019-10-23 13:59:09.871330|[g:1][CONSENSUS][PBFT]checkTimeout Succ,view=165,toView=166,nodeIdx=0,changeCycle=0,myNode=7a0fa6e0...,timecost=0.221
info|2019-10-23 13:59:09.874487|[g:1][CONSENSUS][PBFT]checkAndChangeView: Reach consensus,org_view=165,org_changeCycle=0,cur_changeCycle=0,to_view=166
info|2019-10-23 13:59:10.878597|[g:1][CONSENSUS]addRawPrepare,height=1,reqIdx=2,hash=648ba0e2...
info|2019-10-23 13:59:10.878935|[g:1][CONSENSUS][PBFT]checkTimeout Succ,view=166,toView=167,nodeIdx=0,changeCycle=0,myNode=7a0fa6e0...,timecost=0.302
info|2019-10-23 13:59:10.882282|[g:1][CONSENSUS][PBFT]checkAndChangeView: Reach consensus,org_view=166,org_changeCycle=0,cur_changeCycle=0,to_view=167
info|2019-10-23 13:59:11.887245|[g:1][CONSENSUS]addRawPrepare,height=1,reqIdx=3,hash=35b8a62e...
info|2019-10-23 13:59:11.887483|[g:1][CONSENSUS][PBFT]checkTimeout Succ,view=167,toView=168,nodeIdx=0,changeCycle=0,myNode=7a0fa6e0...,timecost=0.21
info|2019-10-23 13:59:11.889319|[g:1][CONSENSUS][PBFT]checkAndChangeView: Reach consensus,org_view=167,org_changeCycle=0,cur_changeCycle=0,to_view=168
info|2019-10-23 13:59:12.309505|[P2P][Service] heartBeat,connected count=3
info|2019-10-23 13:59:12.889511|[g:1][CONSENSUS][SEALER]++++++++++++++++ Generating seal on,blkNum=1,tx=0,nodeIdx=0,hash=63d79054...
info|2019-10-23 13:59:12.897773|[g:1][CONSENSUS][PBFT]checkTimeout Succ,view=168,toView=169,nodeIdx=0,changeCycle=0,myNode=7a0fa6e0...,timecost=0.243
info|2019-10-23 13:59:12.899273|[g:1][CONSENSUS][PBFT]checkAndChangeView: Reach consensus,org_view=168,org_changeCycle=0,cur_changeCycle=0,to_view=169
info|2019-10-23 13:59:13.903953|[g:1][CONSENSUS]addRawPrepare,height=1,reqIdx=1,hash=dbfb06c3...
info|2019-10-23 13:59:13.904187|[g:1][CONSENSUS][PBFT]checkTimeout Succ,view=169,toView=170,nodeIdx=0,changeCycle=0,myNode=7a0fa6e0...,timecost=0.207
info|2019-10-23 13:59:13.904495|[g:1][CONSENSUS][PBFT]checkAndChangeView: Reach consensus,org_view=169,org_changeCycle=0,cur_changeCycle=0,to_view=170
info|2019-10-23 13:59:14.910257|[g:1][CONSENSUS]addRawPrepare,height=1,reqIdx=2,hash=c0557f83...
info|2019-10-23 13:59:14.910581|[g:1][CONSENSUS][PBFT]checkTimeout Succ,view=170,toView=171,nodeIdx=0,changeCycle=0,myNode=7a0fa6e0...,timecost=0.288
info|2019-10-23 13:59:14.913965|[g:1][CONSENSUS][PBFT]checkAndChangeView: Reach consensus,org_view=170,org_changeCycle=0,cur_changeCycle=0,to_view=171
info|2019-10-23 13:59:15.916367|[g:1][CONSENSUS]addRawPrepare,height=1,reqIdx=3,hash=4b09e4d5...
info|2019-10-23 13:59:15.916596|[g:1][CONSENSUS][PBFT]checkTimeout Succ,view=171,toView=172,nodeIdx=0,changeCycle=0,myNode=7a0fa6e0...,timecost=0.202
info|2019-10-23 13:59:15.918022|[g:1][CONSENSUS][PBFT]checkAndChangeView: Reach consensus,org_view=171,org_changeCycle=0,cur_changeCycle=0,to_view=172
info|2019-10-23 13:59:16.918480|[g:1][CONSENSUS][SEALER]++++++++++++++++ Generating seal on,blkNum=1,tx=0,nodeIdx=0,hash=a034f13f...
info|2019-10-23 13:59:16.927623|[g:1][CONSENSUS][PBFT]checkTimeout Succ,view=172,toView=173,nodeIdx=0,changeCycle=0,myNode=7a0fa6e0...,timecost=0.222
info|2019-10-23 13:59:16.928604|[g:1][CONSENSUS][PBFT]checkAndChangeView: Reach consensus,org_view=172,org_changeCycle=0,cur_changeCycle=0,to_view=173
info|2019-10-23 13:59:17.929975|[g:1][CONSENSUS]addRawPrepare,height=1,reqIdx=1,hash=6e281cf0...
info|2019-10-23 13:59:17.930311|[g:1][CONSENSUS][PBFT]checkTimeout Succ,view=173,toView=174,nodeIdx=0,changeCycle=0,myNode=7a0fa6e0...,timecost=0.302
info|2019-10-23 13:59:17.932531|[g:1][CONSENSUS][PBFT]checkAndChangeView: Reach consensus,org_view=173,org_changeCycle=0,cur_changeCycle=0,to_view=174
info|2019-10-23 13:59:18.940788|[g:1][CONSENSUS]addRawPrepare,height=1,reqIdx=2,hash=574b9859...
info|2019-10-23 13:59:18.941036|[g:1][CONSENSUS][PBFT]checkTimeout Succ,view=174,toView=175,nodeIdx=0,changeCycle=0,myNode=7a0fa6e0...,timecost=0.215
info|2019-10-23 13:59:18.941682|[g:1][CONSENSUS][PBFT]checkAndChangeView: Reach consensus,org_view=174,org_changeCycle=0,cur_changeCycle=0,to_view=175
info|2019-10-23 13:59:19.951692|[g:1][CONSENSUS]addRawPrepare,height=1,reqIdx=3,hash=2d43a317...
info|2019-10-23 13:59:19.954292|[g:1][CONSENSUS][PBFT]checkTimeout Succ,view=175,toView=176,nodeIdx=0,changeCycle=0,myNode=7a0fa6e0...,timecost=2.529
info|2019-10-23 13:59:19.954863|[g:1][CONSENSUS][PBFT]checkAndChangeView: Reach consensus,org_view=175,org_changeCycle=0,cur_changeCycle=0,to_view=176
info|2019-10-23 13:59:20.955931|[g:1][CONSENSUS][SEALER]++++++++++++++++ Generating seal on,blkNum=1,tx=0,nodeIdx=0,hash=2693da6e...
info|2019-10-23 13:59:20.964567|[g:1][CONSENSUS][PBFT]checkTimeout Succ,view=176,toView=177,nodeIdx=0,changeCycle=0,myNode=7a0fa6e0...,timecost=0.214
info|2019-10-23 13:59:20.965665|[g:1][CONSENSUS][PBFT]checkAndChangeView: Reach consensus,org_view=176,org_changeCycle=0,cur_changeCycle=0,to_view=177
info|2019-10-23 13:59:21.965630|[g:1][CONSENSUS]addRawPrepare,height=1,reqIdx=1,hash=4a8d2df2...
info|2019-10-23 13:59:21.965869|[g:1][CONSENSUS][PBFT]checkTimeout Succ,view=177,toView=178,nodeIdx=0,changeCycle=0,myNode=7a0fa6e0...,timecost=0.211
info|2019-10-23 13:59:21.968347|[g:1][CONSENSUS][PBFT]checkAndChangeView: Reach consensus,org_view=177,org_changeCycle=0,cur_changeCycle=0,to_view=178
info|2019-10-23 13:59:22.309909|[P2P][Service] heartBeat,connected count=3
info|2019-10-23 13:59:22.973657|[g:1][CONSENSUS]addRawPrepare,height=1,reqIdx=2,hash=726aa130...
info|2019-10-23 13:59:22.974059|[g:1][CONSENSUS][PBFT]checkTimeout Succ,view=178,toView=179,nodeIdx=0,changeCycle=0,myNode=7a0fa6e0...,timecost=0.369
info|2019-10-23 13:59:22.976037|[g:1][CONSENSUS][PBFT]checkAndChangeView: Reach consensus,org_view=178,org_changeCycle=0,cur_changeCycle=0,to_view=179
info|2019-10-23 13:59:23.982935|[g:1][CONSENSUS]addRawPrepare,height=1,reqIdx=3,hash=2d6b9979...
info|2019-10-23 13:59:23.983170|[g:1][CONSENSUS][PBFT]checkTimeout Succ,view=179,toView=180,nodeIdx=0,changeCycle=0,myNode=7a0fa6e0...,timecost=0.209
info|2019-10-23 13:59:23.985809|[g:1][CONSENSUS][PBFT]checkAndChangeView: Reach consensus,org_view=179,org_changeCycle=0,cur_changeCycle=0,to_view=180
info|2019-10-23 13:59:24.987419|[g:1][CONSENSUS][SEALER]++++++++++++++++ Generating seal on,blkNum=1,tx=0,nodeIdx=0,hash=e39f3c64...
info|2019-10-23 13:59:24.995475|[g:1][CONSENSUS][PBFT]checkTimeout Succ,view=180,toView=181,nodeIdx=0,changeCycle=0,myNode=7a0fa6e0...,timecost=0.243
info|2019-10-23 13:59:24.996529|[g:1][CONSENSUS][PBFT]checkAndChangeView: Reach consensus,org_view=180,org_changeCycle=0,cur_changeCycle=0,to_view=181
info|2019-10-23 13:59:25.998948|[g:1][CONSENSUS]addRawPrepare,height=1,reqIdx=1,hash=b0afee70...
info|2019-10-23 13:59:25.999226|[g:1][CONSENSUS][PBFT]checkTimeout Succ,view=181,toView=182,nodeIdx=0,changeCycle=0,myNode=7a0fa6e0...,timecost=0.242
info|2019-10-23 13:59:26.002757|[g:1][CONSENSUS][PBFT]checkAndChangeView: Reach consensus,org_view=181,org_changeCycle=0,cur_changeCycle=0,to_view=182
info|2019-10-23 13:59:27.006934|[g:1][CONSENSUS]addRawPrepare,height=1,reqIdx=2,hash=2462440b...
info|2019-10-23 13:59:27.007175|[g:1][CONSENSUS][PBFT]checkTimeout Succ,view=182,toView=183,nodeIdx=0,changeCycle=0,myNode=7a0fa6e0...,timecost=0.217
info|2019-10-23 13:59:27.009682|[g:1][CONSENSUS][PBFT]checkAndChangeView: Reach consensus,org_view=182,org_changeCycle=0,cur_changeCycle=0,to_view=183
info|2019-10-23 13:59:28.018132|[g:1][CONSENSUS]addRawPrepare,height=1,reqIdx=3,hash=5514458b...
info|2019-10-23 13:59:28.018364|[g:1][CONSENSUS][PBFT]checkTimeout Succ,view=183,toView=184,nodeIdx=0,changeCycle=0,myNode=7a0fa6e0...,timecost=0.207
info|2019-10-23 13:59:28.020725|[g:1][CONSENSUS][PBFT]checkAndChangeView: Reach consensus,org_view=183,org_changeCycle=0,cur_changeCycle=0,to_view=184
info|2019-10-23 13:59:29.021284|[g:1][CONSENSUS][SEALER]++++++++++++++++ Generating seal on,blkNum=1,tx=0,nodeIdx=0,hash=0bb57768...
info|2019-10-23 13:59:29.032388|[g:1][CONSENSUS][PBFT]checkTimeout Succ,view=184,toView=185,nodeIdx=0,changeCycle=0,myNode=7a0fa6e0...,timecost=0.228
info|2019-10-23 13:59:29.033202|[g:1][CONSENSUS][PBFT]checkAndChangeView: Reach consensus,org_view=184,org_changeCycle=0,cur_changeCycle=0,to_view=185
info|2019-10-23 13:59:30.034288|[g:1][CONSENSUS]addRawPrepare,height=1,reqIdx=1,hash=18c7a74c...
info|2019-10-23 13:59:30.034640|[g:1][CONSENSUS][PBFT]checkTimeout Succ,view=185,toView=186,nodeIdx=0,changeCycle=0,myNode=7a0fa6e0...,timecost=0.32
info|2019-10-23 13:59:30.036350|[g:1][CONSENSUS][PBFT]checkAndChangeView: Reach consensus,org_view=185,org_changeCycle=0,cur_changeCycle=0,to_view=186
info|2019-10-23 13:59:31.041212|[g:1][CONSENSUS]addRawPrepare,height=1,reqIdx=2,hash=67b4141c...
info|2019-10-23 13:59:31.041446|[g:1][CONSENSUS][PBFT]checkTimeout Succ,view=186,toView=187,nodeIdx=0,changeCycle=0,myNode=7a0fa6e0...,timecost=0.209
info|2019-10-23 13:59:31.043745|[g:1][CONSENSUS][PBFT]checkAndChangeView: Reach consensus,org_view=186,org_changeCycle=0,cur_changeCycle=0,to_view=187
info|2019-10-23 13:59:32.048290|[g:1][CONSENSUS]addRawPrepare,height=1,reqIdx=3,hash=eeef75c3...
info|2019-10-23 13:59:32.048525|[g:1][CONSENSUS][PBFT]checkTimeout Succ,view=187,toView=188,nodeIdx=0,changeCycle=0,myNode=7a0fa6e0...,timecost=0.209
info|2019-10-23 13:59:32.049603|[g:1][CONSENSUS][PBFT]checkAndChangeView: Reach consensus,org_view=187,org_changeCycle=0,cur_changeCycle=0,to_view=188
info|2019-10-23 13:59:32.310075|[P2P][Service] heartBeat,connected count=3
info|2019-10-23 13:59:33.052471|[g:1][CONSENSUS][SEALER]++++++++++++++++ Generating seal on,blkNum=1,tx=0,nodeIdx=0,hash=a223542d...
info|2019-10-23 13:59:33.059407|[g:1][CONSENSUS][PBFT]checkTimeout Succ,view=188,toView=189,nodeIdx=0,changeCycle=0,myNode=7a0fa6e0...,timecost=0.216
info|2019-10-23 13:59:33.060285|[g:1][CONSENSUS][PBFT]checkAndChangeView: Reach consensus,org_view=188,org_changeCycle=0,cur_changeCycle=0,to_view=189
info|2019-10-23 13:59:34.064517|[g:1][CONSENSUS]addRawPrepare,height=1,reqIdx=1,hash=77c5bac0...
info|2019-10-23 13:59:34.064772|[g:1][CONSENSUS][PBFT]checkTimeout Succ,view=189,toView=190,nodeIdx=0,changeCycle=0,myNode=7a0fa6e0...,timecost=0.22
info|2019-10-23 13:59:34.067301|[g:1][CONSENSUS][PBFT]checkAndChangeView: Reach consensus,org_view=189,org_changeCycle=0,cur_changeCycle=0,to_view=190
info|2019-10-23 13:59:35.071573|[g:1][CONSENSUS]addRawPrepare,height=1,reqIdx=2,hash=01c1a14d...
info|2019-10-23 13:59:35.071895|[g:1][CONSENSUS][PBFT]checkTimeout Succ,view=190,toView=191,nodeIdx=0,changeCycle=0,myNode=7a0fa6e0...,timecost=0.288
info|2019-10-23 13:59:35.075731|[g:1][CONSENSUS][PBFT]checkAndChangeView: Reach consensus,org_view=190,org_changeCycle=0,cur_changeCycle=0,to_view=191
info|2019-10-23 13:59:36.079595|[g:1][CONSENSUS]addRawPrepare,height=1,reqIdx=3,hash=c8dd5d6b...
info|2019-10-23 13:59:36.079817|[g:1][CONSENSUS][PBFT]checkTimeout Succ,view=191,toView=192,nodeIdx=0,changeCycle=0,myNode=7a0fa6e0...,timecost=0.199
info|2019-10-23 13:59:36.080894|[g:1][CONSENSUS][PBFT]checkAndChangeView: Reach consensus,org_view=191,org_changeCycle=0,cur_changeCycle=0,to_view=192
info|2019-10-23 13:59:37.080852|[g:1][CONSENSUS][SEALER]++++++++++++++++ Generating seal on,blkNum=1,tx=0,nodeIdx=0,hash=e147f4ac...
info|2019-10-23 13:59:37.089082|[g:1][CONSENSUS][PBFT]checkTimeout Succ,view=192,toView=193,nodeIdx=0,changeCycle=0,myNode=7a0fa6e0...,timecost=0.223
info|2019-10-23 13:59:37.090008|[g:1][CONSENSUS][PBFT]checkAndChangeView: Reach consensus,org_view=192,org_changeCycle=0,cur_changeCycle=0,to_view=193
info|2019-10-23 13:59:38.092872|[g:1][CONSENSUS]addRawPrepare,height=1,reqIdx=1,hash=a9a02afe...
info|2019-10-23 13:59:38.093095|[g:1][CONSENSUS][PBFT]checkTimeout Succ,view=193,toView=194,nodeIdx=0,changeCycle=0,myNode=7a0fa6e0...,timecost=0.2
info|2019-10-23 13:59:38.094579|[g:1][CONSENSUS][PBFT]checkAndChangeView: Reach consensus,org_view=193,org_changeCycle=0,cur_changeCycle=0,to_view=194
info|2019-10-23 13:59:39.101879|[g:1][CONSENSUS][PBFT]Trigger fast-viewchange,view=194,toView=194,minView=195,INFO=,reqNum=0,curNum=0,GenIdx=1,Cview=195,view=194,fromIdx=3,fromNode=eadb82d3...,fromIp=127.0.0.1:30300,hash=cdaccf2a...,nodeIdx=0,myNode=7a0fa6e0...
info|2019-10-23 13:59:39.102091|[g:1][CONSENSUS][PBFT]checkAndChangeView: Reach consensus,org_view=194,org_changeCycle=0,cur_changeCycle=0,to_view=195
info|2019-10-23 13:59:39.102096|[g:1][CONSENSUS][PBFT]checkTimeout Succ,view=195,toView=195,nodeIdx=0,changeCycle=0,myNode=7a0fa6e0...,timecost=0.207
info|2019-10-23 13:59:40.109099|[g:1][CONSENSUS]addRawPrepare,height=1,reqIdx=3,hash=ee239ef9...
info|2019-10-23 13:59:40.109326|[g:1][CONSENSUS][PBFT]checkTimeout Succ,view=195,toView=196,nodeIdx=0,changeCycle=0,myNode=7a0fa6e0...,timecost=0.201
info|2019-10-23 13:59:40.109635|[g:1][CONSENSUS][PBFT]checkAndChangeView: Reach consensus,org_view=195,org_changeCycle=0,cur_changeCycle=0,to_view=196
info|2019-10-23 13:59:41.109447|[g:1][CONSENSUS][SEALER]++++++++++++++++ Generating seal on,blkNum=1,tx=0,nodeIdx=0,hash=8a41713b...
info|2019-10-23 13:59:41.118566|[g:1][CONSENSUS][PBFT]checkTimeout Succ,view=196,toView=197,nodeIdx=0,changeCycle=0,myNode=7a0fa6e0...,timecost=0.22
info|2019-10-23 13:59:41.119751|[g:1][CONSENSUS][PBFT]checkAndChangeView: Reach consensus,org_view=196,org_changeCycle=0,cur_changeCycle=0,to_view=197
info|2019-10-23 13:59:42.120094|[g:1][CONSENSUS]addRawPrepare,height=1,reqIdx=1,hash=1be932ec...
info|2019-10-23 13:59:42.120436|[g:1][CONSENSUS][PBFT]checkTimeout Succ,view=197,toView=198,nodeIdx=0,changeCycle=0,myNode=7a0fa6e0...,timecost=0.304
info|2019-10-23 13:59:42.123414|[g:1][CONSENSUS][PBFT]checkAndChangeView: Reach consensus,org_view=197,org_changeCycle=0,cur_changeCycle=0,to_view=198
info|2019-10-23 13:59:42.310459|[P2P][Service] heartBeat,connected count=3
info|2019-10-23 13:59:43.128108|[g:1][CONSENSUS]addRawPrepare,height=1,reqIdx=2,hash=261dea7f...
info|2019-10-23 13:59:43.128441|[g:1][CONSENSUS][PBFT]checkTimeout Succ,view=198,toView=199,nodeIdx=0,changeCycle=0,myNode=7a0fa6e0...,timecost=0.309
info|2019-10-23 13:59:43.129745|[g:1][CONSENSUS][PBFT]checkAndChangeView: Reach consensus,org_view=198,org_changeCycle=0,cur_changeCycle=0,to_view=199
info|2019-10-23 13:59:44.136078|[g:1][CONSENSUS]addRawPrepare,height=1,reqIdx=3,hash=db981e8a...
info|2019-10-23 13:59:44.144936|[g:1][CONSENSUS][PBFT]checkTimeout Succ,view=199,toView=200,nodeIdx=0,changeCycle=0,myNode=7a0fa6e0...,timecost=0.234
info|2019-10-23 13:59:44.154988|[g:1][CONSENSUS][PBFT]checkAndChangeView: Reach consensus,org_view=199,org_changeCycle=0,cur_changeCycle=0,to_view=200
info|2019-10-23 13:59:45.157012|[g:1][CONSENSUS][SEALER]++++++++++++++++ Generating seal on,blkNum=1,tx=0,nodeIdx=0,hash=4a2be25d...
info|2019-10-23 13:59:45.164668|[g:1][CONSENSUS][PBFT]checkTimeout Succ,view=200,toView=201,nodeIdx=0,changeCycle=0,myNode=7a0fa6e0...,timecost=0.222
info|2019-10-23 13:59:45.165694|[g:1][CONSENSUS][PBFT]checkAndChangeView: Reach consensus,org_view=200,org_changeCycle=0,cur_changeCycle=0,to_view=201
info|2019-10-23 13:59:46.166348|[g:1][CONSENSUS]addRawPrepare,height=1,reqIdx=1,hash=db801b96...
info|2019-10-23 13:59:46.166950|[g:1][CONSENSUS][PBFT]checkTimeout Succ,view=201,toView=202,nodeIdx=0,changeCycle=0,myNode=7a0fa6e0...,timecost=0.569
info|2019-10-23 13:59:46.170468|[g:1][CONSENSUS][PBFT]checkAndChangeView: Reach consensus,org_view=201,org_changeCycle=0,cur_changeCycle=0,to_view=202
info|2019-10-23 13:59:47.177095|[g:1][CONSENSUS]addRawPrepare,height=1,reqIdx=2,hash=6d7c9ee1...
info|2019-10-23 13:59:47.177425|[g:1][CONSENSUS][PBFT]checkTimeout Succ,view=202,toView=203,nodeIdx=0,changeCycle=0,myNode=7a0fa6e0...,timecost=0.293
info|2019-10-23 13:59:47.179299|[g:1][CONSENSUS][PBFT]checkAndChangeView: Reach consensus,org_view=202,org_changeCycle=0,cur_changeCycle=0,to_view=203
info|2019-10-23 13:59:48.190541|[g:1][CONSENSUS]addRawPrepare,height=1,reqIdx=3,hash=f1e34f54...
info|2019-10-23 13:59:48.195026|[g:1][CONSENSUS][PBFT]checkTimeout Succ,view=203,toView=204,nodeIdx=0,changeCycle=0,myNode=7a0fa6e0...,timecost=4.295
info|2019-10-23 13:59:48.196131|[g:1][CONSENSUS][PBFT]checkAndChangeView: Reach consensus,org_view=203,org_changeCycle=0,cur_changeCycle=0,to_view=204
info|2019-10-23 13:59:49.196353|[g:1][CONSENSUS][SEALER]++++++++++++++++ Generating seal on,blkNum=1,tx=0,nodeIdx=0,hash=394c4393...
info|2019-10-23 13:59:49.206574|[g:1][CONSENSUS][PBFT]checkTimeout Succ,view=204,toView=205,nodeIdx=0,changeCycle=0,myNode=7a0fa6e0...,timecost=0.221
info|2019-10-23 13:59:49.207400|[g:1][CONSENSUS][PBFT]checkAndChangeView: Reach consensus,org_view=204,org_changeCycle=0,cur_changeCycle=0,to_view=205
info|2019-10-23 13:59:50.205962|[g:1][CONSENSUS]addRawPrepare,height=1,reqIdx=1,hash=69be560d...
info|2019-10-23 13:59:50.206197|[g:1][CONSENSUS][PBFT]checkTimeout Succ,view=205,toView=206,nodeIdx=0,changeCycle=0,myNode=7a0fa6e0...,timecost=0.211
info|2019-10-23 13:59:50.207814|[g:1][CONSENSUS][PBFT]checkAndChangeView: Reach consensus,org_view=205,org_changeCycle=0,cur_changeCycle=0,to_view=206
info|2019-10-23 13:59:51.212062|[g:1][CONSENSUS]addRawPrepare,height=1,reqIdx=2,hash=859259e8...
info|2019-10-23 13:59:51.212401|[g:1][CONSENSUS][PBFT]checkTimeout Succ,view=206,toView=207,nodeIdx=0,changeCycle=0,myNode=7a0fa6e0...,timecost=0.301
info|2019-10-23 13:59:51.216996|[g:1][CONSENSUS][PBFT]checkAndChangeView: Reach consensus,org_view=206,org_changeCycle=0,cur_changeCycle=0,to_view=207
info|2019-10-23 13:59:52.222541|[g:1][CONSENSUS]addRawPrepare,height=1,reqIdx=3,hash=ad81799c...
info|2019-10-23 13:59:52.224758|[g:1][CONSENSUS][PBFT]checkTimeout Succ,view=207,toView=208,nodeIdx=0,changeCycle=0,myNode=7a0fa6e0...,timecost=1.603
info|2019-10-23 13:59:52.225747|[g:1][CONSENSUS][PBFT]checkAndChangeView: Reach consensus,org_view=207,org_changeCycle=0,cur_changeCycle=0,to_view=208
info|2019-10-23 13:59:52.310582|[P2P][Service] heartBeat,connected count=3
info|2019-10-23 13:59:53.226374|[g:1][CONSENSUS][SEALER]++++++++++++++++ Generating seal on,blkNum=1,tx=0,nodeIdx=0,hash=ac3c4fc7...
info|2019-10-23 13:59:53.235509|[g:1][CONSENSUS][PBFT]checkTimeout Succ,view=208,toView=209,nodeIdx=0,changeCycle=0,myNode=7a0fa6e0...,timecost=0.218
info|2019-10-23 13:59:53.236541|[g:1][CONSENSUS][PBFT]checkAndChangeView: Reach consensus,org_view=208,org_changeCycle=0,cur_changeCycle=0,to_view=209
info|2019-10-23 13:59:54.240418|[g:1][CONSENSUS]addRawPrepare,height=1,reqIdx=1,hash=3c464778...
info|2019-10-23 13:59:54.240669|[g:1][CONSENSUS][PBFT]checkTimeout Succ,view=209,toView=210,nodeIdx=0,changeCycle=0,myNode=7a0fa6e0...,timecost=0.225
info|2019-10-23 13:59:54.243960|[g:1][CONSENSUS][PBFT]checkAndChangeView: Reach consensus,org_view=209,org_changeCycle=0,cur_changeCycle=0,to_view=210
info|2019-10-23 13:59:55.247033|[g:1][CONSENSUS]addRawPrepare,height=1,reqIdx=2,hash=f262dc6f...
info|2019-10-23 13:59:55.247512|[g:1][CONSENSUS][PBFT]checkTimeout Succ,view=210,toView=211,nodeIdx=0,changeCycle=0,myNode=7a0fa6e0...,timecost=0.365
info|2019-10-23 13:59:55.250673|[g:1][CONSENSUS][PBFT]checkAndChangeView: Reach consensus,org_view=210,org_changeCycle=0,cur_changeCycle=0,to_view=211
info|2019-10-23 13:59:56.255368|[g:1][CONSENSUS]addRawPrepare,height=1,reqIdx=3,hash=63a9d5b1...
info|2019-10-23 13:59:56.255999|[g:1][CONSENSUS][PBFT]checkTimeout Succ,view=211,toView=212,nodeIdx=0,changeCycle=0,myNode=7a0fa6e0...,timecost=0.6
info|2019-10-23 13:59:56.259220|[g:1][CONSENSUS][PBFT]checkAndChangeView: Reach consensus,org_view=211,org_changeCycle=0,cur_changeCycle=0,to_view=212
info|2019-10-23 13:59:57.260927|[g:1][CONSENSUS][SEALER]++++++++++++++++ Generating seal on,blkNum=1,tx=0,nodeIdx=0,hash=1b689af4...
info|2019-10-23 13:59:57.269577|[g:1][CONSENSUS][PBFT]checkTimeout Succ,view=212,toView=213,nodeIdx=0,changeCycle=0,myNode=7a0fa6e0...,timecost=0.215
info|2019-10-23 13:59:57.270733|[g:1][CONSENSUS][PBFT]checkAndChangeView: Reach consensus,org_view=212,org_changeCycle=0,cur_changeCycle=0,to_view=213
info|2019-10-23 13:59:58.273878|[g:1][CONSENSUS]addRawPrepare,height=1,reqIdx=1,hash=12de0797...
info|2019-10-23 13:59:58.276118|[g:1][CONSENSUS][PBFT]checkTimeout Succ,view=213,toView=214,nodeIdx=0,changeCycle=0,myNode=7a0fa6e0...,timecost=1.506
info|2019-10-23 13:59:58.277463|[g:1][CONSENSUS][PBFT]checkAndChangeView: Reach consensus,org_view=213,org_changeCycle=0,cur_changeCycle=0,to_view=214
info|2019-10-23 13:59:59.284944|[g:1][CONSENSUS]addRawPrepare,height=1,reqIdx=2,hash=115d48af...
info|2019-10-23 13:59:59.285270|[g:1][CONSENSUS][PBFT]checkTimeout Succ,view=214,toView=215,nodeIdx=0,changeCycle=0,myNode=7a0fa6e0...,timecost=0.262
info|2019-10-23 13:59:59.288050|[g:1][CONSENSUS][PBFT]checkAndChangeView: Reach consensus,org_view=214,org_changeCycle=0,cur_changeCycle=0,to_view=215
