[2019-10-23 13:56:22] Initializing...
FISCO-BCOS Version : 2.1.0
Build Time         : 20190923 13:22:09
Build Type         : Linux/clang/Release
Git Branch         : HEAD
Git Commit Hash    : cb68124d4fbf3df563a57dfff5f0c6eedc1419cc
[2019-10-23 13:56:22] The FISCO-BCOS is running...
[2019-11-14 09:58:06] Initializing...
FISCO-BCOS Version : 2.1.0
Build Time         : 20190923 13:22:09
Build Type         : Linux/clang/Release
Git Branch         : HEAD
Git Commit Hash    : cb68124d4fbf3df563a57dfff5f0c6eedc1419cc
[2019-11-14 09:58:06] The FISCO-BCOS is running...
[2019-11-14 12:58:40] FISCO-BCOS program exit normally.
[2019-11-14 18:21:34] Initializing...
FISCO-BCOS Version : 2.1.0
Build Time         : 20190923 13:22:09
Build Type         : Linux/clang/Release
Git Branch         : HEAD
Git Commit Hash    : cb68124d4fbf3df563a57dfff5f0c6eedc1419cc
[2019-11-14 18:21:34] The FISCO-BCOS is running...
[2019-11-14 19:38:55] FISCO-BCOS program exit normally.
[2019-11-14 19:54:10] Initializing...
FISCO-BCOS Version : 2.1.0
Build Time         : 20190923 13:22:09
Build Type         : Linux/clang/Release
Git Branch         : HEAD
Git Commit Hash    : cb68124d4fbf3df563a57dfff5f0c6eedc1419cc
[2019-11-14 19:54:11] The FISCO-BCOS is running...
[2019-11-15 15:55:21] FISCO-BCOS program exit normally.
[2019-11-15 16:19:25] Initializing...
FISCO-BCOS Version : 2.1.0
Build Time         : 20190923 13:22:09
Build Type         : Linux/clang/Release
Git Branch         : HEAD
Git Commit Hash    : cb68124d4fbf3df563a57dfff5f0c6eedc1419cc
[2019-11-15 16:19:26] The FISCO-BCOS is running...
[2019-11-15 16:20:50] FISCO-BCOS program exit normally.
[2019-11-15 16:21:02] Initializing...
FISCO-BCOS Version : 2.1.0
Build Time         : 20190923 13:22:09
Build Type         : Linux/clang/Release
Git Branch         : HEAD
Git Commit Hash    : cb68124d4fbf3df563a57dfff5f0c6eedc1419cc
[2019-11-15 16:21:02] The FISCO-BCOS is running...
[2019-11-15 16:21:48] FISCO-BCOS program exit normally.
[2019-11-15 16:22:58] Initializing...
FISCO-BCOS Version : 2.1.0
Build Time         : 20190923 13:22:09
Build Type         : Linux/clang/Release
Git Branch         : HEAD
Git Commit Hash    : cb68124d4fbf3df563a57dfff5f0c6eedc1419cc
[2019-11-15 16:22:58] The FISCO-BCOS is running...
[2019-11-15 18:54:03] Initializing...
FISCO-BCOS Version : 2.1.0
Build Time         : 20190923 13:22:09
Build Type         : Linux/clang/Release
Git Branch         : HEAD
Git Commit Hash    : cb68124d4fbf3df563a57dfff5f0c6eedc1419cc
[2019-11-15 18:54:03] The FISCO-BCOS is running...
[2019-11-15 20:27:36] FISCO-BCOS program exit normally.
[2019-12-12 01:30:52] Initializing...
FISCO-BCOS Version : 2.1.0
Build Time         : 20190923 13:22:09
Build Type         : Linux/clang/Release
Git Branch         : HEAD
Git Commit Hash    : cb68124d4fbf3df563a57dfff5f0c6eedc1419cc
[2019-12-12 01:30:52] The FISCO-BCOS is running...
[2019-12-12 01:34:22] FISCO-BCOS program exit normally.
[2019-12-12 11:06:51] Initializing...
FISCO-BCOS Version : 2.1.0
Build Time         : 20190923 13:22:09
Build Type         : Linux/clang/Release
Git Branch         : HEAD
Git Commit Hash    : cb68124d4fbf3df563a57dfff5f0c6eedc1419cc
[2019-12-12 11:06:51] The FISCO-BCOS is running...
[2019-12-12 11:21:50] FISCO-BCOS program exit normally.
[2019-12-12 11:22:20] Initializing...
FISCO-BCOS Version : 2.1.0
Build Time         : 20190923 13:22:09
Build Type         : Linux/clang/Release
Git Branch         : HEAD
Git Commit Hash    : cb68124d4fbf3df563a57dfff5f0c6eedc1419cc
[2019-12-12 11:22:20] The FISCO-BCOS is running...
[2019-12-12 11:37:07] FISCO-BCOS program exit normally.
