info|2019-10-23 13:56:22.252882|[INITIALIZER][initGlobalConfig],enableCompress=true,compatibilityVersion=2.1.0,versionNumber=33619968,chainId=1
info|2019-10-23 13:56:22.302975|[NETWORK][Host]Connecting to node,endpoint=127.0.0.1:30300
info|2019-10-23 13:56:22.317865|[NETWORK][Host]P2P StartAccept,Host=0.0.0.0:30303
info|2019-10-23 13:56:22.317976|[NETWORK][Host]P2P Recv Connect, From=127.0.0.1:57798
info|2019-10-23 13:56:22.318036|[NETWORK][Host]P2P StartAccept,Host=0.0.0.0:30303
info|2019-10-23 13:56:22.320059|[NETWORK][Host]Connecting to node,endpoint=127.0.0.1:30301
info|2019-10-23 13:56:22.320150|[NETWORK][Host]Connecting to node,endpoint=127.0.0.1:30302
info|2019-10-23 13:56:22.320188|[NETWORK][Host]Connecting to node,endpoint=127.0.0.1:30303
info|2019-10-23 13:56:22.320226|[P2P][Service] heartBeat,connected count=0
info|2019-10-23 13:56:22.320762|[CHANNEL]ChannelRPCServer started
info|2019-10-23 13:56:22.320785|[INITIALIZER][RPCInitializer]ChannelRPCHttpServer started.
info|2019-10-23 13:56:22.320804|[LedgerInitializer],groupConfigPath=conf/
info|2019-10-23 13:56:22.320915|[INITIALIZER][initSingleLedger] [GroupId]:  1
info|2019-10-23 13:56:22.320942|[g:1][LEDGER]LedgerConstructor,configPath=conf/group.1.genesis,baseDir=data//group1
info|2019-10-23 13:56:22.320956|[g:1][LEDGER][initGenesisConfig]initConsensusConfig/initDBConfig/initTxConfig,configFile=conf/group.1.genesis
info|2019-10-23 13:56:22.321014|[g:1][LEDGER][initConsensusConfig],it.first=eadb82d3e4d88487164cb2a29c63f86dfc2c62444c9c59025c3cc327437a3c349d5f360c4c3fa8c16cf1403916c839f470cc47f7b8d93ad92444821f4409c0d7
info|2019-10-23 13:56:22.321050|[g:1][LEDGER][initConsensusConfig],it.first=7a0fa6e0228492a684609a1da1619395e1ab056666f9fa06b88ea863bb6cb70df949252a18ec62b0e5515feb6cdf8e61ab240824f805b8c04c786161984030f6
info|2019-10-23 13:56:22.321067|[g:1][LEDGER][initConsensusConfig],it.first=bfdf57a51ceee766244f5eb19db0530fc98dd729532bb84bf52214a9838a376b57322849181966fa8766443033108d22b8d3049ce93f0124ed165819bbd1a61e
info|2019-10-23 13:56:22.321140|[g:1][LEDGER][initConsensusConfig],it.first=b96a351b91cc81428658b89638dfaad11e7be5216d81d6eb1d588af44020196483be93fedbce66668559c373879f93c39197500888f77bce61c5483230970449
info|2019-10-23 13:56:22.321186|[g:1][LEDGER][initIniConfig]initTxPoolConfig/initSyncConfig/initTxExecuteConfig,configFile=conf/group.1.ini
info|2019-10-23 13:56:22.321269|[g:1][LEDGER][initLedger][DBInitializer]
info|2019-10-23 13:56:22.324787|[g:1][DBINITIALIZER] [initRocksDBStorage]
info|2019-10-23 13:56:22.325156|[g:1][ROCKSDB]open rocksDB handler
info|2019-10-23 13:56:22.326693|[NETWORK][ASIO]asyncResolveConnect,endpoint=127.0.0.1:30300
info|2019-10-23 13:56:22.328980|[NETWORK][ASIO]asyncResolveConnect,endpoint=127.0.0.1:30301
info|2019-10-23 13:56:22.329292|[NETWORK][ASIO]asyncResolveConnect,endpoint=127.0.0.1:30302
info|2019-10-23 13:56:22.332038|[NETWORK][ASIO]asyncResolveConnect,endpoint=127.0.0.1:30303
info|2019-10-23 13:56:22.334592|[NETWORK][Host]P2P Recv Connect, From=127.0.0.1:57806
info|2019-10-23 13:56:22.334790|[NETWORK][Host]P2P StartAccept,Host=0.0.0.0:30303
info|2019-10-23 13:56:22.356590|[NETWORK][Host]P2P Recv Connect, From=127.0.0.1:57814
info|2019-10-23 13:56:22.363912|[NETWORK][Host]P2P StartAccept,Host=0.0.0.0:30303
info|2019-10-23 13:56:22.375517|[NETWORK][Host]P2P Recv Connect, From=127.0.0.1:57820
info|2019-10-23 13:56:22.384039|[NETWORK][Host]P2P StartAccept,Host=0.0.0.0:30303
info|2019-10-23 13:56:22.398670|[g:1][g:0][STORAGE][CachedStorage]Init flushStorage thread
info|2019-10-23 13:56:22.406665|[g:1][g:1][STORAGE][CachedStorage]CachedStorage commit: 4 hash: cdaccf2aa33123c0edf2395d178326f8c5bffcc6df44c6f2bed7c0d8b4956184 num: 0
info|2019-10-23 13:56:22.406753|[g:1][STORAGE]Submited block task: 0, current syncd block: 0
info|2019-10-23 13:56:22.406782|[g:1][BLOCKCHAIN][#checkAndBuildGenesisBlock]Insert the 0th block
info|2019-10-23 13:56:22.407029|[g:1][CONSENSUS][PBFT]Register handler for PBFTEngine
info|2019-10-23 13:56:22.407154|[STORAGE]Start commit block: 0 to backend storage
info|2019-10-23 13:56:22.411250|[STORAGE][g:1]
---------------------------------------------------------------------
Commit block: 0 to backend storage finished, current cached block: 0
Flush elapsed time: 0.0041s
---------------------------------------------------------------------

info|2019-10-23 13:56:22.416214|[g:1][CONSENSUS][PBFT],minBlockGenerationTime=500
info|2019-10-23 13:56:22.416251|[LedgerInitializer init group succ],groupID=1
info|2019-10-23 13:56:22.416447|[INITIALIZER][RPCInitializer]JsonrpcHttpServer started.
info|2019-10-23 13:56:22.416470|[g:1][LEDGER]startAll...
info|2019-10-23 13:56:22.421627|[g:1][CONSENSUS][PBFT]^^^^^^^^Report,num=0,sealerIdx=0,hash=cdaccf2a...,next=1,tx=0,nodeIdx=1
info|2019-10-23 13:56:22.431334|[g:1][CONSENSUS][PBFT][PBFT init env successfully]
info|2019-10-23 13:56:22.431350|[g:1][CONSENSUS][ConsensusEngine][Start ConsensusEngineBase]
info|2019-10-23 13:56:22.437887|[g:1][CONSENSUS][PBFT][Start PBFTEngine...]
info|2019-10-23 13:56:22.437904|[g:1][CONSENSUS][SEALER][Start sealer module]
info|2019-10-23 13:56:22.438003|[g:1][CONSENSUS][PBFT]^^^^^^^^Report,num=0,sealerIdx=0,hash=cdaccf2a...,next=1,tx=0,nodeIdx=1
info|2019-10-23 13:56:22.438166|[NETWORK][Host]startPeerSession, From=127.0.0.1:57806,nodeID=b96a351b...
info|2019-10-23 13:56:22.448093|[g:1][EVENT][EventLogFilterManager]start,m_maxBlockRange=0,m_maxBlockPerLoopFilter=3
info|2019-10-23 13:56:22.474095|[NETWORK][Host]startPeerSession, From=127.0.0.1:30303,nodeID=b96a351b...
info|2019-10-23 13:56:22.474270|[P2P][Service] Connection established,nodeID=7a0fa6e0...,endpoint=127.0.0.1:57798
info|2019-10-23 13:56:22.474297|[NETWORK][Host]startPeerSession, From=127.0.0.1:57798,nodeID=7a0fa6e0...
info|2019-10-23 13:56:22.474378|[P2P][Service] Connection established,nodeID=bfdf57a5...,endpoint=127.0.0.1:57814
info|2019-10-23 13:56:22.474398|[NETWORK][Host]startPeerSession, From=127.0.0.1:57814,nodeID=bfdf57a5...
info|2019-10-23 13:56:22.492527|[P2P][Service] Connection established,nodeID=eadb82d3...,endpoint=127.0.0.1:30300
info|2019-10-23 13:56:22.492559|[NETWORK][Host]startPeerSession, From=127.0.0.1:30300,nodeID=eadb82d3...
info|2019-10-23 13:56:22.492679|[NETWORK][Host]startPeerSession, From=127.0.0.1:30302,nodeID=bfdf57a5...
info|2019-10-23 13:56:22.492773|[NETWORK][Host]startPeerSession, From=127.0.0.1:57820,nodeID=eadb82d3...
info|2019-10-23 13:56:22.492985|[NETWORK][Host]startPeerSession, From=127.0.0.1:30301,nodeID=7a0fa6e0...
warning|2019-10-23 13:56:22.493651|[NETWORK][Session]doRead error,endpoint=127.0.0.1:57814,message=stream truncated
info|2019-10-23 13:56:22.493676|[NETWORK][Session]drop, call and erase all callbackFunc in this session!,endpoint=127.0.0.1:57814
warning|2019-10-23 13:56:22.493697|[P2P][Service] disconnect error P2PSession,nodeID=bfdf57a5...,endpoint=127.0.0.1:57814,errorCode=3,what=Disconnect
warning|2019-10-23 13:56:22.493708|[P2P][Service] onDisconnect,errorCode=3,what=Dynamic exception type: dev::network::NetworkException
std::exception::what: Disconnect

warning|2019-10-23 13:56:22.493734|[NETWORK][Session][drop] closing remote 127.0.0.1:57814,reason=Low-level TCP communication error.,endpoint=127.0.0.1:57814
warning|2019-10-23 13:56:22.493794|[NETWORK][Session][drop] shutdown failed ,errorValue=9,message=Bad file descriptor
warning|2019-10-23 13:56:22.617220|[SYNC][id:b96a351b...][Status]Peer data not found,nodeId=7a0fa6e0...
warning|2019-10-23 13:56:22.617768|[SYNC][id:b96a351b...][Status]Peer data not found,nodeId=eadb82d3...
info|2019-10-23 13:56:23.411832|[g:1][CONSENSUS]addRawPrepare,height=1,reqIdx=0,hash=2bbd3599...
info|2019-10-23 13:56:23.412172|[g:1][CONSENSUS][PBFT]checkTimeout Succ,view=0,toView=1,nodeIdx=1,changeCycle=0,myNode=b96a351b...,timecost=0.297
info|2019-10-23 13:56:23.452364|[g:1][CONSENSUS][PBFT]checkAndChangeView: Reach consensus,org_view=0,org_changeCycle=0,cur_changeCycle=0,to_view=1
info|2019-10-23 13:56:24.452705|[g:1][CONSENSUS][SEALER]++++++++++++++++ Generating seal on,blkNum=1,tx=0,nodeIdx=1,hash=4d134d21...
info|2019-10-23 13:56:24.472049|[g:1][CONSENSUS][PBFT]checkTimeout Succ,view=1,toView=2,nodeIdx=1,changeCycle=0,myNode=b96a351b...,timecost=0.255
info|2019-10-23 13:56:24.473555|[g:1][CONSENSUS][PBFT]checkAndChangeView: Reach consensus,org_view=1,org_changeCycle=0,cur_changeCycle=0,to_view=2
info|2019-10-23 13:56:25.473268|[g:1][CONSENSUS]addRawPrepare,height=1,reqIdx=2,hash=558138d1...
info|2019-10-23 13:56:25.473896|[g:1][CONSENSUS][PBFT]checkTimeout Succ,view=2,toView=3,nodeIdx=1,changeCycle=0,myNode=b96a351b...,timecost=0.593
info|2019-10-23 13:56:25.481473|[g:1][CONSENSUS][PBFT]checkAndChangeView: Reach consensus,org_view=2,org_changeCycle=0,cur_changeCycle=0,to_view=3
info|2019-10-23 13:56:26.487660|[g:1][CONSENSUS]addRawPrepare,height=1,reqIdx=3,hash=485fa1da...
info|2019-10-23 13:56:26.487880|[g:1][CONSENSUS][PBFT]checkTimeout Succ,view=3,toView=4,nodeIdx=1,changeCycle=0,myNode=b96a351b...,timecost=0.194
info|2019-10-23 13:56:26.489694|[g:1][CONSENSUS][PBFT]checkAndChangeView: Reach consensus,org_view=3,org_changeCycle=0,cur_changeCycle=0,to_view=4
info|2019-10-23 13:56:27.494393|[g:1][CONSENSUS]addRawPrepare,height=1,reqIdx=0,hash=53560960...
info|2019-10-23 13:56:27.494922|[g:1][CONSENSUS][PBFT]checkTimeout Succ,view=4,toView=5,nodeIdx=1,changeCycle=0,myNode=b96a351b...,timecost=0.394
info|2019-10-23 13:56:27.541492|[g:1][CONSENSUS][PBFT]checkAndChangeView: Reach consensus,org_view=4,org_changeCycle=0,cur_changeCycle=0,to_view=5
info|2019-10-23 13:56:28.542000|[g:1][CONSENSUS][SEALER]++++++++++++++++ Generating seal on,blkNum=1,tx=0,nodeIdx=1,hash=4631852c...
info|2019-10-23 13:56:28.549724|[g:1][CONSENSUS][PBFT]checkTimeout Succ,view=5,toView=6,nodeIdx=1,changeCycle=0,myNode=b96a351b...,timecost=0.208
info|2019-10-23 13:56:28.550631|[g:1][CONSENSUS][PBFT]checkAndChangeView: Reach consensus,org_view=5,org_changeCycle=0,cur_changeCycle=0,to_view=6
info|2019-10-23 13:56:29.551598|[g:1][CONSENSUS]addRawPrepare,height=1,reqIdx=2,hash=26c8eca8...
info|2019-10-23 13:56:29.554857|[g:1][CONSENSUS][PBFT]checkTimeout Succ,view=6,toView=7,nodeIdx=1,changeCycle=0,myNode=b96a351b...,timecost=3.215
info|2019-10-23 13:56:29.556042|[g:1][CONSENSUS][PBFT]checkAndChangeView: Reach consensus,org_view=6,org_changeCycle=0,cur_changeCycle=0,to_view=7
info|2019-10-23 13:56:30.558499|[g:1][CONSENSUS]addRawPrepare,height=1,reqIdx=3,hash=751ebff3...
info|2019-10-23 13:56:30.558831|[g:1][CONSENSUS][PBFT]checkTimeout Succ,view=7,toView=8,nodeIdx=1,changeCycle=0,myNode=b96a351b...,timecost=0.304
info|2019-10-23 13:56:30.563362|[g:1][CONSENSUS][PBFT]checkAndChangeView: Reach consensus,org_view=7,org_changeCycle=0,cur_changeCycle=0,to_view=8
info|2019-10-23 13:56:31.565006|[g:1][CONSENSUS]addRawPrepare,height=1,reqIdx=0,hash=c5690081...
info|2019-10-23 13:56:31.565375|[g:1][CONSENSUS][PBFT]checkTimeout Succ,view=8,toView=9,nodeIdx=1,changeCycle=0,myNode=b96a351b...,timecost=0.335
info|2019-10-23 13:56:31.569329|[g:1][CONSENSUS][PBFT]checkAndChangeView: Reach consensus,org_view=8,org_changeCycle=0,cur_changeCycle=0,to_view=9
info|2019-10-23 13:56:32.316701|[NETWORK][Host]P2P Recv Connect, From=127.0.0.1:57826
info|2019-10-23 13:56:32.316738|[NETWORK][Host]P2P StartAccept,Host=0.0.0.0:30303
info|2019-10-23 13:56:32.323701|[P2P][Service] Connection established,nodeID=bfdf57a5...,endpoint=127.0.0.1:57826
info|2019-10-23 13:56:32.323749|[NETWORK][Host]startPeerSession, From=127.0.0.1:57826,nodeID=bfdf57a5...
info|2019-10-23 13:56:32.324324|[NETWORK][Host]Connecting to node,endpoint=127.0.0.1:30302
info|2019-10-23 13:56:32.324386|[P2P][Service] heartBeat,connected count=3
info|2019-10-23 13:56:32.324460|[NETWORK][ASIO]asyncResolveConnect,endpoint=127.0.0.1:30302
info|2019-10-23 13:56:32.339567|[NETWORK][Host]startPeerSession, From=127.0.0.1:30302,nodeID=bfdf57a5...
info|2019-10-23 13:56:32.569802|[g:1][CONSENSUS][SEALER]++++++++++++++++ Generating seal on,blkNum=1,tx=0,nodeIdx=1,hash=7501b202...
info|2019-10-23 13:56:32.581841|[g:1][CONSENSUS][PBFT]checkTimeout Succ,view=9,toView=10,nodeIdx=1,changeCycle=0,myNode=b96a351b...,timecost=0.222
info|2019-10-23 13:56:32.582635|[g:1][CONSENSUS][PBFT]checkAndChangeView: Reach consensus,org_view=9,org_changeCycle=0,cur_changeCycle=0,to_view=10
info|2019-10-23 13:56:33.582265|[g:1][CONSENSUS]addRawPrepare,height=1,reqIdx=2,hash=47055b5c...
info|2019-10-23 13:56:33.582799|[g:1][CONSENSUS][PBFT]checkTimeout Succ,view=10,toView=11,nodeIdx=1,changeCycle=0,myNode=b96a351b...,timecost=0.413
info|2019-10-23 13:56:33.588683|[g:1][CONSENSUS][PBFT]checkAndChangeView: Reach consensus,org_view=10,org_changeCycle=0,cur_changeCycle=0,to_view=11
info|2019-10-23 13:56:34.590454|[g:1][CONSENSUS]addRawPrepare,height=1,reqIdx=3,hash=3de7619c...
info|2019-10-23 13:56:34.590775|[g:1][CONSENSUS][PBFT]checkTimeout Succ,view=11,toView=12,nodeIdx=1,changeCycle=0,myNode=b96a351b...,timecost=0.285
info|2019-10-23 13:56:34.595029|[g:1][CONSENSUS][PBFT]checkAndChangeView: Reach consensus,org_view=11,org_changeCycle=0,cur_changeCycle=0,to_view=12
info|2019-10-23 13:56:35.600878|[g:1][CONSENSUS]addRawPrepare,height=1,reqIdx=0,hash=58803439...
info|2019-10-23 13:56:35.601113|[g:1][CONSENSUS][PBFT]checkTimeout Succ,view=12,toView=13,nodeIdx=1,changeCycle=0,myNode=b96a351b...,timecost=0.208
info|2019-10-23 13:56:35.603740|[g:1][CONSENSUS][PBFT]checkAndChangeView: Reach consensus,org_view=12,org_changeCycle=0,cur_changeCycle=0,to_view=13
info|2019-10-23 13:56:36.603435|[g:1][CONSENSUS][SEALER]++++++++++++++++ Generating seal on,blkNum=1,tx=0,nodeIdx=1,hash=76439b96...
info|2019-10-23 13:56:36.610894|[g:1][CONSENSUS][PBFT]checkTimeout Succ,view=13,toView=14,nodeIdx=1,changeCycle=0,myNode=b96a351b...,timecost=0.468
info|2019-10-23 13:56:36.611937|[g:1][CONSENSUS][PBFT]checkAndChangeView: Reach consensus,org_view=13,org_changeCycle=0,cur_changeCycle=0,to_view=14
info|2019-10-23 13:56:37.613063|[g:1][CONSENSUS]addRawPrepare,height=1,reqIdx=2,hash=ede499ed...
info|2019-10-23 13:56:37.613388|[g:1][CONSENSUS][PBFT]checkTimeout Succ,view=14,toView=15,nodeIdx=1,changeCycle=0,myNode=b96a351b...,timecost=0.216
info|2019-10-23 13:56:37.618128|[g:1][CONSENSUS][PBFT]checkAndChangeView: Reach consensus,org_view=14,org_changeCycle=0,cur_changeCycle=0,to_view=15
info|2019-10-23 13:56:38.624492|[g:1][CONSENSUS]addRawPrepare,height=1,reqIdx=3,hash=b43c14c2...
info|2019-10-23 13:56:38.624718|[g:1][CONSENSUS][PBFT]checkTimeout Succ,view=15,toView=16,nodeIdx=1,changeCycle=0,myNode=b96a351b...,timecost=0.199
info|2019-10-23 13:56:38.625695|[g:1][CONSENSUS][PBFT]checkAndChangeView: Reach consensus,org_view=15,org_changeCycle=0,cur_changeCycle=0,to_view=16
info|2019-10-23 13:56:39.629598|[g:1][CONSENSUS]addRawPrepare,height=1,reqIdx=0,hash=d30a0fbf...
info|2019-10-23 13:56:39.629852|[g:1][CONSENSUS][PBFT]checkTimeout Succ,view=16,toView=17,nodeIdx=1,changeCycle=0,myNode=b96a351b...,timecost=0.227
info|2019-10-23 13:56:39.633949|[g:1][CONSENSUS][PBFT]checkAndChangeView: Reach consensus,org_view=16,org_changeCycle=0,cur_changeCycle=0,to_view=17
info|2019-10-23 13:56:40.634071|[g:1][CONSENSUS][SEALER]++++++++++++++++ Generating seal on,blkNum=1,tx=0,nodeIdx=1,hash=166fb74e...
info|2019-10-23 13:56:40.644446|[g:1][CONSENSUS][PBFT]checkTimeout Succ,view=17,toView=18,nodeIdx=1,changeCycle=0,myNode=b96a351b...,timecost=0.478
info|2019-10-23 13:56:40.646211|[g:1][CONSENSUS][PBFT]checkAndChangeView: Reach consensus,org_view=17,org_changeCycle=0,cur_changeCycle=0,to_view=18
info|2019-10-23 13:56:41.644586|[g:1][CONSENSUS]addRawPrepare,height=1,reqIdx=2,hash=d4749135...
info|2019-10-23 13:56:41.649704|[g:1][CONSENSUS][PBFT]checkTimeout Succ,view=18,toView=19,nodeIdx=1,changeCycle=0,myNode=b96a351b...,timecost=4.964
info|2019-10-23 13:56:41.653181|[g:1][CONSENSUS][PBFT]checkAndChangeView: Reach consensus,org_view=18,org_changeCycle=0,cur_changeCycle=0,to_view=19
info|2019-10-23 13:56:42.324729|[P2P][Service] heartBeat,connected count=3
info|2019-10-23 13:56:42.656640|[g:1][CONSENSUS]addRawPrepare,height=1,reqIdx=3,hash=79c2d4d7...
info|2019-10-23 13:56:42.657079|[g:1][CONSENSUS][PBFT]checkTimeout Succ,view=19,toView=20,nodeIdx=1,changeCycle=0,myNode=b96a351b...,timecost=0.404
info|2019-10-23 13:56:42.660392|[g:1][CONSENSUS][PBFT]checkAndChangeView: Reach consensus,org_view=19,org_changeCycle=0,cur_changeCycle=0,to_view=20
info|2019-10-23 13:56:43.662545|[g:1][CONSENSUS]addRawPrepare,height=1,reqIdx=0,hash=87e3c19d...
info|2019-10-23 13:56:43.662828|[g:1][CONSENSUS][PBFT]checkTimeout Succ,view=20,toView=21,nodeIdx=1,changeCycle=0,myNode=b96a351b...,timecost=0.25
info|2019-10-23 13:56:43.664497|[g:1][CONSENSUS][PBFT]checkAndChangeView: Reach consensus,org_view=20,org_changeCycle=0,cur_changeCycle=0,to_view=21
info|2019-10-23 13:56:44.664700|[g:1][CONSENSUS][SEALER]++++++++++++++++ Generating seal on,blkNum=1,tx=0,nodeIdx=1,hash=4583050f...
info|2019-10-23 13:56:44.672243|[g:1][CONSENSUS][PBFT]checkTimeout Succ,view=21,toView=22,nodeIdx=1,changeCycle=0,myNode=b96a351b...,timecost=0.22
info|2019-10-23 13:56:44.673214|[g:1][CONSENSUS][PBFT]checkAndChangeView: Reach consensus,org_view=21,org_changeCycle=0,cur_changeCycle=0,to_view=22
info|2019-10-23 13:56:45.673560|[g:1][CONSENSUS]addRawPrepare,height=1,reqIdx=2,hash=260fa29c...
info|2019-10-23 13:56:45.674081|[g:1][CONSENSUS][PBFT]checkTimeout Succ,view=22,toView=23,nodeIdx=1,changeCycle=0,myNode=b96a351b...,timecost=0.367
info|2019-10-23 13:56:45.680291|[g:1][CONSENSUS][PBFT]checkAndChangeView: Reach consensus,org_view=22,org_changeCycle=0,cur_changeCycle=0,to_view=23
info|2019-10-23 13:56:46.683764|[g:1][CONSENSUS]addRawPrepare,height=1,reqIdx=3,hash=4c4fc548...
info|2019-10-23 13:56:46.684087|[g:1][CONSENSUS][PBFT]checkTimeout Succ,view=23,toView=24,nodeIdx=1,changeCycle=0,myNode=b96a351b...,timecost=0.288
info|2019-10-23 13:56:46.686688|[g:1][CONSENSUS][PBFT]checkAndChangeView: Reach consensus,org_view=23,org_changeCycle=0,cur_changeCycle=0,to_view=24
info|2019-10-23 13:56:47.691935|[g:1][CONSENSUS]addRawPrepare,height=1,reqIdx=0,hash=1ae6af5b...
info|2019-10-23 13:56:47.692175|[g:1][CONSENSUS][PBFT]checkTimeout Succ,view=24,toView=25,nodeIdx=1,changeCycle=0,myNode=b96a351b...,timecost=0.213
info|2019-10-23 13:56:47.693333|[g:1][CONSENSUS][PBFT]checkAndChangeView: Reach consensus,org_view=24,org_changeCycle=0,cur_changeCycle=0,to_view=25
info|2019-10-23 13:56:48.695368|[g:1][CONSENSUS][SEALER]++++++++++++++++ Generating seal on,blkNum=1,tx=0,nodeIdx=1,hash=975aefd9...
info|2019-10-23 13:56:48.704094|[g:1][CONSENSUS][PBFT]checkTimeout Succ,view=25,toView=26,nodeIdx=1,changeCycle=0,myNode=b96a351b...,timecost=0.221
info|2019-10-23 13:56:48.705153|[g:1][CONSENSUS][PBFT]checkAndChangeView: Reach consensus,org_view=25,org_changeCycle=0,cur_changeCycle=0,to_view=26
info|2019-10-23 13:56:49.705698|[g:1][CONSENSUS]addRawPrepare,height=1,reqIdx=2,hash=c5d13516...
info|2019-10-23 13:56:49.706122|[g:1][CONSENSUS][PBFT]checkTimeout Succ,view=26,toView=27,nodeIdx=1,changeCycle=0,myNode=b96a351b...,timecost=0.295
info|2019-10-23 13:56:49.711081|[g:1][CONSENSUS][PBFT]checkAndChangeView: Reach consensus,org_view=26,org_changeCycle=0,cur_changeCycle=0,to_view=27
info|2019-10-23 13:56:50.714694|[g:1][CONSENSUS]addRawPrepare,height=1,reqIdx=3,hash=dc3a5ac5...
info|2019-10-23 13:56:50.714953|[g:1][CONSENSUS][PBFT]checkTimeout Succ,view=27,toView=28,nodeIdx=1,changeCycle=0,myNode=b96a351b...,timecost=0.227
info|2019-10-23 13:56:50.717666|[g:1][CONSENSUS][PBFT]checkAndChangeView: Reach consensus,org_view=27,org_changeCycle=0,cur_changeCycle=0,to_view=28
info|2019-10-23 13:56:51.720599|[g:1][CONSENSUS]addRawPrepare,height=1,reqIdx=0,hash=125b9e45...
info|2019-10-23 13:56:51.720823|[g:1][CONSENSUS][PBFT]checkTimeout Succ,view=28,toView=29,nodeIdx=1,changeCycle=0,myNode=b96a351b...,timecost=0.199
info|2019-10-23 13:56:51.723690|[g:1][CONSENSUS][PBFT]checkAndChangeView: Reach consensus,org_view=28,org_changeCycle=0,cur_changeCycle=0,to_view=29
info|2019-10-23 13:56:52.324923|[P2P][Service] heartBeat,connected count=3
info|2019-10-23 13:56:52.723210|[g:1][CONSENSUS][SEALER]++++++++++++++++ Generating seal on,blkNum=1,tx=0,nodeIdx=1,hash=531b9779...
info|2019-10-23 13:56:52.734931|[g:1][CONSENSUS][PBFT]checkTimeout Succ,view=29,toView=30,nodeIdx=1,changeCycle=0,myNode=b96a351b...,timecost=0.233
info|2019-10-23 13:56:52.736072|[g:1][CONSENSUS][PBFT]checkAndChangeView: Reach consensus,org_view=29,org_changeCycle=0,cur_changeCycle=0,to_view=30
info|2019-10-23 13:56:53.735174|[g:1][CONSENSUS]addRawPrepare,height=1,reqIdx=2,hash=cb2079be...
info|2019-10-23 13:56:53.735489|[g:1][CONSENSUS][PBFT]checkTimeout Succ,view=30,toView=31,nodeIdx=1,changeCycle=0,myNode=b96a351b...,timecost=0.222
info|2019-10-23 13:56:53.742091|[g:1][CONSENSUS][PBFT]checkAndChangeView: Reach consensus,org_view=30,org_changeCycle=0,cur_changeCycle=0,to_view=31
info|2019-10-23 13:56:54.746224|[g:1][CONSENSUS]addRawPrepare,height=1,reqIdx=3,hash=59a378bc...
info|2019-10-23 13:56:54.746495|[g:1][CONSENSUS][PBFT]checkTimeout Succ,view=31,toView=32,nodeIdx=1,changeCycle=0,myNode=b96a351b...,timecost=0.232
info|2019-10-23 13:56:54.749149|[g:1][CONSENSUS][PBFT]checkAndChangeView: Reach consensus,org_view=31,org_changeCycle=0,cur_changeCycle=0,to_view=32
info|2019-10-23 13:56:55.754998|[g:1][CONSENSUS]addRawPrepare,height=1,reqIdx=0,hash=6e6172fd...
info|2019-10-23 13:56:55.755320|[g:1][CONSENSUS][PBFT]checkTimeout Succ,view=32,toView=33,nodeIdx=1,changeCycle=0,myNode=b96a351b...,timecost=0.285
info|2019-10-23 13:56:55.756506|[g:1][CONSENSUS][PBFT]checkAndChangeView: Reach consensus,org_view=32,org_changeCycle=0,cur_changeCycle=0,to_view=33
info|2019-10-23 13:56:56.758151|[g:1][CONSENSUS][SEALER]++++++++++++++++ Generating seal on,blkNum=1,tx=0,nodeIdx=1,hash=e437d2bc...
info|2019-10-23 13:56:56.769837|[g:1][CONSENSUS][PBFT]checkTimeout Succ,view=33,toView=34,nodeIdx=1,changeCycle=0,myNode=b96a351b...,timecost=0.223
info|2019-10-23 13:56:56.770833|[g:1][CONSENSUS][PBFT]checkAndChangeView: Reach consensus,org_view=33,org_changeCycle=0,cur_changeCycle=0,to_view=34
info|2019-10-23 13:56:57.773555|[g:1][CONSENSUS]addRawPrepare,height=1,reqIdx=2,hash=b423a3a9...
info|2019-10-23 13:56:57.780180|[g:1][CONSENSUS][PBFT]checkTimeout Succ,view=34,toView=35,nodeIdx=1,changeCycle=0,myNode=b96a351b...,timecost=3.262
info|2019-10-23 13:56:57.781436|[g:1][CONSENSUS][PBFT]checkAndChangeView: Reach consensus,org_view=34,org_changeCycle=0,cur_changeCycle=0,to_view=35
info|2019-10-23 13:56:58.783649|[g:1][CONSENSUS]addRawPrepare,height=1,reqIdx=3,hash=c47fea14...
info|2019-10-23 13:56:58.783873|[g:1][CONSENSUS][PBFT]checkTimeout Succ,view=35,toView=36,nodeIdx=1,changeCycle=0,myNode=b96a351b...,timecost=0.2
info|2019-10-23 13:56:58.786897|[g:1][CONSENSUS][PBFT]checkAndChangeView: Reach consensus,org_view=35,org_changeCycle=0,cur_changeCycle=0,to_view=36
info|2019-10-23 13:56:59.792407|[g:1][CONSENSUS]addRawPrepare,height=1,reqIdx=0,hash=391401a0...
info|2019-10-23 13:56:59.792758|[g:1][CONSENSUS][PBFT]checkTimeout Succ,view=36,toView=37,nodeIdx=1,changeCycle=0,myNode=b96a351b...,timecost=0.311
info|2019-10-23 13:56:59.794222|[g:1][CONSENSUS][PBFT]checkAndChangeView: Reach consensus,org_view=36,org_changeCycle=0,cur_changeCycle=0,to_view=37
info|2019-10-23 13:57:00.796438|[g:1][CONSENSUS][SEALER]++++++++++++++++ Generating seal on,blkNum=1,tx=0,nodeIdx=1,hash=fbb6a7ae...
info|2019-10-23 13:57:00.804329|[g:1][CONSENSUS][PBFT]checkTimeout Succ,view=37,toView=38,nodeIdx=1,changeCycle=0,myNode=b96a351b...,timecost=0.23
info|2019-10-23 13:57:00.805403|[g:1][CONSENSUS][PBFT]checkAndChangeView: Reach consensus,org_view=37,org_changeCycle=0,cur_changeCycle=0,to_view=38
info|2019-10-23 13:57:01.805015|[g:1][CONSENSUS]addRawPrepare,height=1,reqIdx=2,hash=5137edab...
info|2019-10-23 13:57:01.805516|[g:1][CONSENSUS][PBFT]checkTimeout Succ,view=38,toView=39,nodeIdx=1,changeCycle=0,myNode=b96a351b...,timecost=0.386
info|2019-10-23 13:57:01.811718|[g:1][CONSENSUS][PBFT]checkAndChangeView: Reach consensus,org_view=38,org_changeCycle=0,cur_changeCycle=0,to_view=39
info|2019-10-23 13:57:02.325050|[P2P][Service] heartBeat,connected count=3
info|2019-10-23 13:57:02.817178|[g:1][CONSENSUS]addRawPrepare,height=1,reqIdx=3,hash=fa7797e5...
info|2019-10-23 13:57:02.817415|[g:1][CONSENSUS][PBFT]checkTimeout Succ,view=39,toView=40,nodeIdx=1,changeCycle=0,myNode=b96a351b...,timecost=0.211
info|2019-10-23 13:57:02.820634|[g:1][CONSENSUS][PBFT]checkAndChangeView: Reach consensus,org_view=39,org_changeCycle=0,cur_changeCycle=0,to_view=40
info|2019-10-23 13:57:03.822384|[g:1][CONSENSUS]addRawPrepare,height=1,reqIdx=0,hash=2ada50b9...
info|2019-10-23 13:57:03.822702|[g:1][CONSENSUS][PBFT]checkTimeout Succ,view=40,toView=41,nodeIdx=1,changeCycle=0,myNode=b96a351b...,timecost=0.284
info|2019-10-23 13:57:03.826129|[g:1][CONSENSUS][PBFT]checkAndChangeView: Reach consensus,org_view=40,org_changeCycle=0,cur_changeCycle=0,to_view=41
info|2019-10-23 13:57:04.826445|[g:1][CONSENSUS][SEALER]++++++++++++++++ Generating seal on,blkNum=1,tx=0,nodeIdx=1,hash=a1469aaf...
info|2019-10-23 13:57:04.833865|[g:1][CONSENSUS][PBFT]checkTimeout Succ,view=41,toView=42,nodeIdx=1,changeCycle=0,myNode=b96a351b...,timecost=0.215
info|2019-10-23 13:57:04.834699|[g:1][CONSENSUS][PBFT]checkAndChangeView: Reach consensus,org_view=41,org_changeCycle=0,cur_changeCycle=0,to_view=42
info|2019-10-23 13:57:05.833689|[g:1][CONSENSUS]addRawPrepare,height=1,reqIdx=2,hash=35b3b7b0...
info|2019-10-23 13:57:05.834162|[g:1][CONSENSUS][PBFT]checkTimeout Succ,view=42,toView=43,nodeIdx=1,changeCycle=0,myNode=b96a351b...,timecost=0.355
info|2019-10-23 13:57:05.838823|[g:1][CONSENSUS][PBFT]checkAndChangeView: Reach consensus,org_view=42,org_changeCycle=0,cur_changeCycle=0,to_view=43
info|2019-10-23 13:57:06.844975|[g:1][CONSENSUS]addRawPrepare,height=1,reqIdx=3,hash=f87a6102...
info|2019-10-23 13:57:06.845196|[g:1][CONSENSUS][PBFT]checkTimeout Succ,view=43,toView=44,nodeIdx=1,changeCycle=0,myNode=b96a351b...,timecost=0.197
info|2019-10-23 13:57:06.846041|[g:1][CONSENSUS][PBFT]checkAndChangeView: Reach consensus,org_view=43,org_changeCycle=0,cur_changeCycle=0,to_view=44
info|2019-10-23 13:57:07.851035|[g:1][CONSENSUS]addRawPrepare,height=1,reqIdx=0,hash=1181d6b2...
info|2019-10-23 13:57:07.851329|[g:1][CONSENSUS][PBFT]checkTimeout Succ,view=44,toView=45,nodeIdx=1,changeCycle=0,myNode=b96a351b...,timecost=0.266
info|2019-10-23 13:57:07.854606|[g:1][CONSENSUS][PBFT]checkAndChangeView: Reach consensus,org_view=44,org_changeCycle=0,cur_changeCycle=0,to_view=45
info|2019-10-23 13:57:08.854796|[g:1][CONSENSUS][SEALER]++++++++++++++++ Generating seal on,blkNum=1,tx=0,nodeIdx=1,hash=66caae7d...
info|2019-10-23 13:57:08.867373|[g:1][CONSENSUS][PBFT]checkTimeout Succ,view=45,toView=46,nodeIdx=1,changeCycle=0,myNode=b96a351b...,timecost=0.222
info|2019-10-23 13:57:08.868272|[g:1][CONSENSUS][PBFT]checkAndChangeView: Reach consensus,org_view=45,org_changeCycle=0,cur_changeCycle=0,to_view=46
info|2019-10-23 13:57:09.868072|[g:1][CONSENSUS]addRawPrepare,height=1,reqIdx=2,hash=f7854a25...
info|2019-10-23 13:57:09.868460|[g:1][CONSENSUS][PBFT]checkTimeout Succ,view=46,toView=47,nodeIdx=1,changeCycle=0,myNode=b96a351b...,timecost=0.285
info|2019-10-23 13:57:09.872077|[g:1][CONSENSUS][PBFT]checkAndChangeView: Reach consensus,org_view=46,org_changeCycle=0,cur_changeCycle=0,to_view=47
info|2019-10-23 13:57:10.878258|[g:1][CONSENSUS]addRawPrepare,height=1,reqIdx=3,hash=83893e13...
info|2019-10-23 13:57:10.879431|[g:1][CONSENSUS][PBFT]checkTimeout Succ,view=47,toView=48,nodeIdx=1,changeCycle=0,myNode=b96a351b...,timecost=0.447
info|2019-10-23 13:57:10.880346|[g:1][CONSENSUS][PBFT]checkAndChangeView: Reach consensus,org_view=47,org_changeCycle=0,cur_changeCycle=0,to_view=48
info|2019-10-23 13:57:11.886365|[g:1][CONSENSUS]addRawPrepare,height=1,reqIdx=0,hash=f8fcb4e1...
info|2019-10-23 13:57:11.886601|[g:1][CONSENSUS][PBFT]checkTimeout Succ,view=48,toView=49,nodeIdx=1,changeCycle=0,myNode=b96a351b...,timecost=0.21
info|2019-10-23 13:57:11.888963|[g:1][CONSENSUS][PBFT]checkAndChangeView: Reach consensus,org_view=48,org_changeCycle=0,cur_changeCycle=0,to_view=49
info|2019-10-23 13:57:12.325233|[P2P][Service] heartBeat,connected count=3
info|2019-10-23 13:57:12.889328|[g:1][CONSENSUS][SEALER]++++++++++++++++ Generating seal on,blkNum=1,tx=0,nodeIdx=1,hash=eb8a347b...
info|2019-10-23 13:57:12.899778|[g:1][CONSENSUS][PBFT]checkTimeout Succ,view=49,toView=50,nodeIdx=1,changeCycle=0,myNode=b96a351b...,timecost=0.291
info|2019-10-23 13:57:12.900614|[g:1][CONSENSUS][PBFT]checkAndChangeView: Reach consensus,org_view=49,org_changeCycle=0,cur_changeCycle=0,to_view=50
info|2019-10-23 13:57:13.900206|[g:1][CONSENSUS]addRawPrepare,height=1,reqIdx=2,hash=70b9b85d...
info|2019-10-23 13:57:13.900594|[g:1][CONSENSUS][PBFT]checkTimeout Succ,view=50,toView=51,nodeIdx=1,changeCycle=0,myNode=b96a351b...,timecost=0.288
info|2019-10-23 13:57:13.904404|[g:1][CONSENSUS][PBFT]checkAndChangeView: Reach consensus,org_view=50,org_changeCycle=0,cur_changeCycle=0,to_view=51
info|2019-10-23 13:57:14.906825|[g:1][CONSENSUS]addRawPrepare,height=1,reqIdx=3,hash=c0b2d12f...
info|2019-10-23 13:57:14.907137|[g:1][CONSENSUS][PBFT]checkTimeout Succ,view=51,toView=52,nodeIdx=1,changeCycle=0,myNode=b96a351b...,timecost=0.283
info|2019-10-23 13:57:14.910254|[g:1][CONSENSUS][PBFT]checkAndChangeView: Reach consensus,org_view=51,org_changeCycle=0,cur_changeCycle=0,to_view=52
info|2019-10-23 13:57:15.915021|[g:1][CONSENSUS]addRawPrepare,height=1,reqIdx=0,hash=54093d35...
info|2019-10-23 13:57:15.915353|[g:1][CONSENSUS][PBFT]checkTimeout Succ,view=52,toView=53,nodeIdx=1,changeCycle=0,myNode=b96a351b...,timecost=0.297
info|2019-10-23 13:57:15.917295|[g:1][CONSENSUS][PBFT]checkAndChangeView: Reach consensus,org_view=52,org_changeCycle=0,cur_changeCycle=0,to_view=53
info|2019-10-23 13:57:16.918042|[g:1][CONSENSUS][SEALER]++++++++++++++++ Generating seal on,blkNum=1,tx=0,nodeIdx=1,hash=8f98eca1...
info|2019-10-23 13:57:16.926865|[g:1][CONSENSUS][PBFT]checkTimeout Succ,view=53,toView=54,nodeIdx=1,changeCycle=0,myNode=b96a351b...,timecost=0.218
info|2019-10-23 13:57:16.927933|[g:1][CONSENSUS][PBFT]checkAndChangeView: Reach consensus,org_view=53,org_changeCycle=0,cur_changeCycle=0,to_view=54
info|2019-10-23 13:57:17.926758|[g:1][CONSENSUS]addRawPrepare,height=1,reqIdx=2,hash=f11fb1cc...
info|2019-10-23 13:57:17.927073|[g:1][CONSENSUS][PBFT]checkTimeout Succ,view=54,toView=55,nodeIdx=1,changeCycle=0,myNode=b96a351b...,timecost=0.242
info|2019-10-23 13:57:17.931765|[g:1][CONSENSUS][PBFT]checkAndChangeView: Reach consensus,org_view=54,org_changeCycle=0,cur_changeCycle=0,to_view=55
info|2019-10-23 13:57:18.935589|[g:1][CONSENSUS]addRawPrepare,height=1,reqIdx=3,hash=86e2d628...
info|2019-10-23 13:57:18.935933|[g:1][CONSENSUS][PBFT]checkTimeout Succ,view=55,toView=56,nodeIdx=1,changeCycle=0,myNode=b96a351b...,timecost=0.306
info|2019-10-23 13:57:18.937793|[g:1][CONSENSUS][PBFT]checkAndChangeView: Reach consensus,org_view=55,org_changeCycle=0,cur_changeCycle=0,to_view=56
info|2019-10-23 13:57:19.941904|[g:1][CONSENSUS]addRawPrepare,height=1,reqIdx=0,hash=eca54980...
info|2019-10-23 13:57:19.942270|[g:1][CONSENSUS][PBFT]checkTimeout Succ,view=56,toView=57,nodeIdx=1,changeCycle=0,myNode=b96a351b...,timecost=0.328
info|2019-10-23 13:57:19.945893|[g:1][CONSENSUS][PBFT]checkAndChangeView: Reach consensus,org_view=56,org_changeCycle=0,cur_changeCycle=0,to_view=57
info|2019-10-23 13:57:20.946424|[g:1][CONSENSUS][SEALER]++++++++++++++++ Generating seal on,blkNum=1,tx=0,nodeIdx=1,hash=4308ee24...
info|2019-10-23 13:57:20.954059|[g:1][CONSENSUS][PBFT]checkTimeout Succ,view=57,toView=58,nodeIdx=1,changeCycle=0,myNode=b96a351b...,timecost=0.214
info|2019-10-23 13:57:20.954938|[g:1][CONSENSUS][PBFT]checkAndChangeView: Reach consensus,org_view=57,org_changeCycle=0,cur_changeCycle=0,to_view=58
info|2019-10-23 13:57:21.955208|[g:1][CONSENSUS]addRawPrepare,height=1,reqIdx=2,hash=d2f01c8c...
info|2019-10-23 13:57:21.955768|[g:1][CONSENSUS][PBFT]checkTimeout Succ,view=58,toView=59,nodeIdx=1,changeCycle=0,myNode=b96a351b...,timecost=0.364
info|2019-10-23 13:57:21.961633|[g:1][CONSENSUS][PBFT]checkAndChangeView: Reach consensus,org_view=58,org_changeCycle=0,cur_changeCycle=0,to_view=59
info|2019-10-23 13:57:22.325558|[P2P][Service] heartBeat,connected count=3
info|2019-10-23 13:57:22.963861|[g:1][CONSENSUS]addRawPrepare,height=1,reqIdx=3,hash=f132adb7...
info|2019-10-23 13:57:22.964198|[g:1][CONSENSUS][PBFT]checkTimeout Succ,view=59,toView=60,nodeIdx=1,changeCycle=0,myNode=b96a351b...,timecost=0.3
info|2019-10-23 13:57:22.966842|[g:1][CONSENSUS][PBFT]checkAndChangeView: Reach consensus,org_view=59,org_changeCycle=0,cur_changeCycle=0,to_view=60
info|2019-10-23 13:57:23.972633|[g:1][CONSENSUS]addRawPrepare,height=1,reqIdx=0,hash=ad15a227...
info|2019-10-23 13:57:23.972866|[g:1][CONSENSUS][PBFT]checkTimeout Succ,view=60,toView=61,nodeIdx=1,changeCycle=0,myNode=b96a351b...,timecost=0.209
info|2019-10-23 13:57:23.973672|[g:1][CONSENSUS][PBFT]checkAndChangeView: Reach consensus,org_view=60,org_changeCycle=0,cur_changeCycle=0,to_view=61
info|2019-10-23 13:57:24.975086|[g:1][CONSENSUS][SEALER]++++++++++++++++ Generating seal on,blkNum=1,tx=0,nodeIdx=1,hash=eab6a897...
info|2019-10-23 13:57:24.984493|[g:1][CONSENSUS][PBFT]checkTimeout Succ,view=61,toView=62,nodeIdx=1,changeCycle=0,myNode=b96a351b...,timecost=0.221
info|2019-10-23 13:57:24.985582|[g:1][CONSENSUS][PBFT]checkAndChangeView: Reach consensus,org_view=61,org_changeCycle=0,cur_changeCycle=0,to_view=62
info|2019-10-23 13:57:25.984586|[g:1][CONSENSUS]addRawPrepare,height=1,reqIdx=2,hash=3eef16d9...
info|2019-10-23 13:57:25.985056|[g:1][CONSENSUS][PBFT]checkTimeout Succ,view=62,toView=63,nodeIdx=1,changeCycle=0,myNode=b96a351b...,timecost=0.357
info|2019-10-23 13:57:25.989949|[g:1][CONSENSUS][PBFT]checkAndChangeView: Reach consensus,org_view=62,org_changeCycle=0,cur_changeCycle=0,to_view=63
info|2019-10-23 13:57:26.994651|[g:1][CONSENSUS]addRawPrepare,height=1,reqIdx=3,hash=59fac090...
info|2019-10-23 13:57:26.995282|[g:1][CONSENSUS][PBFT]checkTimeout Succ,view=63,toView=64,nodeIdx=1,changeCycle=0,myNode=b96a351b...,timecost=0.526
info|2019-10-23 13:57:26.998186|[g:1][CONSENSUS][PBFT]checkAndChangeView: Reach consensus,org_view=63,org_changeCycle=0,cur_changeCycle=0,to_view=64
info|2019-10-23 13:57:28.002105|[g:1][CONSENSUS]addRawPrepare,height=1,reqIdx=0,hash=03955e71...
info|2019-10-23 13:57:28.002569|[g:1][CONSENSUS][PBFT]checkTimeout Succ,view=64,toView=65,nodeIdx=1,changeCycle=0,myNode=b96a351b...,timecost=0.418
info|2019-10-23 13:57:28.006002|[g:1][CONSENSUS][PBFT]checkAndChangeView: Reach consensus,org_view=64,org_changeCycle=0,cur_changeCycle=0,to_view=65
info|2019-10-23 13:57:29.007211|[g:1][CONSENSUS][SEALER]++++++++++++++++ Generating seal on,blkNum=1,tx=0,nodeIdx=1,hash=37571997...
info|2019-10-23 13:57:29.014497|[g:1][CONSENSUS][PBFT]checkTimeout Succ,view=65,toView=66,nodeIdx=1,changeCycle=0,myNode=b96a351b...,timecost=0.216
info|2019-10-23 13:57:29.015832|[g:1][CONSENSUS][PBFT]checkAndChangeView: Reach consensus,org_view=65,org_changeCycle=0,cur_changeCycle=0,to_view=66
info|2019-10-23 13:57:30.015769|[g:1][CONSENSUS]addRawPrepare,height=1,reqIdx=2,hash=2edb8d21...
info|2019-10-23 13:57:30.016272|[g:1][CONSENSUS][PBFT]checkTimeout Succ,view=66,toView=67,nodeIdx=1,changeCycle=0,myNode=b96a351b...,timecost=0.394
info|2019-10-23 13:57:30.022074|[g:1][CONSENSUS][PBFT]checkAndChangeView: Reach consensus,org_view=66,org_changeCycle=0,cur_changeCycle=0,to_view=67
info|2019-10-23 13:57:31.024182|[g:1][CONSENSUS]addRawPrepare,height=1,reqIdx=3,hash=7fdd1784...
info|2019-10-23 13:57:31.024421|[g:1][CONSENSUS][PBFT]checkTimeout Succ,view=67,toView=68,nodeIdx=1,changeCycle=0,myNode=b96a351b...,timecost=0.212
info|2019-10-23 13:57:31.028849|[g:1][CONSENSUS][PBFT]checkAndChangeView: Reach consensus,org_view=67,org_changeCycle=0,cur_changeCycle=0,to_view=68
info|2019-10-23 13:57:32.032886|[g:1][CONSENSUS]addRawPrepare,height=1,reqIdx=0,hash=3d6e55bb...
info|2019-10-23 13:57:32.033127|[g:1][CONSENSUS][PBFT]checkTimeout Succ,view=68,toView=69,nodeIdx=1,changeCycle=0,myNode=b96a351b...,timecost=0.215
info|2019-10-23 13:57:32.035136|[g:1][CONSENSUS][PBFT]checkAndChangeView: Reach consensus,org_view=68,org_changeCycle=0,cur_changeCycle=0,to_view=69
info|2019-10-23 13:57:32.325733|[P2P][Service] heartBeat,connected count=3
info|2019-10-23 13:57:33.035361|[g:1][CONSENSUS][SEALER]++++++++++++++++ Generating seal on,blkNum=1,tx=0,nodeIdx=1,hash=d20ecc67...
info|2019-10-23 13:57:33.045028|[g:1][CONSENSUS][PBFT]checkTimeout Succ,view=69,toView=70,nodeIdx=1,changeCycle=0,myNode=b96a351b...,timecost=0.256
info|2019-10-23 13:57:33.045838|[g:1][CONSENSUS][PBFT]checkAndChangeView: Reach consensus,org_view=69,org_changeCycle=0,cur_changeCycle=0,to_view=70
info|2019-10-23 13:57:34.044903|[g:1][CONSENSUS]addRawPrepare,height=1,reqIdx=2,hash=38ac3ef5...
info|2019-10-23 13:57:34.045379|[g:1][CONSENSUS][PBFT]checkTimeout Succ,view=70,toView=71,nodeIdx=1,changeCycle=0,myNode=b96a351b...,timecost=0.361
info|2019-10-23 13:57:34.049894|[g:1][CONSENSUS][PBFT]checkAndChangeView: Reach consensus,org_view=70,org_changeCycle=0,cur_changeCycle=0,to_view=71
info|2019-10-23 13:57:35.054560|[g:1][CONSENSUS]addRawPrepare,height=1,reqIdx=3,hash=5f444845...
info|2019-10-23 13:57:35.054895|[g:1][CONSENSUS][PBFT]checkTimeout Succ,view=71,toView=72,nodeIdx=1,changeCycle=0,myNode=b96a351b...,timecost=0.299
info|2019-10-23 13:57:35.058089|[g:1][CONSENSUS][PBFT]checkAndChangeView: Reach consensus,org_view=71,org_changeCycle=0,cur_changeCycle=0,to_view=72
info|2019-10-23 13:57:36.063261|[g:1][CONSENSUS]addRawPrepare,height=1,reqIdx=0,hash=e655e983...
info|2019-10-23 13:57:36.063486|[g:1][CONSENSUS][PBFT]checkTimeout Succ,view=72,toView=73,nodeIdx=1,changeCycle=0,myNode=b96a351b...,timecost=0.199
info|2019-10-23 13:57:36.065783|[g:1][CONSENSUS][PBFT]checkAndChangeView: Reach consensus,org_view=72,org_changeCycle=0,cur_changeCycle=0,to_view=73
info|2019-10-23 13:57:37.065852|[g:1][CONSENSUS][SEALER]++++++++++++++++ Generating seal on,blkNum=1,tx=0,nodeIdx=1,hash=8b1606aa...
info|2019-10-23 13:57:37.079865|[g:1][CONSENSUS][PBFT]checkTimeout Succ,view=73,toView=74,nodeIdx=1,changeCycle=0,myNode=b96a351b...,timecost=0.264
info|2019-10-23 13:57:37.081149|[g:1][CONSENSUS][PBFT]checkAndChangeView: Reach consensus,org_view=73,org_changeCycle=0,cur_changeCycle=0,to_view=74
info|2019-10-23 13:57:38.085724|[g:1][CONSENSUS]addRawPrepare,height=1,reqIdx=2,hash=c97d2e3d...
info|2019-10-23 13:57:38.086042|[g:1][CONSENSUS][PBFT]checkTimeout Succ,view=74,toView=75,nodeIdx=1,changeCycle=0,myNode=b96a351b...,timecost=0.224
info|2019-10-23 13:57:38.091345|[g:1][CONSENSUS][PBFT]checkAndChangeView: Reach consensus,org_view=74,org_changeCycle=0,cur_changeCycle=0,to_view=75
info|2019-10-23 13:57:39.096922|[g:1][CONSENSUS]addRawPrepare,height=1,reqIdx=3,hash=b506de20...
info|2019-10-23 13:57:39.097261|[g:1][CONSENSUS][PBFT]checkTimeout Succ,view=75,toView=76,nodeIdx=1,changeCycle=0,myNode=b96a351b...,timecost=0.304
info|2019-10-23 13:57:39.104161|[g:1][CONSENSUS][PBFT]checkAndChangeView: Reach consensus,org_view=75,org_changeCycle=0,cur_changeCycle=0,to_view=76
info|2019-10-23 13:57:40.106990|[g:1][CONSENSUS]addRawPrepare,height=1,reqIdx=0,hash=c11ea72b...
info|2019-10-23 13:57:40.107355|[g:1][CONSENSUS][PBFT]checkTimeout Succ,view=76,toView=77,nodeIdx=1,changeCycle=0,myNode=b96a351b...,timecost=0.325
info|2019-10-23 13:57:40.109107|[g:1][CONSENSUS][PBFT]checkAndChangeView: Reach consensus,org_view=76,org_changeCycle=0,cur_changeCycle=0,to_view=77
info|2019-10-23 13:57:41.110336|[g:1][CONSENSUS][SEALER]++++++++++++++++ Generating seal on,blkNum=1,tx=0,nodeIdx=1,hash=034be6f7...
info|2019-10-23 13:57:41.126789|[g:1][CONSENSUS][PBFT]checkTimeout Succ,view=77,toView=78,nodeIdx=1,changeCycle=0,myNode=b96a351b...,timecost=0.32
info|2019-10-23 13:57:41.129254|[g:1][CONSENSUS][PBFT]checkAndChangeView: Reach consensus,org_view=77,org_changeCycle=0,cur_changeCycle=0,to_view=78
info|2019-10-23 13:57:42.130964|[g:1][CONSENSUS]addRawPrepare,height=1,reqIdx=2,hash=83db0a70...
info|2019-10-23 13:57:42.135333|[g:1][CONSENSUS][PBFT]checkTimeout Succ,view=78,toView=79,nodeIdx=1,changeCycle=0,myNode=b96a351b...,timecost=4.252
info|2019-10-23 13:57:42.137251|[g:1][CONSENSUS][PBFT]checkAndChangeView: Reach consensus,org_view=78,org_changeCycle=0,cur_changeCycle=0,to_view=79
info|2019-10-23 13:57:42.325893|[P2P][Service] heartBeat,connected count=3
info|2019-10-23 13:57:43.143120|[g:1][CONSENSUS]addRawPrepare,height=1,reqIdx=3,hash=5803860f...
info|2019-10-23 13:57:43.143402|[g:1][CONSENSUS][PBFT]checkTimeout Succ,view=79,toView=80,nodeIdx=1,changeCycle=0,myNode=b96a351b...,timecost=0.257
info|2019-10-23 13:57:43.145055|[g:1][CONSENSUS][PBFT]checkAndChangeView: Reach consensus,org_view=79,org_changeCycle=0,cur_changeCycle=0,to_view=80
info|2019-10-23 13:57:44.151128|[g:1][CONSENSUS]addRawPrepare,height=1,reqIdx=0,hash=19802b66...
info|2019-10-23 13:57:44.158216|[g:1][CONSENSUS][PBFT]checkTimeout Succ,view=80,toView=81,nodeIdx=1,changeCycle=0,myNode=b96a351b...,timecost=6.771
info|2019-10-23 13:57:44.160930|[g:1][CONSENSUS][PBFT]checkAndChangeView: Reach consensus,org_view=80,org_changeCycle=0,cur_changeCycle=0,to_view=81
info|2019-10-23 13:57:45.161800|[g:1][CONSENSUS][SEALER]++++++++++++++++ Generating seal on,blkNum=1,tx=0,nodeIdx=1,hash=2ad04382...
info|2019-10-23 13:57:45.170634|[g:1][CONSENSUS][PBFT]checkTimeout Succ,view=81,toView=82,nodeIdx=1,changeCycle=0,myNode=b96a351b...,timecost=0.219
info|2019-10-23 13:57:45.171790|[g:1][CONSENSUS][PBFT]checkAndChangeView: Reach consensus,org_view=81,org_changeCycle=0,cur_changeCycle=0,to_view=82
info|2019-10-23 13:57:46.171254|[g:1][CONSENSUS]addRawPrepare,height=1,reqIdx=2,hash=d472152f...
info|2019-10-23 13:57:46.171734|[g:1][CONSENSUS][PBFT]checkTimeout Succ,view=82,toView=83,nodeIdx=1,changeCycle=0,myNode=b96a351b...,timecost=0.357
info|2019-10-23 13:57:46.177785|[g:1][CONSENSUS][PBFT]checkAndChangeView: Reach consensus,org_view=82,org_changeCycle=0,cur_changeCycle=0,to_view=83
info|2019-10-23 13:57:47.181164|[g:1][CONSENSUS]addRawPrepare,height=1,reqIdx=3,hash=87f10ba7...
info|2019-10-23 13:57:47.181406|[g:1][CONSENSUS][PBFT]checkTimeout Succ,view=83,toView=84,nodeIdx=1,changeCycle=0,myNode=b96a351b...,timecost=0.215
info|2019-10-23 13:57:47.183234|[g:1][CONSENSUS][PBFT]checkAndChangeView: Reach consensus,org_view=83,org_changeCycle=0,cur_changeCycle=0,to_view=84
info|2019-10-23 13:57:48.196231|[g:1][CONSENSUS][PBFT]Trigger fast-viewchange,view=84,toView=84,minView=85,INFO=,reqNum=0,curNum=0,GenIdx=2,Cview=85,view=84,fromIdx=2,fromNode=bfdf57a5...,fromIp=127.0.0.1:57826,hash=cdaccf2a...,nodeIdx=1,myNode=b96a351b...
info|2019-10-23 13:57:48.196539|[g:1][CONSENSUS][PBFT]checkAndChangeView: Reach consensus,org_view=84,org_changeCycle=0,cur_changeCycle=0,to_view=85
info|2019-10-23 13:57:48.196551|[g:1][CONSENSUS][PBFT]checkTimeout Succ,view=85,toView=85,nodeIdx=1,changeCycle=0,myNode=b96a351b...,timecost=0.245
info|2019-10-23 13:57:49.196341|[g:1][CONSENSUS][SEALER]++++++++++++++++ Generating seal on,blkNum=1,tx=0,nodeIdx=1,hash=d64bb7f1...
info|2019-10-23 13:57:49.204668|[g:1][CONSENSUS][PBFT]checkTimeout Succ,view=85,toView=86,nodeIdx=1,changeCycle=0,myNode=b96a351b...,timecost=0.22
info|2019-10-23 13:57:49.205610|[g:1][CONSENSUS][PBFT]checkAndChangeView: Reach consensus,org_view=85,org_changeCycle=0,cur_changeCycle=0,to_view=86
info|2019-10-23 13:57:50.205300|[g:1][CONSENSUS]addRawPrepare,height=1,reqIdx=2,hash=988c4256...
info|2019-10-23 13:57:50.205685|[g:1][CONSENSUS][PBFT]checkTimeout Succ,view=86,toView=87,nodeIdx=1,changeCycle=0,myNode=b96a351b...,timecost=0.296
info|2019-10-23 13:57:50.213664|[g:1][CONSENSUS][PBFT]checkAndChangeView: Reach consensus,org_view=86,org_changeCycle=0,cur_changeCycle=0,to_view=87
info|2019-10-23 13:57:51.220316|[g:1][CONSENSUS]addRawPrepare,height=1,reqIdx=3,hash=fdeb4588...
info|2019-10-23 13:57:51.220700|[g:1][CONSENSUS][PBFT]checkTimeout Succ,view=87,toView=88,nodeIdx=1,changeCycle=0,myNode=b96a351b...,timecost=0.346
info|2019-10-23 13:57:51.224568|[g:1][CONSENSUS][PBFT]checkAndChangeView: Reach consensus,org_view=87,org_changeCycle=0,cur_changeCycle=0,to_view=88
info|2019-10-23 13:57:52.230246|[g:1][CONSENSUS]addRawPrepare,height=1,reqIdx=0,hash=b8d85aa0...
info|2019-10-23 13:57:52.230629|[g:1][CONSENSUS][PBFT]checkTimeout Succ,view=88,toView=89,nodeIdx=1,changeCycle=0,myNode=b96a351b...,timecost=0.348
info|2019-10-23 13:57:52.232085|[g:1][CONSENSUS][PBFT]checkAndChangeView: Reach consensus,org_view=88,org_changeCycle=0,cur_changeCycle=0,to_view=89
info|2019-10-23 13:57:52.326312|[P2P][Service] heartBeat,connected count=3
info|2019-10-23 13:57:53.232527|[g:1][CONSENSUS][SEALER]++++++++++++++++ Generating seal on,blkNum=1,tx=0,nodeIdx=1,hash=94845e2e...
info|2019-10-23 13:57:53.243738|[g:1][CONSENSUS][PBFT]checkTimeout Succ,view=89,toView=90,nodeIdx=1,changeCycle=0,myNode=b96a351b...,timecost=0.219
info|2019-10-23 13:57:53.244848|[g:1][CONSENSUS][PBFT]checkAndChangeView: Reach consensus,org_view=89,org_changeCycle=0,cur_changeCycle=0,to_view=90
info|2019-10-23 13:57:54.243861|[g:1][CONSENSUS]addRawPrepare,height=1,reqIdx=2,hash=2b791116...
info|2019-10-23 13:57:54.244432|[g:1][CONSENSUS][PBFT]checkTimeout Succ,view=90,toView=91,nodeIdx=1,changeCycle=0,myNode=b96a351b...,timecost=0.453
info|2019-10-23 13:57:54.249552|[g:1][CONSENSUS][PBFT]checkAndChangeView: Reach consensus,org_view=90,org_changeCycle=0,cur_changeCycle=0,to_view=91
info|2019-10-23 13:57:55.255014|[g:1][CONSENSUS]addRawPrepare,height=1,reqIdx=3,hash=a85a6ad6...
info|2019-10-23 13:57:55.255246|[g:1][CONSENSUS][PBFT]checkTimeout Succ,view=91,toView=92,nodeIdx=1,changeCycle=0,myNode=b96a351b...,timecost=0.203
info|2019-10-23 13:57:55.257607|[g:1][CONSENSUS][PBFT]checkAndChangeView: Reach consensus,org_view=91,org_changeCycle=0,cur_changeCycle=0,to_view=92
info|2019-10-23 13:57:56.261225|[g:1][CONSENSUS]addRawPrepare,height=1,reqIdx=0,hash=fc13d636...
info|2019-10-23 13:57:56.261467|[g:1][CONSENSUS][PBFT]checkTimeout Succ,view=92,toView=93,nodeIdx=1,changeCycle=0,myNode=b96a351b...,timecost=0.212
info|2019-10-23 13:57:56.265062|[g:1][CONSENSUS][PBFT]checkAndChangeView: Reach consensus,org_view=92,org_changeCycle=0,cur_changeCycle=0,to_view=93
info|2019-10-23 13:57:57.266407|[g:1][CONSENSUS][SEALER]++++++++++++++++ Generating seal on,blkNum=1,tx=0,nodeIdx=1,hash=9d15e32c...
info|2019-10-23 13:57:57.274768|[g:1][CONSENSUS][PBFT]checkTimeout Succ,view=93,toView=94,nodeIdx=1,changeCycle=0,myNode=b96a351b...,timecost=0.277
info|2019-10-23 13:57:57.275827|[g:1][CONSENSUS][PBFT]checkAndChangeView: Reach consensus,org_view=93,org_changeCycle=0,cur_changeCycle=0,to_view=94
info|2019-10-23 13:57:58.275486|[g:1][CONSENSUS]addRawPrepare,height=1,reqIdx=2,hash=a77c37e6...
info|2019-10-23 13:57:58.275969|[g:1][CONSENSUS][PBFT]checkTimeout Succ,view=94,toView=95,nodeIdx=1,changeCycle=0,myNode=b96a351b...,timecost=0.361
info|2019-10-23 13:57:58.282939|[g:1][CONSENSUS][PBFT]checkAndChangeView: Reach consensus,org_view=94,org_changeCycle=0,cur_changeCycle=0,to_view=95
info|2019-10-23 13:57:59.285222|[g:1][CONSENSUS]addRawPrepare,height=1,reqIdx=3,hash=40c29eb0...
info|2019-10-23 13:57:59.285563|[g:1][CONSENSUS][PBFT]checkTimeout Succ,view=95,toView=96,nodeIdx=1,changeCycle=0,myNode=b96a351b...,timecost=0.305
info|2019-10-23 13:57:59.289749|[g:1][CONSENSUS][PBFT]checkAndChangeView: Reach consensus,org_view=95,org_changeCycle=0,cur_changeCycle=0,to_view=96
info|2019-10-23 13:58:00.294513|[g:1][CONSENSUS]addRawPrepare,height=1,reqIdx=0,hash=b0142504...
info|2019-10-23 13:58:00.294849|[g:1][CONSENSUS][PBFT]checkTimeout Succ,view=96,toView=97,nodeIdx=1,changeCycle=0,myNode=b96a351b...,timecost=0.301
info|2019-10-23 13:58:00.298004|[g:1][CONSENSUS][PBFT]checkAndChangeView: Reach consensus,org_view=96,org_changeCycle=0,cur_changeCycle=0,to_view=97
info|2019-10-23 13:58:01.299239|[g:1][CONSENSUS][SEALER]++++++++++++++++ Generating seal on,blkNum=1,tx=0,nodeIdx=1,hash=552fbf3d...
info|2019-10-23 13:58:01.308274|[g:1][CONSENSUS][PBFT]checkTimeout Succ,view=97,toView=98,nodeIdx=1,changeCycle=0,myNode=b96a351b...,timecost=0.243
info|2019-10-23 13:58:01.309408|[g:1][CONSENSUS][PBFT]checkAndChangeView: Reach consensus,org_view=97,org_changeCycle=0,cur_changeCycle=0,to_view=98
info|2019-10-23 13:58:02.308997|[g:1][CONSENSUS]addRawPrepare,height=1,reqIdx=2,hash=dd527ef7...
info|2019-10-23 13:58:02.309444|[g:1][CONSENSUS][PBFT]checkTimeout Succ,view=98,toView=99,nodeIdx=1,changeCycle=0,myNode=b96a351b...,timecost=0.293
info|2019-10-23 13:58:02.315364|[g:1][CONSENSUS][PBFT]checkAndChangeView: Reach consensus,org_view=98,org_changeCycle=0,cur_changeCycle=0,to_view=99
info|2019-10-23 13:58:02.326594|[P2P][Service] heartBeat,connected count=3
info|2019-10-23 13:58:03.317491|[g:1][CONSENSUS]addRawPrepare,height=1,reqIdx=3,hash=2835903d...
info|2019-10-23 13:58:03.317735|[g:1][CONSENSUS][PBFT]checkTimeout Succ,view=99,toView=100,nodeIdx=1,changeCycle=0,myNode=b96a351b...,timecost=0.217
info|2019-10-23 13:58:03.321027|[g:1][CONSENSUS][PBFT]checkAndChangeView: Reach consensus,org_view=99,org_changeCycle=0,cur_changeCycle=0,to_view=100
info|2019-10-23 13:58:04.325435|[g:1][CONSENSUS]addRawPrepare,height=1,reqIdx=0,hash=ba0cf095...
info|2019-10-23 13:58:04.325774|[g:1][CONSENSUS][PBFT]checkTimeout Succ,view=100,toView=101,nodeIdx=1,changeCycle=0,myNode=b96a351b...,timecost=0.302
info|2019-10-23 13:58:04.329449|[g:1][CONSENSUS][PBFT]checkAndChangeView: Reach consensus,org_view=100,org_changeCycle=0,cur_changeCycle=0,to_view=101
info|2019-10-23 13:58:05.329463|[g:1][CONSENSUS][SEALER]++++++++++++++++ Generating seal on,blkNum=1,tx=0,nodeIdx=1,hash=18a1288e...
info|2019-10-23 13:58:05.338188|[g:1][CONSENSUS][PBFT]checkTimeout Succ,view=101,toView=102,nodeIdx=1,changeCycle=0,myNode=b96a351b...,timecost=0.241
info|2019-10-23 13:58:05.339184|[g:1][CONSENSUS][PBFT]checkAndChangeView: Reach consensus,org_view=101,org_changeCycle=0,cur_changeCycle=0,to_view=102
info|2019-10-23 13:58:06.337938|[g:1][CONSENSUS]addRawPrepare,height=1,reqIdx=2,hash=7dad55ec...
info|2019-10-23 13:58:06.338391|[g:1][CONSENSUS][PBFT]checkTimeout Succ,view=102,toView=103,nodeIdx=1,changeCycle=0,myNode=b96a351b...,timecost=0.292
info|2019-10-23 13:58:06.343375|[g:1][CONSENSUS][PBFT]checkAndChangeView: Reach consensus,org_view=102,org_changeCycle=0,cur_changeCycle=0,to_view=103
info|2019-10-23 13:58:07.347353|[g:1][CONSENSUS]addRawPrepare,height=1,reqIdx=3,hash=e05114b4...
info|2019-10-23 13:58:07.348194|[g:1][CONSENSUS][PBFT]checkTimeout Succ,view=103,toView=104,nodeIdx=1,changeCycle=0,myNode=b96a351b...,timecost=0.798
info|2019-10-23 13:58:07.350244|[g:1][CONSENSUS][PBFT]checkAndChangeView: Reach consensus,org_view=103,org_changeCycle=0,cur_changeCycle=0,to_view=104
info|2019-10-23 13:58:08.358211|[g:1][CONSENSUS]addRawPrepare,height=1,reqIdx=0,hash=c0271c66...
info|2019-10-23 13:58:08.358463|[g:1][CONSENSUS][PBFT]checkTimeout Succ,view=104,toView=105,nodeIdx=1,changeCycle=0,myNode=b96a351b...,timecost=0.227
info|2019-10-23 13:58:08.360816|[g:1][CONSENSUS][PBFT]checkAndChangeView: Reach consensus,org_view=104,org_changeCycle=0,cur_changeCycle=0,to_view=105
info|2019-10-23 13:58:09.362242|[g:1][CONSENSUS][SEALER]++++++++++++++++ Generating seal on,blkNum=1,tx=0,nodeIdx=1,hash=f3e8460c...
info|2019-10-23 13:58:09.370547|[g:1][CONSENSUS][PBFT]checkTimeout Succ,view=105,toView=106,nodeIdx=1,changeCycle=0,myNode=b96a351b...,timecost=0.225
info|2019-10-23 13:58:09.371444|[g:1][CONSENSUS][PBFT]checkAndChangeView: Reach consensus,org_view=105,org_changeCycle=0,cur_changeCycle=0,to_view=106
info|2019-10-23 13:58:10.370204|[g:1][CONSENSUS]addRawPrepare,height=1,reqIdx=2,hash=6b80d0bf...
info|2019-10-23 13:58:10.377305|[g:1][CONSENSUS][PBFT]checkTimeout Succ,view=106,toView=107,nodeIdx=1,changeCycle=0,myNode=b96a351b...,timecost=7.024
info|2019-10-23 13:58:10.378808|[g:1][CONSENSUS][PBFT]checkAndChangeView: Reach consensus,org_view=106,org_changeCycle=0,cur_changeCycle=0,to_view=107
info|2019-10-23 13:58:11.381984|[g:1][CONSENSUS]addRawPrepare,height=1,reqIdx=3,hash=9a24c708...
info|2019-10-23 13:58:11.383664|[g:1][CONSENSUS][PBFT]checkTimeout Succ,view=107,toView=108,nodeIdx=1,changeCycle=0,myNode=b96a351b...,timecost=0.219
info|2019-10-23 13:58:11.384903|[g:1][CONSENSUS][PBFT]checkAndChangeView: Reach consensus,org_view=107,org_changeCycle=0,cur_changeCycle=0,to_view=108
info|2019-10-23 13:58:12.326955|[P2P][Service] heartBeat,connected count=3
info|2019-10-23 13:58:12.389780|[g:1][CONSENSUS]addRawPrepare,height=1,reqIdx=0,hash=2d54a305...
info|2019-10-23 13:58:12.390107|[g:1][CONSENSUS][PBFT]checkTimeout Succ,view=108,toView=109,nodeIdx=1,changeCycle=0,myNode=b96a351b...,timecost=0.295
info|2019-10-23 13:58:12.391374|[g:1][CONSENSUS][PBFT]checkAndChangeView: Reach consensus,org_view=108,org_changeCycle=0,cur_changeCycle=0,to_view=109
info|2019-10-23 13:58:13.392356|[g:1][CONSENSUS][SEALER]++++++++++++++++ Generating seal on,blkNum=1,tx=0,nodeIdx=1,hash=e6e1675a...
info|2019-10-23 13:58:13.406891|[g:1][CONSENSUS][PBFT]checkTimeout Succ,view=109,toView=110,nodeIdx=1,changeCycle=0,myNode=b96a351b...,timecost=0.238
info|2019-10-23 13:58:13.407815|[g:1][CONSENSUS][PBFT]checkAndChangeView: Reach consensus,org_view=109,org_changeCycle=0,cur_changeCycle=0,to_view=110
info|2019-10-23 13:58:14.406149|[g:1][CONSENSUS]addRawPrepare,height=1,reqIdx=2,hash=28ea57f5...
info|2019-10-23 13:58:14.406702|[g:1][CONSENSUS][PBFT]checkTimeout Succ,view=110,toView=111,nodeIdx=1,changeCycle=0,myNode=b96a351b...,timecost=0.439
info|2019-10-23 13:58:14.412542|[g:1][CONSENSUS][PBFT]checkAndChangeView: Reach consensus,org_view=110,org_changeCycle=0,cur_changeCycle=0,to_view=111
info|2019-10-23 13:58:15.415589|[g:1][CONSENSUS]addRawPrepare,height=1,reqIdx=3,hash=19638bd4...
info|2019-10-23 13:58:15.415965|[g:1][CONSENSUS][PBFT]checkTimeout Succ,view=111,toView=112,nodeIdx=1,changeCycle=0,myNode=b96a351b...,timecost=0.336
info|2019-10-23 13:58:15.419676|[g:1][CONSENSUS][PBFT]checkAndChangeView: Reach consensus,org_view=111,org_changeCycle=0,cur_changeCycle=0,to_view=112
info|2019-10-23 13:58:16.421954|[g:1][CONSENSUS]addRawPrepare,height=1,reqIdx=0,hash=6546c744...
info|2019-10-23 13:58:16.425524|[g:1][CONSENSUS][PBFT]checkTimeout Succ,view=112,toView=113,nodeIdx=1,changeCycle=0,myNode=b96a351b...,timecost=1.599
info|2019-10-23 13:58:16.426026|[g:1][CONSENSUS][PBFT]checkAndChangeView: Reach consensus,org_view=112,org_changeCycle=0,cur_changeCycle=0,to_view=113
info|2019-10-23 13:58:17.426915|[g:1][CONSENSUS][SEALER]++++++++++++++++ Generating seal on,blkNum=1,tx=0,nodeIdx=1,hash=78b2aae5...
info|2019-10-23 13:58:17.436228|[g:1][CONSENSUS][PBFT]checkTimeout Succ,view=113,toView=114,nodeIdx=1,changeCycle=0,myNode=b96a351b...,timecost=0.218
info|2019-10-23 13:58:17.437283|[g:1][CONSENSUS][PBFT]checkAndChangeView: Reach consensus,org_view=113,org_changeCycle=0,cur_changeCycle=0,to_view=114
info|2019-10-23 13:58:18.438754|[g:1][CONSENSUS]addRawPrepare,height=1,reqIdx=2,hash=428f209b...
info|2019-10-23 13:58:18.443284|[g:1][CONSENSUS][PBFT]checkTimeout Succ,view=114,toView=115,nodeIdx=1,changeCycle=0,myNode=b96a351b...,timecost=4.053
info|2019-10-23 13:58:18.444084|[g:1][CONSENSUS][PBFT]checkAndChangeView: Reach consensus,org_view=114,org_changeCycle=0,cur_changeCycle=0,to_view=115
info|2019-10-23 13:58:19.448240|[g:1][CONSENSUS]addRawPrepare,height=1,reqIdx=3,hash=adfe6653...
info|2019-10-23 13:58:19.448461|[g:1][CONSENSUS][PBFT]checkTimeout Succ,view=115,toView=116,nodeIdx=1,changeCycle=0,myNode=b96a351b...,timecost=0.198
info|2019-10-23 13:58:19.449364|[g:1][CONSENSUS][PBFT]checkAndChangeView: Reach consensus,org_view=115,org_changeCycle=0,cur_changeCycle=0,to_view=116
info|2019-10-23 13:58:20.456120|[g:1][CONSENSUS]addRawPrepare,height=1,reqIdx=0,hash=833a2606...
info|2019-10-23 13:58:20.457341|[g:1][CONSENSUS][PBFT]checkTimeout Succ,view=116,toView=117,nodeIdx=1,changeCycle=0,myNode=b96a351b...,timecost=1.19
info|2019-10-23 13:58:20.457973|[g:1][CONSENSUS][PBFT]checkAndChangeView: Reach consensus,org_view=116,org_changeCycle=0,cur_changeCycle=0,to_view=117
info|2019-10-23 13:58:21.459882|[g:1][CONSENSUS][SEALER]++++++++++++++++ Generating seal on,blkNum=1,tx=0,nodeIdx=1,hash=52568bb2...
info|2019-10-23 13:58:21.469252|[g:1][CONSENSUS][PBFT]checkTimeout Succ,view=117,toView=118,nodeIdx=1,changeCycle=0,myNode=b96a351b...,timecost=0.219
info|2019-10-23 13:58:21.470278|[g:1][CONSENSUS][PBFT]checkAndChangeView: Reach consensus,org_view=117,org_changeCycle=0,cur_changeCycle=0,to_view=118
info|2019-10-23 13:58:22.327491|[P2P][Service] heartBeat,connected count=3
info|2019-10-23 13:58:22.470584|[g:1][CONSENSUS]addRawPrepare,height=1,reqIdx=2,hash=244583bd...
info|2019-10-23 13:58:22.470962|[g:1][CONSENSUS][PBFT]checkTimeout Succ,view=118,toView=119,nodeIdx=1,changeCycle=0,myNode=b96a351b...,timecost=0.285
info|2019-10-23 13:58:22.476516|[g:1][CONSENSUS][PBFT]checkAndChangeView: Reach consensus,org_view=118,org_changeCycle=0,cur_changeCycle=0,to_view=119
info|2019-10-23 13:58:23.482206|[g:1][CONSENSUS]addRawPrepare,height=1,reqIdx=3,hash=59dbeafb...
info|2019-10-23 13:58:23.482655|[g:1][CONSENSUS][PBFT]checkTimeout Succ,view=119,toView=120,nodeIdx=1,changeCycle=0,myNode=b96a351b...,timecost=0.423
info|2019-10-23 13:58:23.486926|[g:1][CONSENSUS][PBFT]checkAndChangeView: Reach consensus,org_view=119,org_changeCycle=0,cur_changeCycle=0,to_view=120
info|2019-10-23 13:58:24.489552|[g:1][CONSENSUS]addRawPrepare,height=1,reqIdx=0,hash=fea03be0...
info|2019-10-23 13:58:24.489897|[g:1][CONSENSUS][PBFT]checkTimeout Succ,view=120,toView=121,nodeIdx=1,changeCycle=0,myNode=b96a351b...,timecost=0.307
info|2019-10-23 13:58:24.493331|[g:1][CONSENSUS][PBFT]checkAndChangeView: Reach consensus,org_view=120,org_changeCycle=0,cur_changeCycle=0,to_view=121
info|2019-10-23 13:58:25.494075|[g:1][CONSENSUS][SEALER]++++++++++++++++ Generating seal on,blkNum=1,tx=0,nodeIdx=1,hash=115447f2...
info|2019-10-23 13:58:25.502851|[g:1][CONSENSUS][PBFT]checkTimeout Succ,view=121,toView=122,nodeIdx=1,changeCycle=0,myNode=b96a351b...,timecost=0.239
info|2019-10-23 13:58:25.503842|[g:1][CONSENSUS][PBFT]checkAndChangeView: Reach consensus,org_view=121,org_changeCycle=0,cur_changeCycle=0,to_view=122
info|2019-10-23 13:58:26.503056|[g:1][CONSENSUS]addRawPrepare,height=1,reqIdx=2,hash=337d8379...
info|2019-10-23 13:58:26.508534|[g:1][CONSENSUS][PBFT]checkTimeout Succ,view=122,toView=123,nodeIdx=1,changeCycle=0,myNode=b96a351b...,timecost=5.23
info|2019-10-23 13:58:26.510051|[g:1][CONSENSUS][PBFT]checkAndChangeView: Reach consensus,org_view=122,org_changeCycle=0,cur_changeCycle=0,to_view=123
info|2019-10-23 13:58:27.513846|[g:1][CONSENSUS][PBFT]Trigger fast-viewchange,view=123,toView=123,minView=124,INFO=,reqNum=0,curNum=0,GenIdx=0,Cview=124,view=123,fromIdx=0,fromNode=7a0fa6e0...,fromIp=127.0.0.1:57798,hash=cdaccf2a...,nodeIdx=1,myNode=b96a351b...
info|2019-10-23 13:58:27.514127|[g:1][CONSENSUS][PBFT]checkAndChangeView: Reach consensus,org_view=123,org_changeCycle=0,cur_changeCycle=0,to_view=124
info|2019-10-23 13:58:27.514133|[g:1][CONSENSUS][PBFT]checkTimeout Succ,view=124,toView=124,nodeIdx=1,changeCycle=0,myNode=b96a351b...,timecost=0.204
info|2019-10-23 13:58:28.523419|[g:1][CONSENSUS]addRawPrepare,height=1,reqIdx=0,hash=37f163a5...
info|2019-10-23 13:58:28.523671|[g:1][CONSENSUS][PBFT]checkTimeout Succ,view=124,toView=125,nodeIdx=1,changeCycle=0,myNode=b96a351b...,timecost=0.221
info|2019-10-23 13:58:28.524336|[g:1][CONSENSUS][PBFT]checkAndChangeView: Reach consensus,org_view=124,org_changeCycle=0,cur_changeCycle=0,to_view=125
info|2019-10-23 13:58:29.524873|[g:1][CONSENSUS][SEALER]++++++++++++++++ Generating seal on,blkNum=1,tx=0,nodeIdx=1,hash=ec70afac...
info|2019-10-23 13:58:29.533826|[g:1][CONSENSUS][PBFT]checkTimeout Succ,view=125,toView=126,nodeIdx=1,changeCycle=0,myNode=b96a351b...,timecost=0.222
info|2019-10-23 13:58:29.534840|[g:1][CONSENSUS][PBFT]checkAndChangeView: Reach consensus,org_view=125,org_changeCycle=0,cur_changeCycle=0,to_view=126
info|2019-10-23 13:58:30.534196|[g:1][CONSENSUS]addRawPrepare,height=1,reqIdx=2,hash=bd82f80b...
info|2019-10-23 13:58:30.534693|[g:1][CONSENSUS][PBFT]checkTimeout Succ,view=126,toView=127,nodeIdx=1,changeCycle=0,myNode=b96a351b...,timecost=0.379
info|2019-10-23 13:58:30.542193|[g:1][CONSENSUS][PBFT]checkAndChangeView: Reach consensus,org_view=126,org_changeCycle=0,cur_changeCycle=0,to_view=127
info|2019-10-23 13:58:31.550196|[g:1][CONSENSUS]addRawPrepare,height=1,reqIdx=3,hash=ab5dc236...
info|2019-10-23 13:58:31.551036|[g:1][CONSENSUS][PBFT]checkTimeout Succ,view=127,toView=128,nodeIdx=1,changeCycle=0,myNode=b96a351b...,timecost=0.234
info|2019-10-23 13:58:31.554493|[g:1][CONSENSUS][PBFT]checkAndChangeView: Reach consensus,org_view=127,org_changeCycle=0,cur_changeCycle=0,to_view=128
info|2019-10-23 13:58:32.327713|[P2P][Service] heartBeat,connected count=3
info|2019-10-23 13:58:32.558312|[g:1][CONSENSUS]addRawPrepare,height=1,reqIdx=0,hash=0d7a69eb...
info|2019-10-23 13:58:32.558644|[g:1][CONSENSUS][PBFT]checkTimeout Succ,view=128,toView=129,nodeIdx=1,changeCycle=0,myNode=b96a351b...,timecost=0.298
info|2019-10-23 13:58:32.561659|[g:1][CONSENSUS][PBFT]checkAndChangeView: Reach consensus,org_view=128,org_changeCycle=0,cur_changeCycle=0,to_view=129
info|2019-10-23 13:58:33.562217|[g:1][CONSENSUS][SEALER]++++++++++++++++ Generating seal on,blkNum=1,tx=0,nodeIdx=1,hash=417a9221...
info|2019-10-23 13:58:33.572555|[g:1][CONSENSUS][PBFT]checkTimeout Succ,view=129,toView=130,nodeIdx=1,changeCycle=0,myNode=b96a351b...,timecost=0.218
info|2019-10-23 13:58:33.573495|[g:1][CONSENSUS][PBFT]checkAndChangeView: Reach consensus,org_view=129,org_changeCycle=0,cur_changeCycle=0,to_view=130
info|2019-10-23 13:58:34.572914|[g:1][CONSENSUS]addRawPrepare,height=1,reqIdx=2,hash=3a224654...
info|2019-10-23 13:58:34.573500|[g:1][CONSENSUS][PBFT]checkTimeout Succ,view=130,toView=131,nodeIdx=1,changeCycle=0,myNode=b96a351b...,timecost=0.479
info|2019-10-23 13:58:34.585075|[g:1][CONSENSUS][PBFT]checkAndChangeView: Reach consensus,org_view=130,org_changeCycle=0,cur_changeCycle=0,to_view=131
info|2019-10-23 13:58:35.588043|[g:1][CONSENSUS]addRawPrepare,height=1,reqIdx=3,hash=3f13b033...
info|2019-10-23 13:58:35.588293|[g:1][CONSENSUS][PBFT]checkTimeout Succ,view=131,toView=132,nodeIdx=1,changeCycle=0,myNode=b96a351b...,timecost=0.219
info|2019-10-23 13:58:35.592995|[g:1][CONSENSUS][PBFT]checkAndChangeView: Reach consensus,org_view=131,org_changeCycle=0,cur_changeCycle=0,to_view=132
info|2019-10-23 13:58:36.595494|[g:1][CONSENSUS]addRawPrepare,height=1,reqIdx=0,hash=f946a860...
info|2019-10-23 13:58:36.595811|[g:1][CONSENSUS][PBFT]checkTimeout Succ,view=132,toView=133,nodeIdx=1,changeCycle=0,myNode=b96a351b...,timecost=0.283
info|2019-10-23 13:58:36.598065|[g:1][CONSENSUS][PBFT]checkAndChangeView: Reach consensus,org_view=132,org_changeCycle=0,cur_changeCycle=0,to_view=133
info|2019-10-23 13:58:37.599212|[g:1][CONSENSUS][SEALER]++++++++++++++++ Generating seal on,blkNum=1,tx=0,nodeIdx=1,hash=a05c45d8...
info|2019-10-23 13:58:37.607552|[g:1][CONSENSUS][PBFT]checkTimeout Succ,view=133,toView=134,nodeIdx=1,changeCycle=0,myNode=b96a351b...,timecost=0.253
info|2019-10-23 13:58:37.608584|[g:1][CONSENSUS][PBFT]checkAndChangeView: Reach consensus,org_view=133,org_changeCycle=0,cur_changeCycle=0,to_view=134
info|2019-10-23 13:58:38.611239|[g:1][CONSENSUS]addRawPrepare,height=1,reqIdx=2,hash=7e467c34...
info|2019-10-23 13:58:38.614850|[g:1][CONSENSUS][PBFT]checkTimeout Succ,view=134,toView=135,nodeIdx=1,changeCycle=0,myNode=b96a351b...,timecost=0.209
info|2019-10-23 13:58:38.615470|[g:1][CONSENSUS][PBFT]checkAndChangeView: Reach consensus,org_view=134,org_changeCycle=0,cur_changeCycle=0,to_view=135
info|2019-10-23 13:58:39.627666|[g:1][CONSENSUS]addRawPrepare,height=1,reqIdx=3,hash=d901220a...
info|2019-10-23 13:58:39.627888|[g:1][CONSENSUS][PBFT]checkTimeout Succ,view=135,toView=136,nodeIdx=1,changeCycle=0,myNode=b96a351b...,timecost=0.198
info|2019-10-23 13:58:39.629123|[g:1][CONSENSUS][PBFT]checkAndChangeView: Reach consensus,org_view=135,org_changeCycle=0,cur_changeCycle=0,to_view=136
info|2019-10-23 13:58:40.632637|[g:1][CONSENSUS]addRawPrepare,height=1,reqIdx=0,hash=686e6c3a...
info|2019-10-23 13:58:40.632970|[g:1][CONSENSUS][PBFT]checkTimeout Succ,view=136,toView=137,nodeIdx=1,changeCycle=0,myNode=b96a351b...,timecost=0.299
info|2019-10-23 13:58:40.636939|[g:1][CONSENSUS][PBFT]checkAndChangeView: Reach consensus,org_view=136,org_changeCycle=0,cur_changeCycle=0,to_view=137
info|2019-10-23 13:58:41.637156|[g:1][CONSENSUS][SEALER]++++++++++++++++ Generating seal on,blkNum=1,tx=0,nodeIdx=1,hash=ffe1b9a3...
info|2019-10-23 13:58:41.646124|[g:1][CONSENSUS][PBFT]checkTimeout Succ,view=137,toView=138,nodeIdx=1,changeCycle=0,myNode=b96a351b...,timecost=0.221
info|2019-10-23 13:58:41.647063|[g:1][CONSENSUS][PBFT]checkAndChangeView: Reach consensus,org_view=137,org_changeCycle=0,cur_changeCycle=0,to_view=138
info|2019-10-23 13:58:42.327834|[P2P][Service] heartBeat,connected count=3
info|2019-10-23 13:58:42.646840|[g:1][CONSENSUS]addRawPrepare,height=1,reqIdx=2,hash=316e530c...
info|2019-10-23 13:58:42.647314|[g:1][CONSENSUS][PBFT]checkTimeout Succ,view=138,toView=139,nodeIdx=1,changeCycle=0,myNode=b96a351b...,timecost=0.359
info|2019-10-23 13:58:42.652279|[g:1][CONSENSUS][PBFT]checkAndChangeView: Reach consensus,org_view=138,org_changeCycle=0,cur_changeCycle=0,to_view=139
info|2019-10-23 13:58:43.658712|[g:1][CONSENSUS]addRawPrepare,height=1,reqIdx=3,hash=519f29be...
info|2019-10-23 13:58:43.658960|[g:1][CONSENSUS][PBFT]checkTimeout Succ,view=139,toView=140,nodeIdx=1,changeCycle=0,myNode=b96a351b...,timecost=0.216
info|2019-10-23 13:58:43.662226|[g:1][CONSENSUS][PBFT]checkAndChangeView: Reach consensus,org_view=139,org_changeCycle=0,cur_changeCycle=0,to_view=140
info|2019-10-23 13:58:44.665583|[g:1][CONSENSUS]addRawPrepare,height=1,reqIdx=0,hash=624c88e7...
info|2019-10-23 13:58:44.665883|[g:1][CONSENSUS][PBFT]checkTimeout Succ,view=140,toView=141,nodeIdx=1,changeCycle=0,myNode=b96a351b...,timecost=0.26
info|2019-10-23 13:58:44.669597|[g:1][CONSENSUS][PBFT]checkAndChangeView: Reach consensus,org_view=140,org_changeCycle=0,cur_changeCycle=0,to_view=141
info|2019-10-23 13:58:45.669906|[g:1][CONSENSUS][SEALER]++++++++++++++++ Generating seal on,blkNum=1,tx=0,nodeIdx=1,hash=3473de49...
info|2019-10-23 13:58:45.679135|[g:1][CONSENSUS][PBFT]checkTimeout Succ,view=141,toView=142,nodeIdx=1,changeCycle=0,myNode=b96a351b...,timecost=0.219
info|2019-10-23 13:58:45.680170|[g:1][CONSENSUS][PBFT]checkAndChangeView: Reach consensus,org_view=141,org_changeCycle=0,cur_changeCycle=0,to_view=142
info|2019-10-23 13:58:46.680354|[g:1][CONSENSUS]addRawPrepare,height=1,reqIdx=2,hash=9270aa07...
info|2019-10-23 13:58:46.680631|[g:1][CONSENSUS][PBFT]checkTimeout Succ,view=142,toView=143,nodeIdx=1,changeCycle=0,myNode=b96a351b...,timecost=0.2
info|2019-10-23 13:58:46.687097|[g:1][CONSENSUS][PBFT]checkAndChangeView: Reach consensus,org_view=142,org_changeCycle=0,cur_changeCycle=0,to_view=143
info|2019-10-23 13:58:47.693130|[g:1][CONSENSUS]addRawPrepare,height=1,reqIdx=3,hash=2457badd...
info|2019-10-23 13:58:47.693481|[g:1][CONSENSUS][PBFT]checkTimeout Succ,view=143,toView=144,nodeIdx=1,changeCycle=0,myNode=b96a351b...,timecost=0.317
info|2019-10-23 13:58:47.694873|[g:1][CONSENSUS][PBFT]checkAndChangeView: Reach consensus,org_view=143,org_changeCycle=0,cur_changeCycle=0,to_view=144
info|2019-10-23 13:58:48.700573|[g:1][CONSENSUS]addRawPrepare,height=1,reqIdx=0,hash=92ef5025...
info|2019-10-23 13:58:48.700850|[g:1][CONSENSUS][PBFT]checkTimeout Succ,view=144,toView=145,nodeIdx=1,changeCycle=0,myNode=b96a351b...,timecost=0.205
info|2019-10-23 13:58:48.705435|[g:1][CONSENSUS][PBFT]checkAndChangeView: Reach consensus,org_view=144,org_changeCycle=0,cur_changeCycle=0,to_view=145
info|2019-10-23 13:58:49.705931|[g:1][CONSENSUS][SEALER]++++++++++++++++ Generating seal on,blkNum=1,tx=0,nodeIdx=1,hash=e2eb00b6...
info|2019-10-23 13:58:49.715392|[g:1][CONSENSUS][PBFT]checkTimeout Succ,view=145,toView=146,nodeIdx=1,changeCycle=0,myNode=b96a351b...,timecost=0.221
info|2019-10-23 13:58:49.716397|[g:1][CONSENSUS][PBFT]checkAndChangeView: Reach consensus,org_view=145,org_changeCycle=0,cur_changeCycle=0,to_view=146
info|2019-10-23 13:58:50.716079|[g:1][CONSENSUS]addRawPrepare,height=1,reqIdx=2,hash=bd99e517...
info|2019-10-23 13:58:50.716554|[g:1][CONSENSUS][PBFT]checkTimeout Succ,view=146,toView=147,nodeIdx=1,changeCycle=0,myNode=b96a351b...,timecost=0.357
info|2019-10-23 13:58:50.721080|[g:1][CONSENSUS][PBFT]checkAndChangeView: Reach consensus,org_view=146,org_changeCycle=0,cur_changeCycle=0,to_view=147
info|2019-10-23 13:58:51.726292|[g:1][CONSENSUS]addRawPrepare,height=1,reqIdx=3,hash=9f62041c...
info|2019-10-23 13:58:51.726535|[g:1][CONSENSUS][PBFT]checkTimeout Succ,view=147,toView=148,nodeIdx=1,changeCycle=0,myNode=b96a351b...,timecost=0.213
info|2019-10-23 13:58:51.728759|[g:1][CONSENSUS][PBFT]checkAndChangeView: Reach consensus,org_view=147,org_changeCycle=0,cur_changeCycle=0,to_view=148
info|2019-10-23 13:58:52.330420|[P2P][Service] heartBeat,connected count=3
info|2019-10-23 13:58:52.732208|[g:1][CONSENSUS]addRawPrepare,height=1,reqIdx=0,hash=fead23e4...
info|2019-10-23 13:58:52.732609|[g:1][CONSENSUS][PBFT]checkTimeout Succ,view=148,toView=149,nodeIdx=1,changeCycle=0,myNode=b96a351b...,timecost=0.368
info|2019-10-23 13:58:52.734787|[g:1][CONSENSUS][PBFT]checkAndChangeView: Reach consensus,org_view=148,org_changeCycle=0,cur_changeCycle=0,to_view=149
info|2019-10-23 13:58:53.736151|[g:1][CONSENSUS][SEALER]++++++++++++++++ Generating seal on,blkNum=1,tx=0,nodeIdx=1,hash=2ada1be2...
info|2019-10-23 13:58:53.748380|[g:1][CONSENSUS][PBFT]checkTimeout Succ,view=149,toView=150,nodeIdx=1,changeCycle=0,myNode=b96a351b...,timecost=0.553
info|2019-10-23 13:58:53.750024|[g:1][CONSENSUS][PBFT]checkAndChangeView: Reach consensus,org_view=149,org_changeCycle=0,cur_changeCycle=0,to_view=150
info|2019-10-23 13:58:54.747909|[g:1][CONSENSUS]addRawPrepare,height=1,reqIdx=2,hash=d66e7b87...
info|2019-10-23 13:58:54.748201|[g:1][CONSENSUS][PBFT]checkTimeout Succ,view=150,toView=151,nodeIdx=1,changeCycle=0,myNode=b96a351b...,timecost=0.206
info|2019-10-23 13:58:54.754584|[g:1][CONSENSUS][PBFT]checkAndChangeView: Reach consensus,org_view=150,org_changeCycle=0,cur_changeCycle=0,to_view=151
info|2019-10-23 13:58:55.754422|[g:1][CONSENSUS]addRawPrepare,height=1,reqIdx=3,hash=890d0546...
info|2019-10-23 13:58:55.756341|[g:1][CONSENSUS][PBFT]checkTimeout Succ,view=151,toView=152,nodeIdx=1,changeCycle=0,myNode=b96a351b...,timecost=1.655
info|2019-10-23 13:58:55.760084|[g:1][CONSENSUS][PBFT]checkAndChangeView: Reach consensus,org_view=151,org_changeCycle=0,cur_changeCycle=0,to_view=152
info|2019-10-23 13:58:56.765466|[g:1][CONSENSUS]addRawPrepare,height=1,reqIdx=0,hash=62536630...
info|2019-10-23 13:58:56.765707|[g:1][CONSENSUS][PBFT]checkTimeout Succ,view=152,toView=153,nodeIdx=1,changeCycle=0,myNode=b96a351b...,timecost=0.209
info|2019-10-23 13:58:56.769124|[g:1][CONSENSUS][PBFT]checkAndChangeView: Reach consensus,org_view=152,org_changeCycle=0,cur_changeCycle=0,to_view=153
info|2019-10-23 13:58:57.769658|[g:1][CONSENSUS][SEALER]++++++++++++++++ Generating seal on,blkNum=1,tx=0,nodeIdx=1,hash=85182049...
info|2019-10-23 13:58:57.778326|[g:1][CONSENSUS][PBFT]checkTimeout Succ,view=153,toView=154,nodeIdx=1,changeCycle=0,myNode=b96a351b...,timecost=0.217
info|2019-10-23 13:58:57.779390|[g:1][CONSENSUS][PBFT]checkAndChangeView: Reach consensus,org_view=153,org_changeCycle=0,cur_changeCycle=0,to_view=154
info|2019-10-23 13:58:58.783916|[g:1][CONSENSUS]addRawPrepare,height=1,reqIdx=2,hash=d1f0149b...
info|2019-10-23 13:58:58.784194|[g:1][CONSENSUS][PBFT]checkTimeout Succ,view=154,toView=155,nodeIdx=1,changeCycle=0,myNode=b96a351b...,timecost=0.205
info|2019-10-23 13:58:58.786519|[g:1][CONSENSUS][PBFT]checkAndChangeView: Reach consensus,org_view=154,org_changeCycle=0,cur_changeCycle=0,to_view=155
info|2019-10-23 13:58:59.793105|[g:1][CONSENSUS]addRawPrepare,height=1,reqIdx=3,hash=1364def1...
info|2019-10-23 13:58:59.793765|[g:1][CONSENSUS][PBFT]checkTimeout Succ,view=155,toView=156,nodeIdx=1,changeCycle=0,myNode=b96a351b...,timecost=0.211
info|2019-10-23 13:58:59.794277|[g:1][CONSENSUS][PBFT]checkAndChangeView: Reach consensus,org_view=155,org_changeCycle=0,cur_changeCycle=0,to_view=156
info|2019-10-23 13:59:00.800063|[g:1][CONSENSUS]addRawPrepare,height=1,reqIdx=0,hash=58e81f9a...
info|2019-10-23 13:59:00.800296|[g:1][CONSENSUS][PBFT]checkTimeout Succ,view=156,toView=157,nodeIdx=1,changeCycle=0,myNode=b96a351b...,timecost=0.207
info|2019-10-23 13:59:00.800830|[g:1][CONSENSUS][PBFT]checkAndChangeView: Reach consensus,org_view=156,org_changeCycle=0,cur_changeCycle=0,to_view=157
info|2019-10-23 13:59:01.801662|[g:1][CONSENSUS][SEALER]++++++++++++++++ Generating seal on,blkNum=1,tx=0,nodeIdx=1,hash=a85e54e5...
info|2019-10-23 13:59:01.817720|[g:1][CONSENSUS][PBFT]checkTimeout Succ,view=157,toView=158,nodeIdx=1,changeCycle=0,myNode=b96a351b...,timecost=0.436
info|2019-10-23 13:59:01.819810|[g:1][CONSENSUS][PBFT]checkAndChangeView: Reach consensus,org_view=157,org_changeCycle=0,cur_changeCycle=0,to_view=158
info|2019-10-23 13:59:02.330574|[P2P][Service] heartBeat,connected count=3
info|2019-10-23 13:59:02.812647|[g:1][CONSENSUS]addRawPrepare,height=1,reqIdx=2,hash=c952899b...
info|2019-10-23 13:59:02.813024|[g:1][CONSENSUS][PBFT]checkTimeout Succ,view=158,toView=159,nodeIdx=1,changeCycle=0,myNode=b96a351b...,timecost=0.287
info|2019-10-23 13:59:02.817795|[g:1][CONSENSUS][PBFT]checkAndChangeView: Reach consensus,org_view=158,org_changeCycle=0,cur_changeCycle=0,to_view=159
info|2019-10-23 13:59:03.826753|[g:1][CONSENSUS]addRawPrepare,height=1,reqIdx=3,hash=1a415b8c...
info|2019-10-23 13:59:03.827009|[g:1][CONSENSUS][PBFT]checkTimeout Succ,view=159,toView=160,nodeIdx=1,changeCycle=0,myNode=b96a351b...,timecost=0.226
info|2019-10-23 13:59:03.827353|[g:1][CONSENSUS][PBFT]checkAndChangeView: Reach consensus,org_view=159,org_changeCycle=0,cur_changeCycle=0,to_view=160
info|2019-10-23 13:59:04.832118|[g:1][CONSENSUS]addRawPrepare,height=1,reqIdx=0,hash=c95443a2...
info|2019-10-23 13:59:04.832471|[g:1][CONSENSUS][PBFT]checkTimeout Succ,view=160,toView=161,nodeIdx=1,changeCycle=0,myNode=b96a351b...,timecost=0.313
info|2019-10-23 13:59:04.835384|[g:1][CONSENSUS][PBFT]checkAndChangeView: Reach consensus,org_view=160,org_changeCycle=0,cur_changeCycle=0,to_view=161
info|2019-10-23 13:59:05.836803|[g:1][CONSENSUS][SEALER]++++++++++++++++ Generating seal on,blkNum=1,tx=0,nodeIdx=1,hash=ab7a90f1...
info|2019-10-23 13:59:05.845307|[g:1][CONSENSUS][PBFT]checkTimeout Succ,view=161,toView=162,nodeIdx=1,changeCycle=0,myNode=b96a351b...,timecost=0.221
info|2019-10-23 13:59:05.846149|[g:1][CONSENSUS][PBFT]checkAndChangeView: Reach consensus,org_view=161,org_changeCycle=0,cur_changeCycle=0,to_view=162
info|2019-10-23 13:59:06.846033|[g:1][CONSENSUS]addRawPrepare,height=1,reqIdx=2,hash=420a9700...
info|2019-10-23 13:59:06.846549|[g:1][CONSENSUS][PBFT]checkTimeout Succ,view=162,toView=163,nodeIdx=1,changeCycle=0,myNode=b96a351b...,timecost=0.388
info|2019-10-23 13:59:06.851858|[g:1][CONSENSUS][PBFT]checkAndChangeView: Reach consensus,org_view=162,org_changeCycle=0,cur_changeCycle=0,to_view=163
info|2019-10-23 13:59:07.855054|[g:1][CONSENSUS]addRawPrepare,height=1,reqIdx=3,hash=547f85d2...
info|2019-10-23 13:59:07.855424|[g:1][CONSENSUS][PBFT]checkTimeout Succ,view=163,toView=164,nodeIdx=1,changeCycle=0,myNode=b96a351b...,timecost=0.327
info|2019-10-23 13:59:07.858650|[g:1][CONSENSUS][PBFT]checkAndChangeView: Reach consensus,org_view=163,org_changeCycle=0,cur_changeCycle=0,to_view=164
info|2019-10-23 13:59:08.861769|[g:1][CONSENSUS]addRawPrepare,height=1,reqIdx=0,hash=31be38fb...
info|2019-10-23 13:59:08.862164|[g:1][CONSENSUS][PBFT]checkTimeout Succ,view=164,toView=165,nodeIdx=1,changeCycle=0,myNode=b96a351b...,timecost=0.293
info|2019-10-23 13:59:08.867050|[g:1][CONSENSUS][PBFT]checkAndChangeView: Reach consensus,org_view=164,org_changeCycle=0,cur_changeCycle=0,to_view=165
info|2019-10-23 13:59:09.868226|[g:1][CONSENSUS][SEALER]++++++++++++++++ Generating seal on,blkNum=1,tx=0,nodeIdx=1,hash=24800ddf...
info|2019-10-23 13:59:09.876543|[g:1][CONSENSUS][PBFT]checkTimeout Succ,view=165,toView=166,nodeIdx=1,changeCycle=0,myNode=b96a351b...,timecost=0.224
info|2019-10-23 13:59:09.877514|[g:1][CONSENSUS][PBFT]checkAndChangeView: Reach consensus,org_view=165,org_changeCycle=0,cur_changeCycle=0,to_view=166
info|2019-10-23 13:59:10.876784|[g:1][CONSENSUS]addRawPrepare,height=1,reqIdx=2,hash=648ba0e2...
info|2019-10-23 13:59:10.877275|[g:1][CONSENSUS][PBFT]checkTimeout Succ,view=166,toView=167,nodeIdx=1,changeCycle=0,myNode=b96a351b...,timecost=0.373
info|2019-10-23 13:59:10.882894|[g:1][CONSENSUS][PBFT]checkAndChangeView: Reach consensus,org_view=166,org_changeCycle=0,cur_changeCycle=0,to_view=167
info|2019-10-23 13:59:11.886284|[g:1][CONSENSUS]addRawPrepare,height=1,reqIdx=3,hash=35b8a62e...
info|2019-10-23 13:59:11.886601|[g:1][CONSENSUS][PBFT]checkTimeout Succ,view=167,toView=168,nodeIdx=1,changeCycle=0,myNode=b96a351b...,timecost=0.217
info|2019-10-23 13:59:11.889600|[g:1][CONSENSUS][PBFT]checkAndChangeView: Reach consensus,org_view=167,org_changeCycle=0,cur_changeCycle=0,to_view=168
info|2019-10-23 13:59:12.330929|[P2P][Service] heartBeat,connected count=3
info|2019-10-23 13:59:12.892090|[g:1][CONSENSUS]addRawPrepare,height=1,reqIdx=0,hash=63d79054...
info|2019-10-23 13:59:12.892374|[g:1][CONSENSUS][PBFT]checkTimeout Succ,view=168,toView=169,nodeIdx=1,changeCycle=0,myNode=b96a351b...,timecost=0.251
info|2019-10-23 13:59:12.895072|[g:1][CONSENSUS][PBFT]checkAndChangeView: Reach consensus,org_view=168,org_changeCycle=0,cur_changeCycle=0,to_view=169
info|2019-10-23 13:59:13.897249|[g:1][CONSENSUS][SEALER]++++++++++++++++ Generating seal on,blkNum=1,tx=0,nodeIdx=1,hash=dbfb06c3...
info|2019-10-23 13:59:13.907561|[g:1][CONSENSUS][PBFT]checkTimeout Succ,view=169,toView=170,nodeIdx=1,changeCycle=0,myNode=b96a351b...,timecost=0.221
info|2019-10-23 13:59:13.908576|[g:1][CONSENSUS][PBFT]checkAndChangeView: Reach consensus,org_view=169,org_changeCycle=0,cur_changeCycle=0,to_view=170
info|2019-10-23 13:59:14.907923|[g:1][CONSENSUS]addRawPrepare,height=1,reqIdx=2,hash=c0557f83...
info|2019-10-23 13:59:14.908444|[g:1][CONSENSUS][PBFT]checkTimeout Succ,view=170,toView=171,nodeIdx=1,changeCycle=0,myNode=b96a351b...,timecost=0.361
info|2019-10-23 13:59:14.913490|[g:1][CONSENSUS][PBFT]checkAndChangeView: Reach consensus,org_view=170,org_changeCycle=0,cur_changeCycle=0,to_view=171
info|2019-10-23 13:59:15.914756|[g:1][CONSENSUS]addRawPrepare,height=1,reqIdx=3,hash=4b09e4d5...
info|2019-10-23 13:59:15.914995|[g:1][CONSENSUS][PBFT]checkTimeout Succ,view=171,toView=172,nodeIdx=1,changeCycle=0,myNode=b96a351b...,timecost=0.211
info|2019-10-23 13:59:15.918619|[g:1][CONSENSUS][PBFT]checkAndChangeView: Reach consensus,org_view=171,org_changeCycle=0,cur_changeCycle=0,to_view=172
info|2019-10-23 13:59:16.923951|[g:1][CONSENSUS]addRawPrepare,height=1,reqIdx=0,hash=a034f13f...
info|2019-10-23 13:59:16.924434|[g:1][CONSENSUS][PBFT]checkTimeout Succ,view=172,toView=173,nodeIdx=1,changeCycle=0,myNode=b96a351b...,timecost=0.45
info|2019-10-23 13:59:16.925303|[g:1][CONSENSUS][PBFT]checkAndChangeView: Reach consensus,org_view=172,org_changeCycle=0,cur_changeCycle=0,to_view=173
info|2019-10-23 13:59:17.926230|[g:1][CONSENSUS][SEALER]++++++++++++++++ Generating seal on,blkNum=1,tx=0,nodeIdx=1,hash=6e281cf0...
info|2019-10-23 13:59:17.935058|[g:1][CONSENSUS][PBFT]checkTimeout Succ,view=173,toView=174,nodeIdx=1,changeCycle=0,myNode=b96a351b...,timecost=0.288
info|2019-10-23 13:59:17.936187|[g:1][CONSENSUS][PBFT]checkAndChangeView: Reach consensus,org_view=173,org_changeCycle=0,cur_changeCycle=0,to_view=174
info|2019-10-23 13:59:18.936767|[g:1][CONSENSUS]addRawPrepare,height=1,reqIdx=2,hash=574b9859...
info|2019-10-23 13:59:18.937066|[g:1][CONSENSUS][PBFT]checkTimeout Succ,view=174,toView=175,nodeIdx=1,changeCycle=0,myNode=b96a351b...,timecost=0.22
info|2019-10-23 13:59:18.942634|[g:1][CONSENSUS][PBFT]checkAndChangeView: Reach consensus,org_view=174,org_changeCycle=0,cur_changeCycle=0,to_view=175
info|2019-10-23 13:59:19.950001|[g:1][CONSENSUS]addRawPrepare,height=1,reqIdx=3,hash=2d43a317...
info|2019-10-23 13:59:19.952793|[g:1][CONSENSUS][PBFT]checkTimeout Succ,view=175,toView=176,nodeIdx=1,changeCycle=0,myNode=b96a351b...,timecost=1.884
info|2019-10-23 13:59:19.953808|[g:1][CONSENSUS][PBFT]checkAndChangeView: Reach consensus,org_view=175,org_changeCycle=0,cur_changeCycle=0,to_view=176
info|2019-10-23 13:59:20.960442|[g:1][CONSENSUS]addRawPrepare,height=1,reqIdx=0,hash=2693da6e...
info|2019-10-23 13:59:20.961143|[g:1][CONSENSUS][PBFT]checkTimeout Succ,view=176,toView=177,nodeIdx=1,changeCycle=0,myNode=b96a351b...,timecost=0.667
info|2019-10-23 13:59:20.962712|[g:1][CONSENSUS][PBFT]checkAndChangeView: Reach consensus,org_view=176,org_changeCycle=0,cur_changeCycle=0,to_view=177
info|2019-10-23 13:59:21.963282|[g:1][CONSENSUS][SEALER]++++++++++++++++ Generating seal on,blkNum=1,tx=0,nodeIdx=1,hash=4a8d2df2...
info|2019-10-23 13:59:21.970299|[g:1][CONSENSUS][PBFT]checkTimeout Succ,view=177,toView=178,nodeIdx=1,changeCycle=0,myNode=b96a351b...,timecost=0.215
info|2019-10-23 13:59:21.971403|[g:1][CONSENSUS][PBFT]checkAndChangeView: Reach consensus,org_view=177,org_changeCycle=0,cur_changeCycle=0,to_view=178
info|2019-10-23 13:59:22.331758|[P2P][Service] heartBeat,connected count=3
info|2019-10-23 13:59:22.971386|[g:1][CONSENSUS]addRawPrepare,height=1,reqIdx=2,hash=726aa130...
info|2019-10-23 13:59:22.975287|[g:1][CONSENSUS][PBFT]checkTimeout Succ,view=178,toView=179,nodeIdx=1,changeCycle=0,myNode=b96a351b...,timecost=3.794
info|2019-10-23 13:59:22.977678|[g:1][CONSENSUS][PBFT]checkAndChangeView: Reach consensus,org_view=178,org_changeCycle=0,cur_changeCycle=0,to_view=179
info|2019-10-23 13:59:23.981530|[g:1][CONSENSUS]addRawPrepare,height=1,reqIdx=3,hash=2d6b9979...
info|2019-10-23 13:59:23.981784|[g:1][CONSENSUS][PBFT]checkTimeout Succ,view=179,toView=180,nodeIdx=1,changeCycle=0,myNode=b96a351b...,timecost=0.223
info|2019-10-23 13:59:23.984817|[g:1][CONSENSUS][PBFT]checkAndChangeView: Reach consensus,org_view=179,org_changeCycle=0,cur_changeCycle=0,to_view=180
info|2019-10-23 13:59:24.990781|[g:1][CONSENSUS]addRawPrepare,height=1,reqIdx=0,hash=e39f3c64...
info|2019-10-23 13:59:24.991199|[g:1][CONSENSUS][PBFT]checkTimeout Succ,view=180,toView=181,nodeIdx=1,changeCycle=0,myNode=b96a351b...,timecost=0.382
info|2019-10-23 13:59:24.994289|[g:1][CONSENSUS][PBFT]checkAndChangeView: Reach consensus,org_view=180,org_changeCycle=0,cur_changeCycle=0,to_view=181
info|2019-10-23 13:59:25.995430|[g:1][CONSENSUS][SEALER]++++++++++++++++ Generating seal on,blkNum=1,tx=0,nodeIdx=1,hash=b0afee70...
info|2019-10-23 13:59:26.005288|[g:1][CONSENSUS][PBFT]checkTimeout Succ,view=181,toView=182,nodeIdx=1,changeCycle=0,myNode=b96a351b...,timecost=0.364
info|2019-10-23 13:59:26.007016|[g:1][CONSENSUS][PBFT]checkAndChangeView: Reach consensus,org_view=181,org_changeCycle=0,cur_changeCycle=0,to_view=182
info|2019-10-23 13:59:27.004922|[g:1][CONSENSUS]addRawPrepare,height=1,reqIdx=2,hash=2462440b...
info|2019-10-23 13:59:27.005270|[g:1][CONSENSUS][PBFT]checkTimeout Succ,view=182,toView=183,nodeIdx=1,changeCycle=0,myNode=b96a351b...,timecost=0.276
info|2019-10-23 13:59:27.012949|[g:1][CONSENSUS][PBFT]checkAndChangeView: Reach consensus,org_view=182,org_changeCycle=0,cur_changeCycle=0,to_view=183
info|2019-10-23 13:59:28.016744|[g:1][CONSENSUS]addRawPrepare,height=1,reqIdx=3,hash=5514458b...
info|2019-10-23 13:59:28.016987|[g:1][CONSENSUS][PBFT]checkTimeout Succ,view=183,toView=184,nodeIdx=1,changeCycle=0,myNode=b96a351b...,timecost=0.216
info|2019-10-23 13:59:28.019833|[g:1][CONSENSUS][PBFT]checkAndChangeView: Reach consensus,org_view=183,org_changeCycle=0,cur_changeCycle=0,to_view=184
info|2019-10-23 13:59:29.025093|[g:1][CONSENSUS]addRawPrepare,height=1,reqIdx=0,hash=0bb57768...
info|2019-10-23 13:59:29.025329|[g:1][CONSENSUS][PBFT]checkTimeout Succ,view=184,toView=185,nodeIdx=1,changeCycle=0,myNode=b96a351b...,timecost=0.209
info|2019-10-23 13:59:29.029253|[g:1][CONSENSUS][PBFT]checkAndChangeView: Reach consensus,org_view=184,org_changeCycle=0,cur_changeCycle=0,to_view=185
info|2019-10-23 13:59:30.030780|[g:1][CONSENSUS][SEALER]++++++++++++++++ Generating seal on,blkNum=1,tx=0,nodeIdx=1,hash=18c7a74c...
info|2019-10-23 13:59:30.039560|[g:1][CONSENSUS][PBFT]checkTimeout Succ,view=185,toView=186,nodeIdx=1,changeCycle=0,myNode=b96a351b...,timecost=0.224
info|2019-10-23 13:59:30.041044|[g:1][CONSENSUS][PBFT]checkAndChangeView: Reach consensus,org_view=185,org_changeCycle=0,cur_changeCycle=0,to_view=186
info|2019-10-23 13:59:31.040073|[g:1][CONSENSUS]addRawPrepare,height=1,reqIdx=2,hash=67b4141c...
info|2019-10-23 13:59:31.040420|[g:1][CONSENSUS][PBFT]checkTimeout Succ,view=186,toView=187,nodeIdx=1,changeCycle=0,myNode=b96a351b...,timecost=0.218
info|2019-10-23 13:59:31.044651|[g:1][CONSENSUS][PBFT]checkAndChangeView: Reach consensus,org_view=186,org_changeCycle=0,cur_changeCycle=0,to_view=187
info|2019-10-23 13:59:32.047347|[g:1][CONSENSUS]addRawPrepare,height=1,reqIdx=3,hash=eeef75c3...
info|2019-10-23 13:59:32.047586|[g:1][CONSENSUS][PBFT]checkTimeout Succ,view=187,toView=188,nodeIdx=1,changeCycle=0,myNode=b96a351b...,timecost=0.213
info|2019-10-23 13:59:32.050073|[g:1][CONSENSUS][PBFT]checkAndChangeView: Reach consensus,org_view=187,org_changeCycle=0,cur_changeCycle=0,to_view=188
info|2019-10-23 13:59:32.331881|[P2P][Service] heartBeat,connected count=3
info|2019-10-23 13:59:33.055051|[g:1][CONSENSUS]addRawPrepare,height=1,reqIdx=0,hash=a223542d...
info|2019-10-23 13:59:33.055439|[g:1][CONSENSUS][PBFT]checkTimeout Succ,view=188,toView=189,nodeIdx=1,changeCycle=0,myNode=b96a351b...,timecost=0.351
info|2019-10-23 13:59:33.057686|[g:1][CONSENSUS][PBFT]checkAndChangeView: Reach consensus,org_view=188,org_changeCycle=0,cur_changeCycle=0,to_view=189
info|2019-10-23 13:59:34.058386|[g:1][CONSENSUS][SEALER]++++++++++++++++ Generating seal on,blkNum=1,tx=0,nodeIdx=1,hash=77c5bac0...
info|2019-10-23 13:59:34.068831|[g:1][CONSENSUS][PBFT]checkTimeout Succ,view=189,toView=190,nodeIdx=1,changeCycle=0,myNode=b96a351b...,timecost=0.222
info|2019-10-23 13:59:34.069859|[g:1][CONSENSUS][PBFT]checkAndChangeView: Reach consensus,org_view=189,org_changeCycle=0,cur_changeCycle=0,to_view=190
info|2019-10-23 13:59:35.069313|[g:1][CONSENSUS]addRawPrepare,height=1,reqIdx=2,hash=01c1a14d...
info|2019-10-23 13:59:35.069794|[g:1][CONSENSUS][PBFT]checkTimeout Succ,view=190,toView=191,nodeIdx=1,changeCycle=0,myNode=b96a351b...,timecost=0.359
info|2019-10-23 13:59:35.074949|[g:1][CONSENSUS][PBFT]checkAndChangeView: Reach consensus,org_view=190,org_changeCycle=0,cur_changeCycle=0,to_view=191
info|2019-10-23 13:59:36.078417|[g:1][CONSENSUS]addRawPrepare,height=1,reqIdx=3,hash=c8dd5d6b...
info|2019-10-23 13:59:36.078736|[g:1][CONSENSUS][PBFT]checkTimeout Succ,view=191,toView=192,nodeIdx=1,changeCycle=0,myNode=b96a351b...,timecost=0.285
info|2019-10-23 13:59:36.080612|[g:1][CONSENSUS][PBFT]checkAndChangeView: Reach consensus,org_view=191,org_changeCycle=0,cur_changeCycle=0,to_view=192
info|2019-10-23 13:59:37.083768|[g:1][CONSENSUS]addRawPrepare,height=1,reqIdx=0,hash=e147f4ac...
info|2019-10-23 13:59:37.084113|[g:1][CONSENSUS][PBFT]checkTimeout Succ,view=192,toView=193,nodeIdx=1,changeCycle=0,myNode=b96a351b...,timecost=0.307
info|2019-10-23 13:59:37.088272|[g:1][CONSENSUS][PBFT]checkAndChangeView: Reach consensus,org_view=192,org_changeCycle=0,cur_changeCycle=0,to_view=193
info|2019-10-23 13:59:38.088674|[g:1][CONSENSUS][SEALER]++++++++++++++++ Generating seal on,blkNum=1,tx=0,nodeIdx=1,hash=a9a02afe...
info|2019-10-23 13:59:38.097109|[g:1][CONSENSUS][PBFT]checkTimeout Succ,view=193,toView=194,nodeIdx=1,changeCycle=0,myNode=b96a351b...,timecost=0.247
info|2019-10-23 13:59:38.098178|[g:1][CONSENSUS][PBFT]checkAndChangeView: Reach consensus,org_view=193,org_changeCycle=0,cur_changeCycle=0,to_view=194
info|2019-10-23 13:59:39.098656|[g:1][CONSENSUS]addRawPrepare,height=1,reqIdx=2,hash=76d03a93...
info|2019-10-23 13:59:39.099102|[g:1][CONSENSUS][PBFT]checkTimeout Succ,view=194,toView=195,nodeIdx=1,changeCycle=0,myNode=b96a351b...,timecost=0.337
info|2019-10-23 13:59:39.144965|[g:1][CONSENSUS][PBFT]checkAndChangeView: Reach consensus,org_view=194,org_changeCycle=0,cur_changeCycle=0,to_view=195
info|2019-10-23 13:59:40.107022|[g:1][CONSENSUS]addRawPrepare,height=1,reqIdx=3,hash=ee239ef9...
info|2019-10-23 13:59:40.107429|[g:1][CONSENSUS][PBFT]checkTimeout Succ,view=195,toView=196,nodeIdx=1,changeCycle=0,myNode=b96a351b...,timecost=0.367
info|2019-10-23 13:59:40.110655|[g:1][CONSENSUS][PBFT]checkAndChangeView: Reach consensus,org_view=195,org_changeCycle=0,cur_changeCycle=0,to_view=196
info|2019-10-23 13:59:41.113660|[g:1][CONSENSUS]addRawPrepare,height=1,reqIdx=0,hash=8a41713b...
info|2019-10-23 13:59:41.113927|[g:1][CONSENSUS][PBFT]checkTimeout Succ,view=196,toView=197,nodeIdx=1,changeCycle=0,myNode=b96a351b...,timecost=0.24
info|2019-10-23 13:59:41.115846|[g:1][CONSENSUS][PBFT]checkAndChangeView: Reach consensus,org_view=196,org_changeCycle=0,cur_changeCycle=0,to_view=197
info|2019-10-23 13:59:42.116834|[g:1][CONSENSUS][SEALER]++++++++++++++++ Generating seal on,blkNum=1,tx=0,nodeIdx=1,hash=1be932ec...
info|2019-10-23 13:59:42.126567|[g:1][CONSENSUS][PBFT]checkTimeout Succ,view=197,toView=198,nodeIdx=1,changeCycle=0,myNode=b96a351b...,timecost=0.379
info|2019-10-23 13:59:42.127680|[g:1][CONSENSUS][PBFT]checkAndChangeView: Reach consensus,org_view=197,org_changeCycle=0,cur_changeCycle=0,to_view=198
info|2019-10-23 13:59:42.332732|[P2P][Service] heartBeat,connected count=3
info|2019-10-23 13:59:43.126140|[g:1][CONSENSUS]addRawPrepare,height=1,reqIdx=2,hash=261dea7f...
info|2019-10-23 13:59:43.126521|[g:1][CONSENSUS][PBFT]checkTimeout Succ,view=198,toView=199,nodeIdx=1,changeCycle=0,myNode=b96a351b...,timecost=0.291
info|2019-10-23 13:59:43.131139|[g:1][CONSENSUS][PBFT]checkAndChangeView: Reach consensus,org_view=198,org_changeCycle=0,cur_changeCycle=0,to_view=199
info|2019-10-23 13:59:44.143222|[g:1][CONSENSUS]addRawPrepare,height=1,reqIdx=3,hash=db981e8a...
info|2019-10-23 13:59:44.143562|[g:1][CONSENSUS][PBFT]checkTimeout Succ,view=199,toView=200,nodeIdx=1,changeCycle=0,myNode=b96a351b...,timecost=0.305
info|2019-10-23 13:59:44.150723|[g:1][CONSENSUS][PBFT]checkAndChangeView: Reach consensus,org_view=199,org_changeCycle=0,cur_changeCycle=0,to_view=200
info|2019-10-23 13:59:45.160220|[g:1][CONSENSUS]addRawPrepare,height=1,reqIdx=0,hash=4a2be25d...
info|2019-10-23 13:59:45.160465|[g:1][CONSENSUS][PBFT]checkTimeout Succ,view=200,toView=201,nodeIdx=1,changeCycle=0,myNode=b96a351b...,timecost=0.219
info|2019-10-23 13:59:45.162545|[g:1][CONSENSUS][PBFT]checkAndChangeView: Reach consensus,org_view=200,org_changeCycle=0,cur_changeCycle=0,to_view=201
info|2019-10-23 13:59:46.163593|[g:1][CONSENSUS][SEALER]++++++++++++++++ Generating seal on,blkNum=1,tx=0,nodeIdx=1,hash=db801b96...
info|2019-10-23 13:59:46.172373|[g:1][CONSENSUS][PBFT]checkTimeout Succ,view=201,toView=202,nodeIdx=1,changeCycle=0,myNode=b96a351b...,timecost=0.218
info|2019-10-23 13:59:46.173359|[g:1][CONSENSUS][PBFT]checkAndChangeView: Reach consensus,org_view=201,org_changeCycle=0,cur_changeCycle=0,to_view=202
info|2019-10-23 13:59:47.172844|[g:1][CONSENSUS]addRawPrepare,height=1,reqIdx=2,hash=6d7c9ee1...
info|2019-10-23 13:59:47.173344|[g:1][CONSENSUS][PBFT]checkTimeout Succ,view=202,toView=203,nodeIdx=1,changeCycle=0,myNode=b96a351b...,timecost=0.386
info|2019-10-23 13:59:47.179701|[g:1][CONSENSUS][PBFT]checkAndChangeView: Reach consensus,org_view=202,org_changeCycle=0,cur_changeCycle=0,to_view=203
info|2019-10-23 13:59:48.185252|[g:1][CONSENSUS]addRawPrepare,height=1,reqIdx=3,hash=f1e34f54...
info|2019-10-23 13:59:48.186213|[g:1][CONSENSUS][PBFT]checkTimeout Succ,view=203,toView=204,nodeIdx=1,changeCycle=0,myNode=b96a351b...,timecost=0.301
info|2019-10-23 13:59:48.196323|[g:1][CONSENSUS][PBFT]checkAndChangeView: Reach consensus,org_view=203,org_changeCycle=0,cur_changeCycle=0,to_view=204
info|2019-10-23 13:59:49.202629|[g:1][CONSENSUS][PBFT]Trigger fast-viewchange,view=204,toView=204,minView=205,INFO=,reqNum=0,curNum=0,GenIdx=2,Cview=205,view=204,fromIdx=2,fromNode=bfdf57a5...,fromIp=127.0.0.1:57826,hash=cdaccf2a...,nodeIdx=1,myNode=b96a351b...
info|2019-10-23 13:59:49.202899|[g:1][CONSENSUS][PBFT]checkAndChangeView: Reach consensus,org_view=204,org_changeCycle=0,cur_changeCycle=0,to_view=205
info|2019-10-23 13:59:49.202906|[g:1][CONSENSUS][PBFT]checkTimeout Succ,view=205,toView=205,nodeIdx=1,changeCycle=0,myNode=b96a351b...,timecost=0.24
info|2019-10-23 13:59:50.202607|[g:1][CONSENSUS][SEALER]++++++++++++++++ Generating seal on,blkNum=1,tx=0,nodeIdx=1,hash=69be560d...
info|2019-10-23 13:59:50.210618|[g:1][CONSENSUS][PBFT]checkTimeout Succ,view=205,toView=206,nodeIdx=1,changeCycle=0,myNode=b96a351b...,timecost=0.202
info|2019-10-23 13:59:50.211317|[g:1][CONSENSUS][PBFT]checkAndChangeView: Reach consensus,org_view=205,org_changeCycle=0,cur_changeCycle=0,to_view=206
info|2019-10-23 13:59:51.210385|[g:1][CONSENSUS]addRawPrepare,height=1,reqIdx=2,hash=859259e8...
info|2019-10-23 13:59:51.210880|[g:1][CONSENSUS][PBFT]checkTimeout Succ,view=206,toView=207,nodeIdx=1,changeCycle=0,myNode=b96a351b...,timecost=0.357
info|2019-10-23 13:59:51.216765|[g:1][CONSENSUS][PBFT]checkAndChangeView: Reach consensus,org_view=206,org_changeCycle=0,cur_changeCycle=0,to_view=207
info|2019-10-23 13:59:52.220025|[g:1][CONSENSUS]addRawPrepare,height=1,reqIdx=3,hash=ad81799c...
info|2019-10-23 13:59:52.220564|[g:1][CONSENSUS][PBFT]checkTimeout Succ,view=207,toView=208,nodeIdx=1,changeCycle=0,myNode=b96a351b...,timecost=0.477
info|2019-10-23 13:59:52.225960|[g:1][CONSENSUS][PBFT]checkAndChangeView: Reach consensus,org_view=207,org_changeCycle=0,cur_changeCycle=0,to_view=208
info|2019-10-23 13:59:52.333847|[P2P][Service] heartBeat,connected count=3
info|2019-10-23 13:59:53.230307|[g:1][CONSENSUS]addRawPrepare,height=1,reqIdx=0,hash=ac3c4fc7...
info|2019-10-23 13:59:53.230643|[g:1][CONSENSUS][PBFT]checkTimeout Succ,view=208,toView=209,nodeIdx=1,changeCycle=0,myNode=b96a351b...,timecost=0.302
info|2019-10-23 13:59:53.233205|[g:1][CONSENSUS][PBFT]checkAndChangeView: Reach consensus,org_view=208,org_changeCycle=0,cur_changeCycle=0,to_view=209
info|2019-10-23 13:59:54.235398|[g:1][CONSENSUS][SEALER]++++++++++++++++ Generating seal on,blkNum=1,tx=0,nodeIdx=1,hash=3c464778...
info|2019-10-23 13:59:54.244908|[g:1][CONSENSUS][PBFT]checkTimeout Succ,view=209,toView=210,nodeIdx=1,changeCycle=0,myNode=b96a351b...,timecost=0.218
info|2019-10-23 13:59:54.246009|[g:1][CONSENSUS][PBFT]checkAndChangeView: Reach consensus,org_view=209,org_changeCycle=0,cur_changeCycle=0,to_view=210
info|2019-10-23 13:59:55.243747|[g:1][CONSENSUS]addRawPrepare,height=1,reqIdx=2,hash=f262dc6f...
info|2019-10-23 13:59:55.244218|[g:1][CONSENSUS][PBFT]checkTimeout Succ,view=210,toView=211,nodeIdx=1,changeCycle=0,myNode=b96a351b...,timecost=0.356
info|2019-10-23 13:59:55.250282|[g:1][CONSENSUS][PBFT]checkAndChangeView: Reach consensus,org_view=210,org_changeCycle=0,cur_changeCycle=0,to_view=211
info|2019-10-23 13:59:56.254112|[g:1][CONSENSUS]addRawPrepare,height=1,reqIdx=3,hash=63a9d5b1...
info|2019-10-23 13:59:56.254450|[g:1][CONSENSUS][PBFT]checkTimeout Succ,view=211,toView=212,nodeIdx=1,changeCycle=0,myNode=b96a351b...,timecost=0.3
info|2019-10-23 13:59:56.258020|[g:1][CONSENSUS][PBFT]checkAndChangeView: Reach consensus,org_view=211,org_changeCycle=0,cur_changeCycle=0,to_view=212
info|2019-10-23 13:59:57.264042|[g:1][CONSENSUS]addRawPrepare,height=1,reqIdx=0,hash=1b689af4...
info|2019-10-23 13:59:57.264389|[g:1][CONSENSUS][PBFT]checkTimeout Succ,view=212,toView=213,nodeIdx=1,changeCycle=0,myNode=b96a351b...,timecost=0.308
info|2019-10-23 13:59:57.268250|[g:1][CONSENSUS][PBFT]checkAndChangeView: Reach consensus,org_view=212,org_changeCycle=0,cur_changeCycle=0,to_view=213
info|2019-10-23 13:59:58.268206|[g:1][CONSENSUS][SEALER]++++++++++++++++ Generating seal on,blkNum=1,tx=0,nodeIdx=1,hash=12de0797...
info|2019-10-23 13:59:58.279027|[g:1][CONSENSUS][PBFT]checkTimeout Succ,view=213,toView=214,nodeIdx=1,changeCycle=0,myNode=b96a351b...,timecost=0.273
info|2019-10-23 13:59:58.280005|[g:1][CONSENSUS][PBFT]checkAndChangeView: Reach consensus,org_view=213,org_changeCycle=0,cur_changeCycle=0,to_view=214
info|2019-10-23 13:59:59.280050|[g:1][CONSENSUS]addRawPrepare,height=1,reqIdx=2,hash=115d48af...
info|2019-10-23 13:59:59.280430|[g:1][CONSENSUS][PBFT]checkTimeout Succ,view=214,toView=215,nodeIdx=1,changeCycle=0,myNode=b96a351b...,timecost=0.284
info|2019-10-23 13:59:59.287813|[g:1][CONSENSUS][PBFT]checkAndChangeView: Reach consensus,org_view=214,org_changeCycle=0,cur_changeCycle=0,to_view=215
